<?xml version="1.0" encoding="UTF-8"?>
<TestRun id="9e19b0db-db1d-4a81-95f9-7055e8c6d22f" name="balladb@LONMW86693 2011-09-14 15:59:41" runUser="FM\balladb" xmlns="http://microsoft.com/schemas/VisualStudio/TeamTest/2010">
  <TestSettings name="Default Test Settings" id="6eb29065-2062-4e82-991c-9737a5e66b8d">
    <Deployment runDeploymentRoot="balladb_LONMW86693 2011-09-14 15_59_41">
      <DeploymentItem filename="C:\gitWorkspace\01.Dev\Output\.NET\Debug\ConnectPlus.CRM.DataAccess.dll" />
      <DeploymentItem filename="C:\gitWorkspace\01.Dev\Output\.NET\Debug\ConnectPlus.ClientContact.Domain.dll" />
      <DeploymentItem filename="C:\gitWorkspace\01.Dev\Libs\.NET\NServiceBus\NServiceBus.Core.dll" />
      <DeploymentItem filename="C:\gitWorkspace\01.Dev\Output\.NET\Debug\ConnectPlus.CRM.Domain.dll" />
      <DeploymentItem filename="C:\gitWorkspace\01.Dev\Libs\.NET\Castle\Castle.Windsor.dll" />
      <DeploymentItem filename="C:\gitWorkspace\01.Dev\Libs\.NET\Castle\Castle.Core.dll" />
      <DeploymentItem filename="C:\gitWorkspace\01.Dev\Libs\.NET\AutoMapper.dll" />
      <DeploymentItem filename="C:\gitWorkspace\01.Dev\Output\.NET\Debug\ConnectPlus.ClientContact.Contact.Services.Tests.dll" />
      <DeploymentItem filename="C:\gitWorkspace\01.Dev\Libs\.NET\Nhibernate\FluentNHibernate.dll" />
      <DeploymentItem filename="C:\gitWorkspace\01.Dev\Libs\.NET\Nhibernate\NHibernate.dll" />
      <DeploymentItem filename="C:\gitWorkspace\01.Dev\Libs\.NET\Nhibernate\NHibernate.ByteCode.Castle.dll" />
      <DeploymentItem filename="C:\gitWorkspace\01.Dev\Output\.NET\Debug\ConnectPlus.ClientContact.Messaging.Contracts.dll" />
      <DeploymentItem filename="C:\gitWorkspace\01.Dev\Output\.NET\Debug\ConnectPlus.CRM.Services.dll" />
      <DeploymentItem filename="C:\gitWorkspace\01.Dev\Output\.NET\Debug\ConnectPlus.ClientContact.Messaging.Contracts.Tests.dll" />
      <DeploymentItem filename="C:\gitWorkspace\01.Dev\Libs\.NET\NServiceBus\NServiceBus.dll" />
      <DeploymentItem filename="C:\gitWorkspace\01.Dev\Libs\.NET\Nhibernate\Antlr3.Runtime.dll" />
      <DeploymentItem filename="C:\gitWorkspace\01.Dev\Libs\.NET\Photon\Photon.CoreLib.dll" />
      <DeploymentItem filename="C:\gitWorkspace\01.Dev\Output\.NET\Debug\ConnectPlus.ClientContact.Domain.Tests.dll" />
      <DeploymentItem filename="C:\gitWorkspace\01.Dev\Libs\.NET\Moq.dll" />
      <DeploymentItem filename="C:\gitWorkspace\01.Dev\Libs\.NET\Nhibernate\Iesi.Collections.dll" />
      <DeploymentItem filename="C:\gitWorkspace\01.Dev\Output\.NET\Debug\ConnectPlus.ClientContact.Contact.Services.dll" />
      <DeploymentItem filename="C:\gitWorkspace\01.Dev\Libs\.NET\Microsoft.Practices.ServiceLocation.dll" />
      <DeploymentItem filename="C:\gitWorkspace\01.Dev\Source\Server\ConnectPlus.ClientContact.SDM.Services\bin\Debug\ConnectPlus.ClientContact.SDM.Services.dll" />
      <DeploymentItem filename="C:\gitWorkspace\01.Dev\Libs\.NET\Rhino.Mocks.dll" />
      <DeploymentItem filename="C:\gitWorkspace\01.Dev\Output\.NET\Debug\ConnectPlus.ClientContact.DataAccess.dll" />
    </Deployment>
    <Execution>
      <TestTypeSpecific />
      <AgentRule name="Execution Agents">
      </AgentRule>
    </Execution>
  </TestSettings>
  <Times creation="2011-09-14T15:59:41.3990475+01:00" queuing="2011-09-14T15:59:46.2585780+01:00" start="2011-09-14T15:59:46.3523310+01:00" finish="2011-09-14T16:00:24.9629415+01:00" />
  <ResultSummary outcome="Completed">
    <Counters total="351" executed="351" passed="351" error="0" failed="0" timeout="0" aborted="0" inconclusive="0" passedButRunAborted="0" notRunnable="0" notExecuted="0" disconnected="0" warning="0" completed="0" inProgress="0" pending="0" />
  </ResultSummary>
  <TestDefinitions>
    <UnitTest name="When_Search_Matches_LastName_Should_Find" storage="c:\gitworkspace\01.dev\output\.net\debug\connectplus.crm.dataaccess.tests.dll" id="e7d8442c-9bf4-00cb-4194-3608604b4641">
      <Execution id="339acd4a-00e8-459e-bdde-c3e1ec981c97" />
      <TestMethod codeBase="C:/gitWorkspace/01.Dev/Output/.NET/Debug/ConnectPlus.CRM.DataAccess.Tests.DLL" adapterTypeName="Microsoft.VisualStudio.TestTools.TestTypes.Unit.UnitTestAdapter, Microsoft.VisualStudio.QualityTools.Tips.UnitTest.Adapter, Version=10.0.0.0, Culture=neutral, PublicKeyToken=b03f5f7f11d50a3a" className="ConnectPlus.CRM.DataAccess.Tests.Repositories.ContactRepositoryTests, ConnectPlus.CRM.DataAccess.Tests, Version=1.0.0.0, Culture=neutral, PublicKeyToken=null" name="When_Search_Matches_LastName_Should_Find" />
    </UnitTest>
    <UnitTest name="Normalises_with_multiple_TLD" storage="c:\gitworkspace\01.dev\output\.net\debug\connectplus.clientcontact.contact.services.tests.dll" id="9963af05-4a0e-ccea-1f30-ddf79f637d89">
      <Execution id="e8182d73-7bfc-4e49-94bf-6fdbc5a36a69" />
      <TestMethod codeBase="C:/gitWorkspace/01.Dev/Output/.NET/Debug/ConnectPlus.ClientContact.Contact.Services.Tests.DLL" adapterTypeName="Microsoft.VisualStudio.TestTools.TestTypes.Unit.UnitTestAdapter, Microsoft.VisualStudio.QualityTools.Tips.UnitTest.Adapter, Version=10.0.0.0, Culture=neutral, PublicKeyToken=b03f5f7f11d50a3a" className="ConnectPlus.ClientContact.Contact.Services.Tests.Queries.NormalisedEmailAddressTests, ConnectPlus.ClientContact.Contact.Services.Tests, Version=1.0.0.0, Culture=neutral, PublicKeyToken=null" name="Normalises_with_multiple_TLD" />
    </UnitTest>
    <UnitTest name="Can_map_sdmClient_with_tiering_values" storage="c:\gitworkspace\01.dev\output\.net\debug\connectplus.clientcontact.dataaccess.tests.dll" id="2ea6d052-a61d-531e-4940-c928a0f4d537">
      <Execution id="d69761d1-d07a-4a86-84be-bb68073d7713" />
      <TestMethod codeBase="C:/gitWorkspace/01.Dev/Output/.NET/Debug/ConnectPlus.ClientContact.DataAccess.Tests.DLL" adapterTypeName="Microsoft.VisualStudio.TestTools.TestTypes.Unit.UnitTestAdapter, Microsoft.VisualStudio.QualityTools.Tips.UnitTest.Adapter, Version=10.0.0.0, Culture=neutral, PublicKeyToken=b03f5f7f11d50a3a" className="ConnectPlus.ClientContact.DataAccess.Tests.Mapping.ClientMappingTests, ConnectPlus.ClientContact.DataAccess.Tests, Version=1.0.0.0, Culture=neutral, PublicKeyToken=null" name="Can_map_sdmClient_with_tiering_values" />
    </UnitTest>
    <UnitTest name="Can_map_tier_value" storage="c:\gitworkspace\01.dev\output\.net\debug\connectplus.clientcontact.dataaccess.tests.dll" id="174cb279-1f1b-dce7-2ad3-7c38d2e25544">
      <Execution id="c0270bed-c9bc-496f-9d0c-652dd320ed13" />
      <TestMethod codeBase="C:/gitWorkspace/01.Dev/Output/.NET/Debug/ConnectPlus.ClientContact.DataAccess.Tests.DLL" adapterTypeName="Microsoft.VisualStudio.TestTools.TestTypes.Unit.UnitTestAdapter, Microsoft.VisualStudio.QualityTools.Tips.UnitTest.Adapter, Version=10.0.0.0, Culture=neutral, PublicKeyToken=b03f5f7f11d50a3a" className="ConnectPlus.ClientContact.DataAccess.Tests.Mapping.ClientMappingTests, ConnectPlus.ClientContact.DataAccess.Tests, Version=1.0.0.0, Culture=neutral, PublicKeyToken=null" name="Can_map_tier_value" />
    </UnitTest>
    <UnitTest name="CanCorrectlyMapUserLogin" storage="c:\gitworkspace\01.dev\output\.net\debug\connectplus.crm.dataaccess.tests.dll" id="cfb15dca-147e-de41-9f19-cd2177098c8b">
      <Execution id="ad41d32e-628a-471a-9839-cb2008dd0d70" />
      <TestMethod codeBase="C:/gitWorkspace/01.Dev/Output/.NET/Debug/ConnectPlus.CRM.DataAccess.Tests.DLL" adapterTypeName="Microsoft.VisualStudio.TestTools.TestTypes.Unit.UnitTestAdapter, Microsoft.VisualStudio.QualityTools.Tips.UnitTest.Adapter, Version=10.0.0.0, Culture=neutral, PublicKeyToken=b03f5f7f11d50a3a" className="ConnectPlus.CRM.DataAccess.Tests.ClassMappingTests, ConnectPlus.CRM.DataAccess.Tests, Version=1.0.0.0, Culture=neutral, PublicKeyToken=null" name="CanCorrectlyMapUserLogin" />
    </UnitTest>
    <UnitTest name="Should_require_a_nonempty_description" storage="c:\gitworkspace\01.dev\output\.net\debug\connectplus.clientcontact.domain.tests.dll" id="3b98d3cd-ac0c-e041-e288-09f4f6e0d1f9">
      <TestCategory>
        <TestCategoryItem TestCategory="Unit Test" />
      </TestCategory>
      <Execution id="8f55adff-b6d5-43ff-8aeb-2d8f70adbf92" />
      <TestMethod codeBase="C:/gitWorkspace/01.Dev/Output/.NET/Debug/ConnectPlus.ClientContact.Domain.Tests.DLL" adapterTypeName="Microsoft.VisualStudio.TestTools.TestTypes.Unit.UnitTestAdapter, Microsoft.VisualStudio.QualityTools.Tips.UnitTest.Adapter, Version=10.0.0.0, Culture=neutral, PublicKeyToken=b03f5f7f11d50a3a" className="ConnectPlus.ClientContact.Domain.Tests.Specifications.TierListSpecification+When_changing_the_description, ConnectPlus.ClientContact.Domain.Tests, Version=1.0.0.0, Culture=neutral, PublicKeyToken=null" name="Should_require_a_nonempty_description" />
    </UnitTest>
    <UnitTest name="CanCorrectlyMapAddress" storage="c:\gitworkspace\01.dev\output\.net\debug\connectplus.crm.dataaccess.tests.dll" id="9da17917-8ac8-0e96-0cfc-7587d8733916">
      <Execution id="f09d5a4c-a733-43be-887d-6eeaaa5539b5" />
      <TestMethod codeBase="C:/gitWorkspace/01.Dev/Output/.NET/Debug/ConnectPlus.CRM.DataAccess.Tests.DLL" adapterTypeName="Microsoft.VisualStudio.TestTools.TestTypes.Unit.UnitTestAdapter, Microsoft.VisualStudio.QualityTools.Tips.UnitTest.Adapter, Version=10.0.0.0, Culture=neutral, PublicKeyToken=b03f5f7f11d50a3a" className="ConnectPlus.CRM.DataAccess.Tests.ClassMappingTests, ConnectPlus.CRM.DataAccess.Tests, Version=1.0.0.0, Culture=neutral, PublicKeyToken=null" name="CanCorrectlyMapAddress" />
    </UnitTest>
    <UnitTest name="Contacts_That_Are_Not_Tiered_Have_Untiered_Tiering_Information_Associated_With_Them" storage="c:\gitworkspace\01.dev\output\.net\debug\connectplus.clientcontact.services.tests.dll" id="77612a5b-08a3-32e2-7bdc-79388f53e4ae">
      <Execution id="ddcf1397-b509-4693-98c0-d6b7a71642cb" />
      <TestMethod codeBase="C:/gitWorkspace/01.Dev/Output/.NET/Debug/ConnectPlus.ClientContact.Services.Tests.DLL" adapterTypeName="Microsoft.VisualStudio.TestTools.TestTypes.Unit.UnitTestAdapter, Microsoft.VisualStudio.QualityTools.Tips.UnitTest.Adapter, Version=10.0.0.0, Culture=neutral, PublicKeyToken=b03f5f7f11d50a3a" className="ConnectPlus.ClientContact.Services.Tests.Queries.SearchQueryFixture+When_Searching_By_List, ConnectPlus.ClientContact.Services.Tests, Version=1.0.0.0, Culture=neutral, PublicKeyToken=null" name="Contacts_That_Are_Not_Tiered_Have_Untiered_Tiering_Information_Associated_With_Them" />
    </UnitTest>
    <UnitTest name="Should_require_subsector_id" storage="c:\gitworkspace\01.dev\output\.net\debug\connectplus.clientcontact.messaging.contracts.tests.dll" id="f4bc49ab-31a2-9136-a3c4-4eeebdaa568d">
      <TestCategory>
        <TestCategoryItem TestCategory="Unit Test" />
      </TestCategory>
      <Execution id="404a0540-c460-4c64-a3e6-e60e6b39caaa" />
      <TestMethod codeBase="C:/gitWorkspace/01.Dev/Output/.NET/Debug/ConnectPlus.ClientContact.Messaging.Contracts.Tests.DLL" adapterTypeName="Microsoft.VisualStudio.TestTools.TestTypes.Unit.UnitTestAdapter, Microsoft.VisualStudio.QualityTools.Tips.UnitTest.Adapter, Version=10.0.0.0, Culture=neutral, PublicKeyToken=b03f5f7f11d50a3a" className="ConnectPlus.ClientContact.Messaging.Contracts.Tests.Specifications.SubsectorMessageSpecifications, ConnectPlus.ClientContact.Messaging.Contracts.Tests, Version=1.0.0.0, Culture=neutral, PublicKeyToken=null" name="Should_require_subsector_id" />
    </UnitTest>
    <UnitTest name="Should_pass_validation_when_all_preconditions_are_met" storage="c:\gitworkspace\01.dev\output\.net\debug\connectplus.clientcontact.messaging.contracts.tests.dll" id="014da55e-dcae-d6b8-5384-ce443ce621cf">
      <TestCategory>
        <TestCategoryItem TestCategory="Unit Test" />
      </TestCategory>
      <Execution id="afffa60d-7bee-42e4-b1d4-dd7243fe40d5" />
      <TestMethod codeBase="C:/gitWorkspace/01.Dev/Output/.NET/Debug/ConnectPlus.ClientContact.Messaging.Contracts.Tests.DLL" adapterTypeName="Microsoft.VisualStudio.TestTools.TestTypes.Unit.UnitTestAdapter, Microsoft.VisualStudio.QualityTools.Tips.UnitTest.Adapter, Version=10.0.0.0, Culture=neutral, PublicKeyToken=b03f5f7f11d50a3a" className="ConnectPlus.ClientContact.Messaging.Contracts.Tests.Specifications.TierListMessageSpecifications, ConnectPlus.ClientContact.Messaging.Contracts.Tests, Version=1.0.0.0, Culture=neutral, PublicKeyToken=null" name="Should_pass_validation_when_all_preconditions_are_met" />
    </UnitTest>
    <UnitTest name="Should_throw_invalidoperationexception" storage="c:\gitworkspace\01.dev\output\.net\debug\connectplus.clientcontact.services.tests.dll" id="9413659e-2d18-9778-af38-dbdef1f07605">
      <TestCategory>
        <TestCategoryItem TestCategory="Specification" />
      </TestCategory>
      <Execution id="3650d3a2-4a6a-41f7-b99e-deed0cb22f11" />
      <TestMethod codeBase="C:/gitWorkspace/01.Dev/Output/.NET/Debug/ConnectPlus.ClientContact.Services.Tests.DLL" adapterTypeName="Microsoft.VisualStudio.TestTools.TestTypes.Unit.UnitTestAdapter, Microsoft.VisualStudio.QualityTools.Tips.UnitTest.Adapter, Version=10.0.0.0, Culture=neutral, PublicKeyToken=b03f5f7f11d50a3a" className="ConnectPlus.ClientContact.Services.Tests.Specifications.CommandProcessors.UpsertTierValueCommandProcessorSpecification+When_the_tier_value_exists+When_the_tier_value_has_changed_lists, ConnectPlus.ClientContact.Services.Tests, Version=1.0.0.0, Culture=neutral, PublicKeyToken=null" name="Should_throw_invalidoperationexception" />
    </UnitTest>
    <UnitTest name="Can_create_contact" storage="c:\gitworkspace\01.dev\output\.net\debug\connectplus.clientcontact.integrationtests.dll" id="646a9956-363b-8b33-cc7a-1149220910f0">
      <TestCategory>
        <TestCategoryItem TestCategory="Integration" />
      </TestCategory>
      <Execution id="6b672303-83df-4bbc-806b-700bf0d768b8" />
      <TestMethod codeBase="C:/gitWorkspace/01.Dev/Output/.NET/Debug/ConnectPlus.ClientContact.IntegrationTests.DLL" adapterTypeName="Microsoft.VisualStudio.TestTools.TestTypes.Unit.UnitTestAdapter, Microsoft.VisualStudio.QualityTools.Tips.UnitTest.Adapter, Version=10.0.0.0, Culture=neutral, PublicKeyToken=b03f5f7f11d50a3a" className="ConnectPlus.ClientContact.IntegrationTests.CreateContactTests, ConnectPlus.ClientContact.IntegrationTests, Version=1.0.0.0, Culture=neutral, PublicKeyToken=null" name="Can_create_contact" />
    </UnitTest>
    <UnitTest name="CanCorrectlyMapClient" storage="c:\gitworkspace\01.dev\output\.net\debug\connectplus.crm.dataaccess.tests.dll" id="e9a02397-6a31-9eea-a3d6-e7e9124bad92">
      <Execution id="961b7e41-280a-48e7-b881-cf2b3eb370c7" />
      <TestMethod codeBase="C:/gitWorkspace/01.Dev/Output/.NET/Debug/ConnectPlus.CRM.DataAccess.Tests.DLL" adapterTypeName="Microsoft.VisualStudio.TestTools.TestTypes.Unit.UnitTestAdapter, Microsoft.VisualStudio.QualityTools.Tips.UnitTest.Adapter, Version=10.0.0.0, Culture=neutral, PublicKeyToken=b03f5f7f11d50a3a" className="ConnectPlus.CRM.DataAccess.Tests.ClassMappingTests, ConnectPlus.CRM.DataAccess.Tests, Version=1.0.0.0, Culture=neutral, PublicKeyToken=null" name="CanCorrectlyMapClient" />
    </UnitTest>
    <UnitTest name="Should_set_the_isactive_flag_to_false" storage="c:\gitworkspace\01.dev\output\.net\debug\connectplus.clientcontact.domain.tests.dll" id="84421db4-c56f-3f3b-d998-cfca5ec3e710">
      <TestCategory>
        <TestCategoryItem TestCategory="Specification" />
      </TestCategory>
      <Execution id="4e667408-8933-4b99-b92a-7ee27c962814" />
      <TestMethod codeBase="C:/gitWorkspace/01.Dev/Output/.NET/Debug/ConnectPlus.ClientContact.Domain.Tests.DLL" adapterTypeName="Microsoft.VisualStudio.TestTools.TestTypes.Unit.UnitTestAdapter, Microsoft.VisualStudio.QualityTools.Tips.UnitTest.Adapter, Version=10.0.0.0, Culture=neutral, PublicKeyToken=b03f5f7f11d50a3a" className="ConnectPlus.ClientContact.Domain.Tests.Specifications.TierValueSpecification+When_inactivating, ConnectPlus.ClientContact.Domain.Tests, Version=1.0.0.0, Culture=neutral, PublicKeyToken=null" name="Should_set_the_isactive_flag_to_false" />
    </UnitTest>
    <UnitTest name="It_shouldnt_do_anything" storage="c:\gitworkspace\01.dev\output\.net\debug\connectplus.clientcontact.services.tests.dll" id="e68d165e-c657-7010-7764-de219ee96c63">
      <TestCategory>
        <TestCategoryItem TestCategory="Specification" />
      </TestCategory>
      <Execution id="7bdfc662-618d-4f2b-b104-89d460b131bb" />
      <TestMethod codeBase="C:/gitWorkspace/01.Dev/Output/.NET/Debug/ConnectPlus.ClientContact.Services.Tests.DLL" adapterTypeName="Microsoft.VisualStudio.TestTools.TestTypes.Unit.UnitTestAdapter, Microsoft.VisualStudio.QualityTools.Tips.UnitTest.Adapter, Version=10.0.0.0, Culture=neutral, PublicKeyToken=b03f5f7f11d50a3a" className="ConnectPlus.ClientContact.Services.Tests.Specifications.CommandProcessors.DeleteTierListCommandProcessorSpecification+When_the_tier_list_is_not_found, ConnectPlus.ClientContact.Services.Tests, Version=1.0.0.0, Culture=neutral, PublicKeyToken=null" name="It_shouldnt_do_anything" />
    </UnitTest>
    <UnitTest name="Should_create_an_upsert_command_processor" storage="c:\gitworkspace\01.dev\output\.net\debug\connectplus.clientcontact.services.tests.dll" id="84989b72-39ba-b83a-7af4-d121428d5f9f">
      <TestCategory>
        <TestCategoryItem TestCategory="Unit Test" />
      </TestCategory>
      <Execution id="52b63e01-fa3d-4888-9667-ea20903ec65d" />
      <TestMethod codeBase="C:/gitWorkspace/01.Dev/Output/.NET/Debug/ConnectPlus.ClientContact.Services.Tests.DLL" adapterTypeName="Microsoft.VisualStudio.TestTools.TestTypes.Unit.UnitTestAdapter, Microsoft.VisualStudio.QualityTools.Tips.UnitTest.Adapter, Version=10.0.0.0, Culture=neutral, PublicKeyToken=b03f5f7f11d50a3a" className="ConnectPlus.ClientContact.Services.Tests.Specifications.CommandProcessors.Factories.StatusBasedSector+When_the_status_is_active, ConnectPlus.ClientContact.Services.Tests, Version=1.0.0.0, Culture=neutral, PublicKeyToken=null" name="Should_create_an_upsert_command_processor" />
    </UnitTest>
    <UnitTest name="Should_require_sector_id" storage="c:\gitworkspace\01.dev\output\.net\debug\connectplus.clientcontact.messaging.contracts.tests.dll" id="dd37c2a0-a905-1072-5cdf-0fcc9fa67f5a">
      <TestCategory>
        <TestCategoryItem TestCategory="Unit Test" />
      </TestCategory>
      <Execution id="eddecda2-64a5-4163-8a65-b1401b5fc824" />
      <TestMethod codeBase="C:/gitWorkspace/01.Dev/Output/.NET/Debug/ConnectPlus.ClientContact.Messaging.Contracts.Tests.DLL" adapterTypeName="Microsoft.VisualStudio.TestTools.TestTypes.Unit.UnitTestAdapter, Microsoft.VisualStudio.QualityTools.Tips.UnitTest.Adapter, Version=10.0.0.0, Culture=neutral, PublicKeyToken=b03f5f7f11d50a3a" className="ConnectPlus.ClientContact.Messaging.Contracts.Tests.Specifications.SubsectorMessageSpecifications, ConnectPlus.ClientContact.Messaging.Contracts.Tests, Version=1.0.0.0, Culture=neutral, PublicKeyToken=null" name="Should_require_sector_id" />
    </UnitTest>
    <UnitTest name="When_Search_Matches_FirstName_And_LastName_Should_Find" storage="c:\gitworkspace\01.dev\output\.net\debug\connectplus.crm.dataaccess.tests.dll" id="6f804130-1549-a4cd-65b7-4894bd33a6fe">
      <Execution id="ffce09b2-eca8-42f6-9579-9083b9a2c1ee" />
      <TestMethod codeBase="C:/gitWorkspace/01.Dev/Output/.NET/Debug/ConnectPlus.CRM.DataAccess.Tests.DLL" adapterTypeName="Microsoft.VisualStudio.TestTools.TestTypes.Unit.UnitTestAdapter, Microsoft.VisualStudio.QualityTools.Tips.UnitTest.Adapter, Version=10.0.0.0, Culture=neutral, PublicKeyToken=b03f5f7f11d50a3a" className="ConnectPlus.CRM.DataAccess.Tests.Repositories.ContactRepositoryTests, ConnectPlus.CRM.DataAccess.Tests, Version=1.0.0.0, Culture=neutral, PublicKeyToken=null" name="When_Search_Matches_FirstName_And_LastName_Should_Find" />
    </UnitTest>
    <UnitTest name="CanDeleteEmailAddressFromUser" storage="c:\gitworkspace\01.dev\output\.net\debug\connectplus.crm.dataaccess.tests.dll" id="ec518a28-a95d-f409-aea4-d6c2a53d207a">
      <Execution id="adf67fe7-ced3-492f-8956-bc135b660f0e" />
      <TestMethod codeBase="C:/gitWorkspace/01.Dev/Output/.NET/Debug/ConnectPlus.CRM.DataAccess.Tests.DLL" adapterTypeName="Microsoft.VisualStudio.TestTools.TestTypes.Unit.UnitTestAdapter, Microsoft.VisualStudio.QualityTools.Tips.UnitTest.Adapter, Version=10.0.0.0, Culture=neutral, PublicKeyToken=b03f5f7f11d50a3a" className="ConnectPlus.CRM.DataAccess.Tests.ClassMappingTests, ConnectPlus.CRM.DataAccess.Tests, Version=1.0.0.0, Culture=neutral, PublicKeyToken=null" name="CanDeleteEmailAddressFromUser" />
    </UnitTest>
    <UnitTest name="Should_update_revision" storage="c:\gitworkspace\01.dev\output\.net\debug\connectplus.clientcontact.services.tests.dll" id="b00d1857-b830-c869-fe26-47cfa871406e">
      <TestCategory>
        <TestCategoryItem TestCategory="Unit Test" />
      </TestCategory>
      <Execution id="40ee609c-3e60-4da4-b72d-4c9d45b6c4b4" />
      <TestMethod codeBase="C:/gitWorkspace/01.Dev/Output/.NET/Debug/ConnectPlus.ClientContact.Services.Tests.DLL" adapterTypeName="Microsoft.VisualStudio.TestTools.TestTypes.Unit.UnitTestAdapter, Microsoft.VisualStudio.QualityTools.Tips.UnitTest.Adapter, Version=10.0.0.0, Culture=neutral, PublicKeyToken=b03f5f7f11d50a3a" className="ConnectPlus.ClientContact.Services.Tests.Specifications.CommandProcessors.ClientCommandProcessorSpecification, ConnectPlus.ClientContact.Services.Tests, Version=1.0.0.0, Culture=neutral, PublicKeyToken=null" name="Should_update_revision" />
    </UnitTest>
    <UnitTest name="Should_throw_invalidoperationexception" storage="c:\gitworkspace\01.dev\output\.net\debug\connectplus.clientcontact.services.tests.dll" id="10c94616-a1c4-9a17-6545-b90e5c3bc114">
      <TestCategory>
        <TestCategoryItem TestCategory="Specification" />
      </TestCategory>
      <Execution id="96588736-804f-46f8-a437-2abc9e08a6ef" />
      <TestMethod codeBase="C:/gitWorkspace/01.Dev/Output/.NET/Debug/ConnectPlus.ClientContact.Services.Tests.DLL" adapterTypeName="Microsoft.VisualStudio.TestTools.TestTypes.Unit.UnitTestAdapter, Microsoft.VisualStudio.QualityTools.Tips.UnitTest.Adapter, Version=10.0.0.0, Culture=neutral, PublicKeyToken=b03f5f7f11d50a3a" className="ConnectPlus.ClientContact.Services.Tests.Specifications.CommandProcessors.UpsertTierListCommandProcessorSpecification+When_the_tier_list_exists+When_the_list_has_changed_group, ConnectPlus.ClientContact.Services.Tests, Version=1.0.0.0, Culture=neutral, PublicKeyToken=null" name="Should_throw_invalidoperationexception" />
    </UnitTest>
    <UnitTest name="Should_change_the_description_to_the_given_value" storage="c:\gitworkspace\01.dev\output\.net\debug\connectplus.clientcontact.domain.tests.dll" id="be9b646d-7127-728b-f373-0e122c6c1abd">
      <TestCategory>
        <TestCategoryItem TestCategory="Specification" />
      </TestCategory>
      <Execution id="72f3c8d3-3eba-4c69-a281-06ee38a98800" />
      <TestMethod codeBase="C:/gitWorkspace/01.Dev/Output/.NET/Debug/ConnectPlus.ClientContact.Domain.Tests.DLL" adapterTypeName="Microsoft.VisualStudio.TestTools.TestTypes.Unit.UnitTestAdapter, Microsoft.VisualStudio.QualityTools.Tips.UnitTest.Adapter, Version=10.0.0.0, Culture=neutral, PublicKeyToken=b03f5f7f11d50a3a" className="ConnectPlus.ClientContact.Domain.Tests.Specifications.TierGroupSpecification+When_changing_the_description, ConnectPlus.ClientContact.Domain.Tests, Version=1.0.0.0, Culture=neutral, PublicKeyToken=null" name="Should_change_the_description_to_the_given_value" />
    </UnitTest>
    <UnitTest name="Should_set_the_isactive_flag_to_false" storage="c:\gitworkspace\01.dev\output\.net\debug\connectplus.clientcontact.domain.tests.dll" id="580a9ef7-02ec-34e9-a848-19d4ae7489f5">
      <TestCategory>
        <TestCategoryItem TestCategory="Specification" />
      </TestCategory>
      <Execution id="9b4c5d84-007b-435f-b997-135cb4e56c8d" />
      <TestMethod codeBase="C:/gitWorkspace/01.Dev/Output/.NET/Debug/ConnectPlus.ClientContact.Domain.Tests.DLL" adapterTypeName="Microsoft.VisualStudio.TestTools.TestTypes.Unit.UnitTestAdapter, Microsoft.VisualStudio.QualityTools.Tips.UnitTest.Adapter, Version=10.0.0.0, Culture=neutral, PublicKeyToken=b03f5f7f11d50a3a" className="ConnectPlus.ClientContact.Domain.Tests.Specifications.SectorSpecification+When_a_sector_with_no_subsectors_is_inactivated, ConnectPlus.ClientContact.Domain.Tests, Version=1.0.0.0, Culture=neutral, PublicKeyToken=null" name="Should_set_the_isactive_flag_to_false" />
    </UnitTest>
    <UnitTest name="Should_retrieve_the_tier_value" storage="c:\gitworkspace\01.dev\output\.net\debug\connectplus.clientcontact.services.tests.dll" id="b38bd31a-8759-8e39-9db6-5b72650e4cc0">
      <TestCategory>
        <TestCategoryItem TestCategory="Specification" />
      </TestCategory>
      <Execution id="6b5c8b1c-619c-40d3-b717-bcff67c4d072" />
      <TestMethod codeBase="C:/gitWorkspace/01.Dev/Output/.NET/Debug/ConnectPlus.ClientContact.Services.Tests.DLL" adapterTypeName="Microsoft.VisualStudio.TestTools.TestTypes.Unit.UnitTestAdapter, Microsoft.VisualStudio.QualityTools.Tips.UnitTest.Adapter, Version=10.0.0.0, Culture=neutral, PublicKeyToken=b03f5f7f11d50a3a" className="ConnectPlus.ClientContact.Services.Tests.Specifications.CommandProcessors.ClientTierCommandProcessorSpecification+When_all_preconditions_are_met, ConnectPlus.ClientContact.Services.Tests, Version=1.0.0.0, Culture=neutral, PublicKeyToken=null" name="Should_retrieve_the_tier_value" />
    </UnitTest>
    <UnitTest name="Should_pass_validation_when_all_preconditions_are_met" storage="c:\gitworkspace\01.dev\output\.net\debug\connectplus.clientcontact.messaging.contracts.tests.dll" id="af0efbb6-8d8e-6a08-7d24-134f832394cb">
      <TestCategory>
        <TestCategoryItem TestCategory="Unit Test" />
      </TestCategory>
      <Execution id="74b876fc-7a3d-4d37-a801-8681babcba16" />
      <TestMethod codeBase="C:/gitWorkspace/01.Dev/Output/.NET/Debug/ConnectPlus.ClientContact.Messaging.Contracts.Tests.DLL" adapterTypeName="Microsoft.VisualStudio.TestTools.TestTypes.Unit.UnitTestAdapter, Microsoft.VisualStudio.QualityTools.Tips.UnitTest.Adapter, Version=10.0.0.0, Culture=neutral, PublicKeyToken=b03f5f7f11d50a3a" className="ConnectPlus.ClientContact.Messaging.Contracts.Tests.Specifications.StaticMasterEntitySpecifications, ConnectPlus.ClientContact.Messaging.Contracts.Tests, Version=1.0.0.0, Culture=neutral, PublicKeyToken=null" name="Should_pass_validation_when_all_preconditions_are_met" />
    </UnitTest>
    <UnitTest name="Should_require_description" storage="c:\gitworkspace\01.dev\output\.net\debug\connectplus.clientcontact.messaging.contracts.tests.dll" id="d8cacfa1-72c6-26d0-8722-d1428de745fe">
      <TestCategory>
        <TestCategoryItem TestCategory="Unit Test" />
      </TestCategory>
      <Execution id="9cee6057-700f-4fc6-bb8a-80224249946e" />
      <TestMethod codeBase="C:/gitWorkspace/01.Dev/Output/.NET/Debug/ConnectPlus.ClientContact.Messaging.Contracts.Tests.DLL" adapterTypeName="Microsoft.VisualStudio.TestTools.TestTypes.Unit.UnitTestAdapter, Microsoft.VisualStudio.QualityTools.Tips.UnitTest.Adapter, Version=10.0.0.0, Culture=neutral, PublicKeyToken=b03f5f7f11d50a3a" className="ConnectPlus.ClientContact.Messaging.Contracts.Tests.Specifications.TierGroupMessageSpecifications, ConnectPlus.ClientContact.Messaging.Contracts.Tests, Version=1.0.0.0, Culture=neutral, PublicKeyToken=null" name="Should_require_description" />
    </UnitTest>
    <UnitTest name="Should_retrieve_the_subsector" storage="c:\gitworkspace\01.dev\output\.net\debug\connectplus.clientcontact.services.tests.dll" id="aed8ce66-9ccd-d5e8-1357-c96708948f72">
      <TestCategory>
        <TestCategoryItem TestCategory="Specification" />
      </TestCategory>
      <Execution id="0e1da0ee-ebed-464c-95e3-760afdd90917" />
      <TestMethod codeBase="C:/gitWorkspace/01.Dev/Output/.NET/Debug/ConnectPlus.ClientContact.Services.Tests.DLL" adapterTypeName="Microsoft.VisualStudio.TestTools.TestTypes.Unit.UnitTestAdapter, Microsoft.VisualStudio.QualityTools.Tips.UnitTest.Adapter, Version=10.0.0.0, Culture=neutral, PublicKeyToken=b03f5f7f11d50a3a" className="ConnectPlus.ClientContact.Services.Tests.Specifications.CommandProcessors.DeleteSubsectorCommandProcessorSpecification+When_the_subsector_exists, ConnectPlus.ClientContact.Services.Tests, Version=1.0.0.0, Culture=neutral, PublicKeyToken=null" name="Should_retrieve_the_subsector" />
    </UnitTest>
    <UnitTest name="When_Search_Matches_ClientName_And_FirstName_And_LastName_Should_Find" storage="c:\gitworkspace\01.dev\output\.net\debug\connectplus.crm.dataaccess.tests.dll" id="ca3c86f3-2bd1-6786-3776-f1cb040af037">
      <Execution id="2aa0cfd8-859b-42f1-8dbb-20a04a3d6968" />
      <TestMethod codeBase="C:/gitWorkspace/01.Dev/Output/.NET/Debug/ConnectPlus.CRM.DataAccess.Tests.DLL" adapterTypeName="Microsoft.VisualStudio.TestTools.TestTypes.Unit.UnitTestAdapter, Microsoft.VisualStudio.QualityTools.Tips.UnitTest.Adapter, Version=10.0.0.0, Culture=neutral, PublicKeyToken=b03f5f7f11d50a3a" className="ConnectPlus.CRM.DataAccess.Tests.Repositories.ContactRepositoryTests, ConnectPlus.CRM.DataAccess.Tests, Version=1.0.0.0, Culture=neutral, PublicKeyToken=null" name="When_Search_Matches_ClientName_And_FirstName_And_LastName_Should_Find" />
    </UnitTest>
    <UnitTest name="Should_check_if_the_client_exists" storage="c:\gitworkspace\01.dev\output\.net\debug\connectplus.clientcontact.services.tests.dll" id="4224ba66-000e-6e66-eb93-94d110da06e1">
      <TestCategory>
        <TestCategoryItem TestCategory="Unit Test" />
      </TestCategory>
      <Execution id="b05151f8-c185-48b4-af1a-6b9eb997502c" />
      <TestMethod codeBase="C:/gitWorkspace/01.Dev/Output/.NET/Debug/ConnectPlus.ClientContact.Services.Tests.DLL" adapterTypeName="Microsoft.VisualStudio.TestTools.TestTypes.Unit.UnitTestAdapter, Microsoft.VisualStudio.QualityTools.Tips.UnitTest.Adapter, Version=10.0.0.0, Culture=neutral, PublicKeyToken=b03f5f7f11d50a3a" className="ConnectPlus.ClientContact.Services.Tests.Specifications.CommandProcessors.UpsertClientCommandProcessorSpecification+When_all_preconditions_are_met+When_the_client_doesnt_exist, ConnectPlus.ClientContact.Services.Tests, Version=1.0.0.0, Culture=neutral, PublicKeyToken=null" name="Should_check_if_the_client_exists" />
    </UnitTest>
    <UnitTest name="Should_not_insert_the_tier_group" storage="c:\gitworkspace\01.dev\output\.net\debug\connectplus.clientcontact.services.tests.dll" id="3fe2ea35-fd60-2eff-18cf-5bc1804595d4">
      <TestCategory>
        <TestCategoryItem TestCategory="Specification" />
      </TestCategory>
      <Execution id="852e6db9-bd19-488c-b35e-dbf47e08a123" />
      <TestMethod codeBase="C:/gitWorkspace/01.Dev/Output/.NET/Debug/ConnectPlus.ClientContact.Services.Tests.DLL" adapterTypeName="Microsoft.VisualStudio.TestTools.TestTypes.Unit.UnitTestAdapter, Microsoft.VisualStudio.QualityTools.Tips.UnitTest.Adapter, Version=10.0.0.0, Culture=neutral, PublicKeyToken=b03f5f7f11d50a3a" className="ConnectPlus.ClientContact.Services.Tests.Specifications.CommandProcessors.UpsertTierGroupCommandProcessorSpecification+When_the_tier_group_exists, ConnectPlus.ClientContact.Services.Tests, Version=1.0.0.0, Culture=neutral, PublicKeyToken=null" name="Should_not_insert_the_tier_group" />
    </UnitTest>
    <UnitTest name="Should_throw_notsupportedexcetpion" storage="c:\gitworkspace\01.dev\output\.net\debug\connectplus.clientcontact.services.tests.dll" id="92665085-b299-b48a-bc2c-1efda6032b04">
      <TestCategory>
        <TestCategoryItem TestCategory="Unit Test" />
      </TestCategory>
      <Execution id="9ab27813-fda3-4c16-b00d-9d15d1d76ba6" />
      <TestMethod codeBase="C:/gitWorkspace/01.Dev/Output/.NET/Debug/ConnectPlus.ClientContact.Services.Tests.DLL" adapterTypeName="Microsoft.VisualStudio.TestTools.TestTypes.Unit.UnitTestAdapter, Microsoft.VisualStudio.QualityTools.Tips.UnitTest.Adapter, Version=10.0.0.0, Culture=neutral, PublicKeyToken=b03f5f7f11d50a3a" className="ConnectPlus.ClientContact.Services.Tests.Specifications.CommandProcessors.Factories.StatusBasedTierList+When_the_status_is_inactive, ConnectPlus.ClientContact.Services.Tests, Version=1.0.0.0, Culture=neutral, PublicKeyToken=null" name="Should_throw_notsupportedexcetpion" />
    </UnitTest>
    <UnitTest name="Should_check_if_the_tier_value_exists" storage="c:\gitworkspace\01.dev\output\.net\debug\connectplus.clientcontact.services.tests.dll" id="c980ab97-2215-dab8-d790-437958c9e42f">
      <TestCategory>
        <TestCategoryItem TestCategory="Specification" />
      </TestCategory>
      <Execution id="83a77839-1947-4dd0-8b0b-3c5c9ce785bb" />
      <TestMethod codeBase="C:/gitWorkspace/01.Dev/Output/.NET/Debug/ConnectPlus.ClientContact.Services.Tests.DLL" adapterTypeName="Microsoft.VisualStudio.TestTools.TestTypes.Unit.UnitTestAdapter, Microsoft.VisualStudio.QualityTools.Tips.UnitTest.Adapter, Version=10.0.0.0, Culture=neutral, PublicKeyToken=b03f5f7f11d50a3a" className="ConnectPlus.ClientContact.Services.Tests.Specifications.CommandProcessors.UpsertTierValueCommandProcessorSpecification+When_the_tier_value_exists, ConnectPlus.ClientContact.Services.Tests, Version=1.0.0.0, Culture=neutral, PublicKeyToken=null" name="Should_check_if_the_tier_value_exists" />
    </UnitTest>
    <UnitTest name="Can_find_user_by_login" storage="c:\gitworkspace\01.dev\output\.net\debug\connectplus.crm.dataaccess.tests.dll" id="2357877a-3b9b-3b1a-054b-270125d11d14">
      <Execution id="e7a5639c-14f8-42cd-9565-01544a1a760d" />
      <TestMethod codeBase="C:/gitWorkspace/01.Dev/Output/.NET/Debug/ConnectPlus.CRM.DataAccess.Tests.DLL" adapterTypeName="Microsoft.VisualStudio.TestTools.TestTypes.Unit.UnitTestAdapter, Microsoft.VisualStudio.QualityTools.Tips.UnitTest.Adapter, Version=10.0.0.0, Culture=neutral, PublicKeyToken=b03f5f7f11d50a3a" className="ConnectPlus.CRM.DataAccess.Tests.Repositories.UserRepositoryTests, ConnectPlus.CRM.DataAccess.Tests, Version=1.0.0.0, Culture=neutral, PublicKeyToken=null" name="Can_find_user_by_login" />
    </UnitTest>
    <UnitTest name="Should_set_the_isactive_flag_to_false" storage="c:\gitworkspace\01.dev\output\.net\debug\connectplus.clientcontact.domain.tests.dll" id="ca5fa49d-7f57-0401-f31d-539915ab9902">
      <TestCategory>
        <TestCategoryItem TestCategory="Specification" />
      </TestCategory>
      <Execution id="38467110-152c-4cad-bba3-d9bafd9c024d" />
      <TestMethod codeBase="C:/gitWorkspace/01.Dev/Output/.NET/Debug/ConnectPlus.ClientContact.Domain.Tests.DLL" adapterTypeName="Microsoft.VisualStudio.TestTools.TestTypes.Unit.UnitTestAdapter, Microsoft.VisualStudio.QualityTools.Tips.UnitTest.Adapter, Version=10.0.0.0, Culture=neutral, PublicKeyToken=b03f5f7f11d50a3a" className="ConnectPlus.ClientContact.Domain.Tests.Specifications.ClientSpecification+When_inactivating, ConnectPlus.ClientContact.Domain.Tests, Version=1.0.0.0, Culture=neutral, PublicKeyToken=null" name="Should_set_the_isactive_flag_to_false" />
    </UnitTest>
    <UnitTest name="Constructor_should_require_non_null_description" storage="c:\gitworkspace\01.dev\output\.net\debug\connectplus.clientcontact.domain.tests.dll" id="bb761540-ffc9-4620-9166-fba6808f4548">
      <TestCategory>
        <TestCategoryItem TestCategory="Unit Test" />
      </TestCategory>
      <Execution id="f1e8d936-07c6-43ff-b191-374d291ae48f" />
      <TestMethod codeBase="C:/gitWorkspace/01.Dev/Output/.NET/Debug/ConnectPlus.ClientContact.Domain.Tests.DLL" adapterTypeName="Microsoft.VisualStudio.TestTools.TestTypes.Unit.UnitTestAdapter, Microsoft.VisualStudio.QualityTools.Tips.UnitTest.Adapter, Version=10.0.0.0, Culture=neutral, PublicKeyToken=b03f5f7f11d50a3a" className="ConnectPlus.ClientContact.Domain.Tests.Specifications.TierGroupSpecification+Preconditions, ConnectPlus.ClientContact.Domain.Tests, Version=1.0.0.0, Culture=neutral, PublicKeyToken=null" name="Constructor_should_require_non_null_description" />
    </UnitTest>
    <UnitTest name="Can_tier_client" storage="c:\gitworkspace\01.dev\output\.net\debug\connectplus.clientcontact.integrationtests.dll" id="76c40776-33ef-44ac-8bdc-85a7b8eb6555">
      <Execution id="cfdf536e-21b7-41bc-a31a-91f00f50ac25" />
      <TestMethod codeBase="C:/gitWorkspace/01.Dev/Output/.NET/Debug/ConnectPlus.ClientContact.IntegrationTests.DLL" adapterTypeName="Microsoft.VisualStudio.TestTools.TestTypes.Unit.UnitTestAdapter, Microsoft.VisualStudio.QualityTools.Tips.UnitTest.Adapter, Version=10.0.0.0, Culture=neutral, PublicKeyToken=b03f5f7f11d50a3a" className="ConnectPlus.ClientContact.IntegrationTests.MessagesIntegrationTests, ConnectPlus.ClientContact.IntegrationTests, Version=1.0.0.0, Culture=neutral, PublicKeyToken=null" name="Can_tier_client" />
    </UnitTest>
    <UnitTest name="Should_resolve_the_specific_processor" storage="c:\gitworkspace\01.dev\output\.net\debug\connectplus.clientcontact.services.tests.dll" id="e16ed279-9246-72a2-2c02-8b8cbf5ff9bf">
      <TestCategory>
        <TestCategoryItem TestCategory="Unit Test" />
      </TestCategory>
      <Execution id="a63ccc11-5ce9-40a7-a9d1-7eb8de0e3824" />
      <TestMethod codeBase="C:/gitWorkspace/01.Dev/Output/.NET/Debug/ConnectPlus.ClientContact.Services.Tests.DLL" adapterTypeName="Microsoft.VisualStudio.TestTools.TestTypes.Unit.UnitTestAdapter, Microsoft.VisualStudio.QualityTools.Tips.UnitTest.Adapter, Version=10.0.0.0, Culture=neutral, PublicKeyToken=b03f5f7f11d50a3a" className="ConnectPlus.ClientContact.Services.Tests.Specifications.CommandProcessors.TierValueCommandProcessorSpecification, ConnectPlus.ClientContact.Services.Tests, Version=1.0.0.0, Culture=neutral, PublicKeyToken=null" name="Should_resolve_the_specific_processor" />
    </UnitTest>
    <UnitTest name="Should_create_and_persist_the_sector" storage="c:\gitworkspace\01.dev\output\.net\debug\connectplus.clientcontact.services.tests.dll" id="c4df39e9-1bcd-84d9-4520-201e34c0b7c3">
      <TestCategory>
        <TestCategoryItem TestCategory="Specification" />
      </TestCategory>
      <Execution id="a0a4e799-1366-4eb0-8d84-b37bd8f7f10a" />
      <TestMethod codeBase="C:/gitWorkspace/01.Dev/Output/.NET/Debug/ConnectPlus.ClientContact.Services.Tests.DLL" adapterTypeName="Microsoft.VisualStudio.TestTools.TestTypes.Unit.UnitTestAdapter, Microsoft.VisualStudio.QualityTools.Tips.UnitTest.Adapter, Version=10.0.0.0, Culture=neutral, PublicKeyToken=b03f5f7f11d50a3a" className="ConnectPlus.ClientContact.Services.Tests.Specifications.CommandProcessors.UpsertSectorCommandProcessorSpecification+When_the_sector_doesnt_exist, ConnectPlus.ClientContact.Services.Tests, Version=1.0.0.0, Culture=neutral, PublicKeyToken=null" name="Should_create_and_persist_the_sector" />
    </UnitTest>
    <UnitTest name="It_shouldnt_do_anything" storage="c:\gitworkspace\01.dev\output\.net\debug\connectplus.clientcontact.services.tests.dll" id="07d7b086-b64d-515e-df8b-ff736aa4896d">
      <TestCategory>
        <TestCategoryItem TestCategory="Specification" />
      </TestCategory>
      <Execution id="572ef4da-8853-4c68-aadf-e7fb3547bab5" />
      <TestMethod codeBase="C:/gitWorkspace/01.Dev/Output/.NET/Debug/ConnectPlus.ClientContact.Services.Tests.DLL" adapterTypeName="Microsoft.VisualStudio.TestTools.TestTypes.Unit.UnitTestAdapter, Microsoft.VisualStudio.QualityTools.Tips.UnitTest.Adapter, Version=10.0.0.0, Culture=neutral, PublicKeyToken=b03f5f7f11d50a3a" className="ConnectPlus.ClientContact.Services.Tests.Specifications.CommandProcessors.DeleteClientCommandProcessorSpecification+When_the_client_is_not_found, ConnectPlus.ClientContact.Services.Tests, Version=1.0.0.0, Culture=neutral, PublicKeyToken=null" name="It_shouldnt_do_anything" />
    </UnitTest>
    <UnitTest name="Should_check_if_the_subsector_exists" storage="c:\gitworkspace\01.dev\output\.net\debug\connectplus.clientcontact.services.tests.dll" id="75597cb9-3054-7f6f-0a28-ff4aa44355c1">
      <TestCategory>
        <TestCategoryItem TestCategory="Specification" />
      </TestCategory>
      <Execution id="a5b3c74b-1d42-46f8-a33c-fa3d0ccefe3d" />
      <TestMethod codeBase="C:/gitWorkspace/01.Dev/Output/.NET/Debug/ConnectPlus.ClientContact.Services.Tests.DLL" adapterTypeName="Microsoft.VisualStudio.TestTools.TestTypes.Unit.UnitTestAdapter, Microsoft.VisualStudio.QualityTools.Tips.UnitTest.Adapter, Version=10.0.0.0, Culture=neutral, PublicKeyToken=b03f5f7f11d50a3a" className="ConnectPlus.ClientContact.Services.Tests.Specifications.CommandProcessors.UpsertSubsectorCommandProcessorSpecification, ConnectPlus.ClientContact.Services.Tests, Version=1.0.0.0, Culture=neutral, PublicKeyToken=null" name="Should_check_if_the_subsector_exists" />
    </UnitTest>
    <UnitTest name="Should_pass_validation_when_all_preconditions_are_met" storage="c:\gitworkspace\01.dev\output\.net\debug\connectplus.clientcontact.messaging.contracts.tests.dll" id="039bfebf-f8b9-f80a-9b7e-db868c351a4d">
      <TestCategory>
        <TestCategoryItem TestCategory="Unit Test" />
      </TestCategory>
      <Execution id="b13dc04f-1a15-4bee-a38a-4f29f2f071cc" />
      <TestMethod codeBase="C:/gitWorkspace/01.Dev/Output/.NET/Debug/ConnectPlus.ClientContact.Messaging.Contracts.Tests.DLL" adapterTypeName="Microsoft.VisualStudio.TestTools.TestTypes.Unit.UnitTestAdapter, Microsoft.VisualStudio.QualityTools.Tips.UnitTest.Adapter, Version=10.0.0.0, Culture=neutral, PublicKeyToken=b03f5f7f11d50a3a" className="ConnectPlus.ClientContact.Messaging.Contracts.Tests.Specifications.SubsectorMessageSpecifications, ConnectPlus.ClientContact.Messaging.Contracts.Tests, Version=1.0.0.0, Culture=neutral, PublicKeyToken=null" name="Should_pass_validation_when_all_preconditions_are_met" />
    </UnitTest>
    <UnitTest name="Should_update_revision" storage="c:\gitworkspace\01.dev\output\.net\debug\connectplus.clientcontact.services.tests.dll" id="db16e2a7-abd4-1715-6960-600a9a17cead">
      <TestCategory>
        <TestCategoryItem TestCategory="Unit Test" />
      </TestCategory>
      <Execution id="ddd4062d-b218-4b4e-8268-d52b591ced53" />
      <TestMethod codeBase="C:/gitWorkspace/01.Dev/Output/.NET/Debug/ConnectPlus.ClientContact.Services.Tests.DLL" adapterTypeName="Microsoft.VisualStudio.TestTools.TestTypes.Unit.UnitTestAdapter, Microsoft.VisualStudio.QualityTools.Tips.UnitTest.Adapter, Version=10.0.0.0, Culture=neutral, PublicKeyToken=b03f5f7f11d50a3a" className="ConnectPlus.ClientContact.Services.Tests.Specifications.CommandProcessors.ClientCommandProcessorSpecification+When_the_command_is_due, ConnectPlus.ClientContact.Services.Tests, Version=1.0.0.0, Culture=neutral, PublicKeyToken=null" name="Should_update_revision" />
    </UnitTest>
    <UnitTest name="Should_require_tier_group_id" storage="c:\gitworkspace\01.dev\output\.net\debug\connectplus.clientcontact.messaging.contracts.tests.dll" id="9959b482-d25f-bb10-e15e-e9223cf53a9d">
      <TestCategory>
        <TestCategoryItem TestCategory="Unit Test" />
      </TestCategory>
      <Execution id="16a615e5-da47-4b89-a919-c9f20b1c1454" />
      <TestMethod codeBase="C:/gitWorkspace/01.Dev/Output/.NET/Debug/ConnectPlus.ClientContact.Messaging.Contracts.Tests.DLL" adapterTypeName="Microsoft.VisualStudio.TestTools.TestTypes.Unit.UnitTestAdapter, Microsoft.VisualStudio.QualityTools.Tips.UnitTest.Adapter, Version=10.0.0.0, Culture=neutral, PublicKeyToken=b03f5f7f11d50a3a" className="ConnectPlus.ClientContact.Messaging.Contracts.Tests.Specifications.TierListMessageSpecifications, ConnectPlus.ClientContact.Messaging.Contracts.Tests, Version=1.0.0.0, Culture=neutral, PublicKeyToken=null" name="Should_require_tier_group_id" />
    </UnitTest>
    <UnitTest name="Can_create_client_with_invalid_country" storage="c:\gitworkspace\01.dev\output\.net\debug\connectplus.clientcontact.integrationtests.dll" id="a674ba5c-af39-5663-d8ec-d75ed51d813b">
      <Execution id="b1de0629-93dc-4bfe-a83f-2133604d521f" />
      <TestMethod codeBase="C:/gitWorkspace/01.Dev/Output/.NET/Debug/ConnectPlus.ClientContact.IntegrationTests.DLL" adapterTypeName="Microsoft.VisualStudio.TestTools.TestTypes.Unit.UnitTestAdapter, Microsoft.VisualStudio.QualityTools.Tips.UnitTest.Adapter, Version=10.0.0.0, Culture=neutral, PublicKeyToken=b03f5f7f11d50a3a" className="ConnectPlus.ClientContact.IntegrationTests.MessagesIntegrationTests, ConnectPlus.ClientContact.IntegrationTests, Version=1.0.0.0, Culture=neutral, PublicKeyToken=null" name="Can_create_client_with_invalid_country" />
    </UnitTest>
    <UnitTest name="Country" storage="c:\gitworkspace\01.dev\output\.net\debug\connectplus.clientcontact.dataaccess.tests.dll" id="2f050959-c027-23e5-a21d-65b1c27803f2">
      <Execution id="368ac659-b592-4cb7-b6cf-2843e89d3b08" />
      <TestMethod codeBase="C:/gitWorkspace/01.Dev/Output/.NET/Debug/ConnectPlus.ClientContact.DataAccess.Tests.DLL" adapterTypeName="Microsoft.VisualStudio.TestTools.TestTypes.Unit.UnitTestAdapter, Microsoft.VisualStudio.QualityTools.Tips.UnitTest.Adapter, Version=10.0.0.0, Culture=neutral, PublicKeyToken=b03f5f7f11d50a3a" className="ConnectPlus.ClientContact.DataAccess.Tests.Mapping.ClientMappingTests, ConnectPlus.ClientContact.DataAccess.Tests, Version=1.0.0.0, Culture=neutral, PublicKeyToken=null" name="Country" />
    </UnitTest>
    <UnitTest name="Constructor_should_require_non_empty_description" storage="c:\gitworkspace\01.dev\output\.net\debug\connectplus.clientcontact.domain.tests.dll" id="0eae3436-966d-c7d6-d78e-97753eed25a4">
      <TestCategory>
        <TestCategoryItem TestCategory="Unit Test" />
      </TestCategory>
      <Execution id="97e7c4dd-7585-4bee-bff9-edc7bb522acd" />
      <TestMethod codeBase="C:/gitWorkspace/01.Dev/Output/.NET/Debug/ConnectPlus.ClientContact.Domain.Tests.DLL" adapterTypeName="Microsoft.VisualStudio.TestTools.TestTypes.Unit.UnitTestAdapter, Microsoft.VisualStudio.QualityTools.Tips.UnitTest.Adapter, Version=10.0.0.0, Culture=neutral, PublicKeyToken=b03f5f7f11d50a3a" className="ConnectPlus.ClientContact.Domain.Tests.Specifications.TierValueSpecification+Preconditions, ConnectPlus.ClientContact.Domain.Tests, Version=1.0.0.0, Culture=neutral, PublicKeyToken=null" name="Constructor_should_require_non_empty_description" />
    </UnitTest>
    <UnitTest name="Should_retrieve_the_tier_list" storage="c:\gitworkspace\01.dev\output\.net\debug\connectplus.clientcontact.services.tests.dll" id="f4cd8473-d5bd-b7ed-1376-fc7bd6b7a1c9">
      <TestCategory>
        <TestCategoryItem TestCategory="Specification" />
      </TestCategory>
      <Execution id="6a3ae4ab-0b4c-4048-9866-3a888bfef310" />
      <TestMethod codeBase="C:/gitWorkspace/01.Dev/Output/.NET/Debug/ConnectPlus.ClientContact.Services.Tests.DLL" adapterTypeName="Microsoft.VisualStudio.TestTools.TestTypes.Unit.UnitTestAdapter, Microsoft.VisualStudio.QualityTools.Tips.UnitTest.Adapter, Version=10.0.0.0, Culture=neutral, PublicKeyToken=b03f5f7f11d50a3a" className="ConnectPlus.ClientContact.Services.Tests.Specifications.CommandProcessors.DeleteTierListCommandProcessorSpecification+When_the_tier_list_exists, ConnectPlus.ClientContact.Services.Tests, Version=1.0.0.0, Culture=neutral, PublicKeyToken=null" name="Should_retrieve_the_tier_list" />
    </UnitTest>
    <UnitTest name="Constructor_should_require_clientsaleshierarchy" storage="c:\gitworkspace\01.dev\output\.net\debug\connectplus.clientcontact.domain.tests.dll" id="9944c00d-3302-38b8-7a71-4814942dc19a">
      <TestCategory>
        <TestCategoryItem TestCategory="Unit Test" />
      </TestCategory>
      <Execution id="841e3c30-535b-4d50-a41c-03c2f4d6a3e1" />
      <TestMethod codeBase="C:/gitWorkspace/01.Dev/Output/.NET/Debug/ConnectPlus.ClientContact.Domain.Tests.DLL" adapterTypeName="Microsoft.VisualStudio.TestTools.TestTypes.Unit.UnitTestAdapter, Microsoft.VisualStudio.QualityTools.Tips.UnitTest.Adapter, Version=10.0.0.0, Culture=neutral, PublicKeyToken=b03f5f7f11d50a3a" className="ConnectPlus.ClientContact.Domain.Tests.Specifications.ClientSpecification+Preconditions, ConnectPlus.ClientContact.Domain.Tests, Version=1.0.0.0, Culture=neutral, PublicKeyToken=null" name="Constructor_should_require_clientsaleshierarchy" />
    </UnitTest>
    <UnitTest name="Can_update_child_sdmClient" storage="c:\gitworkspace\01.dev\output\.net\debug\connectplus.clientcontact.dataaccess.tests.dll" id="f21977c2-aec1-6e6e-3d1a-d3528baa6270">
      <Execution id="bd424b43-4957-4088-abd6-5c3a1b8b2521" />
      <TestMethod codeBase="C:/gitWorkspace/01.Dev/Output/.NET/Debug/ConnectPlus.ClientContact.DataAccess.Tests.DLL" adapterTypeName="Microsoft.VisualStudio.TestTools.TestTypes.Unit.UnitTestAdapter, Microsoft.VisualStudio.QualityTools.Tips.UnitTest.Adapter, Version=10.0.0.0, Culture=neutral, PublicKeyToken=b03f5f7f11d50a3a" className="ConnectPlus.ClientContact.DataAccess.Tests.Mapping.ClientMappingTests, ConnectPlus.ClientContact.DataAccess.Tests, Version=1.0.0.0, Culture=neutral, PublicKeyToken=null" name="Can_update_child_sdmClient" />
    </UnitTest>
    <UnitTest name="Should_require_description_shorter_than_256_chars" storage="c:\gitworkspace\01.dev\output\.net\debug\connectplus.clientcontact.messaging.contracts.tests.dll" id="9609b7f5-87b1-f9f9-e215-16c789eb842d">
      <TestCategory>
        <TestCategoryItem TestCategory="Unit Test" />
      </TestCategory>
      <Execution id="2fde3312-0bec-4e2a-864a-45536738158b" />
      <TestMethod codeBase="C:/gitWorkspace/01.Dev/Output/.NET/Debug/ConnectPlus.ClientContact.Messaging.Contracts.Tests.DLL" adapterTypeName="Microsoft.VisualStudio.TestTools.TestTypes.Unit.UnitTestAdapter, Microsoft.VisualStudio.QualityTools.Tips.UnitTest.Adapter, Version=10.0.0.0, Culture=neutral, PublicKeyToken=b03f5f7f11d50a3a" className="ConnectPlus.ClientContact.Messaging.Contracts.Tests.Specifications.TierGroupMessageSpecifications, ConnectPlus.ClientContact.Messaging.Contracts.Tests, Version=1.0.0.0, Culture=neutral, PublicKeyToken=null" name="Should_require_description_shorter_than_256_chars" />
    </UnitTest>
    <UnitTest name="Should_check_if_the_sector_exists" storage="c:\gitworkspace\01.dev\output\.net\debug\connectplus.clientcontact.services.tests.dll" id="3cb4dc6d-c219-3687-8d8e-f6c075ffe2a3">
      <TestCategory>
        <TestCategoryItem TestCategory="Specification" />
      </TestCategory>
      <Execution id="eec9183f-489d-4216-b9f1-8310fc4238ab" />
      <TestMethod codeBase="C:/gitWorkspace/01.Dev/Output/.NET/Debug/ConnectPlus.ClientContact.Services.Tests.DLL" adapterTypeName="Microsoft.VisualStudio.TestTools.TestTypes.Unit.UnitTestAdapter, Microsoft.VisualStudio.QualityTools.Tips.UnitTest.Adapter, Version=10.0.0.0, Culture=neutral, PublicKeyToken=b03f5f7f11d50a3a" className="ConnectPlus.ClientContact.Services.Tests.Specifications.CommandProcessors.UpsertSectorCommandProcessorSpecification+When_the_sector_exists, ConnectPlus.ClientContact.Services.Tests, Version=1.0.0.0, Culture=neutral, PublicKeyToken=null" name="Should_check_if_the_sector_exists" />
    </UnitTest>
    <UnitTest name="CanCorrectlyMapClientContactListMember" storage="c:\gitworkspace\01.dev\output\.net\debug\connectplus.crm.dataaccess.tests.dll" id="50135fc3-a6bb-eeb8-3133-d17857522516">
      <Execution id="966871fc-079a-453f-800a-c7f13867daa6" />
      <TestMethod codeBase="C:/gitWorkspace/01.Dev/Output/.NET/Debug/ConnectPlus.CRM.DataAccess.Tests.DLL" adapterTypeName="Microsoft.VisualStudio.TestTools.TestTypes.Unit.UnitTestAdapter, Microsoft.VisualStudio.QualityTools.Tips.UnitTest.Adapter, Version=10.0.0.0, Culture=neutral, PublicKeyToken=b03f5f7f11d50a3a" className="ConnectPlus.CRM.DataAccess.Tests.ClassMappingTests, ConnectPlus.CRM.DataAccess.Tests, Version=1.0.0.0, Culture=neutral, PublicKeyToken=null" name="CanCorrectlyMapClientContactListMember" />
    </UnitTest>
    <UnitTest name="Test2" storage="c:\gitworkspace\01.dev\output\.net\debug\connectplus.clientcontact.integrationtests.dll" id="158cd4e8-33bc-9df9-4925-d947164af8c2">
      <Execution id="83193d78-d07b-4d4e-b93b-433102c51348" />
      <TestMethod codeBase="C:/gitWorkspace/01.Dev/Output/.NET/Debug/ConnectPlus.ClientContact.IntegrationTests.DLL" adapterTypeName="Microsoft.VisualStudio.TestTools.TestTypes.Unit.UnitTestAdapter, Microsoft.VisualStudio.QualityTools.Tips.UnitTest.Adapter, Version=10.0.0.0, Culture=neutral, PublicKeyToken=b03f5f7f11d50a3a" className="ConnectPlus.ClientContact.IntegrationTests.Infrastructure.IntegrationTestsTest, ConnectPlus.ClientContact.IntegrationTests, Version=1.0.0.0, Culture=neutral, PublicKeyToken=null" name="Test2" />
    </UnitTest>
    <UnitTest name="Should_update_subsector" storage="c:\gitworkspace\01.dev\output\.net\debug\connectplus.clientcontact.services.tests.dll" id="e12d1da2-5932-38e5-49e5-912e2c879055">
      <TestCategory>
        <TestCategoryItem TestCategory="Unit Test" />
      </TestCategory>
      <Execution id="af7f664e-2647-464a-9b8c-e9d336f6543b" />
      <TestMethod codeBase="C:/gitWorkspace/01.Dev/Output/.NET/Debug/ConnectPlus.ClientContact.Services.Tests.DLL" adapterTypeName="Microsoft.VisualStudio.TestTools.TestTypes.Unit.UnitTestAdapter, Microsoft.VisualStudio.QualityTools.Tips.UnitTest.Adapter, Version=10.0.0.0, Culture=neutral, PublicKeyToken=b03f5f7f11d50a3a" className="ConnectPlus.ClientContact.Services.Tests.Specifications.CommandProcessors.UpsertClientCommandProcessorSpecification+When_all_preconditions_are_met+When_the_client_exists+When_the_subsector_has_changed, ConnectPlus.ClientContact.Services.Tests, Version=1.0.0.0, Culture=neutral, PublicKeyToken=null" name="Should_update_subsector" />
    </UnitTest>
    <UnitTest name="Should_require_a_nonempty_description" storage="c:\gitworkspace\01.dev\output\.net\debug\connectplus.clientcontact.domain.tests.dll" id="cb25deab-cf45-b695-0c44-ad948d14d876">
      <TestCategory>
        <TestCategoryItem TestCategory="Unit Test" />
      </TestCategory>
      <Execution id="b2787597-2a62-4e22-bb76-5e3c3b282ba8" />
      <TestMethod codeBase="C:/gitWorkspace/01.Dev/Output/.NET/Debug/ConnectPlus.ClientContact.Domain.Tests.DLL" adapterTypeName="Microsoft.VisualStudio.TestTools.TestTypes.Unit.UnitTestAdapter, Microsoft.VisualStudio.QualityTools.Tips.UnitTest.Adapter, Version=10.0.0.0, Culture=neutral, PublicKeyToken=b03f5f7f11d50a3a" className="ConnectPlus.ClientContact.Domain.Tests.Specifications.SectorSpecification+When_changing_the_description, ConnectPlus.ClientContact.Domain.Tests, Version=1.0.0.0, Culture=neutral, PublicKeyToken=null" name="Should_require_a_nonempty_description" />
    </UnitTest>
    <UnitTest name="Should_change_the_description_to_the_given_value" storage="c:\gitworkspace\01.dev\output\.net\debug\connectplus.clientcontact.domain.tests.dll" id="43a1edf0-6728-acc1-9940-a576d5dcc426">
      <TestCategory>
        <TestCategoryItem TestCategory="Specification" />
      </TestCategory>
      <Execution id="aea13ab2-32ed-4f3c-8830-42f9e5f8d598" />
      <TestMethod codeBase="C:/gitWorkspace/01.Dev/Output/.NET/Debug/ConnectPlus.ClientContact.Domain.Tests.DLL" adapterTypeName="Microsoft.VisualStudio.TestTools.TestTypes.Unit.UnitTestAdapter, Microsoft.VisualStudio.QualityTools.Tips.UnitTest.Adapter, Version=10.0.0.0, Culture=neutral, PublicKeyToken=b03f5f7f11d50a3a" className="ConnectPlus.ClientContact.Domain.Tests.Specifications.TierListSpecification+When_changing_the_description, ConnectPlus.ClientContact.Domain.Tests, Version=1.0.0.0, Culture=neutral, PublicKeyToken=null" name="Should_change_the_description_to_the_given_value" />
    </UnitTest>
    <UnitTest name="Should_fail_validation" storage="c:\gitworkspace\01.dev\output\.net\debug\connectplus.clientcontact.contact.services.tests.dll" id="b4138e3e-ae4d-bd71-a7e9-bb4800474a5a">
      <Execution id="9d275b7b-71c2-498b-9f72-d6538e1bc820" />
      <TestMethod codeBase="C:/gitWorkspace/01.Dev/Output/.NET/Debug/ConnectPlus.ClientContact.Contact.Services.Tests.DLL" adapterTypeName="Microsoft.VisualStudio.TestTools.TestTypes.Unit.UnitTestAdapter, Microsoft.VisualStudio.QualityTools.Tips.UnitTest.Adapter, Version=10.0.0.0, Culture=neutral, PublicKeyToken=b03f5f7f11d50a3a" className="ConnectPlus.ClientContact.Contact.Services.Tests.Queries.ContactEmailSearchCommandSpecifiction+When_email_address_is_not_provided, ConnectPlus.ClientContact.Contact.Services.Tests, Version=1.0.0.0, Culture=neutral, PublicKeyToken=null" name="Should_fail_validation" />
    </UnitTest>
    <UnitTest name="Should_reject_the_revision" storage="c:\gitworkspace\01.dev\output\.net\debug\connectplus.clientcontact.services.tests.dll" id="38dd5810-ac8f-9195-9b47-a339726908fe">
      <TestCategory>
        <TestCategoryItem TestCategory="Specification" />
      </TestCategory>
      <Execution id="d2c18f0e-fd0b-4920-b44c-5b3bda66795d" />
      <TestMethod codeBase="C:/gitWorkspace/01.Dev/Output/.NET/Debug/ConnectPlus.ClientContact.Services.Tests.DLL" adapterTypeName="Microsoft.VisualStudio.TestTools.TestTypes.Unit.UnitTestAdapter, Microsoft.VisualStudio.QualityTools.Tips.UnitTest.Adapter, Version=10.0.0.0, Culture=neutral, PublicKeyToken=b03f5f7f11d50a3a" className="ConnectPlus.ClientContact.Services.Tests.Specifications.VersionCheckerRevisionServiceSpecification+When_the_targets_version_is_lower_than_the_current_version, ConnectPlus.ClientContact.Services.Tests, Version=1.0.0.0, Culture=neutral, PublicKeyToken=null" name="Should_reject_the_revision" />
    </UnitTest>
    <UnitTest name="Should_throw_clientnotfoundexception" storage="c:\gitworkspace\01.dev\output\.net\debug\connectplus.clientcontact.services.tests.dll" id="f5864044-a378-7807-f1b5-a84a798cedac">
      <TestCategory>
        <TestCategoryItem TestCategory="Unit Test" />
      </TestCategory>
      <Execution id="9ff7e7b5-4e7a-467d-a2a5-5f96c54fece0" />
      <TestMethod codeBase="C:/gitWorkspace/01.Dev/Output/.NET/Debug/ConnectPlus.ClientContact.Services.Tests.DLL" adapterTypeName="Microsoft.VisualStudio.TestTools.TestTypes.Unit.UnitTestAdapter, Microsoft.VisualStudio.QualityTools.Tips.UnitTest.Adapter, Version=10.0.0.0, Culture=neutral, PublicKeyToken=b03f5f7f11d50a3a" className="ConnectPlus.ClientContact.Services.Tests.Specifications.CommandProcessors.ClientTierCommandProcessorSpecification+When_the_client_is_not_found, ConnectPlus.ClientContact.Services.Tests, Version=1.0.0.0, Culture=neutral, PublicKeyToken=null" name="Should_throw_clientnotfoundexception" />
    </UnitTest>
    <UnitTest name="Should_inactivate_the_Client" storage="c:\gitworkspace\01.dev\output\.net\debug\connectplus.clientcontact.services.tests.dll" id="7e3c535f-3e85-3007-c60e-880cd8e262a8">
      <TestCategory>
        <TestCategoryItem TestCategory="Specification" />
      </TestCategory>
      <Execution id="7dcbe5ac-17ce-46be-ab33-1ee7e02e5204" />
      <TestMethod codeBase="C:/gitWorkspace/01.Dev/Output/.NET/Debug/ConnectPlus.ClientContact.Services.Tests.DLL" adapterTypeName="Microsoft.VisualStudio.TestTools.TestTypes.Unit.UnitTestAdapter, Microsoft.VisualStudio.QualityTools.Tips.UnitTest.Adapter, Version=10.0.0.0, Culture=neutral, PublicKeyToken=b03f5f7f11d50a3a" className="ConnectPlus.ClientContact.Services.Tests.Specifications.CommandProcessors.DeleteClientCommandProcessorSpecification+When_the_client_exists, ConnectPlus.ClientContact.Services.Tests, Version=1.0.0.0, Culture=neutral, PublicKeyToken=null" name="Should_inactivate_the_Client" />
    </UnitTest>
    <UnitTest name="Should_set_the_isactive_flag_to_false" storage="c:\gitworkspace\01.dev\output\.net\debug\connectplus.clientcontact.domain.tests.dll" id="f879d08f-993d-09e0-12d7-309af3c6903c">
      <TestCategory>
        <TestCategoryItem TestCategory="Specification" />
      </TestCategory>
      <Execution id="4a66ee3d-1777-4c86-a41a-9835a1024abf" />
      <TestMethod codeBase="C:/gitWorkspace/01.Dev/Output/.NET/Debug/ConnectPlus.ClientContact.Domain.Tests.DLL" adapterTypeName="Microsoft.VisualStudio.TestTools.TestTypes.Unit.UnitTestAdapter, Microsoft.VisualStudio.QualityTools.Tips.UnitTest.Adapter, Version=10.0.0.0, Culture=neutral, PublicKeyToken=b03f5f7f11d50a3a" className="ConnectPlus.ClientContact.Domain.Tests.Specifications.TierListSpecification+When_a_lsit_with_no_values_is_inactivated, ConnectPlus.ClientContact.Domain.Tests, Version=1.0.0.0, Culture=neutral, PublicKeyToken=null" name="Should_set_the_isactive_flag_to_false" />
    </UnitTest>
    <UnitTest name="Can_untier_client" storage="c:\gitworkspace\01.dev\output\.net\debug\connectplus.clientcontact.integrationtests.dll" id="4540a4df-3b46-971a-4cf8-2db44a748c99">
      <Execution id="9da7e8a8-0401-4bdf-87a6-3ee2a419dd34" />
      <TestMethod codeBase="C:/gitWorkspace/01.Dev/Output/.NET/Debug/ConnectPlus.ClientContact.IntegrationTests.DLL" adapterTypeName="Microsoft.VisualStudio.TestTools.TestTypes.Unit.UnitTestAdapter, Microsoft.VisualStudio.QualityTools.Tips.UnitTest.Adapter, Version=10.0.0.0, Culture=neutral, PublicKeyToken=b03f5f7f11d50a3a" className="ConnectPlus.ClientContact.IntegrationTests.MessagesIntegrationTests, ConnectPlus.ClientContact.IntegrationTests, Version=1.0.0.0, Culture=neutral, PublicKeyToken=null" name="Can_untier_client" />
    </UnitTest>
    <UnitTest name="Should_update_the_clients_country" storage="c:\gitworkspace\01.dev\output\.net\debug\connectplus.clientcontact.services.tests.dll" id="eb00b1b0-87f8-6124-c9a0-b7ad5661af2b">
      <TestCategory>
        <TestCategoryItem TestCategory="Unit Test" />
      </TestCategory>
      <Execution id="a29387e4-9364-4495-991a-2bfe298b782a" />
      <TestMethod codeBase="C:/gitWorkspace/01.Dev/Output/.NET/Debug/ConnectPlus.ClientContact.Services.Tests.DLL" adapterTypeName="Microsoft.VisualStudio.TestTools.TestTypes.Unit.UnitTestAdapter, Microsoft.VisualStudio.QualityTools.Tips.UnitTest.Adapter, Version=10.0.0.0, Culture=neutral, PublicKeyToken=b03f5f7f11d50a3a" className="ConnectPlus.ClientContact.Services.Tests.Specifications.CommandProcessors.UpsertClientCommandProcessorSpecification+When_all_preconditions_are_met+When_the_client_exists+When_the_client_is_not_root_level_and_the_parent_has_changed, ConnectPlus.ClientContact.Services.Tests, Version=1.0.0.0, Culture=neutral, PublicKeyToken=null" name="Should_update_the_clients_country" />
    </UnitTest>
    <UnitTest name="CanCorrectlyMapContactPhone" storage="c:\gitworkspace\01.dev\output\.net\debug\connectplus.crm.dataaccess.tests.dll" id="62b84f88-a035-998a-f6d5-8e9f3ac1e994">
      <Execution id="6ad154cf-d94a-4526-8529-7b69c1b4c2fc" />
      <TestMethod codeBase="C:/gitWorkspace/01.Dev/Output/.NET/Debug/ConnectPlus.CRM.DataAccess.Tests.DLL" adapterTypeName="Microsoft.VisualStudio.TestTools.TestTypes.Unit.UnitTestAdapter, Microsoft.VisualStudio.QualityTools.Tips.UnitTest.Adapter, Version=10.0.0.0, Culture=neutral, PublicKeyToken=b03f5f7f11d50a3a" className="ConnectPlus.CRM.DataAccess.Tests.ClassMappingTests, ConnectPlus.CRM.DataAccess.Tests, Version=1.0.0.0, Culture=neutral, PublicKeyToken=null" name="CanCorrectlyMapContactPhone" />
    </UnitTest>
    <UnitTest name="Should_update_revision" storage="c:\gitworkspace\01.dev\output\.net\debug\connectplus.clientcontact.services.tests.dll" id="2858c01e-4afb-3265-75a4-3bff9bf34be0">
      <TestCategory>
        <TestCategoryItem TestCategory="Unit Test" />
      </TestCategory>
      <Execution id="9e808743-41fb-4950-aa4f-547e08219f0c" />
      <TestMethod codeBase="C:/gitWorkspace/01.Dev/Output/.NET/Debug/ConnectPlus.ClientContact.Services.Tests.DLL" adapterTypeName="Microsoft.VisualStudio.TestTools.TestTypes.Unit.UnitTestAdapter, Microsoft.VisualStudio.QualityTools.Tips.UnitTest.Adapter, Version=10.0.0.0, Culture=neutral, PublicKeyToken=b03f5f7f11d50a3a" className="ConnectPlus.ClientContact.Services.Tests.Specifications.CommandProcessors.ClientCommandProcessorSpecification+When_the_command_is_out_of_date, ConnectPlus.ClientContact.Services.Tests, Version=1.0.0.0, Culture=neutral, PublicKeyToken=null" name="Should_update_revision" />
    </UnitTest>
    <UnitTest name="SortBy_And_GroupBy_And_PreferredListId_Fields_Are_Populated_From_List_Preference" storage="c:\gitworkspace\01.dev\output\.net\debug\connectplus.clientcontact.services.tests.dll" id="33d0d333-5bbc-9e66-c758-d01f0d4343b2">
      <Execution id="f17dfc52-178c-4124-a64e-d2e1482673cb" />
      <TestMethod codeBase="C:/gitWorkspace/01.Dev/Output/.NET/Debug/ConnectPlus.ClientContact.Services.Tests.DLL" adapterTypeName="Microsoft.VisualStudio.TestTools.TestTypes.Unit.UnitTestAdapter, Microsoft.VisualStudio.QualityTools.Tips.UnitTest.Adapter, Version=10.0.0.0, Culture=neutral, PublicKeyToken=b03f5f7f11d50a3a" className="ConnectPlus.ClientContact.Services.Tests.Queries.SearchQueryFixture+When_Searching_By_List, ConnectPlus.ClientContact.Services.Tests, Version=1.0.0.0, Culture=neutral, PublicKeyToken=null" name="SortBy_And_GroupBy_And_PreferredListId_Fields_Are_Populated_From_List_Preference" />
    </UnitTest>
    <UnitTest name="Constructor_should_require_subsector" storage="c:\gitworkspace\01.dev\output\.net\debug\connectplus.clientcontact.domain.tests.dll" id="34df9754-70d6-40c2-30b2-f3f145e6f992">
      <TestCategory>
        <TestCategoryItem TestCategory="Unit Test" />
      </TestCategory>
      <Execution id="a6aca00b-5fc5-42f6-895f-01d828adaaaa" />
      <TestMethod codeBase="C:/gitWorkspace/01.Dev/Output/.NET/Debug/ConnectPlus.ClientContact.Domain.Tests.DLL" adapterTypeName="Microsoft.VisualStudio.TestTools.TestTypes.Unit.UnitTestAdapter, Microsoft.VisualStudio.QualityTools.Tips.UnitTest.Adapter, Version=10.0.0.0, Culture=neutral, PublicKeyToken=b03f5f7f11d50a3a" className="ConnectPlus.ClientContact.Domain.Tests.Specifications.ClientSpecification+Preconditions, ConnectPlus.ClientContact.Domain.Tests, Version=1.0.0.0, Culture=neutral, PublicKeyToken=null" name="Constructor_should_require_subsector" />
    </UnitTest>
    <UnitTest name="CanCorrectlyMapUser" storage="c:\gitworkspace\01.dev\output\.net\debug\connectplus.crm.dataaccess.tests.dll" id="076f2e28-88c6-2216-bf95-892014f10d2b">
      <Execution id="b3dd50a2-6404-47dd-80b7-618524c35d4c" />
      <TestMethod codeBase="C:/gitWorkspace/01.Dev/Output/.NET/Debug/ConnectPlus.CRM.DataAccess.Tests.DLL" adapterTypeName="Microsoft.VisualStudio.TestTools.TestTypes.Unit.UnitTestAdapter, Microsoft.VisualStudio.QualityTools.Tips.UnitTest.Adapter, Version=10.0.0.0, Culture=neutral, PublicKeyToken=b03f5f7f11d50a3a" className="ConnectPlus.CRM.DataAccess.Tests.ClassMappingTests, ConnectPlus.CRM.DataAccess.Tests, Version=1.0.0.0, Culture=neutral, PublicKeyToken=null" name="CanCorrectlyMapUser" />
    </UnitTest>
    <UnitTest name="When_Search_And_Word_Is_Hyphenated" storage="c:\gitworkspace\01.dev\output\.net\debug\connectplus.crm.dataaccess.tests.dll" id="7ac3be72-d42d-f3d8-5872-fece10efe1af">
      <Execution id="c6c23a8f-1119-4454-a78e-9c7134ea4e99" />
      <TestMethod codeBase="C:/gitWorkspace/01.Dev/Output/.NET/Debug/ConnectPlus.CRM.DataAccess.Tests.DLL" adapterTypeName="Microsoft.VisualStudio.TestTools.TestTypes.Unit.UnitTestAdapter, Microsoft.VisualStudio.QualityTools.Tips.UnitTest.Adapter, Version=10.0.0.0, Culture=neutral, PublicKeyToken=b03f5f7f11d50a3a" className="ConnectPlus.CRM.DataAccess.Tests.Repositories.ContactRepositoryTests, ConnectPlus.CRM.DataAccess.Tests, Version=1.0.0.0, Culture=neutral, PublicKeyToken=null" name="When_Search_And_Word_Is_Hyphenated" />
    </UnitTest>
    <UnitTest name="When_tier_list_has_values_has_values_is_true" storage="c:\gitworkspace\01.dev\output\.net\debug\connectplus.clientcontact.dataaccess.tests.dll" id="6520c630-d885-29be-9ee1-ee80dcfd00bf">
      <Execution id="6a133614-4bb9-4ae1-bb9f-dd512208f62d" />
      <TestMethod codeBase="C:/gitWorkspace/01.Dev/Output/.NET/Debug/ConnectPlus.ClientContact.DataAccess.Tests.DLL" adapterTypeName="Microsoft.VisualStudio.TestTools.TestTypes.Unit.UnitTestAdapter, Microsoft.VisualStudio.QualityTools.Tips.UnitTest.Adapter, Version=10.0.0.0, Culture=neutral, PublicKeyToken=b03f5f7f11d50a3a" className="ConnectPlus.ClientContact.DataAccess.Tests.Mapping.ClientMappingTests, ConnectPlus.ClientContact.DataAccess.Tests, Version=1.0.0.0, Culture=neutral, PublicKeyToken=null" name="When_tier_list_has_values_has_values_is_true" />
    </UnitTest>
    <UnitTest name="Should_require_tier_id" storage="c:\gitworkspace\01.dev\output\.net\debug\connectplus.clientcontact.messaging.contracts.tests.dll" id="473fea89-99b0-926d-6499-f29388a334f8">
      <TestCategory>
        <TestCategoryItem TestCategory="Unit Test" />
      </TestCategory>
      <Execution id="dd276fe0-4a20-4cc0-8e57-83720ec9f1b5" />
      <TestMethod codeBase="C:/gitWorkspace/01.Dev/Output/.NET/Debug/ConnectPlus.ClientContact.Messaging.Contracts.Tests.DLL" adapterTypeName="Microsoft.VisualStudio.TestTools.TestTypes.Unit.UnitTestAdapter, Microsoft.VisualStudio.QualityTools.Tips.UnitTest.Adapter, Version=10.0.0.0, Culture=neutral, PublicKeyToken=b03f5f7f11d50a3a" className="ConnectPlus.ClientContact.Messaging.Contracts.Tests.Specifications.TierValueMessageSpecification, ConnectPlus.ClientContact.Messaging.Contracts.Tests, Version=1.0.0.0, Culture=neutral, PublicKeyToken=null" name="Should_require_tier_id" />
    </UnitTest>
    <UnitTest name="Can_create_tier_group" storage="c:\gitworkspace\01.dev\output\.net\debug\connectplus.clientcontact.integrationtests.dll" id="5726fd70-ee6a-656e-127f-a2518648fb97">
      <Execution id="191acb30-72d1-440f-8bf0-e223dfd5bb5b" />
      <TestMethod codeBase="C:/gitWorkspace/01.Dev/Output/.NET/Debug/ConnectPlus.ClientContact.IntegrationTests.DLL" adapterTypeName="Microsoft.VisualStudio.TestTools.TestTypes.Unit.UnitTestAdapter, Microsoft.VisualStudio.QualityTools.Tips.UnitTest.Adapter, Version=10.0.0.0, Culture=neutral, PublicKeyToken=b03f5f7f11d50a3a" className="ConnectPlus.ClientContact.IntegrationTests.MessagesIntegrationTests, ConnectPlus.ClientContact.IntegrationTests, Version=1.0.0.0, Culture=neutral, PublicKeyToken=null" name="Can_create_tier_group" />
    </UnitTest>
    <UnitTest name="Can_map_version" storage="c:\gitworkspace\01.dev\output\.net\debug\connectplus.clientcontact.dataaccess.tests.dll" id="51e4d716-5f95-45d2-7284-edcea2930cd2">
      <Execution id="05bad38c-7e7d-4ec5-9c40-f3609c90801d" />
      <TestMethod codeBase="C:/gitWorkspace/01.Dev/Output/.NET/Debug/ConnectPlus.ClientContact.DataAccess.Tests.DLL" adapterTypeName="Microsoft.VisualStudio.TestTools.TestTypes.Unit.UnitTestAdapter, Microsoft.VisualStudio.QualityTools.Tips.UnitTest.Adapter, Version=10.0.0.0, Culture=neutral, PublicKeyToken=b03f5f7f11d50a3a" className="ConnectPlus.ClientContact.DataAccess.Tests.Mapping.ClientMappingTests, ConnectPlus.ClientContact.DataAccess.Tests, Version=1.0.0.0, Culture=neutral, PublicKeyToken=null" name="Can_map_version" />
    </UnitTest>
    <UnitTest name="Should_check_if_the_sector_exists" storage="c:\gitworkspace\01.dev\output\.net\debug\connectplus.clientcontact.services.tests.dll" id="eaad255e-963e-ef2b-ed8e-83ec6fefba83">
      <TestCategory>
        <TestCategoryItem TestCategory="Specification" />
      </TestCategory>
      <Execution id="50980f6f-fddb-4785-8395-ed279abf89ef" />
      <TestMethod codeBase="C:/gitWorkspace/01.Dev/Output/.NET/Debug/ConnectPlus.ClientContact.Services.Tests.DLL" adapterTypeName="Microsoft.VisualStudio.TestTools.TestTypes.Unit.UnitTestAdapter, Microsoft.VisualStudio.QualityTools.Tips.UnitTest.Adapter, Version=10.0.0.0, Culture=neutral, PublicKeyToken=b03f5f7f11d50a3a" className="ConnectPlus.ClientContact.Services.Tests.Specifications.CommandProcessors.UpsertSectorCommandProcessorSpecification, ConnectPlus.ClientContact.Services.Tests, Version=1.0.0.0, Culture=neutral, PublicKeyToken=null" name="Should_check_if_the_sector_exists" />
    </UnitTest>
    <UnitTest name="Constructor_should_require_non_null_description" storage="c:\gitworkspace\01.dev\output\.net\debug\connectplus.clientcontact.domain.tests.dll" id="103409b4-20fe-50b6-4ba7-7007b33a4dfc">
      <TestCategory>
        <TestCategoryItem TestCategory="Unit Test" />
      </TestCategory>
      <Execution id="9240b0db-569a-4651-b579-6d6a57483627" />
      <TestMethod codeBase="C:/gitWorkspace/01.Dev/Output/.NET/Debug/ConnectPlus.ClientContact.Domain.Tests.DLL" adapterTypeName="Microsoft.VisualStudio.TestTools.TestTypes.Unit.UnitTestAdapter, Microsoft.VisualStudio.QualityTools.Tips.UnitTest.Adapter, Version=10.0.0.0, Culture=neutral, PublicKeyToken=b03f5f7f11d50a3a" className="ConnectPlus.ClientContact.Domain.Tests.Specifications.SectorSpecification+Preconditions, ConnectPlus.ClientContact.Domain.Tests, Version=1.0.0.0, Culture=neutral, PublicKeyToken=null" name="Constructor_should_require_non_null_description" />
    </UnitTest>
    <UnitTest name="CanCorrectlyMapTeam" storage="c:\gitworkspace\01.dev\output\.net\debug\connectplus.crm.dataaccess.tests.dll" id="520f64a6-b54f-208a-8345-90ee07788f7b">
      <Execution id="475ed2c2-ad2c-4b38-86e3-344f88777ed1" />
      <TestMethod codeBase="C:/gitWorkspace/01.Dev/Output/.NET/Debug/ConnectPlus.CRM.DataAccess.Tests.DLL" adapterTypeName="Microsoft.VisualStudio.TestTools.TestTypes.Unit.UnitTestAdapter, Microsoft.VisualStudio.QualityTools.Tips.UnitTest.Adapter, Version=10.0.0.0, Culture=neutral, PublicKeyToken=b03f5f7f11d50a3a" className="ConnectPlus.CRM.DataAccess.Tests.ClassMappingTests, ConnectPlus.CRM.DataAccess.Tests, Version=1.0.0.0, Culture=neutral, PublicKeyToken=null" name="CanCorrectlyMapTeam" />
    </UnitTest>
    <UnitTest name="Can_map_tier_group" storage="c:\gitworkspace\01.dev\output\.net\debug\connectplus.clientcontact.dataaccess.tests.dll" id="e33e783f-67a8-68c9-865c-b00138590e3a">
      <Execution id="e7863d1e-181a-4c17-9ac5-0e60777e9544" />
      <TestMethod codeBase="C:/gitWorkspace/01.Dev/Output/.NET/Debug/ConnectPlus.ClientContact.DataAccess.Tests.DLL" adapterTypeName="Microsoft.VisualStudio.TestTools.TestTypes.Unit.UnitTestAdapter, Microsoft.VisualStudio.QualityTools.Tips.UnitTest.Adapter, Version=10.0.0.0, Culture=neutral, PublicKeyToken=b03f5f7f11d50a3a" className="ConnectPlus.ClientContact.DataAccess.Tests.Mapping.ClientMappingTests, ConnectPlus.ClientContact.DataAccess.Tests, Version=1.0.0.0, Culture=neutral, PublicKeyToken=null" name="Can_map_tier_group" />
    </UnitTest>
    <UnitTest name="Should_pass_validation_when_all_preconditions_are_met" storage="c:\gitworkspace\01.dev\output\.net\debug\connectplus.clientcontact.messaging.contracts.tests.dll" id="afadb058-1a64-056d-1ba0-85d5bbb66d45">
      <TestCategory>
        <TestCategoryItem TestCategory="Unit Test" />
      </TestCategory>
      <Execution id="965d0552-fb0c-4f2c-adee-faa57b49e8e5" />
      <TestMethod codeBase="C:/gitWorkspace/01.Dev/Output/.NET/Debug/ConnectPlus.ClientContact.Messaging.Contracts.Tests.DLL" adapterTypeName="Microsoft.VisualStudio.TestTools.TestTypes.Unit.UnitTestAdapter, Microsoft.VisualStudio.QualityTools.Tips.UnitTest.Adapter, Version=10.0.0.0, Culture=neutral, PublicKeyToken=b03f5f7f11d50a3a" className="ConnectPlus.ClientContact.Messaging.Contracts.Tests.Specifications.TierValueMessageSpecification, ConnectPlus.ClientContact.Messaging.Contracts.Tests, Version=1.0.0.0, Culture=neutral, PublicKeyToken=null" name="Should_pass_validation_when_all_preconditions_are_met" />
    </UnitTest>
    <UnitTest name="Should_not_require_created_date" storage="c:\gitworkspace\01.dev\output\.net\debug\connectplus.clientcontact.messaging.contracts.tests.dll" id="0784808d-4842-0beb-a118-4ede96646df8">
      <TestCategory>
        <TestCategoryItem TestCategory="Unit Test" />
      </TestCategory>
      <Execution id="c03c5adb-5012-405c-9449-167ac5701d77" />
      <TestMethod codeBase="C:/gitWorkspace/01.Dev/Output/.NET/Debug/ConnectPlus.ClientContact.Messaging.Contracts.Tests.DLL" adapterTypeName="Microsoft.VisualStudio.TestTools.TestTypes.Unit.UnitTestAdapter, Microsoft.VisualStudio.QualityTools.Tips.UnitTest.Adapter, Version=10.0.0.0, Culture=neutral, PublicKeyToken=b03f5f7f11d50a3a" className="ConnectPlus.ClientContact.Messaging.Contracts.Tests.Specifications.StaticMasterEntitySpecifications, ConnectPlus.ClientContact.Messaging.Contracts.Tests, Version=1.0.0.0, Culture=neutral, PublicKeyToken=null" name="Should_not_require_created_date" />
    </UnitTest>
    <UnitTest name="Can_map_tier_list" storage="c:\gitworkspace\01.dev\output\.net\debug\connectplus.clientcontact.dataaccess.tests.dll" id="82f3fa5f-9f25-0ab1-d461-08293a05c12f">
      <Execution id="47092991-0cb7-4dab-aa22-51763a6aa5b6" />
      <TestMethod codeBase="C:/gitWorkspace/01.Dev/Output/.NET/Debug/ConnectPlus.ClientContact.DataAccess.Tests.DLL" adapterTypeName="Microsoft.VisualStudio.TestTools.TestTypes.Unit.UnitTestAdapter, Microsoft.VisualStudio.QualityTools.Tips.UnitTest.Adapter, Version=10.0.0.0, Culture=neutral, PublicKeyToken=b03f5f7f11d50a3a" className="ConnectPlus.ClientContact.DataAccess.Tests.Mapping.ClientMappingTests, ConnectPlus.ClientContact.DataAccess.Tests, Version=1.0.0.0, Culture=neutral, PublicKeyToken=null" name="Can_map_tier_list" />
    </UnitTest>
    <UnitTest name="Ctor_should_require_non_null_addresses" storage="c:\gitworkspace\01.dev\output\.net\debug\connectplus.clientcontact.domain.tests.dll" id="97e5e7d4-ac54-cebe-86b4-00d02e6561cd">
      <TestCategory>
        <TestCategoryItem TestCategory="Unit Test" />
      </TestCategory>
      <Execution id="4085bcbe-8b34-41ad-a30d-40160dccd652" />
      <TestMethod codeBase="C:/gitWorkspace/01.Dev/Output/.NET/Debug/ConnectPlus.ClientContact.Domain.Tests.DLL" adapterTypeName="Microsoft.VisualStudio.TestTools.TestTypes.Unit.UnitTestAdapter, Microsoft.VisualStudio.QualityTools.Tips.UnitTest.Adapter, Version=10.0.0.0, Culture=neutral, PublicKeyToken=b03f5f7f11d50a3a" className="ConnectPlus.ClientContact.Domain.Tests.Specifications.ContactSpecification+Preconditions, ConnectPlus.ClientContact.Domain.Tests, Version=1.0.0.0, Culture=neutral, PublicKeyToken=null" name="Ctor_should_require_non_null_addresses" />
    </UnitTest>
    <UnitTest name="CanExecute" storage="c:\gitworkspace\01.dev\output\.net\debug\connectplus.clientcontact.services.tests.dll" id="e63ca40b-abca-79f7-7ac9-f89f5cfdf65f">
      <Execution id="90483f66-2e1e-414f-a972-2cffbbc7549b" />
      <TestMethod codeBase="C:/gitWorkspace/01.Dev/Output/.NET/Debug/ConnectPlus.ClientContact.Services.Tests.DLL" adapterTypeName="Microsoft.VisualStudio.TestTools.TestTypes.Unit.UnitTestAdapter, Microsoft.VisualStudio.QualityTools.Tips.UnitTest.Adapter, Version=10.0.0.0, Culture=neutral, PublicKeyToken=b03f5f7f11d50a3a" className="ConnectPlus.ClientContact.Services.Tests.Queries.TierListByUserQueryFixture, ConnectPlus.ClientContact.Services.Tests, Version=1.0.0.0, Culture=neutral, PublicKeyToken=null" name="CanExecute" />
    </UnitTest>
    <UnitTest name="Should_persist_the_subsector" storage="c:\gitworkspace\01.dev\output\.net\debug\connectplus.clientcontact.services.tests.dll" id="98dd6185-24d5-2a62-cefd-f9aa656dc6ef">
      <TestCategory>
        <TestCategoryItem TestCategory="Specification" />
      </TestCategory>
      <Execution id="462a5ac4-607b-4d5b-8847-ec2ddf673a49" />
      <TestMethod codeBase="C:/gitWorkspace/01.Dev/Output/.NET/Debug/ConnectPlus.ClientContact.Services.Tests.DLL" adapterTypeName="Microsoft.VisualStudio.TestTools.TestTypes.Unit.UnitTestAdapter, Microsoft.VisualStudio.QualityTools.Tips.UnitTest.Adapter, Version=10.0.0.0, Culture=neutral, PublicKeyToken=b03f5f7f11d50a3a" className="ConnectPlus.ClientContact.Services.Tests.Specifications.CommandProcessors.UpsertSubsectorCommandProcessorSpecification+When_the_subsector_doesnt_exist, ConnectPlus.ClientContact.Services.Tests, Version=1.0.0.0, Culture=neutral, PublicKeyToken=null" name="Should_persist_the_subsector" />
    </UnitTest>
    <UnitTest name="Can_create_client" storage="c:\gitworkspace\01.dev\output\.net\debug\connectplus.clientcontact.integrationtests.dll" id="6a349e19-789c-4ee8-a13b-7e17c23d39e8">
      <Execution id="a688f130-f279-46c6-81da-b247afe62c63" />
      <TestMethod codeBase="C:/gitWorkspace/01.Dev/Output/.NET/Debug/ConnectPlus.ClientContact.IntegrationTests.DLL" adapterTypeName="Microsoft.VisualStudio.TestTools.TestTypes.Unit.UnitTestAdapter, Microsoft.VisualStudio.QualityTools.Tips.UnitTest.Adapter, Version=10.0.0.0, Culture=neutral, PublicKeyToken=b03f5f7f11d50a3a" className="ConnectPlus.ClientContact.IntegrationTests.MessagesIntegrationTests, ConnectPlus.ClientContact.IntegrationTests, Version=1.0.0.0, Culture=neutral, PublicKeyToken=null" name="Can_create_client" />
    </UnitTest>
    <UnitTest name="Should_sort_by_rank" storage="c:\gitworkspace\01.dev\output\.net\debug\connectplus.clientcontact.contact.services.tests.dll" id="6beba4fd-9aad-87eb-545f-2cae158a1c36">
      <Execution id="c0873154-66c2-416a-8863-77480c1f8ee7" />
      <TestMethod codeBase="C:/gitWorkspace/01.Dev/Output/.NET/Debug/ConnectPlus.ClientContact.Contact.Services.Tests.DLL" adapterTypeName="Microsoft.VisualStudio.TestTools.TestTypes.Unit.UnitTestAdapter, Microsoft.VisualStudio.QualityTools.Tips.UnitTest.Adapter, Version=10.0.0.0, Culture=neutral, PublicKeyToken=b03f5f7f11d50a3a" className="ConnectPlus.ClientContact.Contact.Services.Tests.Queries.EmailAddressSearchSpecification+When_matches_all_parts_seperately, ConnectPlus.ClientContact.Contact.Services.Tests, Version=1.0.0.0, Culture=neutral, PublicKeyToken=null" name="Should_sort_by_rank" />
    </UnitTest>
    <UnitTest name="Should_throw_notsupportedexception" storage="c:\gitworkspace\01.dev\output\.net\debug\connectplus.clientcontact.services.tests.dll" id="4f2a50cf-eb17-2808-9946-54c26ef13855">
      <TestCategory>
        <TestCategoryItem TestCategory="Unit Test" />
      </TestCategory>
      <Execution id="eed955d5-6998-4352-bcbb-d3472c8d4e1f" />
      <TestMethod codeBase="C:/gitWorkspace/01.Dev/Output/.NET/Debug/ConnectPlus.ClientContact.Services.Tests.DLL" adapterTypeName="Microsoft.VisualStudio.TestTools.TestTypes.Unit.UnitTestAdapter, Microsoft.VisualStudio.QualityTools.Tips.UnitTest.Adapter, Version=10.0.0.0, Culture=neutral, PublicKeyToken=b03f5f7f11d50a3a" className="ConnectPlus.ClientContact.Services.Tests.Specifications.CommandProcessors.Factories.StatusBasedSubsector+When_the_status_is_inactive, ConnectPlus.ClientContact.Services.Tests, Version=1.0.0.0, Culture=neutral, PublicKeyToken=null" name="Should_throw_notsupportedexception" />
    </UnitTest>
    <UnitTest name="Can_create_tier_value" storage="c:\gitworkspace\01.dev\output\.net\debug\connectplus.clientcontact.integrationtests.dll" id="7bc26258-83be-7dbd-a9d8-6b4d7cb77335">
      <Execution id="fdd4daa4-aefb-4166-a0f1-55faa87fc2f6" />
      <TestMethod codeBase="C:/gitWorkspace/01.Dev/Output/.NET/Debug/ConnectPlus.ClientContact.IntegrationTests.DLL" adapterTypeName="Microsoft.VisualStudio.TestTools.TestTypes.Unit.UnitTestAdapter, Microsoft.VisualStudio.QualityTools.Tips.UnitTest.Adapter, Version=10.0.0.0, Culture=neutral, PublicKeyToken=b03f5f7f11d50a3a" className="ConnectPlus.ClientContact.IntegrationTests.MessagesIntegrationTests, ConnectPlus.ClientContact.IntegrationTests, Version=1.0.0.0, Culture=neutral, PublicKeyToken=null" name="Can_create_tier_value" />
    </UnitTest>
    <UnitTest name="Poll_Method_Not_Invoked_Multiple_Times_When_Poll_Is_Due" storage="c:\gitworkspace\01.dev\output\.net\debug\connectplus.crm.dataaccess.tests.dll" id="32781a79-f0a5-3d99-e896-7f6fcfeb7eb0">
      <Execution id="63f9b2c9-bf66-47f2-85bf-c3411ed5e15f" />
      <TestMethod codeBase="C:/gitWorkspace/01.Dev/Output/.NET/Debug/ConnectPlus.CRM.DataAccess.Tests.DLL" adapterTypeName="Microsoft.VisualStudio.TestTools.TestTypes.Unit.UnitTestAdapter, Microsoft.VisualStudio.QualityTools.Tips.UnitTest.Adapter, Version=10.0.0.0, Culture=neutral, PublicKeyToken=b03f5f7f11d50a3a" className="ConnectPlus.ClientContact.DataAccess.Tests.ContactChangeMonitorTests, ConnectPlus.CRM.DataAccess.Tests, Version=1.0.0.0, Culture=neutral, PublicKeyToken=null" name="Poll_Method_Not_Invoked_Multiple_Times_When_Poll_Is_Due" />
    </UnitTest>
    <UnitTest name="Should_resolve_the_concrete_processor" storage="c:\gitworkspace\01.dev\output\.net\debug\connectplus.clientcontact.services.tests.dll" id="2bfd712b-cff7-e97a-ed76-74661778ded8">
      <TestCategory>
        <TestCategoryItem TestCategory="Unit Test" />
      </TestCategory>
      <Execution id="50cab09b-1431-4f0e-9337-400c96685793" />
      <TestMethod codeBase="C:/gitWorkspace/01.Dev/Output/.NET/Debug/ConnectPlus.ClientContact.Services.Tests.DLL" adapterTypeName="Microsoft.VisualStudio.TestTools.TestTypes.Unit.UnitTestAdapter, Microsoft.VisualStudio.QualityTools.Tips.UnitTest.Adapter, Version=10.0.0.0, Culture=neutral, PublicKeyToken=b03f5f7f11d50a3a" className="ConnectPlus.ClientContact.Services.Tests.Specifications.CommandProcessors.TierGroupCommandProcessorSpecification, ConnectPlus.ClientContact.Services.Tests, Version=1.0.0.0, Culture=neutral, PublicKeyToken=null" name="Should_resolve_the_concrete_processor" />
    </UnitTest>
    <UnitTest name="Constructor_should_require_non_empty_description" storage="c:\gitworkspace\01.dev\output\.net\debug\connectplus.clientcontact.domain.tests.dll" id="8df1524a-1a9d-9f2b-bd0b-15353c556a4d">
      <TestCategory>
        <TestCategoryItem TestCategory="Unit Test" />
      </TestCategory>
      <Execution id="16bb7ae5-5768-4702-b83f-a572aa55de2c" />
      <TestMethod codeBase="C:/gitWorkspace/01.Dev/Output/.NET/Debug/ConnectPlus.ClientContact.Domain.Tests.DLL" adapterTypeName="Microsoft.VisualStudio.TestTools.TestTypes.Unit.UnitTestAdapter, Microsoft.VisualStudio.QualityTools.Tips.UnitTest.Adapter, Version=10.0.0.0, Culture=neutral, PublicKeyToken=b03f5f7f11d50a3a" className="ConnectPlus.ClientContact.Domain.Tests.Specifications.SubsectorSpecification+Preconditions, ConnectPlus.ClientContact.Domain.Tests, Version=1.0.0.0, Culture=neutral, PublicKeyToken=null" name="Constructor_should_require_non_empty_description" />
    </UnitTest>
    <UnitTest name="Should_Remove_WhiteSpace_Around_WorkBreakers" storage="c:\gitworkspace\01.dev\output\.net\debug\connectplus.crm.dataaccess.tests.dll" id="1f43f45d-86b4-cfdf-e854-0b470cac6f01">
      <Execution id="2e216eca-5c23-4056-a4ea-a6f1ea316d4f" />
      <TestMethod codeBase="C:/gitWorkspace/01.Dev/Output/.NET/Debug/ConnectPlus.CRM.DataAccess.Tests.DLL" adapterTypeName="Microsoft.VisualStudio.TestTools.TestTypes.Unit.UnitTestAdapter, Microsoft.VisualStudio.QualityTools.Tips.UnitTest.Adapter, Version=10.0.0.0, Culture=neutral, PublicKeyToken=b03f5f7f11d50a3a" className="ConnectPlus.ClientContact.DataAccess.Tests.SearchExpressionParserTests, ConnectPlus.CRM.DataAccess.Tests, Version=1.0.0.0, Culture=neutral, PublicKeyToken=null" name="Should_Remove_WhiteSpace_Around_WorkBreakers" />
    </UnitTest>
    <UnitTest name="Should_assign_the_client_tier" storage="c:\gitworkspace\01.dev\output\.net\debug\connectplus.clientcontact.services.tests.dll" id="56c01acf-6f3b-ec04-d0f0-cee51bcfc28e">
      <TestCategory>
        <TestCategoryItem TestCategory="Specification" />
      </TestCategory>
      <Execution id="81aa9daa-673d-4964-8b5a-d4a25257b1e2" />
      <TestMethod codeBase="C:/gitWorkspace/01.Dev/Output/.NET/Debug/ConnectPlus.ClientContact.Services.Tests.DLL" adapterTypeName="Microsoft.VisualStudio.TestTools.TestTypes.Unit.UnitTestAdapter, Microsoft.VisualStudio.QualityTools.Tips.UnitTest.Adapter, Version=10.0.0.0, Culture=neutral, PublicKeyToken=b03f5f7f11d50a3a" className="ConnectPlus.ClientContact.Services.Tests.Specifications.CommandProcessors.ClientTierCommandProcessorSpecification+When_all_preconditions_are_met+When_the_status_is_active, ConnectPlus.ClientContact.Services.Tests, Version=1.0.0.0, Culture=neutral, PublicKeyToken=null" name="Should_assign_the_client_tier" />
    </UnitTest>
    <UnitTest name="Normalises_with_underscore_in_local_name" storage="c:\gitworkspace\01.dev\output\.net\debug\connectplus.clientcontact.contact.services.tests.dll" id="5e4c6fb9-da1b-b01f-ee92-0f67e4eda092">
      <Execution id="d75af816-7dc7-4af3-84a0-dbe2779298c5" />
      <TestMethod codeBase="C:/gitWorkspace/01.Dev/Output/.NET/Debug/ConnectPlus.ClientContact.Contact.Services.Tests.DLL" adapterTypeName="Microsoft.VisualStudio.TestTools.TestTypes.Unit.UnitTestAdapter, Microsoft.VisualStudio.QualityTools.Tips.UnitTest.Adapter, Version=10.0.0.0, Culture=neutral, PublicKeyToken=b03f5f7f11d50a3a" className="ConnectPlus.ClientContact.Contact.Services.Tests.Queries.NormalisedEmailAddressTests, ConnectPlus.ClientContact.Contact.Services.Tests, Version=1.0.0.0, Culture=neutral, PublicKeyToken=null" name="Normalises_with_underscore_in_local_name" />
    </UnitTest>
    <UnitTest name="Should_retrieve_the_phone_type" storage="c:\gitworkspace\01.dev\output\.net\debug\connectplus.clientcontact.domain.tests.dll" id="79a4a6ea-f93e-7170-7466-c193390af039">
      <TestCategory>
        <TestCategoryItem TestCategory="Unit Test" />
      </TestCategory>
      <Execution id="db328287-6737-40a9-9ba0-15d6f6c4cbca" />
      <TestMethod codeBase="C:/gitWorkspace/01.Dev/Output/.NET/Debug/ConnectPlus.ClientContact.Domain.Tests.DLL" adapterTypeName="Microsoft.VisualStudio.TestTools.TestTypes.Unit.UnitTestAdapter, Microsoft.VisualStudio.QualityTools.Tips.UnitTest.Adapter, Version=10.0.0.0, Culture=neutral, PublicKeyToken=b03f5f7f11d50a3a" className="ConnectPlus.ClientContact.Domain.Tests.Specifications.ContactCreationServiceSpecification+When_all_preconditions_are_met, ConnectPlus.ClientContact.Domain.Tests, Version=1.0.0.0, Culture=neutral, PublicKeyToken=null" name="Should_retrieve_the_phone_type" />
    </UnitTest>
    <UnitTest name="Should_not_allow_group_inactivation" storage="c:\gitworkspace\01.dev\output\.net\debug\connectplus.clientcontact.domain.tests.dll" id="820f1eed-36f9-f5b7-2d1c-008bee5b8af5">
      <TestCategory>
        <TestCategoryItem TestCategory="Specification" />
      </TestCategory>
      <Execution id="71faa39f-2287-4532-b19e-9cded9f92b99" />
      <TestMethod codeBase="C:/gitWorkspace/01.Dev/Output/.NET/Debug/ConnectPlus.ClientContact.Domain.Tests.DLL" adapterTypeName="Microsoft.VisualStudio.TestTools.TestTypes.Unit.UnitTestAdapter, Microsoft.VisualStudio.QualityTools.Tips.UnitTest.Adapter, Version=10.0.0.0, Culture=neutral, PublicKeyToken=b03f5f7f11d50a3a" className="ConnectPlus.ClientContact.Domain.Tests.Specifications.TierGroupSpecification+When_the_group_has_associated_lists, ConnectPlus.ClientContact.Domain.Tests, Version=1.0.0.0, Culture=neutral, PublicKeyToken=null" name="Should_not_allow_group_inactivation" />
    </UnitTest>
    <UnitTest name="Should_throw_subsectornotfoundexception" storage="c:\gitworkspace\01.dev\output\.net\debug\connectplus.clientcontact.services.tests.dll" id="7fe08389-501f-fae8-92ad-42d4d2f7f107">
      <TestCategory>
        <TestCategoryItem TestCategory="Unit Test" />
      </TestCategory>
      <Execution id="acf7ee4d-35f0-4eda-9a8e-c7f9fd1944dc" />
      <TestMethod codeBase="C:/gitWorkspace/01.Dev/Output/.NET/Debug/ConnectPlus.ClientContact.Services.Tests.DLL" adapterTypeName="Microsoft.VisualStudio.TestTools.TestTypes.Unit.UnitTestAdapter, Microsoft.VisualStudio.QualityTools.Tips.UnitTest.Adapter, Version=10.0.0.0, Culture=neutral, PublicKeyToken=b03f5f7f11d50a3a" className="ConnectPlus.ClientContact.Services.Tests.Specifications.CommandProcessors.UpsertClientCommandProcessorSpecification+When_all_preconditions_are_met+When_the_client_exists+When_the_subsector_is_not_found, ConnectPlus.ClientContact.Services.Tests, Version=1.0.0.0, Culture=neutral, PublicKeyToken=null" name="Should_throw_subsectornotfoundexception" />
    </UnitTest>
    <UnitTest name="Should_check_if_the_tier_list_exists" storage="c:\gitworkspace\01.dev\output\.net\debug\connectplus.clientcontact.services.tests.dll" id="1cbf1b68-9052-521a-66bf-1c5e52f9cdad">
      <TestCategory>
        <TestCategoryItem TestCategory="Specification" />
      </TestCategory>
      <Execution id="635d5d71-8c52-48e4-aec9-a4106f1d1dee" />
      <TestMethod codeBase="C:/gitWorkspace/01.Dev/Output/.NET/Debug/ConnectPlus.ClientContact.Services.Tests.DLL" adapterTypeName="Microsoft.VisualStudio.TestTools.TestTypes.Unit.UnitTestAdapter, Microsoft.VisualStudio.QualityTools.Tips.UnitTest.Adapter, Version=10.0.0.0, Culture=neutral, PublicKeyToken=b03f5f7f11d50a3a" className="ConnectPlus.ClientContact.Services.Tests.Specifications.CommandProcessors.UpsertTierListCommandProcessorSpecification+When_the_tier_list_doesnt_exist, ConnectPlus.ClientContact.Services.Tests, Version=1.0.0.0, Culture=neutral, PublicKeyToken=null" name="Should_check_if_the_tier_list_exists" />
    </UnitTest>
    <UnitTest name="Should_require_client_id" storage="c:\gitworkspace\01.dev\output\.net\debug\connectplus.clientcontact.messaging.contracts.tests.dll" id="1482d45e-f5f7-3a3d-2734-ca62a38050f5">
      <TestCategory>
        <TestCategoryItem TestCategory="Unit Test" />
      </TestCategory>
      <Execution id="5b0e843a-2149-48b9-b146-cdf3c5129006" />
      <TestMethod codeBase="C:/gitWorkspace/01.Dev/Output/.NET/Debug/ConnectPlus.ClientContact.Messaging.Contracts.Tests.DLL" adapterTypeName="Microsoft.VisualStudio.TestTools.TestTypes.Unit.UnitTestAdapter, Microsoft.VisualStudio.QualityTools.Tips.UnitTest.Adapter, Version=10.0.0.0, Culture=neutral, PublicKeyToken=b03f5f7f11d50a3a" className="ConnectPlus.ClientContact.Messaging.Contracts.Tests.Specifications.ClientTierMessageSpecifications, ConnectPlus.ClientContact.Messaging.Contracts.Tests, Version=1.0.0.0, Culture=neutral, PublicKeyToken=null" name="Should_require_client_id" />
    </UnitTest>
    <UnitTest name="Should_issue_a_mapped_client_tier_command" storage="c:\gitworkspace\01.dev\output\.net\debug\connectplus.clientcontact.services.tests.dll" id="5616c855-7f96-f80a-0207-f4a4811284ad">
      <TestCategory>
        <TestCategoryItem TestCategory="Specification" />
      </TestCategory>
      <Execution id="cbdfa529-2759-4f73-a2ec-248dea1da386" />
      <TestMethod codeBase="C:/gitWorkspace/01.Dev/Output/.NET/Debug/ConnectPlus.ClientContact.Services.Tests.DLL" adapterTypeName="Microsoft.VisualStudio.TestTools.TestTypes.Unit.UnitTestAdapter, Microsoft.VisualStudio.QualityTools.Tips.UnitTest.Adapter, Version=10.0.0.0, Culture=neutral, PublicKeyToken=b03f5f7f11d50a3a" className="ConnectPlus.ClientContact.Services.Tests.Specifications.MessageHandlers.ClientTier, ConnectPlus.ClientContact.Services.Tests, Version=1.0.0.0, Culture=neutral, PublicKeyToken=null" name="Should_issue_a_mapped_client_tier_command" />
    </UnitTest>
    <UnitTest name="CanCorrectlyMapTeamType" storage="c:\gitworkspace\01.dev\output\.net\debug\connectplus.crm.dataaccess.tests.dll" id="f57c0f74-23b0-beb1-adc8-8a26f7959159">
      <Execution id="7a03a1b3-ea0a-4d22-a181-165fc442cdbe" />
      <TestMethod codeBase="C:/gitWorkspace/01.Dev/Output/.NET/Debug/ConnectPlus.CRM.DataAccess.Tests.DLL" adapterTypeName="Microsoft.VisualStudio.TestTools.TestTypes.Unit.UnitTestAdapter, Microsoft.VisualStudio.QualityTools.Tips.UnitTest.Adapter, Version=10.0.0.0, Culture=neutral, PublicKeyToken=b03f5f7f11d50a3a" className="ConnectPlus.CRM.DataAccess.Tests.ClassMappingTests, ConnectPlus.CRM.DataAccess.Tests, Version=1.0.0.0, Culture=neutral, PublicKeyToken=null" name="CanCorrectlyMapTeamType" />
    </UnitTest>
    <UnitTest name="Normalises_simple_email_address" storage="c:\gitworkspace\01.dev\output\.net\debug\connectplus.clientcontact.contact.services.tests.dll" id="ede7c535-61f5-fb51-1969-75e8bcfbf1f8">
      <Execution id="fb038daf-e876-4543-a64f-adf3e667e422" />
      <TestMethod codeBase="C:/gitWorkspace/01.Dev/Output/.NET/Debug/ConnectPlus.ClientContact.Contact.Services.Tests.DLL" adapterTypeName="Microsoft.VisualStudio.TestTools.TestTypes.Unit.UnitTestAdapter, Microsoft.VisualStudio.QualityTools.Tips.UnitTest.Adapter, Version=10.0.0.0, Culture=neutral, PublicKeyToken=b03f5f7f11d50a3a" className="ConnectPlus.ClientContact.Contact.Services.Tests.Queries.NormalisedEmailAddressTests, ConnectPlus.ClientContact.Contact.Services.Tests, Version=1.0.0.0, Culture=neutral, PublicKeyToken=null" name="Normalises_simple_email_address" />
    </UnitTest>
    <UnitTest name="Can_register_custom_dependencies" storage="c:\gitworkspace\01.dev\output\.net\debug\connectplus.clientcontact.integrationtests.dll" id="160ab052-3d66-32a2-4eae-ac6476e2df66">
      <Execution id="ff6129a7-038a-4be3-92ab-56ccb75c163e" />
      <TestMethod codeBase="C:/gitWorkspace/01.Dev/Output/.NET/Debug/ConnectPlus.ClientContact.IntegrationTests.DLL" adapterTypeName="Microsoft.VisualStudio.TestTools.TestTypes.Unit.UnitTestAdapter, Microsoft.VisualStudio.QualityTools.Tips.UnitTest.Adapter, Version=10.0.0.0, Culture=neutral, PublicKeyToken=b03f5f7f11d50a3a" className="ConnectPlus.ClientContact.IntegrationTests.Infrastructure.IntegrationTestsTest, ConnectPlus.ClientContact.IntegrationTests, Version=1.0.0.0, Culture=neutral, PublicKeyToken=null" name="Can_register_custom_dependencies" />
    </UnitTest>
    <UnitTest name="CanCorrectlyMapPerson" storage="c:\gitworkspace\01.dev\output\.net\debug\connectplus.crm.dataaccess.tests.dll" id="06f65102-d66c-9633-4216-43ac40514c8b">
      <Execution id="e0a3eb55-c619-43cd-bebe-d8decce3ac9f" />
      <TestMethod codeBase="C:/gitWorkspace/01.Dev/Output/.NET/Debug/ConnectPlus.CRM.DataAccess.Tests.DLL" adapterTypeName="Microsoft.VisualStudio.TestTools.TestTypes.Unit.UnitTestAdapter, Microsoft.VisualStudio.QualityTools.Tips.UnitTest.Adapter, Version=10.0.0.0, Culture=neutral, PublicKeyToken=b03f5f7f11d50a3a" className="ConnectPlus.CRM.DataAccess.Tests.ClassMappingTests, ConnectPlus.CRM.DataAccess.Tests, Version=1.0.0.0, Culture=neutral, PublicKeyToken=null" name="CanCorrectlyMapPerson" />
    </UnitTest>
    <UnitTest name="Should_retrieve_the_current_version" storage="c:\gitworkspace\01.dev\output\.net\debug\connectplus.clientcontact.services.tests.dll" id="6f50b0c2-c2b5-2185-9f5d-5c812097e863">
      <TestCategory>
        <TestCategoryItem TestCategory="Unit Test" />
      </TestCategory>
      <Execution id="c7e65609-37e4-4613-87c3-483c8aef0fdc" />
      <TestMethod codeBase="C:/gitWorkspace/01.Dev/Output/.NET/Debug/ConnectPlus.ClientContact.Services.Tests.DLL" adapterTypeName="Microsoft.VisualStudio.TestTools.TestTypes.Unit.UnitTestAdapter, Microsoft.VisualStudio.QualityTools.Tips.UnitTest.Adapter, Version=10.0.0.0, Culture=neutral, PublicKeyToken=b03f5f7f11d50a3a" className="ConnectPlus.ClientContact.Services.Tests.Specifications.VersionCheckerRevisionServiceSpecification+When_the_target_version_is_equal_to_the_current_version, ConnectPlus.ClientContact.Services.Tests, Version=1.0.0.0, Culture=neutral, PublicKeyToken=null" name="Should_retrieve_the_current_version" />
    </UnitTest>
    <UnitTest name="Should_update_revision" storage="c:\gitworkspace\01.dev\output\.net\debug\connectplus.clientcontact.services.tests.dll" id="f1b9ea5f-34df-02e3-6f4b-2e7344c56e79">
      <TestCategory>
        <TestCategoryItem TestCategory="Unit Test" />
      </TestCategory>
      <Execution id="c4b18af1-5e4d-48c7-84ab-e7047ba835be" />
      <TestMethod codeBase="C:/gitWorkspace/01.Dev/Output/.NET/Debug/ConnectPlus.ClientContact.Services.Tests.DLL" adapterTypeName="Microsoft.VisualStudio.TestTools.TestTypes.Unit.UnitTestAdapter, Microsoft.VisualStudio.QualityTools.Tips.UnitTest.Adapter, Version=10.0.0.0, Culture=neutral, PublicKeyToken=b03f5f7f11d50a3a" className="ConnectPlus.ClientContact.Services.Tests.Specifications.CommandProcessors.SectorCommandProcessorSpecification+When_the_command_is_out_of_date, ConnectPlus.ClientContact.Services.Tests, Version=1.0.0.0, Culture=neutral, PublicKeyToken=null" name="Should_update_revision" />
    </UnitTest>
    <UnitTest name="Should_require_name_less_than_201_chars" storage="c:\gitworkspace\01.dev\output\.net\debug\connectplus.clientcontact.messaging.contracts.tests.dll" id="72fb7486-dc98-8b82-8aeb-47c9470841f5">
      <TestCategory>
        <TestCategoryItem TestCategory="Unit Test" />
      </TestCategory>
      <Execution id="40deeabf-936b-4822-a384-0828a757ece8" />
      <TestMethod codeBase="C:/gitWorkspace/01.Dev/Output/.NET/Debug/ConnectPlus.ClientContact.Messaging.Contracts.Tests.DLL" adapterTypeName="Microsoft.VisualStudio.TestTools.TestTypes.Unit.UnitTestAdapter, Microsoft.VisualStudio.QualityTools.Tips.UnitTest.Adapter, Version=10.0.0.0, Culture=neutral, PublicKeyToken=b03f5f7f11d50a3a" className="ConnectPlus.ClientContact.Messaging.Contracts.Tests.Specifications.ClientMessageSpecifications, ConnectPlus.ClientContact.Messaging.Contracts.Tests, Version=1.0.0.0, Culture=neutral, PublicKeyToken=null" name="Should_require_name_less_than_201_chars" />
    </UnitTest>
    <UnitTest name="Should_pass_validation_when_all_preconditions_are_met" storage="c:\gitworkspace\01.dev\output\.net\debug\connectplus.clientcontact.messaging.contracts.tests.dll" id="42c0b9b3-c8e0-c890-7937-bfbe7c842135">
      <TestCategory>
        <TestCategoryItem TestCategory="Unit Test" />
      </TestCategory>
      <Execution id="9b87b62a-1be3-453a-adcf-8afb72313ed8" />
      <TestMethod codeBase="C:/gitWorkspace/01.Dev/Output/.NET/Debug/ConnectPlus.ClientContact.Messaging.Contracts.Tests.DLL" adapterTypeName="Microsoft.VisualStudio.TestTools.TestTypes.Unit.UnitTestAdapter, Microsoft.VisualStudio.QualityTools.Tips.UnitTest.Adapter, Version=10.0.0.0, Culture=neutral, PublicKeyToken=b03f5f7f11d50a3a" className="ConnectPlus.ClientContact.Messaging.Contracts.Tests.Specifications.ClientMessageSpecifications, ConnectPlus.ClientContact.Messaging.Contracts.Tests, Version=1.0.0.0, Culture=neutral, PublicKeyToken=null" name="Should_pass_validation_when_all_preconditions_are_met" />
    </UnitTest>
    <UnitTest name="Should_update_revision" storage="c:\gitworkspace\01.dev\output\.net\debug\connectplus.clientcontact.services.tests.dll" id="e44437da-fbeb-6c74-a9da-66bd71d6a387">
      <TestCategory>
        <TestCategoryItem TestCategory="Unit Test" />
      </TestCategory>
      <Execution id="3d42bbe5-199f-4b37-bce7-749b6fa4a1c8" />
      <TestMethod codeBase="C:/gitWorkspace/01.Dev/Output/.NET/Debug/ConnectPlus.ClientContact.Services.Tests.DLL" adapterTypeName="Microsoft.VisualStudio.TestTools.TestTypes.Unit.UnitTestAdapter, Microsoft.VisualStudio.QualityTools.Tips.UnitTest.Adapter, Version=10.0.0.0, Culture=neutral, PublicKeyToken=b03f5f7f11d50a3a" className="ConnectPlus.ClientContact.Services.Tests.Specifications.CommandProcessors.SectorCommandProcessorSpecification+When_the_command_is_due, ConnectPlus.ClientContact.Services.Tests, Version=1.0.0.0, Culture=neutral, PublicKeyToken=null" name="Should_update_revision" />
    </UnitTest>
    <UnitTest name="Should_require_tier_group_id" storage="c:\gitworkspace\01.dev\output\.net\debug\connectplus.clientcontact.messaging.contracts.tests.dll" id="2497fccf-370b-08df-dd11-dd7101241c74">
      <TestCategory>
        <TestCategoryItem TestCategory="Unit Test" />
      </TestCategory>
      <Execution id="bc784312-49dd-440f-afcc-b3fe52032489" />
      <TestMethod codeBase="C:/gitWorkspace/01.Dev/Output/.NET/Debug/ConnectPlus.ClientContact.Messaging.Contracts.Tests.DLL" adapterTypeName="Microsoft.VisualStudio.TestTools.TestTypes.Unit.UnitTestAdapter, Microsoft.VisualStudio.QualityTools.Tips.UnitTest.Adapter, Version=10.0.0.0, Culture=neutral, PublicKeyToken=b03f5f7f11d50a3a" className="ConnectPlus.ClientContact.Messaging.Contracts.Tests.Specifications.TierGroupMessageSpecifications, ConnectPlus.ClientContact.Messaging.Contracts.Tests, Version=1.0.0.0, Culture=neutral, PublicKeyToken=null" name="Should_require_tier_group_id" />
    </UnitTest>
    <UnitTest name="Should_throw_invalidoperationexception" storage="c:\gitworkspace\01.dev\output\.net\debug\connectplus.clientcontact.domain.tests.dll" id="e8c026b6-e73d-8d2c-c893-4059723e6b20">
      <TestCategory>
        <TestCategoryItem TestCategory="Specification" />
      </TestCategory>
      <Execution id="2406f3d5-818f-4da6-a488-848dc8083099" />
      <TestMethod codeBase="C:/gitWorkspace/01.Dev/Output/.NET/Debug/ConnectPlus.ClientContact.Domain.Tests.DLL" adapterTypeName="Microsoft.VisualStudio.TestTools.TestTypes.Unit.UnitTestAdapter, Microsoft.VisualStudio.QualityTools.Tips.UnitTest.Adapter, Version=10.0.0.0, Culture=neutral, PublicKeyToken=b03f5f7f11d50a3a" className="ConnectPlus.ClientContact.Domain.Tests.Specifications.ClientSpecification+When_assigning_a_tier_value+When_the_client_is_already_tiered_on_this_list, ConnectPlus.ClientContact.Domain.Tests, Version=1.0.0.0, Culture=neutral, PublicKeyToken=null" name="Should_throw_invalidoperationexception" />
    </UnitTest>
    <UnitTest name="Should_execute_the_resolved_processor" storage="c:\gitworkspace\01.dev\output\.net\debug\connectplus.clientcontact.services.tests.dll" id="ce5ae677-218e-d1c7-6f73-a1fb2929a644">
      <TestCategory>
        <TestCategoryItem TestCategory="Unit Test" />
      </TestCategory>
      <Execution id="69b3cd1d-7c59-417e-b8e8-257519927932" />
      <TestMethod codeBase="C:/gitWorkspace/01.Dev/Output/.NET/Debug/ConnectPlus.ClientContact.Services.Tests.DLL" adapterTypeName="Microsoft.VisualStudio.TestTools.TestTypes.Unit.UnitTestAdapter, Microsoft.VisualStudio.QualityTools.Tips.UnitTest.Adapter, Version=10.0.0.0, Culture=neutral, PublicKeyToken=b03f5f7f11d50a3a" className="ConnectPlus.ClientContact.Services.Tests.Specifications.CommandProcessors.ClientCommandProcessorSpecification+When_the_command_is_due, ConnectPlus.ClientContact.Services.Tests, Version=1.0.0.0, Culture=neutral, PublicKeyToken=null" name="Should_execute_the_resolved_processor" />
    </UnitTest>
    <UnitTest name="Constructor_should_require_non_empty_description" storage="c:\gitworkspace\01.dev\output\.net\debug\connectplus.clientcontact.domain.tests.dll" id="d02b73e1-ffe3-d811-a911-26512d7645a7">
      <TestCategory>
        <TestCategoryItem TestCategory="Unit Test" />
      </TestCategory>
      <Execution id="5251de14-4b9d-4a04-90dc-ea33ca70d442" />
      <TestMethod codeBase="C:/gitWorkspace/01.Dev/Output/.NET/Debug/ConnectPlus.ClientContact.Domain.Tests.DLL" adapterTypeName="Microsoft.VisualStudio.TestTools.TestTypes.Unit.UnitTestAdapter, Microsoft.VisualStudio.QualityTools.Tips.UnitTest.Adapter, Version=10.0.0.0, Culture=neutral, PublicKeyToken=b03f5f7f11d50a3a" className="ConnectPlus.ClientContact.Domain.Tests.Specifications.SectorSpecification+Preconditions, ConnectPlus.ClientContact.Domain.Tests, Version=1.0.0.0, Culture=neutral, PublicKeyToken=null" name="Constructor_should_require_non_empty_description" />
    </UnitTest>
    <UnitTest name="Should_check_if_the_client_exists" storage="c:\gitworkspace\01.dev\output\.net\debug\connectplus.clientcontact.services.tests.dll" id="76cc49d1-b996-3a88-b6d5-09d233c44b8a">
      <TestCategory>
        <TestCategoryItem TestCategory="Unit Test" />
      </TestCategory>
      <Execution id="17093f8a-1453-44ee-9fa7-f24dffe238b4" />
      <TestMethod codeBase="C:/gitWorkspace/01.Dev/Output/.NET/Debug/ConnectPlus.ClientContact.Services.Tests.DLL" adapterTypeName="Microsoft.VisualStudio.TestTools.TestTypes.Unit.UnitTestAdapter, Microsoft.VisualStudio.QualityTools.Tips.UnitTest.Adapter, Version=10.0.0.0, Culture=neutral, PublicKeyToken=b03f5f7f11d50a3a" className="ConnectPlus.ClientContact.Services.Tests.Specifications.CommandProcessors.UpsertClientCommandProcessorSpecification+When_all_preconditions_are_met+When_the_client_exists+When_the_client_is_root_level, ConnectPlus.ClientContact.Services.Tests, Version=1.0.0.0, Culture=neutral, PublicKeyToken=null" name="Should_check_if_the_client_exists" />
    </UnitTest>
    <UnitTest name="Normalises_numbers_local_name" storage="c:\gitworkspace\01.dev\output\.net\debug\connectplus.clientcontact.contact.services.tests.dll" id="82ba0583-e4ec-423f-2bfc-dfe21bf38a8e">
      <Execution id="8fa073f8-034a-40c3-8b1e-4d2fdf8f56ab" />
      <TestMethod codeBase="C:/gitWorkspace/01.Dev/Output/.NET/Debug/ConnectPlus.ClientContact.Contact.Services.Tests.DLL" adapterTypeName="Microsoft.VisualStudio.TestTools.TestTypes.Unit.UnitTestAdapter, Microsoft.VisualStudio.QualityTools.Tips.UnitTest.Adapter, Version=10.0.0.0, Culture=neutral, PublicKeyToken=b03f5f7f11d50a3a" className="ConnectPlus.ClientContact.Contact.Services.Tests.Queries.NormalisedEmailAddressTests, ConnectPlus.ClientContact.Contact.Services.Tests, Version=1.0.0.0, Culture=neutral, PublicKeyToken=null" name="Normalises_numbers_local_name" />
    </UnitTest>
    <UnitTest name="Should_not_update_the_parent" storage="c:\gitworkspace\01.dev\output\.net\debug\connectplus.clientcontact.services.tests.dll" id="73b48176-1fee-e264-54ad-7a701d4d108e">
      <TestCategory>
        <TestCategoryItem TestCategory="Unit Test" />
      </TestCategory>
      <Execution id="eb313079-aa31-4576-ac6e-d433eb80e15e" />
      <TestMethod codeBase="C:/gitWorkspace/01.Dev/Output/.NET/Debug/ConnectPlus.ClientContact.Services.Tests.DLL" adapterTypeName="Microsoft.VisualStudio.TestTools.TestTypes.Unit.UnitTestAdapter, Microsoft.VisualStudio.QualityTools.Tips.UnitTest.Adapter, Version=10.0.0.0, Culture=neutral, PublicKeyToken=b03f5f7f11d50a3a" className="ConnectPlus.ClientContact.Services.Tests.Specifications.CommandProcessors.UpsertClientCommandProcessorSpecification+When_all_preconditions_are_met+When_the_client_exists+When_the_client_is_root_level, ConnectPlus.ClientContact.Services.Tests, Version=1.0.0.0, Culture=neutral, PublicKeyToken=null" name="Should_not_update_the_parent" />
    </UnitTest>
    <UnitTest name="Should_not_allow_inactivation" storage="c:\gitworkspace\01.dev\output\.net\debug\connectplus.clientcontact.domain.tests.dll" id="2554aa72-edae-a76c-c7c4-197a8dcab0c2">
      <TestCategory>
        <TestCategoryItem TestCategory="Specification" />
      </TestCategory>
      <Execution id="5e85a6cf-d69d-45a9-9e7d-46bae77d7266" />
      <TestMethod codeBase="C:/gitWorkspace/01.Dev/Output/.NET/Debug/ConnectPlus.ClientContact.Domain.Tests.DLL" adapterTypeName="Microsoft.VisualStudio.TestTools.TestTypes.Unit.UnitTestAdapter, Microsoft.VisualStudio.QualityTools.Tips.UnitTest.Adapter, Version=10.0.0.0, Culture=neutral, PublicKeyToken=b03f5f7f11d50a3a" className="ConnectPlus.ClientContact.Domain.Tests.Specifications.SubsectorSpecification+When_the_subsector_has_associated_clients, ConnectPlus.ClientContact.Domain.Tests, Version=1.0.0.0, Culture=neutral, PublicKeyToken=null" name="Should_not_allow_inactivation" />
    </UnitTest>
    <UnitTest name="Constructor_should_require_non_empty_description" storage="c:\gitworkspace\01.dev\output\.net\debug\connectplus.clientcontact.domain.tests.dll" id="0c4815b3-3b25-dab4-5a12-ab3a8fffb374">
      <TestCategory>
        <TestCategoryItem TestCategory="Unit Test" />
      </TestCategory>
      <Execution id="dfc74fae-a83a-4ed8-a7bf-187bbabf5e15" />
      <TestMethod codeBase="C:/gitWorkspace/01.Dev/Output/.NET/Debug/ConnectPlus.ClientContact.Domain.Tests.DLL" adapterTypeName="Microsoft.VisualStudio.TestTools.TestTypes.Unit.UnitTestAdapter, Microsoft.VisualStudio.QualityTools.Tips.UnitTest.Adapter, Version=10.0.0.0, Culture=neutral, PublicKeyToken=b03f5f7f11d50a3a" className="ConnectPlus.ClientContact.Domain.Tests.Specifications.TierListSpecification+Preconditions, ConnectPlus.ClientContact.Domain.Tests, Version=1.0.0.0, Culture=neutral, PublicKeyToken=null" name="Constructor_should_require_non_empty_description" />
    </UnitTest>
    <UnitTest name="Should_require_description" storage="c:\gitworkspace\01.dev\output\.net\debug\connectplus.clientcontact.messaging.contracts.tests.dll" id="6cfd63a1-782e-dbab-32d8-69fd2146c042">
      <TestCategory>
        <TestCategoryItem TestCategory="Unit Test" />
      </TestCategory>
      <Execution id="3fb2738a-7576-4280-bc6c-4f41c6c2d3f8" />
      <TestMethod codeBase="C:/gitWorkspace/01.Dev/Output/.NET/Debug/ConnectPlus.ClientContact.Messaging.Contracts.Tests.DLL" adapterTypeName="Microsoft.VisualStudio.TestTools.TestTypes.Unit.UnitTestAdapter, Microsoft.VisualStudio.QualityTools.Tips.UnitTest.Adapter, Version=10.0.0.0, Culture=neutral, PublicKeyToken=b03f5f7f11d50a3a" className="ConnectPlus.ClientContact.Messaging.Contracts.Tests.Specifications.TierValueMessageSpecification, ConnectPlus.ClientContact.Messaging.Contracts.Tests, Version=1.0.0.0, Culture=neutral, PublicKeyToken=null" name="Should_require_description" />
    </UnitTest>
    <UnitTest name="When_Search_And_Not_All_Words_Match_Should_Not_Find" storage="c:\gitworkspace\01.dev\output\.net\debug\connectplus.crm.dataaccess.tests.dll" id="f0427023-20e8-20e8-8fe2-f5ec08107222">
      <Execution id="c6eb6c09-5538-4d9d-9417-a57b74633f7f" />
      <TestMethod codeBase="C:/gitWorkspace/01.Dev/Output/.NET/Debug/ConnectPlus.CRM.DataAccess.Tests.DLL" adapterTypeName="Microsoft.VisualStudio.TestTools.TestTypes.Unit.UnitTestAdapter, Microsoft.VisualStudio.QualityTools.Tips.UnitTest.Adapter, Version=10.0.0.0, Culture=neutral, PublicKeyToken=b03f5f7f11d50a3a" className="ConnectPlus.CRM.DataAccess.Tests.Repositories.ContactRepositoryTests, ConnectPlus.CRM.DataAccess.Tests, Version=1.0.0.0, Culture=neutral, PublicKeyToken=null" name="When_Search_And_Not_All_Words_Match_Should_Not_Find" />
    </UnitTest>
    <UnitTest name="Should_update_the_clients_cis_code" storage="c:\gitworkspace\01.dev\output\.net\debug\connectplus.clientcontact.services.tests.dll" id="13d9e956-140e-641c-8c02-956519d175f7">
      <TestCategory>
        <TestCategoryItem TestCategory="Unit Test" />
      </TestCategory>
      <Execution id="cba3cfd0-8f53-4db6-8222-8891ad07c8c2" />
      <TestMethod codeBase="C:/gitWorkspace/01.Dev/Output/.NET/Debug/ConnectPlus.ClientContact.Services.Tests.DLL" adapterTypeName="Microsoft.VisualStudio.TestTools.TestTypes.Unit.UnitTestAdapter, Microsoft.VisualStudio.QualityTools.Tips.UnitTest.Adapter, Version=10.0.0.0, Culture=neutral, PublicKeyToken=b03f5f7f11d50a3a" className="ConnectPlus.ClientContact.Services.Tests.Specifications.CommandProcessors.UpsertClientCommandProcessorSpecification+When_all_preconditions_are_met+When_the_client_exists+When_the_client_is_not_root_level_and_the_parent_has_changed, ConnectPlus.ClientContact.Services.Tests, Version=1.0.0.0, Culture=neutral, PublicKeyToken=null" name="Should_update_the_clients_cis_code" />
    </UnitTest>
    <UnitTest name="Should_raise_contact_created_event" storage="c:\gitworkspace\01.dev\output\.net\debug\connectplus.clientcontact.domain.tests.dll" id="70673a3e-8d03-9337-5f17-8d3dc4e43bd8">
      <TestCategory>
        <TestCategoryItem TestCategory="Unit Test" />
      </TestCategory>
      <Execution id="11928e6b-3019-4433-913a-4910d61a23f5" />
      <TestMethod codeBase="C:/gitWorkspace/01.Dev/Output/.NET/Debug/ConnectPlus.ClientContact.Domain.Tests.DLL" adapterTypeName="Microsoft.VisualStudio.TestTools.TestTypes.Unit.UnitTestAdapter, Microsoft.VisualStudio.QualityTools.Tips.UnitTest.Adapter, Version=10.0.0.0, Culture=neutral, PublicKeyToken=b03f5f7f11d50a3a" className="ConnectPlus.ClientContact.Domain.Tests.Specifications.ContactCreationServiceSpecification+When_all_preconditions_are_met, ConnectPlus.ClientContact.Domain.Tests, Version=1.0.0.0, Culture=neutral, PublicKeyToken=null" name="Should_raise_contact_created_event" />
    </UnitTest>
    <UnitTest name="When_Search_Matches_ClientName_Should_Find" storage="c:\gitworkspace\01.dev\output\.net\debug\connectplus.crm.dataaccess.tests.dll" id="7a2ad241-3e8a-f2ca-b0a0-df8ea1ca924b">
      <Execution id="447ec988-490a-49d3-ab07-7256ef5c987c" />
      <TestMethod codeBase="C:/gitWorkspace/01.Dev/Output/.NET/Debug/ConnectPlus.CRM.DataAccess.Tests.DLL" adapterTypeName="Microsoft.VisualStudio.TestTools.TestTypes.Unit.UnitTestAdapter, Microsoft.VisualStudio.QualityTools.Tips.UnitTest.Adapter, Version=10.0.0.0, Culture=neutral, PublicKeyToken=b03f5f7f11d50a3a" className="ConnectPlus.CRM.DataAccess.Tests.Repositories.ContactRepositoryTests, ConnectPlus.CRM.DataAccess.Tests, Version=1.0.0.0, Culture=neutral, PublicKeyToken=null" name="When_Search_Matches_ClientName_Should_Find" />
    </UnitTest>
    <UnitTest name="Should_retrieve_the_current_version" storage="c:\gitworkspace\01.dev\output\.net\debug\connectplus.clientcontact.services.tests.dll" id="fa7d993a-1ef7-1cc4-524a-0ae8788a2501">
      <TestCategory>
        <TestCategoryItem TestCategory="Unit Test" />
      </TestCategory>
      <Execution id="fcae54d7-8c7a-4392-91ec-7b45ead8a6e4" />
      <TestMethod codeBase="C:/gitWorkspace/01.Dev/Output/.NET/Debug/ConnectPlus.ClientContact.Services.Tests.DLL" adapterTypeName="Microsoft.VisualStudio.TestTools.TestTypes.Unit.UnitTestAdapter, Microsoft.VisualStudio.QualityTools.Tips.UnitTest.Adapter, Version=10.0.0.0, Culture=neutral, PublicKeyToken=b03f5f7f11d50a3a" className="ConnectPlus.ClientContact.Services.Tests.Specifications.VersionCheckerRevisionServiceSpecification+When_the_current_version_is_not_found, ConnectPlus.ClientContact.Services.Tests, Version=1.0.0.0, Culture=neutral, PublicKeyToken=null" name="Should_retrieve_the_current_version" />
    </UnitTest>
    <UnitTest name="Should_unassign_the_client_tier" storage="c:\gitworkspace\01.dev\output\.net\debug\connectplus.clientcontact.services.tests.dll" id="322264fb-c9d8-a228-e92c-adb15841ca48">
      <TestCategory>
        <TestCategoryItem TestCategory="Specification" />
      </TestCategory>
      <Execution id="0d88891a-bb12-46d5-8a08-3f5fd3b091a0" />
      <TestMethod codeBase="C:/gitWorkspace/01.Dev/Output/.NET/Debug/ConnectPlus.ClientContact.Services.Tests.DLL" adapterTypeName="Microsoft.VisualStudio.TestTools.TestTypes.Unit.UnitTestAdapter, Microsoft.VisualStudio.QualityTools.Tips.UnitTest.Adapter, Version=10.0.0.0, Culture=neutral, PublicKeyToken=b03f5f7f11d50a3a" className="ConnectPlus.ClientContact.Services.Tests.Specifications.CommandProcessors.ClientTierCommandProcessorSpecification+When_all_preconditions_are_met+When_the_status_is_deleted, ConnectPlus.ClientContact.Services.Tests, Version=1.0.0.0, Culture=neutral, PublicKeyToken=null" name="Should_unassign_the_client_tier" />
    </UnitTest>
    <UnitTest name="Should_Get_User_By_Id" storage="c:\gitworkspace\01.dev\output\.net\debug\connectplus.crm.dataaccess.tests.dll" id="624fe6a7-ad77-7100-5603-2e82da7c3608">
      <Execution id="d9aab90c-1662-4605-abcd-da82c77487ce" />
      <TestMethod codeBase="C:/gitWorkspace/01.Dev/Output/.NET/Debug/ConnectPlus.CRM.DataAccess.Tests.DLL" adapterTypeName="Microsoft.VisualStudio.TestTools.TestTypes.Unit.UnitTestAdapter, Microsoft.VisualStudio.QualityTools.Tips.UnitTest.Adapter, Version=10.0.0.0, Culture=neutral, PublicKeyToken=b03f5f7f11d50a3a" className="ConnectPlus.CRM.DataAccess.Tests.Repositories.SecurityRepositoryTests, ConnectPlus.CRM.DataAccess.Tests, Version=1.0.0.0, Culture=neutral, PublicKeyToken=null" name="Should_Get_User_By_Id" />
    </UnitTest>
    <UnitTest name="Should_update_the_clients_name" storage="c:\gitworkspace\01.dev\output\.net\debug\connectplus.clientcontact.services.tests.dll" id="09aae2f8-3be5-dd31-41b7-eed272b8ce27">
      <TestCategory>
        <TestCategoryItem TestCategory="Unit Test" />
      </TestCategory>
      <Execution id="11a1308c-79cd-4ce3-97f2-1849578f0135" />
      <TestMethod codeBase="C:/gitWorkspace/01.Dev/Output/.NET/Debug/ConnectPlus.ClientContact.Services.Tests.DLL" adapterTypeName="Microsoft.VisualStudio.TestTools.TestTypes.Unit.UnitTestAdapter, Microsoft.VisualStudio.QualityTools.Tips.UnitTest.Adapter, Version=10.0.0.0, Culture=neutral, PublicKeyToken=b03f5f7f11d50a3a" className="ConnectPlus.ClientContact.Services.Tests.Specifications.CommandProcessors.UpsertClientCommandProcessorSpecification+When_all_preconditions_are_met+When_the_client_exists+When_the_client_is_root_level, ConnectPlus.ClientContact.Services.Tests, Version=1.0.0.0, Culture=neutral, PublicKeyToken=null" name="Should_update_the_clients_name" />
    </UnitTest>
    <UnitTest name="Should_require_description" storage="c:\gitworkspace\01.dev\output\.net\debug\connectplus.clientcontact.messaging.contracts.tests.dll" id="bd9c802b-a323-6756-3615-e0a53cd3c190">
      <TestCategory>
        <TestCategoryItem TestCategory="Unit Test" />
      </TestCategory>
      <Execution id="6ad77af9-a6e2-44b8-bb45-e288f03e221f" />
      <TestMethod codeBase="C:/gitWorkspace/01.Dev/Output/.NET/Debug/ConnectPlus.ClientContact.Messaging.Contracts.Tests.DLL" adapterTypeName="Microsoft.VisualStudio.TestTools.TestTypes.Unit.UnitTestAdapter, Microsoft.VisualStudio.QualityTools.Tips.UnitTest.Adapter, Version=10.0.0.0, Culture=neutral, PublicKeyToken=b03f5f7f11d50a3a" className="ConnectPlus.ClientContact.Messaging.Contracts.Tests.Specifications.SubsectorMessageSpecifications, ConnectPlus.ClientContact.Messaging.Contracts.Tests, Version=1.0.0.0, Culture=neutral, PublicKeyToken=null" name="Should_require_description" />
    </UnitTest>
    <UnitTest name="Should_rank_as_1" storage="c:\gitworkspace\01.dev\output\.net\debug\connectplus.clientcontact.contact.services.tests.dll" id="a8740ffd-6f63-33f1-72b0-c2bf00c40411">
      <Execution id="2102a5e8-1971-4778-9374-dcef4ac15ce5" />
      <TestMethod codeBase="C:/gitWorkspace/01.Dev/Output/.NET/Debug/ConnectPlus.ClientContact.Contact.Services.Tests.DLL" adapterTypeName="Microsoft.VisualStudio.TestTools.TestTypes.Unit.UnitTestAdapter, Microsoft.VisualStudio.QualityTools.Tips.UnitTest.Adapter, Version=10.0.0.0, Culture=neutral, PublicKeyToken=b03f5f7f11d50a3a" className="ConnectPlus.ClientContact.Contact.Services.Tests.Queries.EmailAddressSearchSpecification+When_matches_local, ConnectPlus.ClientContact.Contact.Services.Tests, Version=1.0.0.0, Culture=neutral, PublicKeyToken=null" name="Should_rank_as_1" />
    </UnitTest>
    <UnitTest name="Can_map_address" storage="c:\gitworkspace\01.dev\output\.net\debug\connectplus.clientcontact.dataaccess.tests.dll" id="aa5599a2-705e-8176-ae21-51d89f7f95bf">
      <TestCategory>
        <TestCategoryItem TestCategory="Integration" />
      </TestCategory>
      <Execution id="73246408-427f-4d68-940d-937d0b39a1fe" />
      <TestMethod codeBase="C:/gitWorkspace/01.Dev/Output/.NET/Debug/ConnectPlus.ClientContact.DataAccess.Tests.DLL" adapterTypeName="Microsoft.VisualStudio.TestTools.TestTypes.Unit.UnitTestAdapter, Microsoft.VisualStudio.QualityTools.Tips.UnitTest.Adapter, Version=10.0.0.0, Culture=neutral, PublicKeyToken=b03f5f7f11d50a3a" className="ConnectPlus.ClientContact.DataAccess.Tests.Mapping.ContactMappingTests, ConnectPlus.ClientContact.DataAccess.Tests, Version=1.0.0.0, Culture=neutral, PublicKeyToken=null" name="Can_map_address" />
    </UnitTest>
    <UnitTest name="Should_issue_a_mapped_subsector_command" storage="c:\gitworkspace\01.dev\output\.net\debug\connectplus.clientcontact.services.tests.dll" id="df987706-6f3a-29c9-29b6-542510698eae">
      <TestCategory>
        <TestCategoryItem TestCategory="Specification" />
      </TestCategory>
      <Execution id="acc8aaaa-dcda-4efa-bd25-ae6b826aff42" />
      <TestMethod codeBase="C:/gitWorkspace/01.Dev/Output/.NET/Debug/ConnectPlus.ClientContact.Services.Tests.DLL" adapterTypeName="Microsoft.VisualStudio.TestTools.TestTypes.Unit.UnitTestAdapter, Microsoft.VisualStudio.QualityTools.Tips.UnitTest.Adapter, Version=10.0.0.0, Culture=neutral, PublicKeyToken=b03f5f7f11d50a3a" className="ConnectPlus.ClientContact.Services.Tests.Specifications.MessageHandlers.Subsector, ConnectPlus.ClientContact.Services.Tests, Version=1.0.0.0, Culture=neutral, PublicKeyToken=null" name="Should_issue_a_mapped_subsector_command" />
    </UnitTest>
    <UnitTest name="Should_execute_the_resolved_processor" storage="c:\gitworkspace\01.dev\output\.net\debug\connectplus.clientcontact.services.tests.dll" id="e44bda4a-414d-d15d-f590-3817c639fbc0">
      <TestCategory>
        <TestCategoryItem TestCategory="Unit Test" />
      </TestCategory>
      <Execution id="30936d1d-64ab-4f01-8ec3-7a6be11d35c7" />
      <TestMethod codeBase="C:/gitWorkspace/01.Dev/Output/.NET/Debug/ConnectPlus.ClientContact.Services.Tests.DLL" adapterTypeName="Microsoft.VisualStudio.TestTools.TestTypes.Unit.UnitTestAdapter, Microsoft.VisualStudio.QualityTools.Tips.UnitTest.Adapter, Version=10.0.0.0, Culture=neutral, PublicKeyToken=b03f5f7f11d50a3a" className="ConnectPlus.ClientContact.Services.Tests.Specifications.CommandProcessors.TierListCommandProcessorSpecification, ConnectPlus.ClientContact.Services.Tests, Version=1.0.0.0, Culture=neutral, PublicKeyToken=null" name="Should_execute_the_resolved_processor" />
    </UnitTest>
    <UnitTest name="Can_map_sdmClient_with_parent" storage="c:\gitworkspace\01.dev\output\.net\debug\connectplus.clientcontact.dataaccess.tests.dll" id="495e5879-1bf0-5b95-97be-ac4b49ccf9d4">
      <Execution id="0c2c1c7f-0c67-4205-b1ef-680143b2ee10" />
      <TestMethod codeBase="C:/gitWorkspace/01.Dev/Output/.NET/Debug/ConnectPlus.ClientContact.DataAccess.Tests.DLL" adapterTypeName="Microsoft.VisualStudio.TestTools.TestTypes.Unit.UnitTestAdapter, Microsoft.VisualStudio.QualityTools.Tips.UnitTest.Adapter, Version=10.0.0.0, Culture=neutral, PublicKeyToken=b03f5f7f11d50a3a" className="ConnectPlus.ClientContact.DataAccess.Tests.Mapping.ClientMappingTests, ConnectPlus.ClientContact.DataAccess.Tests, Version=1.0.0.0, Culture=neutral, PublicKeyToken=null" name="Can_map_sdmClient_with_parent" />
    </UnitTest>
    <UnitTest name="Should_retrieve_the_tier_group" storage="c:\gitworkspace\01.dev\output\.net\debug\connectplus.clientcontact.services.tests.dll" id="54ef9b58-1fa9-17f2-3774-a2e5e86eaa56">
      <TestCategory>
        <TestCategoryItem TestCategory="Specification" />
      </TestCategory>
      <Execution id="cf497f2a-b6cc-49a7-af08-07e84c769724" />
      <TestMethod codeBase="C:/gitWorkspace/01.Dev/Output/.NET/Debug/ConnectPlus.ClientContact.Services.Tests.DLL" adapterTypeName="Microsoft.VisualStudio.TestTools.TestTypes.Unit.UnitTestAdapter, Microsoft.VisualStudio.QualityTools.Tips.UnitTest.Adapter, Version=10.0.0.0, Culture=neutral, PublicKeyToken=b03f5f7f11d50a3a" className="ConnectPlus.ClientContact.Services.Tests.Specifications.CommandProcessors.DeleteTierGroupCommandProcessorSpecification+When_the_tier_group_exists, ConnectPlus.ClientContact.Services.Tests, Version=1.0.0.0, Culture=neutral, PublicKeyToken=null" name="Should_retrieve_the_tier_group" />
    </UnitTest>
    <UnitTest name="Should_change_the_description_to_the_given_value" storage="c:\gitworkspace\01.dev\output\.net\debug\connectplus.clientcontact.domain.tests.dll" id="cb64aa0a-a84b-5d42-4ed1-c64dc9250012">
      <TestCategory>
        <TestCategoryItem TestCategory="Specification" />
      </TestCategory>
      <Execution id="8b3bd988-c26c-4c6d-8c2e-2d565bfc0af4" />
      <TestMethod codeBase="C:/gitWorkspace/01.Dev/Output/.NET/Debug/ConnectPlus.ClientContact.Domain.Tests.DLL" adapterTypeName="Microsoft.VisualStudio.TestTools.TestTypes.Unit.UnitTestAdapter, Microsoft.VisualStudio.QualityTools.Tips.UnitTest.Adapter, Version=10.0.0.0, Culture=neutral, PublicKeyToken=b03f5f7f11d50a3a" className="ConnectPlus.ClientContact.Domain.Tests.Specifications.SectorSpecification+When_changing_the_description, ConnectPlus.ClientContact.Domain.Tests, Version=1.0.0.0, Culture=neutral, PublicKeyToken=null" name="Should_change_the_description_to_the_given_value" />
    </UnitTest>
    <UnitTest name="Should_update_the_clients_name" storage="c:\gitworkspace\01.dev\output\.net\debug\connectplus.clientcontact.services.tests.dll" id="50a71bd8-5b93-53be-3f93-5050f975133d">
      <TestCategory>
        <TestCategoryItem TestCategory="Unit Test" />
      </TestCategory>
      <Execution id="2585ce47-5f99-4514-89c0-fac311798649" />
      <TestMethod codeBase="C:/gitWorkspace/01.Dev/Output/.NET/Debug/ConnectPlus.ClientContact.Services.Tests.DLL" adapterTypeName="Microsoft.VisualStudio.TestTools.TestTypes.Unit.UnitTestAdapter, Microsoft.VisualStudio.QualityTools.Tips.UnitTest.Adapter, Version=10.0.0.0, Culture=neutral, PublicKeyToken=b03f5f7f11d50a3a" className="ConnectPlus.ClientContact.Services.Tests.Specifications.CommandProcessors.UpsertClientCommandProcessorSpecification+When_all_preconditions_are_met+When_the_client_exists+When_the_subsector_has_changed, ConnectPlus.ClientContact.Services.Tests, Version=1.0.0.0, Culture=neutral, PublicKeyToken=null" name="Should_update_the_clients_name" />
    </UnitTest>
    <UnitTest name="Should_update_the_clients_country" storage="c:\gitworkspace\01.dev\output\.net\debug\connectplus.clientcontact.services.tests.dll" id="46136a72-30a4-c38e-f2c2-d0b6d8988ca6">
      <TestCategory>
        <TestCategoryItem TestCategory="Unit Test" />
      </TestCategory>
      <Execution id="6cdd4258-7e51-40d3-b9c6-b30c2c63da61" />
      <TestMethod codeBase="C:/gitWorkspace/01.Dev/Output/.NET/Debug/ConnectPlus.ClientContact.Services.Tests.DLL" adapterTypeName="Microsoft.VisualStudio.TestTools.TestTypes.Unit.UnitTestAdapter, Microsoft.VisualStudio.QualityTools.Tips.UnitTest.Adapter, Version=10.0.0.0, Culture=neutral, PublicKeyToken=b03f5f7f11d50a3a" className="ConnectPlus.ClientContact.Services.Tests.Specifications.CommandProcessors.UpsertClientCommandProcessorSpecification+When_all_preconditions_are_met+When_the_client_exists+When_the_subsector_has_changed, ConnectPlus.ClientContact.Services.Tests, Version=1.0.0.0, Culture=neutral, PublicKeyToken=null" name="Should_update_the_clients_country" />
    </UnitTest>
    <UnitTest name="Should_update_revision" storage="c:\gitworkspace\01.dev\output\.net\debug\connectplus.clientcontact.services.tests.dll" id="ff809b06-d2f0-3880-0273-c452b5dbadea">
      <TestCategory>
        <TestCategoryItem TestCategory="Unit Test" />
      </TestCategory>
      <Execution id="c646b08c-6b68-432a-bfcc-b2b3d3fe2195" />
      <TestMethod codeBase="C:/gitWorkspace/01.Dev/Output/.NET/Debug/ConnectPlus.ClientContact.Services.Tests.DLL" adapterTypeName="Microsoft.VisualStudio.TestTools.TestTypes.Unit.UnitTestAdapter, Microsoft.VisualStudio.QualityTools.Tips.UnitTest.Adapter, Version=10.0.0.0, Culture=neutral, PublicKeyToken=b03f5f7f11d50a3a" className="ConnectPlus.ClientContact.Services.Tests.Specifications.CommandProcessors.SectorCommandProcessorSpecification, ConnectPlus.ClientContact.Services.Tests, Version=1.0.0.0, Culture=neutral, PublicKeyToken=null" name="Should_update_revision" />
    </UnitTest>
    <UnitTest name="Should_not_execute_the_resolved_processor" storage="c:\gitworkspace\01.dev\output\.net\debug\connectplus.clientcontact.services.tests.dll" id="cb6b8cfe-e0b9-9b21-3dc9-12b455aa228f">
      <TestCategory>
        <TestCategoryItem TestCategory="Unit Test" />
      </TestCategory>
      <Execution id="9dc60891-9b25-4488-9065-ad82be63153f" />
      <TestMethod codeBase="C:/gitWorkspace/01.Dev/Output/.NET/Debug/ConnectPlus.ClientContact.Services.Tests.DLL" adapterTypeName="Microsoft.VisualStudio.TestTools.TestTypes.Unit.UnitTestAdapter, Microsoft.VisualStudio.QualityTools.Tips.UnitTest.Adapter, Version=10.0.0.0, Culture=neutral, PublicKeyToken=b03f5f7f11d50a3a" className="ConnectPlus.ClientContact.Services.Tests.Specifications.CommandProcessors.ClientCommandProcessorSpecification+When_the_command_is_out_of_date, ConnectPlus.ClientContact.Services.Tests, Version=1.0.0.0, Culture=neutral, PublicKeyToken=null" name="Should_not_execute_the_resolved_processor" />
    </UnitTest>
    <UnitTest name="It_shouldnt_do_anything" storage="c:\gitworkspace\01.dev\output\.net\debug\connectplus.clientcontact.services.tests.dll" id="7be54144-daf8-708f-2283-450bfe7ad5ea">
      <TestCategory>
        <TestCategoryItem TestCategory="Specification" />
      </TestCategory>
      <Execution id="0c58d0f3-2ff5-4790-95e2-423afe45e4ea" />
      <TestMethod codeBase="C:/gitWorkspace/01.Dev/Output/.NET/Debug/ConnectPlus.ClientContact.Services.Tests.DLL" adapterTypeName="Microsoft.VisualStudio.TestTools.TestTypes.Unit.UnitTestAdapter, Microsoft.VisualStudio.QualityTools.Tips.UnitTest.Adapter, Version=10.0.0.0, Culture=neutral, PublicKeyToken=b03f5f7f11d50a3a" className="ConnectPlus.ClientContact.Services.Tests.Specifications.CommandProcessors.DeleteTierGroupCommandProcessorSpecification+When_the_tier_group_is_not_found, ConnectPlus.ClientContact.Services.Tests, Version=1.0.0.0, Culture=neutral, PublicKeyToken=null" name="It_shouldnt_do_anything" />
    </UnitTest>
    <UnitTest name="Should_retrieve_the_current_version" storage="c:\gitworkspace\01.dev\output\.net\debug\connectplus.clientcontact.services.tests.dll" id="2d1b676d-0704-3726-0fe3-b7d571a81eea">
      <TestCategory>
        <TestCategoryItem TestCategory="Unit Test" />
      </TestCategory>
      <Execution id="5f49aaa0-f40d-4945-a4cb-94f78e0255cc" />
      <TestMethod codeBase="C:/gitWorkspace/01.Dev/Output/.NET/Debug/ConnectPlus.ClientContact.Services.Tests.DLL" adapterTypeName="Microsoft.VisualStudio.TestTools.TestTypes.Unit.UnitTestAdapter, Microsoft.VisualStudio.QualityTools.Tips.UnitTest.Adapter, Version=10.0.0.0, Culture=neutral, PublicKeyToken=b03f5f7f11d50a3a" className="ConnectPlus.ClientContact.Services.Tests.Specifications.VersionCheckerRevisionServiceSpecification+When_the_targets_version_is_higher_than_the_current_version, ConnectPlus.ClientContact.Services.Tests, Version=1.0.0.0, Culture=neutral, PublicKeyToken=null" name="Should_retrieve_the_current_version" />
    </UnitTest>
    <UnitTest name="Should_require_sales_hierarchy_less_than_6" storage="c:\gitworkspace\01.dev\output\.net\debug\connectplus.clientcontact.messaging.contracts.tests.dll" id="d15779bf-7f91-05a7-6456-08470891dcca">
      <TestCategory>
        <TestCategoryItem TestCategory="Unit Test" />
      </TestCategory>
      <Execution id="05cbd21e-f6b5-4d45-acc4-cfce9d7f13b9" />
      <TestMethod codeBase="C:/gitWorkspace/01.Dev/Output/.NET/Debug/ConnectPlus.ClientContact.Messaging.Contracts.Tests.DLL" adapterTypeName="Microsoft.VisualStudio.TestTools.TestTypes.Unit.UnitTestAdapter, Microsoft.VisualStudio.QualityTools.Tips.UnitTest.Adapter, Version=10.0.0.0, Culture=neutral, PublicKeyToken=b03f5f7f11d50a3a" className="ConnectPlus.ClientContact.Messaging.Contracts.Tests.Specifications.ClientMessageSpecifications, ConnectPlus.ClientContact.Messaging.Contracts.Tests, Version=1.0.0.0, Culture=neutral, PublicKeyToken=null" name="Should_require_sales_hierarchy_less_than_6" />
    </UnitTest>
    <UnitTest name="Should_throw_notsupportedexception" storage="c:\gitworkspace\01.dev\output\.net\debug\connectplus.clientcontact.services.tests.dll" id="535a1ae7-3192-ce28-346c-8342258cae53">
      <TestCategory>
        <TestCategoryItem TestCategory="Unit Test" />
      </TestCategory>
      <Execution id="4e08788f-480c-4aa2-81af-1067f4109d1b" />
      <TestMethod codeBase="C:/gitWorkspace/01.Dev/Output/.NET/Debug/ConnectPlus.ClientContact.Services.Tests.DLL" adapterTypeName="Microsoft.VisualStudio.TestTools.TestTypes.Unit.UnitTestAdapter, Microsoft.VisualStudio.QualityTools.Tips.UnitTest.Adapter, Version=10.0.0.0, Culture=neutral, PublicKeyToken=b03f5f7f11d50a3a" className="ConnectPlus.ClientContact.Services.Tests.Specifications.CommandProcessors.Factories.StatusBasedClient+When_the_status_is_inactive, ConnectPlus.ClientContact.Services.Tests, Version=1.0.0.0, Culture=neutral, PublicKeyToken=null" name="Should_throw_notsupportedexception" />
    </UnitTest>
    <UnitTest name="Should_create_a_delete_tier_list_command_processor" storage="c:\gitworkspace\01.dev\output\.net\debug\connectplus.clientcontact.services.tests.dll" id="b179d887-ff4e-3a7f-456f-e8ebf4123822">
      <TestCategory>
        <TestCategoryItem TestCategory="Unit Test" />
      </TestCategory>
      <Execution id="5dc02f17-443f-42f0-af41-167cc5709cf7" />
      <TestMethod codeBase="C:/gitWorkspace/01.Dev/Output/.NET/Debug/ConnectPlus.ClientContact.Services.Tests.DLL" adapterTypeName="Microsoft.VisualStudio.TestTools.TestTypes.Unit.UnitTestAdapter, Microsoft.VisualStudio.QualityTools.Tips.UnitTest.Adapter, Version=10.0.0.0, Culture=neutral, PublicKeyToken=b03f5f7f11d50a3a" className="ConnectPlus.ClientContact.Services.Tests.Specifications.CommandProcessors.Factories.StatusBasedTierList+When_the_status_is_deleted, ConnectPlus.ClientContact.Services.Tests, Version=1.0.0.0, Culture=neutral, PublicKeyToken=null" name="Should_create_a_delete_tier_list_command_processor" />
    </UnitTest>
    <UnitTest name="It_shouldnt_do_anything" storage="c:\gitworkspace\01.dev\output\.net\debug\connectplus.clientcontact.services.tests.dll" id="8c8515df-8ca2-8894-ac12-d486e095df1b">
      <TestCategory>
        <TestCategoryItem TestCategory="Specification" />
      </TestCategory>
      <Execution id="7efe3058-4e49-45b8-ae52-a0fb9a570906" />
      <TestMethod codeBase="C:/gitWorkspace/01.Dev/Output/.NET/Debug/ConnectPlus.ClientContact.Services.Tests.DLL" adapterTypeName="Microsoft.VisualStudio.TestTools.TestTypes.Unit.UnitTestAdapter, Microsoft.VisualStudio.QualityTools.Tips.UnitTest.Adapter, Version=10.0.0.0, Culture=neutral, PublicKeyToken=b03f5f7f11d50a3a" className="ConnectPlus.ClientContact.Services.Tests.Specifications.CommandProcessors.DeleteSectorCommandProcessorSpecification+When_the_sector_is_not_found, ConnectPlus.ClientContact.Services.Tests, Version=1.0.0.0, Culture=neutral, PublicKeyToken=null" name="It_shouldnt_do_anything" />
    </UnitTest>
    <UnitTest name="Should_change_the_description_to_the_given_value" storage="c:\gitworkspace\01.dev\output\.net\debug\connectplus.clientcontact.domain.tests.dll" id="c2f1a978-196e-d090-c3d8-ffa959c0cb9a">
      <TestCategory>
        <TestCategoryItem TestCategory="Specification" />
      </TestCategory>
      <Execution id="c99fdb33-9a56-403e-97b3-058a5b31bd73" />
      <TestMethod codeBase="C:/gitWorkspace/01.Dev/Output/.NET/Debug/ConnectPlus.ClientContact.Domain.Tests.DLL" adapterTypeName="Microsoft.VisualStudio.TestTools.TestTypes.Unit.UnitTestAdapter, Microsoft.VisualStudio.QualityTools.Tips.UnitTest.Adapter, Version=10.0.0.0, Culture=neutral, PublicKeyToken=b03f5f7f11d50a3a" className="ConnectPlus.ClientContact.Domain.Tests.Specifications.TierValueSpecification+When_changing_the_description, ConnectPlus.ClientContact.Domain.Tests, Version=1.0.0.0, Culture=neutral, PublicKeyToken=null" name="Should_change_the_description_to_the_given_value" />
    </UnitTest>
    <UnitTest name="Should_check_if_the_tier_group_exists" storage="c:\gitworkspace\01.dev\output\.net\debug\connectplus.clientcontact.services.tests.dll" id="55bd16cc-1c42-7938-b408-c941305f68df">
      <TestCategory>
        <TestCategoryItem TestCategory="Specification" />
      </TestCategory>
      <Execution id="927a4aca-ec5e-4071-9bc5-7ec290a7a26a" />
      <TestMethod codeBase="C:/gitWorkspace/01.Dev/Output/.NET/Debug/ConnectPlus.ClientContact.Services.Tests.DLL" adapterTypeName="Microsoft.VisualStudio.TestTools.TestTypes.Unit.UnitTestAdapter, Microsoft.VisualStudio.QualityTools.Tips.UnitTest.Adapter, Version=10.0.0.0, Culture=neutral, PublicKeyToken=b03f5f7f11d50a3a" className="ConnectPlus.ClientContact.Services.Tests.Specifications.CommandProcessors.UpsertTierGroupCommandProcessorSpecification+When_the_tier_doesnt_exist, ConnectPlus.ClientContact.Services.Tests, Version=1.0.0.0, Culture=neutral, PublicKeyToken=null" name="Should_check_if_the_tier_group_exists" />
    </UnitTest>
    <UnitTest name="Should_change_the_country_to_the_given_value" storage="c:\gitworkspace\01.dev\output\.net\debug\connectplus.clientcontact.domain.tests.dll" id="228e4b00-2dcd-4789-4cfe-d2bdc84dde38">
      <TestCategory>
        <TestCategoryItem TestCategory="Specification" />
      </TestCategory>
      <Execution id="2618859f-f581-45e5-b849-3f1ee21c98d1" />
      <TestMethod codeBase="C:/gitWorkspace/01.Dev/Output/.NET/Debug/ConnectPlus.ClientContact.Domain.Tests.DLL" adapterTypeName="Microsoft.VisualStudio.TestTools.TestTypes.Unit.UnitTestAdapter, Microsoft.VisualStudio.QualityTools.Tips.UnitTest.Adapter, Version=10.0.0.0, Culture=neutral, PublicKeyToken=b03f5f7f11d50a3a" className="ConnectPlus.ClientContact.Domain.Tests.Specifications.ClientSpecification+When_changing_the_country, ConnectPlus.ClientContact.Domain.Tests, Version=1.0.0.0, Culture=neutral, PublicKeyToken=null" name="Should_change_the_country_to_the_given_value" />
    </UnitTest>
    <UnitTest name="Should_require_description_shorter_than_256_chars" storage="c:\gitworkspace\01.dev\output\.net\debug\connectplus.clientcontact.messaging.contracts.tests.dll" id="ef055f00-df24-1999-e6ff-34238de9bd9d">
      <TestCategory>
        <TestCategoryItem TestCategory="Unit Test" />
      </TestCategory>
      <Execution id="c691695b-217c-4d0d-8169-a5ce700debd5" />
      <TestMethod codeBase="C:/gitWorkspace/01.Dev/Output/.NET/Debug/ConnectPlus.ClientContact.Messaging.Contracts.Tests.DLL" adapterTypeName="Microsoft.VisualStudio.TestTools.TestTypes.Unit.UnitTestAdapter, Microsoft.VisualStudio.QualityTools.Tips.UnitTest.Adapter, Version=10.0.0.0, Culture=neutral, PublicKeyToken=b03f5f7f11d50a3a" className="ConnectPlus.ClientContact.Messaging.Contracts.Tests.Specifications.SectorMessageSpecifications, ConnectPlus.ClientContact.Messaging.Contracts.Tests, Version=1.0.0.0, Culture=neutral, PublicKeyToken=null" name="Should_require_description_shorter_than_256_chars" />
    </UnitTest>
    <UnitTest name="Should_require_update_information" storage="c:\gitworkspace\01.dev\output\.net\debug\connectplus.clientcontact.messaging.contracts.tests.dll" id="3503c25c-f517-5750-ca9e-fe8f61b4f041">
      <TestCategory>
        <TestCategoryItem TestCategory="Unit Test" />
      </TestCategory>
      <Execution id="9ec4157a-2aac-432c-b58f-471c5e5aa525" />
      <TestMethod codeBase="C:/gitWorkspace/01.Dev/Output/.NET/Debug/ConnectPlus.ClientContact.Messaging.Contracts.Tests.DLL" adapterTypeName="Microsoft.VisualStudio.TestTools.TestTypes.Unit.UnitTestAdapter, Microsoft.VisualStudio.QualityTools.Tips.UnitTest.Adapter, Version=10.0.0.0, Culture=neutral, PublicKeyToken=b03f5f7f11d50a3a" className="ConnectPlus.ClientContact.Messaging.Contracts.Tests.Specifications.StaticMasterEntitySpecifications, ConnectPlus.ClientContact.Messaging.Contracts.Tests, Version=1.0.0.0, Culture=neutral, PublicKeyToken=null" name="Should_require_update_information" />
    </UnitTest>
    <UnitTest name="Should_update_the_tiers_sort_order" storage="c:\gitworkspace\01.dev\output\.net\debug\connectplus.clientcontact.services.tests.dll" id="b1f52356-e6e5-7e98-cf11-13907305f211">
      <TestCategory>
        <TestCategoryItem TestCategory="Specification" />
      </TestCategory>
      <Execution id="107796d7-4ed3-4072-bcc2-3e0b9233ce87" />
      <TestMethod codeBase="C:/gitWorkspace/01.Dev/Output/.NET/Debug/ConnectPlus.ClientContact.Services.Tests.DLL" adapterTypeName="Microsoft.VisualStudio.TestTools.TestTypes.Unit.UnitTestAdapter, Microsoft.VisualStudio.QualityTools.Tips.UnitTest.Adapter, Version=10.0.0.0, Culture=neutral, PublicKeyToken=b03f5f7f11d50a3a" className="ConnectPlus.ClientContact.Services.Tests.Specifications.CommandProcessors.UpsertTierValueCommandProcessorSpecification+When_the_tier_value_exists, ConnectPlus.ClientContact.Services.Tests, Version=1.0.0.0, Culture=neutral, PublicKeyToken=null" name="Should_update_the_tiers_sort_order" />
    </UnitTest>
    <UnitTest name="Constructor_should_require_non_null_description" storage="c:\gitworkspace\01.dev\output\.net\debug\connectplus.clientcontact.domain.tests.dll" id="0d336a1f-ace8-9913-c324-17f926fdec9d">
      <TestCategory>
        <TestCategoryItem TestCategory="Unit Test" />
      </TestCategory>
      <Execution id="f1f6c05b-9cff-444c-8078-bfb4d5bb3d82" />
      <TestMethod codeBase="C:/gitWorkspace/01.Dev/Output/.NET/Debug/ConnectPlus.ClientContact.Domain.Tests.DLL" adapterTypeName="Microsoft.VisualStudio.TestTools.TestTypes.Unit.UnitTestAdapter, Microsoft.VisualStudio.QualityTools.Tips.UnitTest.Adapter, Version=10.0.0.0, Culture=neutral, PublicKeyToken=b03f5f7f11d50a3a" className="ConnectPlus.ClientContact.Domain.Tests.Specifications.SubsectorSpecification+Preconditions, ConnectPlus.ClientContact.Domain.Tests, Version=1.0.0.0, Culture=neutral, PublicKeyToken=null" name="Constructor_should_require_non_null_description" />
    </UnitTest>
    <UnitTest name="Should_require_tier_id" storage="c:\gitworkspace\01.dev\output\.net\debug\connectplus.clientcontact.messaging.contracts.tests.dll" id="25c6f612-1a0a-8ee9-df72-473ad9cb605f">
      <TestCategory>
        <TestCategoryItem TestCategory="Unit Test" />
      </TestCategory>
      <Execution id="5102a349-991d-423a-b7c7-d345809eb996" />
      <TestMethod codeBase="C:/gitWorkspace/01.Dev/Output/.NET/Debug/ConnectPlus.ClientContact.Messaging.Contracts.Tests.DLL" adapterTypeName="Microsoft.VisualStudio.TestTools.TestTypes.Unit.UnitTestAdapter, Microsoft.VisualStudio.QualityTools.Tips.UnitTest.Adapter, Version=10.0.0.0, Culture=neutral, PublicKeyToken=b03f5f7f11d50a3a" className="ConnectPlus.ClientContact.Messaging.Contracts.Tests.Specifications.ClientTierMessageSpecifications, ConnectPlus.ClientContact.Messaging.Contracts.Tests, Version=1.0.0.0, Culture=neutral, PublicKeyToken=null" name="Should_require_tier_id" />
    </UnitTest>
    <UnitTest name="Should_inactivate_the_subsector" storage="c:\gitworkspace\01.dev\output\.net\debug\connectplus.clientcontact.services.tests.dll" id="ee597037-259e-b261-44f1-b53685645486">
      <TestCategory>
        <TestCategoryItem TestCategory="Specification" />
      </TestCategory>
      <Execution id="c02287d5-9a7f-4171-97ec-09f1da54fce0" />
      <TestMethod codeBase="C:/gitWorkspace/01.Dev/Output/.NET/Debug/ConnectPlus.ClientContact.Services.Tests.DLL" adapterTypeName="Microsoft.VisualStudio.TestTools.TestTypes.Unit.UnitTestAdapter, Microsoft.VisualStudio.QualityTools.Tips.UnitTest.Adapter, Version=10.0.0.0, Culture=neutral, PublicKeyToken=b03f5f7f11d50a3a" className="ConnectPlus.ClientContact.Services.Tests.Specifications.CommandProcessors.DeleteSubsectorCommandProcessorSpecification+When_the_subsector_exists, ConnectPlus.ClientContact.Services.Tests, Version=1.0.0.0, Culture=neutral, PublicKeyToken=null" name="Should_inactivate_the_subsector" />
    </UnitTest>
    <UnitTest name="CanCorrectlyMapClientContactList" storage="c:\gitworkspace\01.dev\output\.net\debug\connectplus.crm.dataaccess.tests.dll" id="138cfc25-d0dc-ed81-a99b-fe0dda02fb8d">
      <Execution id="d3490080-e39e-4e0d-ab88-fe532732d61a" />
      <TestMethod codeBase="C:/gitWorkspace/01.Dev/Output/.NET/Debug/ConnectPlus.CRM.DataAccess.Tests.DLL" adapterTypeName="Microsoft.VisualStudio.TestTools.TestTypes.Unit.UnitTestAdapter, Microsoft.VisualStudio.QualityTools.Tips.UnitTest.Adapter, Version=10.0.0.0, Culture=neutral, PublicKeyToken=b03f5f7f11d50a3a" className="ConnectPlus.CRM.DataAccess.Tests.ClassMappingTests, ConnectPlus.CRM.DataAccess.Tests, Version=1.0.0.0, Culture=neutral, PublicKeyToken=null" name="CanCorrectlyMapClientContactList" />
    </UnitTest>
    <UnitTest name="Should_retrieve_the_client" storage="c:\gitworkspace\01.dev\output\.net\debug\connectplus.clientcontact.services.tests.dll" id="6bca7304-b4dd-1064-323a-e0e93213403a">
      <TestCategory>
        <TestCategoryItem TestCategory="Specification" />
      </TestCategory>
      <Execution id="21552edf-697d-4771-8cec-e9866c417791" />
      <TestMethod codeBase="C:/gitWorkspace/01.Dev/Output/.NET/Debug/ConnectPlus.ClientContact.Services.Tests.DLL" adapterTypeName="Microsoft.VisualStudio.TestTools.TestTypes.Unit.UnitTestAdapter, Microsoft.VisualStudio.QualityTools.Tips.UnitTest.Adapter, Version=10.0.0.0, Culture=neutral, PublicKeyToken=b03f5f7f11d50a3a" className="ConnectPlus.ClientContact.Services.Tests.Specifications.CommandProcessors.ClientTierCommandProcessorSpecification+When_all_preconditions_are_met+When_the_status_is_deleted, ConnectPlus.ClientContact.Services.Tests, Version=1.0.0.0, Culture=neutral, PublicKeyToken=null" name="Should_retrieve_the_client" />
    </UnitTest>
    <UnitTest name="Should_require_tier_list_id" storage="c:\gitworkspace\01.dev\output\.net\debug\connectplus.clientcontact.messaging.contracts.tests.dll" id="b9cfc8f6-a68b-cd7a-f18c-e7e008c08030">
      <TestCategory>
        <TestCategoryItem TestCategory="Unit Test" />
      </TestCategory>
      <Execution id="26b7cefe-c7e9-458a-bcad-0c60c9f2a81a" />
      <TestMethod codeBase="C:/gitWorkspace/01.Dev/Output/.NET/Debug/ConnectPlus.ClientContact.Messaging.Contracts.Tests.DLL" adapterTypeName="Microsoft.VisualStudio.TestTools.TestTypes.Unit.UnitTestAdapter, Microsoft.VisualStudio.QualityTools.Tips.UnitTest.Adapter, Version=10.0.0.0, Culture=neutral, PublicKeyToken=b03f5f7f11d50a3a" className="ConnectPlus.ClientContact.Messaging.Contracts.Tests.Specifications.TierListMessageSpecifications, ConnectPlus.ClientContact.Messaging.Contracts.Tests, Version=1.0.0.0, Culture=neutral, PublicKeyToken=null" name="Should_require_tier_list_id" />
    </UnitTest>
    <UnitTest name="Should_accept_invalid_iso3166_country_code" storage="c:\gitworkspace\01.dev\output\.net\debug\connectplus.clientcontact.messaging.contracts.tests.dll" id="d22b6b8d-2bb2-eb24-30e0-98862d0d2606">
      <TestCategory>
        <TestCategoryItem TestCategory="Unit Test" />
      </TestCategory>
      <Execution id="fee6bee7-954f-40ae-9a10-a294dab95bdd" />
      <TestMethod codeBase="C:/gitWorkspace/01.Dev/Output/.NET/Debug/ConnectPlus.ClientContact.Messaging.Contracts.Tests.DLL" adapterTypeName="Microsoft.VisualStudio.TestTools.TestTypes.Unit.UnitTestAdapter, Microsoft.VisualStudio.QualityTools.Tips.UnitTest.Adapter, Version=10.0.0.0, Culture=neutral, PublicKeyToken=b03f5f7f11d50a3a" className="ConnectPlus.ClientContact.Messaging.Contracts.Tests.Specifications.ClientMessageSpecifications, ConnectPlus.ClientContact.Messaging.Contracts.Tests, Version=1.0.0.0, Culture=neutral, PublicKeyToken=null" name="Should_accept_invalid_iso3166_country_code" />
    </UnitTest>
    <UnitTest name="Should_resolve_the_specific_processor" storage="c:\gitworkspace\01.dev\output\.net\debug\connectplus.clientcontact.services.tests.dll" id="449c2555-275e-c462-3da3-3d5e511f958a">
      <TestCategory>
        <TestCategoryItem TestCategory="Unit Test" />
      </TestCategory>
      <Execution id="42d9fa06-c768-44c1-99c9-44a13dee29e3" />
      <TestMethod codeBase="C:/gitWorkspace/01.Dev/Output/.NET/Debug/ConnectPlus.ClientContact.Services.Tests.DLL" adapterTypeName="Microsoft.VisualStudio.TestTools.TestTypes.Unit.UnitTestAdapter, Microsoft.VisualStudio.QualityTools.Tips.UnitTest.Adapter, Version=10.0.0.0, Culture=neutral, PublicKeyToken=b03f5f7f11d50a3a" className="ConnectPlus.ClientContact.Services.Tests.Specifications.CommandProcessors.SectorCommandProcessorSpecification+When_the_command_is_due, ConnectPlus.ClientContact.Services.Tests, Version=1.0.0.0, Culture=neutral, PublicKeyToken=null" name="Should_resolve_the_specific_processor" />
    </UnitTest>
    <UnitTest name="SortBy_And_GroupBy_Fields_Are_Not_Populated_From_List_Preference" storage="c:\gitworkspace\01.dev\output\.net\debug\connectplus.clientcontact.services.tests.dll" id="b32c4012-b8c3-3fc4-0d4c-b6883abfecb3">
      <Execution id="0dd4f260-6687-4d84-a134-0ce8757d5090" />
      <TestMethod codeBase="C:/gitWorkspace/01.Dev/Output/.NET/Debug/ConnectPlus.ClientContact.Services.Tests.DLL" adapterTypeName="Microsoft.VisualStudio.TestTools.TestTypes.Unit.UnitTestAdapter, Microsoft.VisualStudio.QualityTools.Tips.UnitTest.Adapter, Version=10.0.0.0, Culture=neutral, PublicKeyToken=b03f5f7f11d50a3a" className="ConnectPlus.ClientContact.Services.Tests.Queries.SearchQueryFixture+When_Not_Searching_By_List, ConnectPlus.ClientContact.Services.Tests, Version=1.0.0.0, Culture=neutral, PublicKeyToken=null" name="SortBy_And_GroupBy_Fields_Are_Not_Populated_From_List_Preference" />
    </UnitTest>
    <UnitTest name="Should_create_and_persist_the_client" storage="c:\gitworkspace\01.dev\output\.net\debug\connectplus.clientcontact.services.tests.dll" id="e181fac9-7839-b6b1-45e1-1bf8530ff26f">
      <TestCategory>
        <TestCategoryItem TestCategory="Unit Test" />
      </TestCategory>
      <Execution id="459b4fe1-4c95-4625-8b3a-0ef3c5fdfc24" />
      <TestMethod codeBase="C:/gitWorkspace/01.Dev/Output/.NET/Debug/ConnectPlus.ClientContact.Services.Tests.DLL" adapterTypeName="Microsoft.VisualStudio.TestTools.TestTypes.Unit.UnitTestAdapter, Microsoft.VisualStudio.QualityTools.Tips.UnitTest.Adapter, Version=10.0.0.0, Culture=neutral, PublicKeyToken=b03f5f7f11d50a3a" className="ConnectPlus.ClientContact.Services.Tests.Specifications.CommandProcessors.UpsertClientCommandProcessorSpecification+When_all_preconditions_are_met+When_the_client_doesnt_exist, ConnectPlus.ClientContact.Services.Tests, Version=1.0.0.0, Culture=neutral, PublicKeyToken=null" name="Should_create_and_persist_the_client" />
    </UnitTest>
    <UnitTest name="CanCorrectlyMapContactRole" storage="c:\gitworkspace\01.dev\output\.net\debug\connectplus.crm.dataaccess.tests.dll" id="323784b8-ffd0-3ce3-a69b-ccb600689a9b">
      <Execution id="58863f2a-879b-4ff5-b164-1e36222b05b7" />
      <TestMethod codeBase="C:/gitWorkspace/01.Dev/Output/.NET/Debug/ConnectPlus.CRM.DataAccess.Tests.DLL" adapterTypeName="Microsoft.VisualStudio.TestTools.TestTypes.Unit.UnitTestAdapter, Microsoft.VisualStudio.QualityTools.Tips.UnitTest.Adapter, Version=10.0.0.0, Culture=neutral, PublicKeyToken=b03f5f7f11d50a3a" className="ConnectPlus.CRM.DataAccess.Tests.ClassMappingTests, ConnectPlus.CRM.DataAccess.Tests, Version=1.0.0.0, Culture=neutral, PublicKeyToken=null" name="CanCorrectlyMapContactRole" />
    </UnitTest>
    <UnitTest name="When_GetUserByEcdId_ShouldReturn" storage="c:\gitworkspace\01.dev\output\.net\debug\connectplus.crm.dataaccess.tests.dll" id="869d769b-7067-4079-7863-7d3024b08aeb">
      <Execution id="28a0b2de-b869-43f0-a019-ad02a6acd77a" />
      <TestMethod codeBase="C:/gitWorkspace/01.Dev/Output/.NET/Debug/ConnectPlus.CRM.DataAccess.Tests.DLL" adapterTypeName="Microsoft.VisualStudio.TestTools.TestTypes.Unit.UnitTestAdapter, Microsoft.VisualStudio.QualityTools.Tips.UnitTest.Adapter, Version=10.0.0.0, Culture=neutral, PublicKeyToken=b03f5f7f11d50a3a" className="ConnectPlus.CRM.DataAccess.Tests.Repositories.UserRepositoryTests, ConnectPlus.CRM.DataAccess.Tests, Version=1.0.0.0, Culture=neutral, PublicKeyToken=null" name="When_GetUserByEcdId_ShouldReturn" />
    </UnitTest>
    <UnitTest name="Should_issue_a_mapped_tier_value_command" storage="c:\gitworkspace\01.dev\output\.net\debug\connectplus.clientcontact.services.tests.dll" id="2e512acf-2705-519f-3ba0-c47e72871c16">
      <TestCategory>
        <TestCategoryItem TestCategory="Specification" />
      </TestCategory>
      <Execution id="c44ee535-881f-4465-bfd3-298290508482" />
      <TestMethod codeBase="C:/gitWorkspace/01.Dev/Output/.NET/Debug/ConnectPlus.ClientContact.Services.Tests.DLL" adapterTypeName="Microsoft.VisualStudio.TestTools.TestTypes.Unit.UnitTestAdapter, Microsoft.VisualStudio.QualityTools.Tips.UnitTest.Adapter, Version=10.0.0.0, Culture=neutral, PublicKeyToken=b03f5f7f11d50a3a" className="ConnectPlus.ClientContact.Services.Tests.Specifications.MessageHandlers.TierValue, ConnectPlus.ClientContact.Services.Tests, Version=1.0.0.0, Culture=neutral, PublicKeyToken=null" name="Should_issue_a_mapped_tier_value_command" />
    </UnitTest>
    <UnitTest name="Should_inactivate_the_tier_list" storage="c:\gitworkspace\01.dev\output\.net\debug\connectplus.clientcontact.services.tests.dll" id="4364e76e-634d-f42c-2238-67f3e731e54d">
      <TestCategory>
        <TestCategoryItem TestCategory="Specification" />
      </TestCategory>
      <Execution id="1767da76-da62-47e2-8bb8-0339733474e1" />
      <TestMethod codeBase="C:/gitWorkspace/01.Dev/Output/.NET/Debug/ConnectPlus.ClientContact.Services.Tests.DLL" adapterTypeName="Microsoft.VisualStudio.TestTools.TestTypes.Unit.UnitTestAdapter, Microsoft.VisualStudio.QualityTools.Tips.UnitTest.Adapter, Version=10.0.0.0, Culture=neutral, PublicKeyToken=b03f5f7f11d50a3a" className="ConnectPlus.ClientContact.Services.Tests.Specifications.CommandProcessors.DeleteTierListCommandProcessorSpecification+When_the_tier_list_exists, ConnectPlus.ClientContact.Services.Tests, Version=1.0.0.0, Culture=neutral, PublicKeyToken=null" name="Should_inactivate_the_tier_list" />
    </UnitTest>
    <UnitTest name="Should_require_a_nonempty_name" storage="c:\gitworkspace\01.dev\output\.net\debug\connectplus.clientcontact.domain.tests.dll" id="2881face-a078-fa70-7741-881452b82246">
      <TestCategory>
        <TestCategoryItem TestCategory="Unit Test" />
      </TestCategory>
      <Execution id="1ae2f146-fb0d-4c76-b566-9ff3a4df20d7" />
      <TestMethod codeBase="C:/gitWorkspace/01.Dev/Output/.NET/Debug/ConnectPlus.ClientContact.Domain.Tests.DLL" adapterTypeName="Microsoft.VisualStudio.TestTools.TestTypes.Unit.UnitTestAdapter, Microsoft.VisualStudio.QualityTools.Tips.UnitTest.Adapter, Version=10.0.0.0, Culture=neutral, PublicKeyToken=b03f5f7f11d50a3a" className="ConnectPlus.ClientContact.Domain.Tests.Specifications.ClientSpecification+When_changing_the_name, ConnectPlus.ClientContact.Domain.Tests, Version=1.0.0.0, Culture=neutral, PublicKeyToken=null" name="Should_require_a_nonempty_name" />
    </UnitTest>
    <UnitTest name="Should_create_the_contact" storage="c:\gitworkspace\01.dev\output\.net\debug\connectplus.clientcontact.contact.services.tests.dll" id="102c0906-04eb-46f6-9654-a3e57fbae700">
      <TestCategory>
        <TestCategoryItem TestCategory="Unit Test" />
      </TestCategory>
      <Execution id="9cb600df-477a-4b3a-b8f0-52bee4a69488" />
      <TestMethod codeBase="C:/gitWorkspace/01.Dev/Output/.NET/Debug/ConnectPlus.ClientContact.Contact.Services.Tests.DLL" adapterTypeName="Microsoft.VisualStudio.TestTools.TestTypes.Unit.UnitTestAdapter, Microsoft.VisualStudio.QualityTools.Tips.UnitTest.Adapter, Version=10.0.0.0, Culture=neutral, PublicKeyToken=b03f5f7f11d50a3a" className="ConnectPlus.ClientContact.Contact.Services.Tests.Specifications.CreateContactCommandProcessorSpecification+When_the_contact_creation_is_successful, ConnectPlus.ClientContact.Contact.Services.Tests, Version=1.0.0.0, Culture=neutral, PublicKeyToken=null" name="Should_create_the_contact" />
    </UnitTest>
    <UnitTest name="Ctor_should_require_person" storage="c:\gitworkspace\01.dev\output\.net\debug\connectplus.clientcontact.domain.tests.dll" id="e5180b5c-100a-5fa8-da20-b706a02ebd63">
      <TestCategory>
        <TestCategoryItem TestCategory="Unit Test" />
      </TestCategory>
      <Execution id="c6531d12-91ec-4904-a443-027a269afd62" />
      <TestMethod codeBase="C:/gitWorkspace/01.Dev/Output/.NET/Debug/ConnectPlus.ClientContact.Domain.Tests.DLL" adapterTypeName="Microsoft.VisualStudio.TestTools.TestTypes.Unit.UnitTestAdapter, Microsoft.VisualStudio.QualityTools.Tips.UnitTest.Adapter, Version=10.0.0.0, Culture=neutral, PublicKeyToken=b03f5f7f11d50a3a" className="ConnectPlus.ClientContact.Domain.Tests.Specifications.ContactSpecification+Preconditions, ConnectPlus.ClientContact.Domain.Tests, Version=1.0.0.0, Culture=neutral, PublicKeyToken=null" name="Ctor_should_require_person" />
    </UnitTest>
    <UnitTest name="ReturnsCorrectTierListValueForContacts" storage="c:\gitworkspace\01.dev\output\.net\debug\connectplus.clientcontact.services.tests.dll" id="d1ad1302-4701-179f-f5bf-426b22d99dc7">
      <Execution id="361aebe9-252c-4dc5-afda-4cf2533bced4" />
      <TestMethod codeBase="C:/gitWorkspace/01.Dev/Output/.NET/Debug/ConnectPlus.ClientContact.Services.Tests.DLL" adapterTypeName="Microsoft.VisualStudio.TestTools.TestTypes.Unit.UnitTestAdapter, Microsoft.VisualStudio.QualityTools.Tips.UnitTest.Adapter, Version=10.0.0.0, Culture=neutral, PublicKeyToken=b03f5f7f11d50a3a" className="ConnectPlus.ClientContact.Services.Tests.Queries.TierListValueByContactQueryFixture, ConnectPlus.ClientContact.Services.Tests, Version=1.0.0.0, Culture=neutral, PublicKeyToken=null" name="ReturnsCorrectTierListValueForContacts" />
    </UnitTest>
    <UnitTest name="Constructor_should_require_client_sector" storage="c:\gitworkspace\01.dev\output\.net\debug\connectplus.clientcontact.domain.tests.dll" id="fdf01b66-2668-75cf-6835-819c3e4a28da">
      <TestCategory>
        <TestCategoryItem TestCategory="Unit Test" />
      </TestCategory>
      <Execution id="c1c0cb89-bcdf-442a-8953-061cea12f3eb" />
      <TestMethod codeBase="C:/gitWorkspace/01.Dev/Output/.NET/Debug/ConnectPlus.ClientContact.Domain.Tests.DLL" adapterTypeName="Microsoft.VisualStudio.TestTools.TestTypes.Unit.UnitTestAdapter, Microsoft.VisualStudio.QualityTools.Tips.UnitTest.Adapter, Version=10.0.0.0, Culture=neutral, PublicKeyToken=b03f5f7f11d50a3a" className="ConnectPlus.ClientContact.Domain.Tests.Specifications.SubsectorSpecification+Preconditions, ConnectPlus.ClientContact.Domain.Tests, Version=1.0.0.0, Culture=neutral, PublicKeyToken=null" name="Constructor_should_require_client_sector" />
    </UnitTest>
    <UnitTest name="Should_throw_notsupportedexception" storage="c:\gitworkspace\01.dev\output\.net\debug\connectplus.clientcontact.services.tests.dll" id="99352f3f-d9a1-a1b0-057e-b9721c1837c9">
      <TestCategory>
        <TestCategoryItem TestCategory="Unit Test" />
      </TestCategory>
      <Execution id="7a6f31e1-cc00-496a-b6da-f79754cfcbb0" />
      <TestMethod codeBase="C:/gitWorkspace/01.Dev/Output/.NET/Debug/ConnectPlus.ClientContact.Services.Tests.DLL" adapterTypeName="Microsoft.VisualStudio.TestTools.TestTypes.Unit.UnitTestAdapter, Microsoft.VisualStudio.QualityTools.Tips.UnitTest.Adapter, Version=10.0.0.0, Culture=neutral, PublicKeyToken=b03f5f7f11d50a3a" className="ConnectPlus.ClientContact.Services.Tests.Specifications.CommandProcessors.Factories.StatusBasedTierGroup+When_the_status_is_inactive, ConnectPlus.ClientContact.Services.Tests, Version=1.0.0.0, Culture=neutral, PublicKeyToken=null" name="Should_throw_notsupportedexception" />
    </UnitTest>
    <UnitTest name="Should_require_description_shorter_than_256_chars" storage="c:\gitworkspace\01.dev\output\.net\debug\connectplus.clientcontact.messaging.contracts.tests.dll" id="a619cf25-a4ba-4486-1ddb-d19b818f9e7d">
      <TestCategory>
        <TestCategoryItem TestCategory="Unit Test" />
      </TestCategory>
      <Execution id="e758ad82-6a7c-4a90-90c8-d011ea71e2b1" />
      <TestMethod codeBase="C:/gitWorkspace/01.Dev/Output/.NET/Debug/ConnectPlus.ClientContact.Messaging.Contracts.Tests.DLL" adapterTypeName="Microsoft.VisualStudio.TestTools.TestTypes.Unit.UnitTestAdapter, Microsoft.VisualStudio.QualityTools.Tips.UnitTest.Adapter, Version=10.0.0.0, Culture=neutral, PublicKeyToken=b03f5f7f11d50a3a" className="ConnectPlus.ClientContact.Messaging.Contracts.Tests.Specifications.SubsectorMessageSpecifications, ConnectPlus.ClientContact.Messaging.Contracts.Tests, Version=1.0.0.0, Culture=neutral, PublicKeyToken=null" name="Should_require_description_shorter_than_256_chars" />
    </UnitTest>
    <UnitTest name="CanCorrectlyMapPersonEmail" storage="c:\gitworkspace\01.dev\output\.net\debug\connectplus.crm.dataaccess.tests.dll" id="123a2d86-fdb1-5576-d562-bac66ac5cb8a">
      <Execution id="61d55c98-3035-4d50-b643-526a79724a46" />
      <TestMethod codeBase="C:/gitWorkspace/01.Dev/Output/.NET/Debug/ConnectPlus.CRM.DataAccess.Tests.DLL" adapterTypeName="Microsoft.VisualStudio.TestTools.TestTypes.Unit.UnitTestAdapter, Microsoft.VisualStudio.QualityTools.Tips.UnitTest.Adapter, Version=10.0.0.0, Culture=neutral, PublicKeyToken=b03f5f7f11d50a3a" className="ConnectPlus.CRM.DataAccess.Tests.ClassMappingTests, ConnectPlus.CRM.DataAccess.Tests, Version=1.0.0.0, Culture=neutral, PublicKeyToken=null" name="CanCorrectlyMapPersonEmail" />
    </UnitTest>
    <UnitTest name="CanDeletePhoneNumbersFromUser" storage="c:\gitworkspace\01.dev\output\.net\debug\connectplus.crm.dataaccess.tests.dll" id="658fd4d9-2ac8-7311-0f88-646c9831de8d">
      <Execution id="db0adbd1-47c9-4813-b783-0ef3960fef65" />
      <TestMethod codeBase="C:/gitWorkspace/01.Dev/Output/.NET/Debug/ConnectPlus.CRM.DataAccess.Tests.DLL" adapterTypeName="Microsoft.VisualStudio.TestTools.TestTypes.Unit.UnitTestAdapter, Microsoft.VisualStudio.QualityTools.Tips.UnitTest.Adapter, Version=10.0.0.0, Culture=neutral, PublicKeyToken=b03f5f7f11d50a3a" className="ConnectPlus.CRM.DataAccess.Tests.ClassMappingTests, ConnectPlus.CRM.DataAccess.Tests, Version=1.0.0.0, Culture=neutral, PublicKeyToken=null" name="CanDeletePhoneNumbersFromUser" />
    </UnitTest>
    <UnitTest name="Should_require_a_valid_iso_region_code" storage="c:\gitworkspace\01.dev\output\.net\debug\connectplus.clientcontact.domain.tests.dll" id="cbbb308b-9b32-97f5-4e7e-75cb3790a4f7">
      <TestCategory>
        <TestCategoryItem TestCategory="Unit Test" />
      </TestCategory>
      <Execution id="0d7d4644-7ac7-4dd9-bd25-766568f02873" />
      <TestMethod codeBase="C:/gitWorkspace/01.Dev/Output/.NET/Debug/ConnectPlus.ClientContact.Domain.Tests.DLL" adapterTypeName="Microsoft.VisualStudio.TestTools.TestTypes.Unit.UnitTestAdapter, Microsoft.VisualStudio.QualityTools.Tips.UnitTest.Adapter, Version=10.0.0.0, Culture=neutral, PublicKeyToken=b03f5f7f11d50a3a" className="ConnectPlus.ClientContact.Domain.Tests.Specifications.CountrySpecification, ConnectPlus.ClientContact.Domain.Tests, Version=1.0.0.0, Culture=neutral, PublicKeyToken=null" name="Should_require_a_valid_iso_region_code" />
    </UnitTest>
    <UnitTest name="Should_change_the_sales_hierarchy_to_the_given_value" storage="c:\gitworkspace\01.dev\output\.net\debug\connectplus.clientcontact.domain.tests.dll" id="248f3014-fdd6-66df-e7f7-740e6b17fea6">
      <TestCategory>
        <TestCategoryItem TestCategory="Specification" />
      </TestCategory>
      <Execution id="5751e90d-7aa0-40dd-be32-b124e079afed" />
      <TestMethod codeBase="C:/gitWorkspace/01.Dev/Output/.NET/Debug/ConnectPlus.ClientContact.Domain.Tests.DLL" adapterTypeName="Microsoft.VisualStudio.TestTools.TestTypes.Unit.UnitTestAdapter, Microsoft.VisualStudio.QualityTools.Tips.UnitTest.Adapter, Version=10.0.0.0, Culture=neutral, PublicKeyToken=b03f5f7f11d50a3a" className="ConnectPlus.ClientContact.Domain.Tests.Specifications.ClientSpecification+When_changing_the_subsector, ConnectPlus.ClientContact.Domain.Tests, Version=1.0.0.0, Culture=neutral, PublicKeyToken=null" name="Should_change_the_sales_hierarchy_to_the_given_value" />
    </UnitTest>
    <UnitTest name="Constructor_should_require_non_null_description" storage="c:\gitworkspace\01.dev\output\.net\debug\connectplus.clientcontact.domain.tests.dll" id="42370a91-331b-4164-7ac8-0861e3613a4c">
      <TestCategory>
        <TestCategoryItem TestCategory="Unit Test" />
      </TestCategory>
      <Execution id="da4130fb-185e-4f90-acfe-0e777d853363" />
      <TestMethod codeBase="C:/gitWorkspace/01.Dev/Output/.NET/Debug/ConnectPlus.ClientContact.Domain.Tests.DLL" adapterTypeName="Microsoft.VisualStudio.TestTools.TestTypes.Unit.UnitTestAdapter, Microsoft.VisualStudio.QualityTools.Tips.UnitTest.Adapter, Version=10.0.0.0, Culture=neutral, PublicKeyToken=b03f5f7f11d50a3a" className="ConnectPlus.ClientContact.Domain.Tests.Specifications.TierListSpecification+Preconditions, ConnectPlus.ClientContact.Domain.Tests, Version=1.0.0.0, Culture=neutral, PublicKeyToken=null" name="Constructor_should_require_non_null_description" />
    </UnitTest>
    <UnitTest name="Should_Get_User_By_UserName" storage="c:\gitworkspace\01.dev\output\.net\debug\connectplus.crm.dataaccess.tests.dll" id="91c88b1c-b98a-626c-85b3-dde38424be13">
      <Execution id="82bb013f-e7ae-487a-b3af-8524147f0e41" />
      <TestMethod codeBase="C:/gitWorkspace/01.Dev/Output/.NET/Debug/ConnectPlus.CRM.DataAccess.Tests.DLL" adapterTypeName="Microsoft.VisualStudio.TestTools.TestTypes.Unit.UnitTestAdapter, Microsoft.VisualStudio.QualityTools.Tips.UnitTest.Adapter, Version=10.0.0.0, Culture=neutral, PublicKeyToken=b03f5f7f11d50a3a" className="ConnectPlus.CRM.DataAccess.Tests.Repositories.SecurityRepositoryTests, ConnectPlus.CRM.DataAccess.Tests, Version=1.0.0.0, Culture=neutral, PublicKeyToken=null" name="Should_Get_User_By_UserName" />
    </UnitTest>
    <UnitTest name="Can_map_contact" storage="c:\gitworkspace\01.dev\output\.net\debug\connectplus.clientcontact.dataaccess.tests.dll" id="0994405c-f4cc-1f48-cbf3-91b9b93138a3">
      <TestCategory>
        <TestCategoryItem TestCategory="Integration" />
      </TestCategory>
      <Execution id="646e5b15-4bfa-45e5-80be-d1d14c0c5f78" />
      <TestMethod codeBase="C:/gitWorkspace/01.Dev/Output/.NET/Debug/ConnectPlus.ClientContact.DataAccess.Tests.DLL" adapterTypeName="Microsoft.VisualStudio.TestTools.TestTypes.Unit.UnitTestAdapter, Microsoft.VisualStudio.QualityTools.Tips.UnitTest.Adapter, Version=10.0.0.0, Culture=neutral, PublicKeyToken=b03f5f7f11d50a3a" className="ConnectPlus.ClientContact.DataAccess.Tests.Mapping.ContactMappingTests, ConnectPlus.ClientContact.DataAccess.Tests, Version=1.0.0.0, Culture=neutral, PublicKeyToken=null" name="Can_map_contact" />
    </UnitTest>
    <UnitTest name="Should_Ignore_WhiteSpace" storage="c:\gitworkspace\01.dev\output\.net\debug\connectplus.crm.dataaccess.tests.dll" id="1f13cdf9-3cc0-a051-1ee5-00c6d3438195">
      <Execution id="08e0c46b-7ea8-4818-ab56-c53b2471c3d7" />
      <TestMethod codeBase="C:/gitWorkspace/01.Dev/Output/.NET/Debug/ConnectPlus.CRM.DataAccess.Tests.DLL" adapterTypeName="Microsoft.VisualStudio.TestTools.TestTypes.Unit.UnitTestAdapter, Microsoft.VisualStudio.QualityTools.Tips.UnitTest.Adapter, Version=10.0.0.0, Culture=neutral, PublicKeyToken=b03f5f7f11d50a3a" className="ConnectPlus.ClientContact.DataAccess.Tests.SearchExpressionParserTests, ConnectPlus.CRM.DataAccess.Tests, Version=1.0.0.0, Culture=neutral, PublicKeyToken=null" name="Should_Ignore_WhiteSpace" />
    </UnitTest>
    <UnitTest name="Can_map_sector" storage="c:\gitworkspace\01.dev\output\.net\debug\connectplus.clientcontact.dataaccess.tests.dll" id="5497c6bc-7284-8900-2919-965d1c8a9a8f">
      <Execution id="79981250-44bc-427a-be2c-09f65e25e8d9" />
      <TestMethod codeBase="C:/gitWorkspace/01.Dev/Output/.NET/Debug/ConnectPlus.ClientContact.DataAccess.Tests.DLL" adapterTypeName="Microsoft.VisualStudio.TestTools.TestTypes.Unit.UnitTestAdapter, Microsoft.VisualStudio.QualityTools.Tips.UnitTest.Adapter, Version=10.0.0.0, Culture=neutral, PublicKeyToken=b03f5f7f11d50a3a" className="ConnectPlus.ClientContact.DataAccess.Tests.Mapping.ClientMappingTests, ConnectPlus.ClientContact.DataAccess.Tests, Version=1.0.0.0, Culture=neutral, PublicKeyToken=null" name="Can_map_sector" />
    </UnitTest>
    <UnitTest name="CanExecute" storage="c:\gitworkspace\01.dev\output\.net\debug\connectplus.clientcontact.services.tests.dll" id="d4ece765-93de-ec6a-2f46-3245d3d6a8ee">
      <Execution id="0d004695-f4f5-4501-934f-479a0793037f" />
      <TestMethod codeBase="C:/gitWorkspace/01.Dev/Output/.NET/Debug/ConnectPlus.ClientContact.Services.Tests.DLL" adapterTypeName="Microsoft.VisualStudio.TestTools.TestTypes.Unit.UnitTestAdapter, Microsoft.VisualStudio.QualityTools.Tips.UnitTest.Adapter, Version=10.0.0.0, Culture=neutral, PublicKeyToken=b03f5f7f11d50a3a" className="ConnectPlus.ClientContact.Services.Tests.Queries.TierListValueByContactQueryFixture, ConnectPlus.ClientContact.Services.Tests, Version=1.0.0.0, Culture=neutral, PublicKeyToken=null" name="CanExecute" />
    </UnitTest>
    <UnitTest name="Should_return_the_created_contacts_id" storage="c:\gitworkspace\01.dev\output\.net\debug\connectplus.clientcontact.contact.services.tests.dll" id="7b6e5efd-31ff-0f8b-97b2-46119a8a2984">
      <TestCategory>
        <TestCategoryItem TestCategory="Unit Test" />
      </TestCategory>
      <Execution id="78ca9edb-a598-4185-8c29-11770b0098f2" />
      <TestMethod codeBase="C:/gitWorkspace/01.Dev/Output/.NET/Debug/ConnectPlus.ClientContact.Contact.Services.Tests.DLL" adapterTypeName="Microsoft.VisualStudio.TestTools.TestTypes.Unit.UnitTestAdapter, Microsoft.VisualStudio.QualityTools.Tips.UnitTest.Adapter, Version=10.0.0.0, Culture=neutral, PublicKeyToken=b03f5f7f11d50a3a" className="ConnectPlus.ClientContact.Contact.Services.Tests.Specifications.CreateContactCommandProcessorSpecification+When_the_contact_creation_is_successful, ConnectPlus.ClientContact.Contact.Services.Tests, Version=1.0.0.0, Culture=neutral, PublicKeyToken=null" name="Should_return_the_created_contacts_id" />
    </UnitTest>
    <UnitTest name="Created_contact_event_is_published_to_the_bus" storage="c:\gitworkspace\01.dev\output\.net\debug\connectplus.clientcontact.domain.tests.dll" id="f5b879d0-e890-8930-5fc2-005bc69546c1">
      <TestCategory>
        <TestCategoryItem TestCategory="Unit Test" />
      </TestCategory>
      <Execution id="8e3b9f87-5ad1-4efb-aab3-b493a4ae85f2" />
      <TestMethod codeBase="C:/gitWorkspace/01.Dev/Output/.NET/Debug/ConnectPlus.ClientContact.Domain.Tests.DLL" adapterTypeName="Microsoft.VisualStudio.TestTools.TestTypes.Unit.UnitTestAdapter, Microsoft.VisualStudio.QualityTools.Tips.UnitTest.Adapter, Version=10.0.0.0, Culture=neutral, PublicKeyToken=b03f5f7f11d50a3a" className="ConnectPlus.ClientContact.Domain.Tests.CreateContactDurableEventPublisherTest, ConnectPlus.ClientContact.Domain.Tests, Version=1.0.0.0, Culture=neutral, PublicKeyToken=null" name="Created_contact_event_is_published_to_the_bus" />
    </UnitTest>
    <UnitTest name="Should_retrieve_the_current_version" storage="c:\gitworkspace\01.dev\output\.net\debug\connectplus.clientcontact.services.tests.dll" id="e5edb6db-60de-d69d-271b-1f2103f94edf">
      <TestCategory>
        <TestCategoryItem TestCategory="Unit Test" />
      </TestCategory>
      <Execution id="82e59c9e-9fdc-4ff6-8b0c-293f96047f16" />
      <TestMethod codeBase="C:/gitWorkspace/01.Dev/Output/.NET/Debug/ConnectPlus.ClientContact.Services.Tests.DLL" adapterTypeName="Microsoft.VisualStudio.TestTools.TestTypes.Unit.UnitTestAdapter, Microsoft.VisualStudio.QualityTools.Tips.UnitTest.Adapter, Version=10.0.0.0, Culture=neutral, PublicKeyToken=b03f5f7f11d50a3a" className="ConnectPlus.ClientContact.Services.Tests.Specifications.VersionCheckerRevisionServiceSpecification, ConnectPlus.ClientContact.Services.Tests, Version=1.0.0.0, Culture=neutral, PublicKeyToken=null" name="Should_retrieve_the_current_version" />
    </UnitTest>
    <UnitTest name="Constructor_should_require_group" storage="c:\gitworkspace\01.dev\output\.net\debug\connectplus.clientcontact.domain.tests.dll" id="aaae6628-fb9a-345d-d87b-676d891e4b7a">
      <TestCategory>
        <TestCategoryItem TestCategory="Unit Test" />
      </TestCategory>
      <Execution id="418ff5f9-ec5f-413d-9d5a-506577b99668" />
      <TestMethod codeBase="C:/gitWorkspace/01.Dev/Output/.NET/Debug/ConnectPlus.ClientContact.Domain.Tests.DLL" adapterTypeName="Microsoft.VisualStudio.TestTools.TestTypes.Unit.UnitTestAdapter, Microsoft.VisualStudio.QualityTools.Tips.UnitTest.Adapter, Version=10.0.0.0, Culture=neutral, PublicKeyToken=b03f5f7f11d50a3a" className="ConnectPlus.ClientContact.Domain.Tests.Specifications.TierListSpecification+Preconditions, ConnectPlus.ClientContact.Domain.Tests, Version=1.0.0.0, Culture=neutral, PublicKeyToken=null" name="Constructor_should_require_group" />
    </UnitTest>
    <UnitTest name="Should_rank_as_3" storage="c:\gitworkspace\01.dev\output\.net\debug\connectplus.clientcontact.contact.services.tests.dll" id="f247ccc0-306b-9ba7-27b6-5d9c35c19b0e">
      <Execution id="31b32744-55ea-490b-85a9-5a64a2ec1b3d" />
      <TestMethod codeBase="C:/gitWorkspace/01.Dev/Output/.NET/Debug/ConnectPlus.ClientContact.Contact.Services.Tests.DLL" adapterTypeName="Microsoft.VisualStudio.TestTools.TestTypes.Unit.UnitTestAdapter, Microsoft.VisualStudio.QualityTools.Tips.UnitTest.Adapter, Version=10.0.0.0, Culture=neutral, PublicKeyToken=b03f5f7f11d50a3a" className="ConnectPlus.ClientContact.Contact.Services.Tests.Queries.EmailAddressSearchSpecification+When_matches_email_exactly, ConnectPlus.ClientContact.Contact.Services.Tests, Version=1.0.0.0, Culture=neutral, PublicKeyToken=null" name="Should_rank_as_3" />
    </UnitTest>
    <UnitTest name="Should_check_if_the_tier_value_exists" storage="c:\gitworkspace\01.dev\output\.net\debug\connectplus.clientcontact.services.tests.dll" id="a8075f9e-50c1-dcd8-bf4f-c1e29c90ef29">
      <TestCategory>
        <TestCategoryItem TestCategory="Specification" />
      </TestCategory>
      <Execution id="a193c11d-a420-4dcb-9ce5-6a956d697799" />
      <TestMethod codeBase="C:/gitWorkspace/01.Dev/Output/.NET/Debug/ConnectPlus.ClientContact.Services.Tests.DLL" adapterTypeName="Microsoft.VisualStudio.TestTools.TestTypes.Unit.UnitTestAdapter, Microsoft.VisualStudio.QualityTools.Tips.UnitTest.Adapter, Version=10.0.0.0, Culture=neutral, PublicKeyToken=b03f5f7f11d50a3a" className="ConnectPlus.ClientContact.Services.Tests.Specifications.CommandProcessors.UpsertTierValueCommandProcessorSpecification, ConnectPlus.ClientContact.Services.Tests, Version=1.0.0.0, Culture=neutral, PublicKeyToken=null" name="Should_check_if_the_tier_value_exists" />
    </UnitTest>
    <UnitTest name="Should_check_if_the_sector_exists" storage="c:\gitworkspace\01.dev\output\.net\debug\connectplus.clientcontact.services.tests.dll" id="9409edab-4685-7666-abb8-365a78c465bf">
      <TestCategory>
        <TestCategoryItem TestCategory="Specification" />
      </TestCategory>
      <Execution id="1a42c4d0-7220-4e5a-9018-d0ccc223c20e" />
      <TestMethod codeBase="C:/gitWorkspace/01.Dev/Output/.NET/Debug/ConnectPlus.ClientContact.Services.Tests.DLL" adapterTypeName="Microsoft.VisualStudio.TestTools.TestTypes.Unit.UnitTestAdapter, Microsoft.VisualStudio.QualityTools.Tips.UnitTest.Adapter, Version=10.0.0.0, Culture=neutral, PublicKeyToken=b03f5f7f11d50a3a" className="ConnectPlus.ClientContact.Services.Tests.Specifications.CommandProcessors.UpsertSectorCommandProcessorSpecification+When_the_sector_doesnt_exist, ConnectPlus.ClientContact.Services.Tests, Version=1.0.0.0, Culture=neutral, PublicKeyToken=null" name="Should_check_if_the_sector_exists" />
    </UnitTest>
    <UnitTest name="Should_require_description_shorter_than_256_chars" storage="c:\gitworkspace\01.dev\output\.net\debug\connectplus.clientcontact.messaging.contracts.tests.dll" id="61c3d2ed-8b33-3553-348f-d0eda94a3e0b">
      <TestCategory>
        <TestCategoryItem TestCategory="Unit Test" />
      </TestCategory>
      <Execution id="7aebd23b-ed06-4730-98e7-3b010787b979" />
      <TestMethod codeBase="C:/gitWorkspace/01.Dev/Output/.NET/Debug/ConnectPlus.ClientContact.Messaging.Contracts.Tests.DLL" adapterTypeName="Microsoft.VisualStudio.TestTools.TestTypes.Unit.UnitTestAdapter, Microsoft.VisualStudio.QualityTools.Tips.UnitTest.Adapter, Version=10.0.0.0, Culture=neutral, PublicKeyToken=b03f5f7f11d50a3a" className="ConnectPlus.ClientContact.Messaging.Contracts.Tests.Specifications.TierValueMessageSpecification, ConnectPlus.ClientContact.Messaging.Contracts.Tests, Version=1.0.0.0, Culture=neutral, PublicKeyToken=null" name="Should_require_description_shorter_than_256_chars" />
    </UnitTest>
    <UnitTest name="Can_map_sdmClient_with_no_parent" storage="c:\gitworkspace\01.dev\output\.net\debug\connectplus.clientcontact.dataaccess.tests.dll" id="837245f8-aa43-151a-592b-b1b9284dc494">
      <Execution id="cf73d306-0c59-478e-85a4-c02197875908" />
      <TestMethod codeBase="C:/gitWorkspace/01.Dev/Output/.NET/Debug/ConnectPlus.ClientContact.DataAccess.Tests.DLL" adapterTypeName="Microsoft.VisualStudio.TestTools.TestTypes.Unit.UnitTestAdapter, Microsoft.VisualStudio.QualityTools.Tips.UnitTest.Adapter, Version=10.0.0.0, Culture=neutral, PublicKeyToken=b03f5f7f11d50a3a" className="ConnectPlus.ClientContact.DataAccess.Tests.Mapping.ClientMappingTests, ConnectPlus.ClientContact.DataAccess.Tests, Version=1.0.0.0, Culture=neutral, PublicKeyToken=null" name="Can_map_sdmClient_with_no_parent" />
    </UnitTest>
    <UnitTest name="Should_require_name" storage="c:\gitworkspace\01.dev\output\.net\debug\connectplus.clientcontact.messaging.contracts.tests.dll" id="f2adad83-ea95-967c-7f15-b988c043e012">
      <TestCategory>
        <TestCategoryItem TestCategory="Unit Test" />
      </TestCategory>
      <Execution id="58fb503e-db8d-4aa7-b2c3-f8f3b713340c" />
      <TestMethod codeBase="C:/gitWorkspace/01.Dev/Output/.NET/Debug/ConnectPlus.ClientContact.Messaging.Contracts.Tests.DLL" adapterTypeName="Microsoft.VisualStudio.TestTools.TestTypes.Unit.UnitTestAdapter, Microsoft.VisualStudio.QualityTools.Tips.UnitTest.Adapter, Version=10.0.0.0, Culture=neutral, PublicKeyToken=b03f5f7f11d50a3a" className="ConnectPlus.ClientContact.Messaging.Contracts.Tests.Specifications.ClientMessageSpecifications, ConnectPlus.ClientContact.Messaging.Contracts.Tests, Version=1.0.0.0, Culture=neutral, PublicKeyToken=null" name="Should_require_name" />
    </UnitTest>
    <UnitTest name="Should_create_an_upsert_command_processor" storage="c:\gitworkspace\01.dev\output\.net\debug\connectplus.clientcontact.services.tests.dll" id="9923c427-5e36-ca1e-af00-6b03d4330e17">
      <TestCategory>
        <TestCategoryItem TestCategory="Unit Test" />
      </TestCategory>
      <Execution id="4eaf6e6b-60ce-43b1-aa85-7f2b6f91d369" />
      <TestMethod codeBase="C:/gitWorkspace/01.Dev/Output/.NET/Debug/ConnectPlus.ClientContact.Services.Tests.DLL" adapterTypeName="Microsoft.VisualStudio.TestTools.TestTypes.Unit.UnitTestAdapter, Microsoft.VisualStudio.QualityTools.Tips.UnitTest.Adapter, Version=10.0.0.0, Culture=neutral, PublicKeyToken=b03f5f7f11d50a3a" className="ConnectPlus.ClientContact.Services.Tests.Specifications.CommandProcessors.Factories.StatusBasedSubsector+When_the_status_is_active, ConnectPlus.ClientContact.Services.Tests, Version=1.0.0.0, Culture=neutral, PublicKeyToken=null" name="Should_create_an_upsert_command_processor" />
    </UnitTest>
    <UnitTest name="If_Poller_Errors_Last_Poll_Time_Reset_And_Poll_Continues" storage="c:\gitworkspace\01.dev\output\.net\debug\connectplus.crm.dataaccess.tests.dll" id="864dc740-ea03-d36f-8fae-2a8c47e8dd89">
      <Execution id="1a255f8f-c0aa-4a68-a037-e370b2ff4010" />
      <TestMethod codeBase="C:/gitWorkspace/01.Dev/Output/.NET/Debug/ConnectPlus.CRM.DataAccess.Tests.DLL" adapterTypeName="Microsoft.VisualStudio.TestTools.TestTypes.Unit.UnitTestAdapter, Microsoft.VisualStudio.QualityTools.Tips.UnitTest.Adapter, Version=10.0.0.0, Culture=neutral, PublicKeyToken=b03f5f7f11d50a3a" className="ConnectPlus.ClientContact.DataAccess.Tests.ContactChangeMonitorTests, ConnectPlus.CRM.DataAccess.Tests, Version=1.0.0.0, Culture=neutral, PublicKeyToken=null" name="If_Poller_Errors_Last_Poll_Time_Reset_And_Poll_Continues" />
    </UnitTest>
    <UnitTest name="Should_retrieve_the_tier_value" storage="c:\gitworkspace\01.dev\output\.net\debug\connectplus.clientcontact.services.tests.dll" id="8477d00f-472c-921e-d1b1-02d3d3c93c30">
      <TestCategory>
        <TestCategoryItem TestCategory="Specification" />
      </TestCategory>
      <Execution id="e0bb49f8-284c-4fe3-a3af-95a0a2602259" />
      <TestMethod codeBase="C:/gitWorkspace/01.Dev/Output/.NET/Debug/ConnectPlus.ClientContact.Services.Tests.DLL" adapterTypeName="Microsoft.VisualStudio.TestTools.TestTypes.Unit.UnitTestAdapter, Microsoft.VisualStudio.QualityTools.Tips.UnitTest.Adapter, Version=10.0.0.0, Culture=neutral, PublicKeyToken=b03f5f7f11d50a3a" className="ConnectPlus.ClientContact.Services.Tests.Specifications.CommandProcessors.ClientTierCommandProcessorSpecification+When_all_preconditions_are_met+When_the_status_is_deleted, ConnectPlus.ClientContact.Services.Tests, Version=1.0.0.0, Culture=neutral, PublicKeyToken=null" name="Should_retrieve_the_tier_value" />
    </UnitTest>
    <UnitTest name="Should_require_sales_hierarchy_higher_than_0" storage="c:\gitworkspace\01.dev\output\.net\debug\connectplus.clientcontact.messaging.contracts.tests.dll" id="edc4c6e1-bf39-ca01-76da-54bd11778d66">
      <TestCategory>
        <TestCategoryItem TestCategory="Unit Test" />
      </TestCategory>
      <Execution id="42047b45-4ed7-4b3c-9410-2dad2836a759" />
      <TestMethod codeBase="C:/gitWorkspace/01.Dev/Output/.NET/Debug/ConnectPlus.ClientContact.Messaging.Contracts.Tests.DLL" adapterTypeName="Microsoft.VisualStudio.TestTools.TestTypes.Unit.UnitTestAdapter, Microsoft.VisualStudio.QualityTools.Tips.UnitTest.Adapter, Version=10.0.0.0, Culture=neutral, PublicKeyToken=b03f5f7f11d50a3a" className="ConnectPlus.ClientContact.Messaging.Contracts.Tests.Specifications.ClientMessageSpecifications, ConnectPlus.ClientContact.Messaging.Contracts.Tests, Version=1.0.0.0, Culture=neutral, PublicKeyToken=null" name="Should_require_sales_hierarchy_higher_than_0" />
    </UnitTest>
    <UnitTest name="Should_retrieve_the_client" storage="c:\gitworkspace\01.dev\output\.net\debug\connectplus.clientcontact.services.tests.dll" id="0ff7d643-8cac-15cf-930e-fa8ca4aaae98">
      <TestCategory>
        <TestCategoryItem TestCategory="Specification" />
      </TestCategory>
      <Execution id="252b0458-a0f9-488b-b491-4f32c761316d" />
      <TestMethod codeBase="C:/gitWorkspace/01.Dev/Output/.NET/Debug/ConnectPlus.ClientContact.Services.Tests.DLL" adapterTypeName="Microsoft.VisualStudio.TestTools.TestTypes.Unit.UnitTestAdapter, Microsoft.VisualStudio.QualityTools.Tips.UnitTest.Adapter, Version=10.0.0.0, Culture=neutral, PublicKeyToken=b03f5f7f11d50a3a" className="ConnectPlus.ClientContact.Services.Tests.Specifications.CommandProcessors.ClientTierCommandProcessorSpecification+When_all_preconditions_are_met, ConnectPlus.ClientContact.Services.Tests, Version=1.0.0.0, Culture=neutral, PublicKeyToken=null" name="Should_retrieve_the_client" />
    </UnitTest>
    <UnitTest name="Should_update_the_clients_cis_code" storage="c:\gitworkspace\01.dev\output\.net\debug\connectplus.clientcontact.services.tests.dll" id="a77574c7-282f-14ca-d4c7-d8262a241077">
      <TestCategory>
        <TestCategoryItem TestCategory="Unit Test" />
      </TestCategory>
      <Execution id="617908bd-4fe4-4a3d-b700-827cf07ae18c" />
      <TestMethod codeBase="C:/gitWorkspace/01.Dev/Output/.NET/Debug/ConnectPlus.ClientContact.Services.Tests.DLL" adapterTypeName="Microsoft.VisualStudio.TestTools.TestTypes.Unit.UnitTestAdapter, Microsoft.VisualStudio.QualityTools.Tips.UnitTest.Adapter, Version=10.0.0.0, Culture=neutral, PublicKeyToken=b03f5f7f11d50a3a" className="ConnectPlus.ClientContact.Services.Tests.Specifications.CommandProcessors.UpsertClientCommandProcessorSpecification+When_all_preconditions_are_met+When_the_client_exists+When_the_client_is_root_level, ConnectPlus.ClientContact.Services.Tests, Version=1.0.0.0, Culture=neutral, PublicKeyToken=null" name="Should_update_the_clients_cis_code" />
    </UnitTest>
    <UnitTest name="Should_require_description" storage="c:\gitworkspace\01.dev\output\.net\debug\connectplus.clientcontact.messaging.contracts.tests.dll" id="31a1369e-c4f8-e64e-9c29-dacdd4c6e45b">
      <TestCategory>
        <TestCategoryItem TestCategory="Unit Test" />
      </TestCategory>
      <Execution id="ca468094-4e1b-4e2a-aaac-52d7607d296a" />
      <TestMethod codeBase="C:/gitWorkspace/01.Dev/Output/.NET/Debug/ConnectPlus.ClientContact.Messaging.Contracts.Tests.DLL" adapterTypeName="Microsoft.VisualStudio.TestTools.TestTypes.Unit.UnitTestAdapter, Microsoft.VisualStudio.QualityTools.Tips.UnitTest.Adapter, Version=10.0.0.0, Culture=neutral, PublicKeyToken=b03f5f7f11d50a3a" className="ConnectPlus.ClientContact.Messaging.Contracts.Tests.Specifications.TierListMessageSpecifications, ConnectPlus.ClientContact.Messaging.Contracts.Tests, Version=1.0.0.0, Culture=neutral, PublicKeyToken=null" name="Should_require_description" />
    </UnitTest>
    <UnitTest name="Should_update_the_tier_list" storage="c:\gitworkspace\01.dev\output\.net\debug\connectplus.clientcontact.services.tests.dll" id="acca2b94-4c34-adfe-5df0-31a73b5adf67">
      <TestCategory>
        <TestCategoryItem TestCategory="Specification" />
      </TestCategory>
      <Execution id="e5a3128d-733a-4fb7-ba68-b307f904ea52" />
      <TestMethod codeBase="C:/gitWorkspace/01.Dev/Output/.NET/Debug/ConnectPlus.ClientContact.Services.Tests.DLL" adapterTypeName="Microsoft.VisualStudio.TestTools.TestTypes.Unit.UnitTestAdapter, Microsoft.VisualStudio.QualityTools.Tips.UnitTest.Adapter, Version=10.0.0.0, Culture=neutral, PublicKeyToken=b03f5f7f11d50a3a" className="ConnectPlus.ClientContact.Services.Tests.Specifications.CommandProcessors.UpsertTierListCommandProcessorSpecification+When_the_tier_list_exists, ConnectPlus.ClientContact.Services.Tests, Version=1.0.0.0, Culture=neutral, PublicKeyToken=null" name="Should_update_the_tier_list" />
    </UnitTest>
    <UnitTest name="Should_remove_the_tier_from_the_tiervalue_collection" storage="c:\gitworkspace\01.dev\output\.net\debug\connectplus.clientcontact.domain.tests.dll" id="b99f0b78-bde0-f52a-e989-17097e6e475a">
      <TestCategory>
        <TestCategoryItem TestCategory="Specification" />
      </TestCategory>
      <Execution id="dd12202f-9d5a-484a-b433-63f28159f62a" />
      <TestMethod codeBase="C:/gitWorkspace/01.Dev/Output/.NET/Debug/ConnectPlus.ClientContact.Domain.Tests.DLL" adapterTypeName="Microsoft.VisualStudio.TestTools.TestTypes.Unit.UnitTestAdapter, Microsoft.VisualStudio.QualityTools.Tips.UnitTest.Adapter, Version=10.0.0.0, Culture=neutral, PublicKeyToken=b03f5f7f11d50a3a" className="ConnectPlus.ClientContact.Domain.Tests.Specifications.ClientSpecification+When_unassigning_a_tier_value, ConnectPlus.ClientContact.Domain.Tests, Version=1.0.0.0, Culture=neutral, PublicKeyToken=null" name="Should_remove_the_tier_from_the_tiervalue_collection" />
    </UnitTest>
    <UnitTest name="Should_require_cis_code_less_than_31_chars" storage="c:\gitworkspace\01.dev\output\.net\debug\connectplus.clientcontact.messaging.contracts.tests.dll" id="afed51c4-f47b-41cf-d9f9-97b25590b957">
      <TestCategory>
        <TestCategoryItem TestCategory="Unit Test" />
      </TestCategory>
      <Execution id="5a61f802-7b18-4b38-8b77-97c64b933ecf" />
      <TestMethod codeBase="C:/gitWorkspace/01.Dev/Output/.NET/Debug/ConnectPlus.ClientContact.Messaging.Contracts.Tests.DLL" adapterTypeName="Microsoft.VisualStudio.TestTools.TestTypes.Unit.UnitTestAdapter, Microsoft.VisualStudio.QualityTools.Tips.UnitTest.Adapter, Version=10.0.0.0, Culture=neutral, PublicKeyToken=b03f5f7f11d50a3a" className="ConnectPlus.ClientContact.Messaging.Contracts.Tests.Specifications.ClientMessageSpecifications, ConnectPlus.ClientContact.Messaging.Contracts.Tests, Version=1.0.0.0, Culture=neutral, PublicKeyToken=null" name="Should_require_cis_code_less_than_31_chars" />
    </UnitTest>
    <UnitTest name="Tiering_Information_Attached_When_List_Preference_Exists_With_Preferred_TierListId" storage="c:\gitworkspace\01.dev\output\.net\debug\connectplus.clientcontact.services.tests.dll" id="10665b7f-ac3b-545e-ea73-f0e44457fc82">
      <Execution id="232920b9-2b19-4c7b-b9f9-235fff138434" />
      <TestMethod codeBase="C:/gitWorkspace/01.Dev/Output/.NET/Debug/ConnectPlus.ClientContact.Services.Tests.DLL" adapterTypeName="Microsoft.VisualStudio.TestTools.TestTypes.Unit.UnitTestAdapter, Microsoft.VisualStudio.QualityTools.Tips.UnitTest.Adapter, Version=10.0.0.0, Culture=neutral, PublicKeyToken=b03f5f7f11d50a3a" className="ConnectPlus.ClientContact.Services.Tests.Queries.SearchQueryFixture+When_Searching_By_List, ConnectPlus.ClientContact.Services.Tests, Version=1.0.0.0, Culture=neutral, PublicKeyToken=null" name="Tiering_Information_Attached_When_List_Preference_Exists_With_Preferred_TierListId" />
    </UnitTest>
    <UnitTest name="Should_pass_validation_when_all_preconditions_are_met" storage="c:\gitworkspace\01.dev\output\.net\debug\connectplus.clientcontact.messaging.contracts.tests.dll" id="7c3b7207-16a6-70d8-5fb7-8d7c0b6d8114">
      <TestCategory>
        <TestCategoryItem TestCategory="Unit Test" />
      </TestCategory>
      <Execution id="e77eaaa6-a037-46b7-a3d7-51d1458a3841" />
      <TestMethod codeBase="C:/gitWorkspace/01.Dev/Output/.NET/Debug/ConnectPlus.ClientContact.Messaging.Contracts.Tests.DLL" adapterTypeName="Microsoft.VisualStudio.TestTools.TestTypes.Unit.UnitTestAdapter, Microsoft.VisualStudio.QualityTools.Tips.UnitTest.Adapter, Version=10.0.0.0, Culture=neutral, PublicKeyToken=b03f5f7f11d50a3a" className="ConnectPlus.ClientContact.Messaging.Contracts.Tests.Specifications.ClientTierMessageSpecifications, ConnectPlus.ClientContact.Messaging.Contracts.Tests, Version=1.0.0.0, Culture=neutral, PublicKeyToken=null" name="Should_pass_validation_when_all_preconditions_are_met" />
    </UnitTest>
    <UnitTest name="Should_update_the_revision_number" storage="c:\gitworkspace\01.dev\output\.net\debug\connectplus.clientcontact.services.tests.dll" id="e445d606-d6a1-335e-dea4-dd1b92e785a2">
      <TestCategory>
        <TestCategoryItem TestCategory="Specification" />
      </TestCategory>
      <Execution id="b8571b7e-a317-4ee2-85fe-1f2ad0d48f9a" />
      <TestMethod codeBase="C:/gitWorkspace/01.Dev/Output/.NET/Debug/ConnectPlus.ClientContact.Services.Tests.DLL" adapterTypeName="Microsoft.VisualStudio.TestTools.TestTypes.Unit.UnitTestAdapter, Microsoft.VisualStudio.QualityTools.Tips.UnitTest.Adapter, Version=10.0.0.0, Culture=neutral, PublicKeyToken=b03f5f7f11d50a3a" className="ConnectPlus.ClientContact.Services.Tests.Specifications.VersionCheckerRevisionServiceSpecification+When_the_targets_version_is_higher_than_the_current_version, ConnectPlus.ClientContact.Services.Tests, Version=1.0.0.0, Culture=neutral, PublicKeyToken=null" name="Should_update_the_revision_number" />
    </UnitTest>
    <UnitTest name="Should_update_the_tiers_description" storage="c:\gitworkspace\01.dev\output\.net\debug\connectplus.clientcontact.services.tests.dll" id="72739e58-472c-d668-56f4-4e1065c99143">
      <TestCategory>
        <TestCategoryItem TestCategory="Specification" />
      </TestCategory>
      <Execution id="18df17dc-18a4-4612-b083-9cb1a4d094f3" />
      <TestMethod codeBase="C:/gitWorkspace/01.Dev/Output/.NET/Debug/ConnectPlus.ClientContact.Services.Tests.DLL" adapterTypeName="Microsoft.VisualStudio.TestTools.TestTypes.Unit.UnitTestAdapter, Microsoft.VisualStudio.QualityTools.Tips.UnitTest.Adapter, Version=10.0.0.0, Culture=neutral, PublicKeyToken=b03f5f7f11d50a3a" className="ConnectPlus.ClientContact.Services.Tests.Specifications.CommandProcessors.UpsertTierValueCommandProcessorSpecification+When_the_tier_value_exists, ConnectPlus.ClientContact.Services.Tests, Version=1.0.0.0, Culture=neutral, PublicKeyToken=null" name="Should_update_the_tiers_description" />
    </UnitTest>
    <UnitTest name="Should_create_a_new_version" storage="c:\gitworkspace\01.dev\output\.net\debug\connectplus.clientcontact.services.tests.dll" id="0dd864b2-4dd5-4b4c-6509-8cec37613625">
      <TestCategory>
        <TestCategoryItem TestCategory="Specification" />
      </TestCategory>
      <Execution id="9b86cb84-e785-4fcd-9221-9f91be3e6494" />
      <TestMethod codeBase="C:/gitWorkspace/01.Dev/Output/.NET/Debug/ConnectPlus.ClientContact.Services.Tests.DLL" adapterTypeName="Microsoft.VisualStudio.TestTools.TestTypes.Unit.UnitTestAdapter, Microsoft.VisualStudio.QualityTools.Tips.UnitTest.Adapter, Version=10.0.0.0, Culture=neutral, PublicKeyToken=b03f5f7f11d50a3a" className="ConnectPlus.ClientContact.Services.Tests.Specifications.VersionCheckerRevisionServiceSpecification+When_the_current_version_is_not_found, ConnectPlus.ClientContact.Services.Tests, Version=1.0.0.0, Culture=neutral, PublicKeyToken=null" name="Should_create_a_new_version" />
    </UnitTest>
    <UnitTest name="Should_return_the_created_contact" storage="c:\gitworkspace\01.dev\output\.net\debug\connectplus.clientcontact.domain.tests.dll" id="9ce2fff1-57bd-beee-e501-36642c31a881">
      <TestCategory>
        <TestCategoryItem TestCategory="Unit Test" />
      </TestCategory>
      <Execution id="81eb23ca-fe31-4b57-9dd7-33efd3c2d5d2" />
      <TestMethod codeBase="C:/gitWorkspace/01.Dev/Output/.NET/Debug/ConnectPlus.ClientContact.Domain.Tests.DLL" adapterTypeName="Microsoft.VisualStudio.TestTools.TestTypes.Unit.UnitTestAdapter, Microsoft.VisualStudio.QualityTools.Tips.UnitTest.Adapter, Version=10.0.0.0, Culture=neutral, PublicKeyToken=b03f5f7f11d50a3a" className="ConnectPlus.ClientContact.Domain.Tests.Specifications.ContactCreationServiceSpecification+When_all_preconditions_are_met, ConnectPlus.ClientContact.Domain.Tests, Version=1.0.0.0, Culture=neutral, PublicKeyToken=null" name="Should_return_the_created_contact" />
    </UnitTest>
    <UnitTest name="Should_resolve_the_concrete_processor" storage="c:\gitworkspace\01.dev\output\.net\debug\connectplus.clientcontact.services.tests.dll" id="3c2800f4-0c3b-3c4d-c6e4-382c72c0b612">
      <TestCategory>
        <TestCategoryItem TestCategory="Unit Test" />
      </TestCategory>
      <Execution id="dfa530c0-0c21-46af-a4f6-05b34f084d57" />
      <TestMethod codeBase="C:/gitWorkspace/01.Dev/Output/.NET/Debug/ConnectPlus.ClientContact.Services.Tests.DLL" adapterTypeName="Microsoft.VisualStudio.TestTools.TestTypes.Unit.UnitTestAdapter, Microsoft.VisualStudio.QualityTools.Tips.UnitTest.Adapter, Version=10.0.0.0, Culture=neutral, PublicKeyToken=b03f5f7f11d50a3a" className="ConnectPlus.ClientContact.Services.Tests.Specifications.CommandProcessors.SubsectorCommandProcessorSpecification, ConnectPlus.ClientContact.Services.Tests, Version=1.0.0.0, Culture=neutral, PublicKeyToken=null" name="Should_resolve_the_concrete_processor" />
    </UnitTest>
    <UnitTest name="Should_add_the_tier_to_the_tiervalue_collection" storage="c:\gitworkspace\01.dev\output\.net\debug\connectplus.clientcontact.domain.tests.dll" id="108a2f1c-406c-768a-da78-37aa91195a0d">
      <TestCategory>
        <TestCategoryItem TestCategory="Specification" />
      </TestCategory>
      <Execution id="0678092f-ea56-4665-9fff-f102a69788f1" />
      <TestMethod codeBase="C:/gitWorkspace/01.Dev/Output/.NET/Debug/ConnectPlus.ClientContact.Domain.Tests.DLL" adapterTypeName="Microsoft.VisualStudio.TestTools.TestTypes.Unit.UnitTestAdapter, Microsoft.VisualStudio.QualityTools.Tips.UnitTest.Adapter, Version=10.0.0.0, Culture=neutral, PublicKeyToken=b03f5f7f11d50a3a" className="ConnectPlus.ClientContact.Domain.Tests.Specifications.ClientSpecification+When_assigning_a_tier_value, ConnectPlus.ClientContact.Domain.Tests, Version=1.0.0.0, Culture=neutral, PublicKeyToken=null" name="Should_add_the_tier_to_the_tiervalue_collection" />
    </UnitTest>
    <UnitTest name="Should_match_person" storage="c:\gitworkspace\01.dev\output\.net\debug\connectplus.clientcontact.contact.services.tests.dll" id="696c9a5f-a1e3-6816-993e-90f2c4ab9ea9">
      <Execution id="eabaf31b-caa0-4985-8eb8-cb64a4b8929f" />
      <TestMethod codeBase="C:/gitWorkspace/01.Dev/Output/.NET/Debug/ConnectPlus.ClientContact.Contact.Services.Tests.DLL" adapterTypeName="Microsoft.VisualStudio.TestTools.TestTypes.Unit.UnitTestAdapter, Microsoft.VisualStudio.QualityTools.Tips.UnitTest.Adapter, Version=10.0.0.0, Culture=neutral, PublicKeyToken=b03f5f7f11d50a3a" className="ConnectPlus.ClientContact.Contact.Services.Tests.Queries.EmailAddressSearchSpecification+When_matches_local_and_domain, ConnectPlus.ClientContact.Contact.Services.Tests, Version=1.0.0.0, Culture=neutral, PublicKeyToken=null" name="Should_match_person" />
    </UnitTest>
    <UnitTest name="Can_update_root_sdmClient" storage="c:\gitworkspace\01.dev\output\.net\debug\connectplus.clientcontact.dataaccess.tests.dll" id="ce3b5ec9-f479-373d-8e33-639a4f32ef5b">
      <Execution id="ce6c2ee0-2109-4604-aed3-4c824c4fbb50" />
      <TestMethod codeBase="C:/gitWorkspace/01.Dev/Output/.NET/Debug/ConnectPlus.ClientContact.DataAccess.Tests.DLL" adapterTypeName="Microsoft.VisualStudio.TestTools.TestTypes.Unit.UnitTestAdapter, Microsoft.VisualStudio.QualityTools.Tips.UnitTest.Adapter, Version=10.0.0.0, Culture=neutral, PublicKeyToken=b03f5f7f11d50a3a" className="ConnectPlus.ClientContact.DataAccess.Tests.Mapping.ClientMappingTests, ConnectPlus.ClientContact.DataAccess.Tests, Version=1.0.0.0, Culture=neutral, PublicKeyToken=null" name="Can_update_root_sdmClient" />
    </UnitTest>
    <UnitTest name="Should_throw_clientnotfoundexception" storage="c:\gitworkspace\01.dev\output\.net\debug\connectplus.clientcontact.services.tests.dll" id="d5644ed0-7c6b-1714-5479-0fe94520eaa1">
      <TestCategory>
        <TestCategoryItem TestCategory="Unit Test" />
      </TestCategory>
      <Execution id="ca33eb39-7833-41e9-918f-1ada912a74f5" />
      <TestMethod codeBase="C:/gitWorkspace/01.Dev/Output/.NET/Debug/ConnectPlus.ClientContact.Services.Tests.DLL" adapterTypeName="Microsoft.VisualStudio.TestTools.TestTypes.Unit.UnitTestAdapter, Microsoft.VisualStudio.QualityTools.Tips.UnitTest.Adapter, Version=10.0.0.0, Culture=neutral, PublicKeyToken=b03f5f7f11d50a3a" className="ConnectPlus.ClientContact.Services.Tests.Specifications.CommandProcessors.UpsertClientCommandProcessorSpecification+When_all_preconditions_are_met+When_the_client_exists+When_the_parent_is_not_found+When_the_client_is_not_root_level, ConnectPlus.ClientContact.Services.Tests, Version=1.0.0.0, Culture=neutral, PublicKeyToken=null" name="Should_throw_clientnotfoundexception" />
    </UnitTest>
    <UnitTest name="Can_create_child_client" storage="c:\gitworkspace\01.dev\output\.net\debug\connectplus.clientcontact.integrationtests.dll" id="44115792-a058-e2c6-748e-520d1d155000">
      <Execution id="646df1d0-bcf1-4ea1-9f0d-0acefab74545" />
      <TestMethod codeBase="C:/gitWorkspace/01.Dev/Output/.NET/Debug/ConnectPlus.ClientContact.IntegrationTests.DLL" adapterTypeName="Microsoft.VisualStudio.TestTools.TestTypes.Unit.UnitTestAdapter, Microsoft.VisualStudio.QualityTools.Tips.UnitTest.Adapter, Version=10.0.0.0, Culture=neutral, PublicKeyToken=b03f5f7f11d50a3a" className="ConnectPlus.ClientContact.IntegrationTests.MessagesIntegrationTests, ConnectPlus.ClientContact.IntegrationTests, Version=1.0.0.0, Culture=neutral, PublicKeyToken=null" name="Can_create_child_client" />
    </UnitTest>
    <UnitTest name="Should_require_subsector" storage="c:\gitworkspace\01.dev\output\.net\debug\connectplus.clientcontact.domain.tests.dll" id="e0fbb138-ec02-5322-c1a3-907a81de8d65">
      <TestCategory>
        <TestCategoryItem TestCategory="Unit Test" />
      </TestCategory>
      <Execution id="3b1d5a46-8aa3-4131-b0c0-9afecbddb86a" />
      <TestMethod codeBase="C:/gitWorkspace/01.Dev/Output/.NET/Debug/ConnectPlus.ClientContact.Domain.Tests.DLL" adapterTypeName="Microsoft.VisualStudio.TestTools.TestTypes.Unit.UnitTestAdapter, Microsoft.VisualStudio.QualityTools.Tips.UnitTest.Adapter, Version=10.0.0.0, Culture=neutral, PublicKeyToken=b03f5f7f11d50a3a" className="ConnectPlus.ClientContact.Domain.Tests.Specifications.ClientSpecification+When_changing_the_subsector, ConnectPlus.ClientContact.Domain.Tests, Version=1.0.0.0, Culture=neutral, PublicKeyToken=null" name="Should_require_subsector" />
    </UnitTest>
    <UnitTest name="CanCorrectlyMapPersonPhone" storage="c:\gitworkspace\01.dev\output\.net\debug\connectplus.crm.dataaccess.tests.dll" id="d41accc8-8ac7-5fab-d4a6-7ed436c4163b">
      <Execution id="13b55410-dc9f-4964-8626-c6eaa65e1193" />
      <TestMethod codeBase="C:/gitWorkspace/01.Dev/Output/.NET/Debug/ConnectPlus.CRM.DataAccess.Tests.DLL" adapterTypeName="Microsoft.VisualStudio.TestTools.TestTypes.Unit.UnitTestAdapter, Microsoft.VisualStudio.QualityTools.Tips.UnitTest.Adapter, Version=10.0.0.0, Culture=neutral, PublicKeyToken=b03f5f7f11d50a3a" className="ConnectPlus.CRM.DataAccess.Tests.ClassMappingTests, ConnectPlus.CRM.DataAccess.Tests, Version=1.0.0.0, Culture=neutral, PublicKeyToken=null" name="CanCorrectlyMapPersonPhone" />
    </UnitTest>
    <UnitTest name="When_Newly_Created_Should_Poll_Straight_Away" storage="c:\gitworkspace\01.dev\output\.net\debug\connectplus.crm.dataaccess.tests.dll" id="e002a504-a82b-2514-61ed-61b5688e582e">
      <Execution id="270d1d66-1ad2-4e21-8a96-228fd1d5bad7" />
      <TestMethod codeBase="C:/gitWorkspace/01.Dev/Output/.NET/Debug/ConnectPlus.CRM.DataAccess.Tests.DLL" adapterTypeName="Microsoft.VisualStudio.TestTools.TestTypes.Unit.UnitTestAdapter, Microsoft.VisualStudio.QualityTools.Tips.UnitTest.Adapter, Version=10.0.0.0, Culture=neutral, PublicKeyToken=b03f5f7f11d50a3a" className="ConnectPlus.ClientContact.DataAccess.Tests.ContactChangeMonitorTests, ConnectPlus.CRM.DataAccess.Tests, Version=1.0.0.0, Culture=neutral, PublicKeyToken=null" name="When_Newly_Created_Should_Poll_Straight_Away" />
    </UnitTest>
    <UnitTest name="Should_change_the_description_to_the_given_value" storage="c:\gitworkspace\01.dev\output\.net\debug\connectplus.clientcontact.domain.tests.dll" id="8c58c370-5e1e-caef-6c8e-a483f7254239">
      <TestCategory>
        <TestCategoryItem TestCategory="Specification" />
      </TestCategory>
      <Execution id="0bed56c5-c6ff-496a-81bb-792915481354" />
      <TestMethod codeBase="C:/gitWorkspace/01.Dev/Output/.NET/Debug/ConnectPlus.ClientContact.Domain.Tests.DLL" adapterTypeName="Microsoft.VisualStudio.TestTools.TestTypes.Unit.UnitTestAdapter, Microsoft.VisualStudio.QualityTools.Tips.UnitTest.Adapter, Version=10.0.0.0, Culture=neutral, PublicKeyToken=b03f5f7f11d50a3a" className="ConnectPlus.ClientContact.Domain.Tests.Specifications.SubsectorSpecification+When_changing_the_description, ConnectPlus.ClientContact.Domain.Tests, Version=1.0.0.0, Culture=neutral, PublicKeyToken=null" name="Should_change_the_description_to_the_given_value" />
    </UnitTest>
    <UnitTest name="Should_resolve_the_specific_processor" storage="c:\gitworkspace\01.dev\output\.net\debug\connectplus.clientcontact.services.tests.dll" id="526ae5db-1e0a-cf62-4ad2-46fde02e9169">
      <TestCategory>
        <TestCategoryItem TestCategory="Unit Test" />
      </TestCategory>
      <Execution id="3c875473-cbde-46c0-abeb-5007e8bd4560" />
      <TestMethod codeBase="C:/gitWorkspace/01.Dev/Output/.NET/Debug/ConnectPlus.ClientContact.Services.Tests.DLL" adapterTypeName="Microsoft.VisualStudio.TestTools.TestTypes.Unit.UnitTestAdapter, Microsoft.VisualStudio.QualityTools.Tips.UnitTest.Adapter, Version=10.0.0.0, Culture=neutral, PublicKeyToken=b03f5f7f11d50a3a" className="ConnectPlus.ClientContact.Services.Tests.Specifications.CommandProcessors.TierListCommandProcessorSpecification, ConnectPlus.ClientContact.Services.Tests, Version=1.0.0.0, Culture=neutral, PublicKeyToken=null" name="Should_resolve_the_specific_processor" />
    </UnitTest>
    <UnitTest name="Should_create_a_delete_command_processor" storage="c:\gitworkspace\01.dev\output\.net\debug\connectplus.clientcontact.services.tests.dll" id="f15aa90e-436b-1652-6b49-2bc3f3ff65fa">
      <TestCategory>
        <TestCategoryItem TestCategory="Unit Test" />
      </TestCategory>
      <Execution id="29bdfcfe-6342-4e93-b713-efd91e6768be" />
      <TestMethod codeBase="C:/gitWorkspace/01.Dev/Output/.NET/Debug/ConnectPlus.ClientContact.Services.Tests.DLL" adapterTypeName="Microsoft.VisualStudio.TestTools.TestTypes.Unit.UnitTestAdapter, Microsoft.VisualStudio.QualityTools.Tips.UnitTest.Adapter, Version=10.0.0.0, Culture=neutral, PublicKeyToken=b03f5f7f11d50a3a" className="ConnectPlus.ClientContact.Services.Tests.Specifications.CommandProcessors.Factories.StatusBasedSubsector+When_the_status_is_deleted, ConnectPlus.ClientContact.Services.Tests, Version=1.0.0.0, Culture=neutral, PublicKeyToken=null" name="Should_create_a_delete_command_processor" />
    </UnitTest>
    <UnitTest name="Should_update_the_parent" storage="c:\gitworkspace\01.dev\output\.net\debug\connectplus.clientcontact.services.tests.dll" id="d6e596a3-5145-0032-0134-1468e1b8b59f">
      <TestCategory>
        <TestCategoryItem TestCategory="Unit Test" />
      </TestCategory>
      <Execution id="fa2fc87c-0a10-46f0-870c-90661778afec" />
      <TestMethod codeBase="C:/gitWorkspace/01.Dev/Output/.NET/Debug/ConnectPlus.ClientContact.Services.Tests.DLL" adapterTypeName="Microsoft.VisualStudio.TestTools.TestTypes.Unit.UnitTestAdapter, Microsoft.VisualStudio.QualityTools.Tips.UnitTest.Adapter, Version=10.0.0.0, Culture=neutral, PublicKeyToken=b03f5f7f11d50a3a" className="ConnectPlus.ClientContact.Services.Tests.Specifications.CommandProcessors.UpsertClientCommandProcessorSpecification+When_all_preconditions_are_met+When_the_client_exists+When_the_client_is_not_root_level_and_the_parent_has_changed, ConnectPlus.ClientContact.Services.Tests, Version=1.0.0.0, Culture=neutral, PublicKeyToken=null" name="Should_update_the_parent" />
    </UnitTest>
    <UnitTest name="Should_require_a_nonempty_description" storage="c:\gitworkspace\01.dev\output\.net\debug\connectplus.clientcontact.domain.tests.dll" id="5fdba6a1-4b5f-2c3f-8f38-9da1dafebe37">
      <TestCategory>
        <TestCategoryItem TestCategory="Unit Test" />
      </TestCategory>
      <Execution id="b19a1e34-675d-4d8b-b822-47c6918a66be" />
      <TestMethod codeBase="C:/gitWorkspace/01.Dev/Output/.NET/Debug/ConnectPlus.ClientContact.Domain.Tests.DLL" adapterTypeName="Microsoft.VisualStudio.TestTools.TestTypes.Unit.UnitTestAdapter, Microsoft.VisualStudio.QualityTools.Tips.UnitTest.Adapter, Version=10.0.0.0, Culture=neutral, PublicKeyToken=b03f5f7f11d50a3a" className="ConnectPlus.ClientContact.Domain.Tests.Specifications.TierValueSpecification+When_changing_the_description, ConnectPlus.ClientContact.Domain.Tests, Version=1.0.0.0, Culture=neutral, PublicKeyToken=null" name="Should_require_a_nonempty_description" />
    </UnitTest>
    <UnitTest name="Should_create_and_persist_the_contact" storage="c:\gitworkspace\01.dev\output\.net\debug\connectplus.clientcontact.domain.tests.dll" id="42e3da70-1e6d-5077-ee24-0518b1ae93dd">
      <TestCategory>
        <TestCategoryItem TestCategory="Unit Test" />
      </TestCategory>
      <Execution id="4598424f-c535-42f2-92af-a9a9af6469c4" />
      <TestMethod codeBase="C:/gitWorkspace/01.Dev/Output/.NET/Debug/ConnectPlus.ClientContact.Domain.Tests.DLL" adapterTypeName="Microsoft.VisualStudio.TestTools.TestTypes.Unit.UnitTestAdapter, Microsoft.VisualStudio.QualityTools.Tips.UnitTest.Adapter, Version=10.0.0.0, Culture=neutral, PublicKeyToken=b03f5f7f11d50a3a" className="ConnectPlus.ClientContact.Domain.Tests.Specifications.ContactCreationServiceSpecification+When_all_preconditions_are_met, ConnectPlus.ClientContact.Domain.Tests, Version=1.0.0.0, Culture=neutral, PublicKeyToken=null" name="Should_create_and_persist_the_contact" />
    </UnitTest>
    <UnitTest name="ReturnsExpectedTierListsForUser" storage="c:\gitworkspace\01.dev\output\.net\debug\connectplus.clientcontact.services.tests.dll" id="03d3b51e-4a1a-e47c-7ad7-9934a0e943ab">
      <Execution id="776575fd-72a0-4c5a-8832-9f3586e40b6c" />
      <TestMethod codeBase="C:/gitWorkspace/01.Dev/Output/.NET/Debug/ConnectPlus.ClientContact.Services.Tests.DLL" adapterTypeName="Microsoft.VisualStudio.TestTools.TestTypes.Unit.UnitTestAdapter, Microsoft.VisualStudio.QualityTools.Tips.UnitTest.Adapter, Version=10.0.0.0, Culture=neutral, PublicKeyToken=b03f5f7f11d50a3a" className="ConnectPlus.ClientContact.Services.Tests.Queries.TierListByUserQueryFixture, ConnectPlus.ClientContact.Services.Tests, Version=1.0.0.0, Culture=neutral, PublicKeyToken=null" name="ReturnsExpectedTierListsForUser" />
    </UnitTest>
    <UnitTest name="Should_persist_the_reacted_tier_value" storage="c:\gitworkspace\01.dev\output\.net\debug\connectplus.clientcontact.services.tests.dll" id="91ecc707-13c2-4dae-8e5a-6bff99fcfe87">
      <TestCategory>
        <TestCategoryItem TestCategory="Specification" />
      </TestCategory>
      <Execution id="063c2f5d-121a-48a7-bbe0-3857d6cd388a" />
      <TestMethod codeBase="C:/gitWorkspace/01.Dev/Output/.NET/Debug/ConnectPlus.ClientContact.Services.Tests.DLL" adapterTypeName="Microsoft.VisualStudio.TestTools.TestTypes.Unit.UnitTestAdapter, Microsoft.VisualStudio.QualityTools.Tips.UnitTest.Adapter, Version=10.0.0.0, Culture=neutral, PublicKeyToken=b03f5f7f11d50a3a" className="ConnectPlus.ClientContact.Services.Tests.Specifications.CommandProcessors.UpsertTierValueCommandProcessorSpecification+When_the_tier_value_doesnt_exist, ConnectPlus.ClientContact.Services.Tests, Version=1.0.0.0, Culture=neutral, PublicKeyToken=null" name="Should_persist_the_reacted_tier_value" />
    </UnitTest>
    <UnitTest name="Should_check_if_the_subsector_exists" storage="c:\gitworkspace\01.dev\output\.net\debug\connectplus.clientcontact.services.tests.dll" id="ee92b680-9904-1548-d66a-bf2c65572b64">
      <TestCategory>
        <TestCategoryItem TestCategory="Specification" />
      </TestCategory>
      <Execution id="6a37e1c4-a59e-47b2-8d52-4d6fc290d7f4" />
      <TestMethod codeBase="C:/gitWorkspace/01.Dev/Output/.NET/Debug/ConnectPlus.ClientContact.Services.Tests.DLL" adapterTypeName="Microsoft.VisualStudio.TestTools.TestTypes.Unit.UnitTestAdapter, Microsoft.VisualStudio.QualityTools.Tips.UnitTest.Adapter, Version=10.0.0.0, Culture=neutral, PublicKeyToken=b03f5f7f11d50a3a" className="ConnectPlus.ClientContact.Services.Tests.Specifications.CommandProcessors.UpsertSubsectorCommandProcessorSpecification+When_the_subsector_exists, ConnectPlus.ClientContact.Services.Tests, Version=1.0.0.0, Culture=neutral, PublicKeyToken=null" name="Should_check_if_the_subsector_exists" />
    </UnitTest>
    <UnitTest name="Should_update_the_clients_country" storage="c:\gitworkspace\01.dev\output\.net\debug\connectplus.clientcontact.services.tests.dll" id="2fa39ee3-394c-d191-378d-10d7a7d0db56">
      <TestCategory>
        <TestCategoryItem TestCategory="Unit Test" />
      </TestCategory>
      <Execution id="ac1ff94a-5f68-4829-ad5d-7e13e1d1abd0" />
      <TestMethod codeBase="C:/gitWorkspace/01.Dev/Output/.NET/Debug/ConnectPlus.ClientContact.Services.Tests.DLL" adapterTypeName="Microsoft.VisualStudio.TestTools.TestTypes.Unit.UnitTestAdapter, Microsoft.VisualStudio.QualityTools.Tips.UnitTest.Adapter, Version=10.0.0.0, Culture=neutral, PublicKeyToken=b03f5f7f11d50a3a" className="ConnectPlus.ClientContact.Services.Tests.Specifications.CommandProcessors.UpsertClientCommandProcessorSpecification+When_all_preconditions_are_met+When_the_client_exists+When_the_client_is_root_level, ConnectPlus.ClientContact.Services.Tests, Version=1.0.0.0, Culture=neutral, PublicKeyToken=null" name="Should_update_the_clients_country" />
    </UnitTest>
    <UnitTest name="Test1" storage="c:\gitworkspace\01.dev\output\.net\debug\connectplus.clientcontact.integrationtests.dll" id="58307c5d-98a5-78ba-8ace-473d04e153b7">
      <Execution id="fe0d960e-8a39-4b72-857d-a95792af62da" />
      <TestMethod codeBase="C:/gitWorkspace/01.Dev/Output/.NET/Debug/ConnectPlus.ClientContact.IntegrationTests.DLL" adapterTypeName="Microsoft.VisualStudio.TestTools.TestTypes.Unit.UnitTestAdapter, Microsoft.VisualStudio.QualityTools.Tips.UnitTest.Adapter, Version=10.0.0.0, Culture=neutral, PublicKeyToken=b03f5f7f11d50a3a" className="ConnectPlus.ClientContact.IntegrationTests.Infrastructure.IntegrationTestsTest, ConnectPlus.ClientContact.IntegrationTests, Version=1.0.0.0, Culture=neutral, PublicKeyToken=null" name="Test1" />
    </UnitTest>
    <UnitTest name="Should_complete_the_unit_of_work_after_persisting_the_contact" storage="c:\gitworkspace\01.dev\output\.net\debug\connectplus.clientcontact.domain.tests.dll" id="dab5e043-9ba2-7f72-91a5-38a9be065ff3">
      <TestCategory>
        <TestCategoryItem TestCategory="Unit Test" />
      </TestCategory>
      <Execution id="48a92aa8-9145-400e-9e6f-48f8d6879b79" />
      <TestMethod codeBase="C:/gitWorkspace/01.Dev/Output/.NET/Debug/ConnectPlus.ClientContact.Domain.Tests.DLL" adapterTypeName="Microsoft.VisualStudio.TestTools.TestTypes.Unit.UnitTestAdapter, Microsoft.VisualStudio.QualityTools.Tips.UnitTest.Adapter, Version=10.0.0.0, Culture=neutral, PublicKeyToken=b03f5f7f11d50a3a" className="ConnectPlus.ClientContact.Domain.Tests.Specifications.ContactCreationServiceSpecification+When_all_preconditions_are_met, ConnectPlus.ClientContact.Domain.Tests, Version=1.0.0.0, Culture=neutral, PublicKeyToken=null" name="Should_complete_the_unit_of_work_after_persisting_the_contact" />
    </UnitTest>
    <UnitTest name="CanCorrectlyMapRegion" storage="c:\gitworkspace\01.dev\output\.net\debug\connectplus.crm.dataaccess.tests.dll" id="ad7b04ae-ad62-b31b-3773-9ff850d7fd02">
      <Execution id="5dd6924a-3123-498a-827a-045501ec5274" />
      <TestMethod codeBase="C:/gitWorkspace/01.Dev/Output/.NET/Debug/ConnectPlus.CRM.DataAccess.Tests.DLL" adapterTypeName="Microsoft.VisualStudio.TestTools.TestTypes.Unit.UnitTestAdapter, Microsoft.VisualStudio.QualityTools.Tips.UnitTest.Adapter, Version=10.0.0.0, Culture=neutral, PublicKeyToken=b03f5f7f11d50a3a" className="ConnectPlus.CRM.DataAccess.Tests.ClassMappingTests, ConnectPlus.CRM.DataAccess.Tests, Version=1.0.0.0, Culture=neutral, PublicKeyToken=null" name="CanCorrectlyMapRegion" />
    </UnitTest>
    <UnitTest name="Should_change_the_ciscode_to_the_given_value" storage="c:\gitworkspace\01.dev\output\.net\debug\connectplus.clientcontact.domain.tests.dll" id="fa9ecf12-504a-c719-dbab-bf93fe81301d">
      <TestCategory>
        <TestCategoryItem TestCategory="Specification" />
      </TestCategory>
      <Execution id="3e369934-f5bd-43db-935f-69237f74d03e" />
      <TestMethod codeBase="C:/gitWorkspace/01.Dev/Output/.NET/Debug/ConnectPlus.ClientContact.Domain.Tests.DLL" adapterTypeName="Microsoft.VisualStudio.TestTools.TestTypes.Unit.UnitTestAdapter, Microsoft.VisualStudio.QualityTools.Tips.UnitTest.Adapter, Version=10.0.0.0, Culture=neutral, PublicKeyToken=b03f5f7f11d50a3a" className="ConnectPlus.ClientContact.Domain.Tests.Specifications.ClientSpecification+When_changing_the_cis_code, ConnectPlus.ClientContact.Domain.Tests, Version=1.0.0.0, Culture=neutral, PublicKeyToken=null" name="Should_change_the_ciscode_to_the_given_value" />
    </UnitTest>
    <UnitTest name="Should_create_an_upsert_command_processor" storage="c:\gitworkspace\01.dev\output\.net\debug\connectplus.clientcontact.services.tests.dll" id="e5d9810c-932a-e022-6ff8-2c369110a9a5">
      <TestCategory>
        <TestCategoryItem TestCategory="Unit Test" />
      </TestCategory>
      <Execution id="2c930e4a-13b4-4ea4-9197-6be3ed20097e" />
      <TestMethod codeBase="C:/gitWorkspace/01.Dev/Output/.NET/Debug/ConnectPlus.ClientContact.Services.Tests.DLL" adapterTypeName="Microsoft.VisualStudio.TestTools.TestTypes.Unit.UnitTestAdapter, Microsoft.VisualStudio.QualityTools.Tips.UnitTest.Adapter, Version=10.0.0.0, Culture=neutral, PublicKeyToken=b03f5f7f11d50a3a" className="ConnectPlus.ClientContact.Services.Tests.Specifications.CommandProcessors.Factories.StatusBasedTierGroup+When_the_status_is_active, ConnectPlus.ClientContact.Services.Tests, Version=1.0.0.0, Culture=neutral, PublicKeyToken=null" name="Should_create_an_upsert_command_processor" />
    </UnitTest>
    <UnitTest name="Should_retrieve_the_tier_value" storage="c:\gitworkspace\01.dev\output\.net\debug\connectplus.clientcontact.services.tests.dll" id="be209e92-294e-6d58-6ff7-4526a01ac914">
      <TestCategory>
        <TestCategoryItem TestCategory="Specification" />
      </TestCategory>
      <Execution id="e40d6c96-9f9c-40c9-b62b-890812130d61" />
      <TestMethod codeBase="C:/gitWorkspace/01.Dev/Output/.NET/Debug/ConnectPlus.ClientContact.Services.Tests.DLL" adapterTypeName="Microsoft.VisualStudio.TestTools.TestTypes.Unit.UnitTestAdapter, Microsoft.VisualStudio.QualityTools.Tips.UnitTest.Adapter, Version=10.0.0.0, Culture=neutral, PublicKeyToken=b03f5f7f11d50a3a" className="ConnectPlus.ClientContact.Services.Tests.Specifications.CommandProcessors.ClientTierCommandProcessorSpecification+When_all_preconditions_are_met+When_the_status_is_active, ConnectPlus.ClientContact.Services.Tests, Version=1.0.0.0, Culture=neutral, PublicKeyToken=null" name="Should_retrieve_the_tier_value" />
    </UnitTest>
    <UnitTest name="Should_pass_validation_when_all_preconditions_are_met" storage="c:\gitworkspace\01.dev\output\.net\debug\connectplus.clientcontact.messaging.contracts.tests.dll" id="ff7065ab-c530-c2e6-3657-a2c7b5c11517">
      <TestCategory>
        <TestCategoryItem TestCategory="Unit Test" />
      </TestCategory>
      <Execution id="a62d957f-88f9-41d3-81ac-d0d8c88ce6d6" />
      <TestMethod codeBase="C:/gitWorkspace/01.Dev/Output/.NET/Debug/ConnectPlus.ClientContact.Messaging.Contracts.Tests.DLL" adapterTypeName="Microsoft.VisualStudio.TestTools.TestTypes.Unit.UnitTestAdapter, Microsoft.VisualStudio.QualityTools.Tips.UnitTest.Adapter, Version=10.0.0.0, Culture=neutral, PublicKeyToken=b03f5f7f11d50a3a" className="ConnectPlus.ClientContact.Messaging.Contracts.Tests.Specifications.TierGroupMessageSpecifications, ConnectPlus.ClientContact.Messaging.Contracts.Tests, Version=1.0.0.0, Culture=neutral, PublicKeyToken=null" name="Should_pass_validation_when_all_preconditions_are_met" />
    </UnitTest>
    <UnitTest name="Should_check_if_the_tier_value_exists" storage="c:\gitworkspace\01.dev\output\.net\debug\connectplus.clientcontact.services.tests.dll" id="f6225938-c810-5a3f-200e-3753db10863e">
      <TestCategory>
        <TestCategoryItem TestCategory="Specification" />
      </TestCategory>
      <Execution id="ef20ec71-57e1-4eac-bb4d-bc492a03d6cd" />
      <TestMethod codeBase="C:/gitWorkspace/01.Dev/Output/.NET/Debug/ConnectPlus.ClientContact.Services.Tests.DLL" adapterTypeName="Microsoft.VisualStudio.TestTools.TestTypes.Unit.UnitTestAdapter, Microsoft.VisualStudio.QualityTools.Tips.UnitTest.Adapter, Version=10.0.0.0, Culture=neutral, PublicKeyToken=b03f5f7f11d50a3a" className="ConnectPlus.ClientContact.Services.Tests.Specifications.CommandProcessors.UpsertTierValueCommandProcessorSpecification+When_the_tier_value_doesnt_exist, ConnectPlus.ClientContact.Services.Tests, Version=1.0.0.0, Culture=neutral, PublicKeyToken=null" name="Should_check_if_the_tier_value_exists" />
    </UnitTest>
    <UnitTest name="Should_set_the_isactive_flag_to_false" storage="c:\gitworkspace\01.dev\output\.net\debug\connectplus.clientcontact.domain.tests.dll" id="cd3083bb-5d2b-aada-3010-1cd58c3b2811">
      <TestCategory>
        <TestCategoryItem TestCategory="Specification" />
      </TestCategory>
      <Execution id="2bf70eb8-5c3e-4568-8336-888cc584c025" />
      <TestMethod codeBase="C:/gitWorkspace/01.Dev/Output/.NET/Debug/ConnectPlus.ClientContact.Domain.Tests.DLL" adapterTypeName="Microsoft.VisualStudio.TestTools.TestTypes.Unit.UnitTestAdapter, Microsoft.VisualStudio.QualityTools.Tips.UnitTest.Adapter, Version=10.0.0.0, Culture=neutral, PublicKeyToken=b03f5f7f11d50a3a" className="ConnectPlus.ClientContact.Domain.Tests.Specifications.TierGroupSpecification+When_a_group_with_no_lists_is_inactivated, ConnectPlus.ClientContact.Domain.Tests, Version=1.0.0.0, Culture=neutral, PublicKeyToken=null" name="Should_set_the_isactive_flag_to_false" />
    </UnitTest>
    <UnitTest name="Should_check_if_the_tier_group_exists" storage="c:\gitworkspace\01.dev\output\.net\debug\connectplus.clientcontact.services.tests.dll" id="ff2313e2-7d1c-c729-a806-13c7de7efef0">
      <TestCategory>
        <TestCategoryItem TestCategory="Specification" />
      </TestCategory>
      <Execution id="a8c74d4f-737b-45df-9bd0-5c0261694545" />
      <TestMethod codeBase="C:/gitWorkspace/01.Dev/Output/.NET/Debug/ConnectPlus.ClientContact.Services.Tests.DLL" adapterTypeName="Microsoft.VisualStudio.TestTools.TestTypes.Unit.UnitTestAdapter, Microsoft.VisualStudio.QualityTools.Tips.UnitTest.Adapter, Version=10.0.0.0, Culture=neutral, PublicKeyToken=b03f5f7f11d50a3a" className="ConnectPlus.ClientContact.Services.Tests.Specifications.CommandProcessors.UpsertTierGroupCommandProcessorSpecification, ConnectPlus.ClientContact.Services.Tests, Version=1.0.0.0, Culture=neutral, PublicKeyToken=null" name="Should_check_if_the_tier_group_exists" />
    </UnitTest>
    <UnitTest name="Should_retrieve_the_current_version" storage="c:\gitworkspace\01.dev\output\.net\debug\connectplus.clientcontact.services.tests.dll" id="c7a047cd-0a4c-d2dc-a511-5faf88ae8552">
      <TestCategory>
        <TestCategoryItem TestCategory="Unit Test" />
      </TestCategory>
      <Execution id="f26c4044-02b4-4c26-b14a-1b45cfe73863" />
      <TestMethod codeBase="C:/gitWorkspace/01.Dev/Output/.NET/Debug/ConnectPlus.ClientContact.Services.Tests.DLL" adapterTypeName="Microsoft.VisualStudio.TestTools.TestTypes.Unit.UnitTestAdapter, Microsoft.VisualStudio.QualityTools.Tips.UnitTest.Adapter, Version=10.0.0.0, Culture=neutral, PublicKeyToken=b03f5f7f11d50a3a" className="ConnectPlus.ClientContact.Services.Tests.Specifications.VersionCheckerRevisionServiceSpecification+When_the_targets_version_is_lower_than_the_current_version, ConnectPlus.ClientContact.Services.Tests, Version=1.0.0.0, Culture=neutral, PublicKeyToken=null" name="Should_retrieve_the_current_version" />
    </UnitTest>
    <UnitTest name="Should_require_first_name_under_50" storage="c:\gitworkspace\01.dev\output\.net\debug\connectplus.clientcontact.contact.services.tests.dll" id="8558744c-6407-68f9-2a4d-f807be6be016">
      <Execution id="33e0be44-922c-45cc-8090-ec9383e01e09" />
      <TestMethod codeBase="C:/gitWorkspace/01.Dev/Output/.NET/Debug/ConnectPlus.ClientContact.Contact.Services.Tests.DLL" adapterTypeName="Microsoft.VisualStudio.TestTools.TestTypes.Unit.UnitTestAdapter, Microsoft.VisualStudio.QualityTools.Tips.UnitTest.Adapter, Version=10.0.0.0, Culture=neutral, PublicKeyToken=b03f5f7f11d50a3a" className="ConnectPlus.ClientContact.Contact.Services.Tests.Specifications.ContactSpecification+Preconditions, ConnectPlus.ClientContact.Contact.Services.Tests, Version=1.0.0.0, Culture=neutral, PublicKeyToken=null" name="Should_require_first_name_under_50" />
    </UnitTest>
    <UnitTest name="Should_create_a_delete_command_processor" storage="c:\gitworkspace\01.dev\output\.net\debug\connectplus.clientcontact.services.tests.dll" id="3d01fb8f-db0b-dce8-dfe3-4269442ecb89">
      <TestCategory>
        <TestCategoryItem TestCategory="Unit Test" />
      </TestCategory>
      <Execution id="b18a4811-35ad-400d-bf34-fd242043de52" />
      <TestMethod codeBase="C:/gitWorkspace/01.Dev/Output/.NET/Debug/ConnectPlus.ClientContact.Services.Tests.DLL" adapterTypeName="Microsoft.VisualStudio.TestTools.TestTypes.Unit.UnitTestAdapter, Microsoft.VisualStudio.QualityTools.Tips.UnitTest.Adapter, Version=10.0.0.0, Culture=neutral, PublicKeyToken=b03f5f7f11d50a3a" className="ConnectPlus.ClientContact.Services.Tests.Specifications.CommandProcessors.Factories.StatusBasedSector+When_the_status_is_deleted, ConnectPlus.ClientContact.Services.Tests, Version=1.0.0.0, Culture=neutral, PublicKeyToken=null" name="Should_create_a_delete_command_processor" />
    </UnitTest>
    <UnitTest name="Should_retrieve_the_client" storage="c:\gitworkspace\01.dev\output\.net\debug\connectplus.clientcontact.services.tests.dll" id="ddf2352e-c21e-b979-ee17-1306893d65a6">
      <TestCategory>
        <TestCategoryItem TestCategory="Specification" />
      </TestCategory>
      <Execution id="35cef861-5cd3-41ad-b7cc-3a8f29f8489b" />
      <TestMethod codeBase="C:/gitWorkspace/01.Dev/Output/.NET/Debug/ConnectPlus.ClientContact.Services.Tests.DLL" adapterTypeName="Microsoft.VisualStudio.TestTools.TestTypes.Unit.UnitTestAdapter, Microsoft.VisualStudio.QualityTools.Tips.UnitTest.Adapter, Version=10.0.0.0, Culture=neutral, PublicKeyToken=b03f5f7f11d50a3a" className="ConnectPlus.ClientContact.Services.Tests.Specifications.CommandProcessors.DeleteClientCommandProcessorSpecification+When_the_client_exists, ConnectPlus.ClientContact.Services.Tests, Version=1.0.0.0, Culture=neutral, PublicKeyToken=null" name="Should_retrieve_the_client" />
    </UnitTest>
    <UnitTest name="CanCorrectlyMapContactListPreference" storage="c:\gitworkspace\01.dev\output\.net\debug\connectplus.crm.dataaccess.tests.dll" id="0df35565-b82d-c603-fca5-ebbc56a1e1e3">
      <Execution id="fa3a26d2-fb7e-4a75-81a5-002474a66af2" />
      <TestMethod codeBase="C:/gitWorkspace/01.Dev/Output/.NET/Debug/ConnectPlus.CRM.DataAccess.Tests.DLL" adapterTypeName="Microsoft.VisualStudio.TestTools.TestTypes.Unit.UnitTestAdapter, Microsoft.VisualStudio.QualityTools.Tips.UnitTest.Adapter, Version=10.0.0.0, Culture=neutral, PublicKeyToken=b03f5f7f11d50a3a" className="ConnectPlus.CRM.DataAccess.Tests.ClassMappingTests, ConnectPlus.CRM.DataAccess.Tests, Version=1.0.0.0, Culture=neutral, PublicKeyToken=null" name="CanCorrectlyMapContactListPreference" />
    </UnitTest>
    <UnitTest name="Should_update_the_clients_name" storage="c:\gitworkspace\01.dev\output\.net\debug\connectplus.clientcontact.services.tests.dll" id="3380bfc3-fafd-2128-4582-14409029b396">
      <TestCategory>
        <TestCategoryItem TestCategory="Unit Test" />
      </TestCategory>
      <Execution id="436eabc3-d2dd-4ccd-a251-fd332b63b9cd" />
      <TestMethod codeBase="C:/gitWorkspace/01.Dev/Output/.NET/Debug/ConnectPlus.ClientContact.Services.Tests.DLL" adapterTypeName="Microsoft.VisualStudio.TestTools.TestTypes.Unit.UnitTestAdapter, Microsoft.VisualStudio.QualityTools.Tips.UnitTest.Adapter, Version=10.0.0.0, Culture=neutral, PublicKeyToken=b03f5f7f11d50a3a" className="ConnectPlus.ClientContact.Services.Tests.Specifications.CommandProcessors.UpsertClientCommandProcessorSpecification+When_all_preconditions_are_met+When_the_client_exists, ConnectPlus.ClientContact.Services.Tests, Version=1.0.0.0, Culture=neutral, PublicKeyToken=null" name="Should_update_the_clients_name" />
    </UnitTest>
    <UnitTest name="Tiering_Information_Not_Attached" storage="c:\gitworkspace\01.dev\output\.net\debug\connectplus.clientcontact.services.tests.dll" id="8a3162a3-df3a-ae10-f084-d1902c2c7d4f">
      <Execution id="3ac5b65f-983d-4fe0-b68c-5d9fec4abe3f" />
      <TestMethod codeBase="C:/gitWorkspace/01.Dev/Output/.NET/Debug/ConnectPlus.ClientContact.Services.Tests.DLL" adapterTypeName="Microsoft.VisualStudio.TestTools.TestTypes.Unit.UnitTestAdapter, Microsoft.VisualStudio.QualityTools.Tips.UnitTest.Adapter, Version=10.0.0.0, Culture=neutral, PublicKeyToken=b03f5f7f11d50a3a" className="ConnectPlus.ClientContact.Services.Tests.Queries.SearchQueryFixture+When_Not_Searching_By_List, ConnectPlus.ClientContact.Services.Tests, Version=1.0.0.0, Culture=neutral, PublicKeyToken=null" name="Tiering_Information_Not_Attached" />
    </UnitTest>
    <UnitTest name="Should_change_the_name_to_the_given_value" storage="c:\gitworkspace\01.dev\output\.net\debug\connectplus.clientcontact.domain.tests.dll" id="45bb0bca-4e8b-9ffc-577c-c7aad5fd3f7e">
      <TestCategory>
        <TestCategoryItem TestCategory="Specification" />
      </TestCategory>
      <Execution id="cf1bdf38-7f4a-4245-bf65-a770ef9beb3b" />
      <TestMethod codeBase="C:/gitWorkspace/01.Dev/Output/.NET/Debug/ConnectPlus.ClientContact.Domain.Tests.DLL" adapterTypeName="Microsoft.VisualStudio.TestTools.TestTypes.Unit.UnitTestAdapter, Microsoft.VisualStudio.QualityTools.Tips.UnitTest.Adapter, Version=10.0.0.0, Culture=neutral, PublicKeyToken=b03f5f7f11d50a3a" className="ConnectPlus.ClientContact.Domain.Tests.Specifications.ClientSpecification+When_changing_the_name, ConnectPlus.ClientContact.Domain.Tests, Version=1.0.0.0, Culture=neutral, PublicKeyToken=null" name="Should_change_the_name_to_the_given_value" />
    </UnitTest>
    <UnitTest name="Should_require_tier_list_id" storage="c:\gitworkspace\01.dev\output\.net\debug\connectplus.clientcontact.messaging.contracts.tests.dll" id="569a9af2-c00b-8105-87b5-9dea65207faf">
      <TestCategory>
        <TestCategoryItem TestCategory="Unit Test" />
      </TestCategory>
      <Execution id="e748cda2-3c95-45f8-a6f9-336f7e2b7228" />
      <TestMethod codeBase="C:/gitWorkspace/01.Dev/Output/.NET/Debug/ConnectPlus.ClientContact.Messaging.Contracts.Tests.DLL" adapterTypeName="Microsoft.VisualStudio.TestTools.TestTypes.Unit.UnitTestAdapter, Microsoft.VisualStudio.QualityTools.Tips.UnitTest.Adapter, Version=10.0.0.0, Culture=neutral, PublicKeyToken=b03f5f7f11d50a3a" className="ConnectPlus.ClientContact.Messaging.Contracts.Tests.Specifications.TierValueMessageSpecification, ConnectPlus.ClientContact.Messaging.Contracts.Tests, Version=1.0.0.0, Culture=neutral, PublicKeyToken=null" name="Should_require_tier_list_id" />
    </UnitTest>
    <UnitTest name="Should_check_if_the_client_exists" storage="c:\gitworkspace\01.dev\output\.net\debug\connectplus.clientcontact.services.tests.dll" id="051302d9-04b5-2440-a53a-e898c719b2ef">
      <TestCategory>
        <TestCategoryItem TestCategory="Unit Test" />
      </TestCategory>
      <Execution id="dc5b787f-6012-4432-a216-fab7623caecb" />
      <TestMethod codeBase="C:/gitWorkspace/01.Dev/Output/.NET/Debug/ConnectPlus.ClientContact.Services.Tests.DLL" adapterTypeName="Microsoft.VisualStudio.TestTools.TestTypes.Unit.UnitTestAdapter, Microsoft.VisualStudio.QualityTools.Tips.UnitTest.Adapter, Version=10.0.0.0, Culture=neutral, PublicKeyToken=b03f5f7f11d50a3a" className="ConnectPlus.ClientContact.Services.Tests.Specifications.CommandProcessors.UpsertClientCommandProcessorSpecification+When_all_preconditions_are_met+When_the_client_exists+When_the_client_is_not_root_level_and_the_parent_has_changed, ConnectPlus.ClientContact.Services.Tests, Version=1.0.0.0, Culture=neutral, PublicKeyToken=null" name="Should_check_if_the_client_exists" />
    </UnitTest>
    <UnitTest name="CanCorrectlyMapClientContactListType" storage="c:\gitworkspace\01.dev\output\.net\debug\connectplus.crm.dataaccess.tests.dll" id="9e631927-2b93-a70c-80a1-399cdb76276a">
      <Execution id="15c59ea5-b966-45b3-bc4e-3a82d787140b" />
      <TestMethod codeBase="C:/gitWorkspace/01.Dev/Output/.NET/Debug/ConnectPlus.CRM.DataAccess.Tests.DLL" adapterTypeName="Microsoft.VisualStudio.TestTools.TestTypes.Unit.UnitTestAdapter, Microsoft.VisualStudio.QualityTools.Tips.UnitTest.Adapter, Version=10.0.0.0, Culture=neutral, PublicKeyToken=b03f5f7f11d50a3a" className="ConnectPlus.CRM.DataAccess.Tests.ClassMappingTests, ConnectPlus.CRM.DataAccess.Tests, Version=1.0.0.0, Culture=neutral, PublicKeyToken=null" name="CanCorrectlyMapClientContactListType" />
    </UnitTest>
    <UnitTest name="Should_match_person" storage="c:\gitworkspace\01.dev\output\.net\debug\connectplus.clientcontact.contact.services.tests.dll" id="acf8987a-3adb-9e28-763d-c5bb261a5e62">
      <Execution id="ab775142-60ad-47dd-bd9d-a8d441996c2a" />
      <TestMethod codeBase="C:/gitWorkspace/01.Dev/Output/.NET/Debug/ConnectPlus.ClientContact.Contact.Services.Tests.DLL" adapterTypeName="Microsoft.VisualStudio.TestTools.TestTypes.Unit.UnitTestAdapter, Microsoft.VisualStudio.QualityTools.Tips.UnitTest.Adapter, Version=10.0.0.0, Culture=neutral, PublicKeyToken=b03f5f7f11d50a3a" className="ConnectPlus.ClientContact.Contact.Services.Tests.Queries.EmailAddressSearchSpecification+When_matches_email_exactly, ConnectPlus.ClientContact.Contact.Services.Tests, Version=1.0.0.0, Culture=neutral, PublicKeyToken=null" name="Should_match_person" />
    </UnitTest>
    <UnitTest name="Should_require_a_nonempty_description" storage="c:\gitworkspace\01.dev\output\.net\debug\connectplus.clientcontact.domain.tests.dll" id="bb88cb4e-8c52-f9e7-851e-70644c87bfa7">
      <TestCategory>
        <TestCategoryItem TestCategory="Unit Test" />
      </TestCategory>
      <Execution id="4317de43-299e-468f-ba33-268e5228866a" />
      <TestMethod codeBase="C:/gitWorkspace/01.Dev/Output/.NET/Debug/ConnectPlus.ClientContact.Domain.Tests.DLL" adapterTypeName="Microsoft.VisualStudio.TestTools.TestTypes.Unit.UnitTestAdapter, Microsoft.VisualStudio.QualityTools.Tips.UnitTest.Adapter, Version=10.0.0.0, Culture=neutral, PublicKeyToken=b03f5f7f11d50a3a" className="ConnectPlus.ClientContact.Domain.Tests.Specifications.TierGroupSpecification+When_changing_the_description, ConnectPlus.ClientContact.Domain.Tests, Version=1.0.0.0, Culture=neutral, PublicKeyToken=null" name="Should_require_a_nonempty_description" />
    </UnitTest>
    <UnitTest name="When_tier_value_is_assigned_to_contact" storage="c:\gitworkspace\01.dev\output\.net\debug\connectplus.clientcontact.dataaccess.tests.dll" id="5da96f91-83c9-8308-e3ee-a73f217c613b">
      <Execution id="763113f4-0bbe-45dc-b129-49ef4d388ed9" />
      <TestMethod codeBase="C:/gitWorkspace/01.Dev/Output/.NET/Debug/ConnectPlus.ClientContact.DataAccess.Tests.DLL" adapterTypeName="Microsoft.VisualStudio.TestTools.TestTypes.Unit.UnitTestAdapter, Microsoft.VisualStudio.QualityTools.Tips.UnitTest.Adapter, Version=10.0.0.0, Culture=neutral, PublicKeyToken=b03f5f7f11d50a3a" className="ConnectPlus.ClientContact.DataAccess.Tests.Mapping.ClientMappingTests, ConnectPlus.ClientContact.DataAccess.Tests, Version=1.0.0.0, Culture=neutral, PublicKeyToken=null" name="When_tier_value_is_assigned_to_contact" />
    </UnitTest>
    <UnitTest name="Should_create_an_upsert_tier_list_command_processor" storage="c:\gitworkspace\01.dev\output\.net\debug\connectplus.clientcontact.services.tests.dll" id="d44d7554-ede1-ed43-b2f8-3925fc0249f0">
      <TestCategory>
        <TestCategoryItem TestCategory="Unit Test" />
      </TestCategory>
      <Execution id="ca0347a1-aa54-494a-b9d3-0d6d46e6ff61" />
      <TestMethod codeBase="C:/gitWorkspace/01.Dev/Output/.NET/Debug/ConnectPlus.ClientContact.Services.Tests.DLL" adapterTypeName="Microsoft.VisualStudio.TestTools.TestTypes.Unit.UnitTestAdapter, Microsoft.VisualStudio.QualityTools.Tips.UnitTest.Adapter, Version=10.0.0.0, Culture=neutral, PublicKeyToken=b03f5f7f11d50a3a" className="ConnectPlus.ClientContact.Services.Tests.Specifications.CommandProcessors.Factories.StatusBasedTierList+When_the_status_is_active, ConnectPlus.ClientContact.Services.Tests, Version=1.0.0.0, Culture=neutral, PublicKeyToken=null" name="Should_create_an_upsert_tier_list_command_processor" />
    </UnitTest>
    <UnitTest name="Tiering_Information_Not_Attached_When_No_List_Preference" storage="c:\gitworkspace\01.dev\output\.net\debug\connectplus.clientcontact.services.tests.dll" id="729b98e9-7281-2b46-9cc5-4a1fed76b602">
      <Execution id="2dd70a12-3731-4834-962f-ad442be3acbc" />
      <TestMethod codeBase="C:/gitWorkspace/01.Dev/Output/.NET/Debug/ConnectPlus.ClientContact.Services.Tests.DLL" adapterTypeName="Microsoft.VisualStudio.TestTools.TestTypes.Unit.UnitTestAdapter, Microsoft.VisualStudio.QualityTools.Tips.UnitTest.Adapter, Version=10.0.0.0, Culture=neutral, PublicKeyToken=b03f5f7f11d50a3a" className="ConnectPlus.ClientContact.Services.Tests.Queries.SearchQueryFixture+When_Searching_By_List, ConnectPlus.ClientContact.Services.Tests, Version=1.0.0.0, Culture=neutral, PublicKeyToken=null" name="Tiering_Information_Not_Attached_When_No_List_Preference" />
    </UnitTest>
    <UnitTest name="Should_require_last_updated_date" storage="c:\gitworkspace\01.dev\output\.net\debug\connectplus.clientcontact.messaging.contracts.tests.dll" id="fca999cf-ff57-8e60-c0e8-991b011af4ac">
      <TestCategory>
        <TestCategoryItem TestCategory="Unit Test" />
      </TestCategory>
      <Execution id="34a5687b-b7fb-4db1-a66c-8a8ea0eb4957" />
      <TestMethod codeBase="C:/gitWorkspace/01.Dev/Output/.NET/Debug/ConnectPlus.ClientContact.Messaging.Contracts.Tests.DLL" adapterTypeName="Microsoft.VisualStudio.TestTools.TestTypes.Unit.UnitTestAdapter, Microsoft.VisualStudio.QualityTools.Tips.UnitTest.Adapter, Version=10.0.0.0, Culture=neutral, PublicKeyToken=b03f5f7f11d50a3a" className="ConnectPlus.ClientContact.Messaging.Contracts.Tests.Specifications.StaticMasterEntitySpecifications, ConnectPlus.ClientContact.Messaging.Contracts.Tests, Version=1.0.0.0, Culture=neutral, PublicKeyToken=null" name="Should_require_last_updated_date" />
    </UnitTest>
    <UnitTest name="Should_check_if_the_client_exists" storage="c:\gitworkspace\01.dev\output\.net\debug\connectplus.clientcontact.services.tests.dll" id="86d22862-3fe3-b1c6-26e4-e44092a48072">
      <TestCategory>
        <TestCategoryItem TestCategory="Unit Test" />
      </TestCategory>
      <Execution id="3403f503-46b5-43f0-a26e-69513fe1d857" />
      <TestMethod codeBase="C:/gitWorkspace/01.Dev/Output/.NET/Debug/ConnectPlus.ClientContact.Services.Tests.DLL" adapterTypeName="Microsoft.VisualStudio.TestTools.TestTypes.Unit.UnitTestAdapter, Microsoft.VisualStudio.QualityTools.Tips.UnitTest.Adapter, Version=10.0.0.0, Culture=neutral, PublicKeyToken=b03f5f7f11d50a3a" className="ConnectPlus.ClientContact.Services.Tests.Specifications.CommandProcessors.UpsertClientCommandProcessorSpecification+When_all_preconditions_are_met+When_the_client_exists+When_the_subsector_has_changed, ConnectPlus.ClientContact.Services.Tests, Version=1.0.0.0, Culture=neutral, PublicKeyToken=null" name="Should_check_if_the_client_exists" />
    </UnitTest>
    <UnitTest name="Should_throw_tiervaluenotfoundexception" storage="c:\gitworkspace\01.dev\output\.net\debug\connectplus.clientcontact.services.tests.dll" id="2082343c-abbe-53d1-c5f4-584c656a0854">
      <TestCategory>
        <TestCategoryItem TestCategory="Unit Test" />
      </TestCategory>
      <Execution id="e9c855d7-b434-435d-887f-0b0745f96b87" />
      <TestMethod codeBase="C:/gitWorkspace/01.Dev/Output/.NET/Debug/ConnectPlus.ClientContact.Services.Tests.DLL" adapterTypeName="Microsoft.VisualStudio.TestTools.TestTypes.Unit.UnitTestAdapter, Microsoft.VisualStudio.QualityTools.Tips.UnitTest.Adapter, Version=10.0.0.0, Culture=neutral, PublicKeyToken=b03f5f7f11d50a3a" className="ConnectPlus.ClientContact.Services.Tests.Specifications.CommandProcessors.ClientTierCommandProcessorSpecification+When_the_tier_value_is_not_found, ConnectPlus.ClientContact.Services.Tests, Version=1.0.0.0, Culture=neutral, PublicKeyToken=null" name="Should_throw_tiervaluenotfoundexception" />
    </UnitTest>
    <UnitTest name="Should_check_if_the_tier_group_exists" storage="c:\gitworkspace\01.dev\output\.net\debug\connectplus.clientcontact.services.tests.dll" id="cbcff723-8bda-5d29-8130-f5209875fc82">
      <TestCategory>
        <TestCategoryItem TestCategory="Specification" />
      </TestCategory>
      <Execution id="6ac3480a-e79c-4b34-83c2-6958855a5ceb" />
      <TestMethod codeBase="C:/gitWorkspace/01.Dev/Output/.NET/Debug/ConnectPlus.ClientContact.Services.Tests.DLL" adapterTypeName="Microsoft.VisualStudio.TestTools.TestTypes.Unit.UnitTestAdapter, Microsoft.VisualStudio.QualityTools.Tips.UnitTest.Adapter, Version=10.0.0.0, Culture=neutral, PublicKeyToken=b03f5f7f11d50a3a" className="ConnectPlus.ClientContact.Services.Tests.Specifications.CommandProcessors.UpsertTierGroupCommandProcessorSpecification+When_the_tier_group_exists, ConnectPlus.ClientContact.Services.Tests, Version=1.0.0.0, Culture=neutral, PublicKeyToken=null" name="Should_check_if_the_tier_group_exists" />
    </UnitTest>
    <UnitTest name="Should_require_subsector_id" storage="c:\gitworkspace\01.dev\output\.net\debug\connectplus.clientcontact.messaging.contracts.tests.dll" id="5167f9be-7907-70a2-cff2-b0be6b8bac8c">
      <TestCategory>
        <TestCategoryItem TestCategory="Unit Test" />
      </TestCategory>
      <Execution id="d4b5e047-e234-4729-a54b-f2b890290b48" />
      <TestMethod codeBase="C:/gitWorkspace/01.Dev/Output/.NET/Debug/ConnectPlus.ClientContact.Messaging.Contracts.Tests.DLL" adapterTypeName="Microsoft.VisualStudio.TestTools.TestTypes.Unit.UnitTestAdapter, Microsoft.VisualStudio.QualityTools.Tips.UnitTest.Adapter, Version=10.0.0.0, Culture=neutral, PublicKeyToken=b03f5f7f11d50a3a" className="ConnectPlus.ClientContact.Messaging.Contracts.Tests.Specifications.ClientMessageSpecifications, ConnectPlus.ClientContact.Messaging.Contracts.Tests, Version=1.0.0.0, Culture=neutral, PublicKeyToken=null" name="Should_require_subsector_id" />
    </UnitTest>
    <UnitTest name="Should_not_allow_inactivation" storage="c:\gitworkspace\01.dev\output\.net\debug\connectplus.clientcontact.domain.tests.dll" id="069532ee-96ab-9fe3-fdbc-f85ab6c05191">
      <TestCategory>
        <TestCategoryItem TestCategory="Specification" />
      </TestCategory>
      <Execution id="75d3bd0c-69d2-4b87-8427-5ef4228c1776" />
      <TestMethod codeBase="C:/gitWorkspace/01.Dev/Output/.NET/Debug/ConnectPlus.ClientContact.Domain.Tests.DLL" adapterTypeName="Microsoft.VisualStudio.TestTools.TestTypes.Unit.UnitTestAdapter, Microsoft.VisualStudio.QualityTools.Tips.UnitTest.Adapter, Version=10.0.0.0, Culture=neutral, PublicKeyToken=b03f5f7f11d50a3a" className="ConnectPlus.ClientContact.Domain.Tests.Specifications.TierListSpecification+When_the_list_has_associated_tier_values, ConnectPlus.ClientContact.Domain.Tests, Version=1.0.0.0, Culture=neutral, PublicKeyToken=null" name="Should_not_allow_inactivation" />
    </UnitTest>
    <UnitTest name="CanCorrectlyMapEmailType" storage="c:\gitworkspace\01.dev\output\.net\debug\connectplus.crm.dataaccess.tests.dll" id="a30e29d2-e6f9-faae-4bcd-f679dbaab158">
      <Execution id="2f7d97cf-e0c3-4ab1-9d69-e2cfd33615b0" />
      <TestMethod codeBase="C:/gitWorkspace/01.Dev/Output/.NET/Debug/ConnectPlus.CRM.DataAccess.Tests.DLL" adapterTypeName="Microsoft.VisualStudio.TestTools.TestTypes.Unit.UnitTestAdapter, Microsoft.VisualStudio.QualityTools.Tips.UnitTest.Adapter, Version=10.0.0.0, Culture=neutral, PublicKeyToken=b03f5f7f11d50a3a" className="ConnectPlus.CRM.DataAccess.Tests.ClassMappingTests, ConnectPlus.CRM.DataAccess.Tests, Version=1.0.0.0, Culture=neutral, PublicKeyToken=null" name="CanCorrectlyMapEmailType" />
    </UnitTest>
    <UnitTest name="Should_check_if_the_client_exists" storage="c:\gitworkspace\01.dev\output\.net\debug\connectplus.clientcontact.services.tests.dll" id="3416d9a6-edbf-ebca-ea6d-d86895c69646">
      <TestCategory>
        <TestCategoryItem TestCategory="Unit Test" />
      </TestCategory>
      <Execution id="9c637b1b-6a8c-4bad-9f20-c74162cd4c5e" />
      <TestMethod codeBase="C:/gitWorkspace/01.Dev/Output/.NET/Debug/ConnectPlus.ClientContact.Services.Tests.DLL" adapterTypeName="Microsoft.VisualStudio.TestTools.TestTypes.Unit.UnitTestAdapter, Microsoft.VisualStudio.QualityTools.Tips.UnitTest.Adapter, Version=10.0.0.0, Culture=neutral, PublicKeyToken=b03f5f7f11d50a3a" className="ConnectPlus.ClientContact.Services.Tests.Specifications.CommandProcessors.UpsertClientCommandProcessorSpecification+When_all_preconditions_are_met+When_the_client_exists, ConnectPlus.ClientContact.Services.Tests, Version=1.0.0.0, Culture=neutral, PublicKeyToken=null" name="Should_check_if_the_client_exists" />
    </UnitTest>
    <UnitTest name="Should_check_if_the_client_exists" storage="c:\gitworkspace\01.dev\output\.net\debug\connectplus.clientcontact.services.tests.dll" id="afea6d45-896c-69b5-d803-7bec12379353">
      <TestCategory>
        <TestCategoryItem TestCategory="Unit Test" />
      </TestCategory>
      <Execution id="d5af6b7a-7d5b-4550-93b3-583f9e738344" />
      <TestMethod codeBase="C:/gitWorkspace/01.Dev/Output/.NET/Debug/ConnectPlus.ClientContact.Services.Tests.DLL" adapterTypeName="Microsoft.VisualStudio.TestTools.TestTypes.Unit.UnitTestAdapter, Microsoft.VisualStudio.QualityTools.Tips.UnitTest.Adapter, Version=10.0.0.0, Culture=neutral, PublicKeyToken=b03f5f7f11d50a3a" className="ConnectPlus.ClientContact.Services.Tests.Specifications.CommandProcessors.UpsertClientCommandProcessorSpecification+When_all_preconditions_are_met, ConnectPlus.ClientContact.Services.Tests, Version=1.0.0.0, Culture=neutral, PublicKeyToken=null" name="Should_check_if_the_client_exists" />
    </UnitTest>
    <UnitTest name="Should_not_allow_inactivation" storage="c:\gitworkspace\01.dev\output\.net\debug\connectplus.clientcontact.domain.tests.dll" id="bf6fbdcd-62f2-20bc-73b0-533579017f91">
      <TestCategory>
        <TestCategoryItem TestCategory="Specification" />
      </TestCategory>
      <Execution id="f2afc257-59e8-4362-ae92-bb078df50057" />
      <TestMethod codeBase="C:/gitWorkspace/01.Dev/Output/.NET/Debug/ConnectPlus.ClientContact.Domain.Tests.DLL" adapterTypeName="Microsoft.VisualStudio.TestTools.TestTypes.Unit.UnitTestAdapter, Microsoft.VisualStudio.QualityTools.Tips.UnitTest.Adapter, Version=10.0.0.0, Culture=neutral, PublicKeyToken=b03f5f7f11d50a3a" className="ConnectPlus.ClientContact.Domain.Tests.Specifications.SectorSpecification+When_the_sector_has_subsectors, ConnectPlus.ClientContact.Domain.Tests, Version=1.0.0.0, Culture=neutral, PublicKeyToken=null" name="Should_not_allow_inactivation" />
    </UnitTest>
    <UnitTest name="When_Search_Matches_FirstName_Should_Find" storage="c:\gitworkspace\01.dev\output\.net\debug\connectplus.crm.dataaccess.tests.dll" id="d04c31c0-dd8d-1ac7-58cd-78ab5221807a">
      <Execution id="e66cc148-5c03-4735-86f2-80084fff3030" />
      <TestMethod codeBase="C:/gitWorkspace/01.Dev/Output/.NET/Debug/ConnectPlus.CRM.DataAccess.Tests.DLL" adapterTypeName="Microsoft.VisualStudio.TestTools.TestTypes.Unit.UnitTestAdapter, Microsoft.VisualStudio.QualityTools.Tips.UnitTest.Adapter, Version=10.0.0.0, Culture=neutral, PublicKeyToken=b03f5f7f11d50a3a" className="ConnectPlus.CRM.DataAccess.Tests.Repositories.ContactRepositoryTests, ConnectPlus.CRM.DataAccess.Tests, Version=1.0.0.0, Culture=neutral, PublicKeyToken=null" name="When_Search_Matches_FirstName_Should_Find" />
    </UnitTest>
    <UnitTest name="Should_update_the_clients_country" storage="c:\gitworkspace\01.dev\output\.net\debug\connectplus.clientcontact.services.tests.dll" id="a12f90d0-23ef-e0b0-26d2-1b06fdc8c300">
      <TestCategory>
        <TestCategoryItem TestCategory="Unit Test" />
      </TestCategory>
      <Execution id="b05dbfca-02e6-4d37-96f7-4298d2a951be" />
      <TestMethod codeBase="C:/gitWorkspace/01.Dev/Output/.NET/Debug/ConnectPlus.ClientContact.Services.Tests.DLL" adapterTypeName="Microsoft.VisualStudio.TestTools.TestTypes.Unit.UnitTestAdapter, Microsoft.VisualStudio.QualityTools.Tips.UnitTest.Adapter, Version=10.0.0.0, Culture=neutral, PublicKeyToken=b03f5f7f11d50a3a" className="ConnectPlus.ClientContact.Services.Tests.Specifications.CommandProcessors.UpsertClientCommandProcessorSpecification+When_all_preconditions_are_met+When_the_client_exists, ConnectPlus.ClientContact.Services.Tests, Version=1.0.0.0, Culture=neutral, PublicKeyToken=null" name="Should_update_the_clients_country" />
    </UnitTest>
    <UnitTest name="Should_throw_invalidoperationexception" storage="c:\gitworkspace\01.dev\output\.net\debug\connectplus.clientcontact.services.tests.dll" id="68e417f9-0412-4a60-7247-548a57f92fe0">
      <TestCategory>
        <TestCategoryItem TestCategory="Specification" />
      </TestCategory>
      <Execution id="ef1f69bc-8c5f-4f24-84a7-c95a7ed669d1" />
      <TestMethod codeBase="C:/gitWorkspace/01.Dev/Output/.NET/Debug/ConnectPlus.ClientContact.Services.Tests.DLL" adapterTypeName="Microsoft.VisualStudio.TestTools.TestTypes.Unit.UnitTestAdapter, Microsoft.VisualStudio.QualityTools.Tips.UnitTest.Adapter, Version=10.0.0.0, Culture=neutral, PublicKeyToken=b03f5f7f11d50a3a" className="ConnectPlus.ClientContact.Services.Tests.Specifications.CommandProcessors.UpsertSubsectorCommandProcessorSpecification+When_the_subsector_exists+When_the_subsector_has_changed_sector, ConnectPlus.ClientContact.Services.Tests, Version=1.0.0.0, Culture=neutral, PublicKeyToken=null" name="Should_throw_invalidoperationexception" />
    </UnitTest>
    <UnitTest name="Should_reject_the_revision" storage="c:\gitworkspace\01.dev\output\.net\debug\connectplus.clientcontact.services.tests.dll" id="62260d51-490d-dc6d-475c-d51f812cc186">
      <TestCategory>
        <TestCategoryItem TestCategory="Specification" />
      </TestCategory>
      <Execution id="2e3f3c87-b2dc-4203-8cd4-3b779e5ba416" />
      <TestMethod codeBase="C:/gitWorkspace/01.Dev/Output/.NET/Debug/ConnectPlus.ClientContact.Services.Tests.DLL" adapterTypeName="Microsoft.VisualStudio.TestTools.TestTypes.Unit.UnitTestAdapter, Microsoft.VisualStudio.QualityTools.Tips.UnitTest.Adapter, Version=10.0.0.0, Culture=neutral, PublicKeyToken=b03f5f7f11d50a3a" className="ConnectPlus.ClientContact.Services.Tests.Specifications.VersionCheckerRevisionServiceSpecification+When_the_target_version_is_equal_to_the_current_version, ConnectPlus.ClientContact.Services.Tests, Version=1.0.0.0, Culture=neutral, PublicKeyToken=null" name="Should_reject_the_revision" />
    </UnitTest>
    <UnitTest name="Should_resolve_the_concrete_processor" storage="c:\gitworkspace\01.dev\output\.net\debug\connectplus.clientcontact.services.tests.dll" id="8da8f766-4759-e0f2-2172-570630ed3cf1">
      <TestCategory>
        <TestCategoryItem TestCategory="Unit Test" />
      </TestCategory>
      <Execution id="17286d1f-c0c5-4e6e-88ed-7f47b8e024f1" />
      <TestMethod codeBase="C:/gitWorkspace/01.Dev/Output/.NET/Debug/ConnectPlus.ClientContact.Services.Tests.DLL" adapterTypeName="Microsoft.VisualStudio.TestTools.TestTypes.Unit.UnitTestAdapter, Microsoft.VisualStudio.QualityTools.Tips.UnitTest.Adapter, Version=10.0.0.0, Culture=neutral, PublicKeyToken=b03f5f7f11d50a3a" className="ConnectPlus.ClientContact.Services.Tests.Specifications.CommandProcessors.ClientCommandProcessorSpecification+When_the_command_is_due, ConnectPlus.ClientContact.Services.Tests, Version=1.0.0.0, Culture=neutral, PublicKeyToken=null" name="Should_resolve_the_concrete_processor" />
    </UnitTest>
    <UnitTest name="Should_require_a_nonempty_description" storage="c:\gitworkspace\01.dev\output\.net\debug\connectplus.clientcontact.domain.tests.dll" id="796d4d2d-d32a-4698-0430-f7b707d59e6f">
      <TestCategory>
        <TestCategoryItem TestCategory="Unit Test" />
      </TestCategory>
      <Execution id="24a3fb48-d9a8-4429-afa0-ee2c49de2f2a" />
      <TestMethod codeBase="C:/gitWorkspace/01.Dev/Output/.NET/Debug/ConnectPlus.ClientContact.Domain.Tests.DLL" adapterTypeName="Microsoft.VisualStudio.TestTools.TestTypes.Unit.UnitTestAdapter, Microsoft.VisualStudio.QualityTools.Tips.UnitTest.Adapter, Version=10.0.0.0, Culture=neutral, PublicKeyToken=b03f5f7f11d50a3a" className="ConnectPlus.ClientContact.Domain.Tests.Specifications.SubsectorSpecification+When_changing_the_description, ConnectPlus.ClientContact.Domain.Tests, Version=1.0.0.0, Culture=neutral, PublicKeyToken=null" name="Should_require_a_nonempty_description" />
    </UnitTest>
    <UnitTest name="Should_require_description_shorter_than_256_chars" storage="c:\gitworkspace\01.dev\output\.net\debug\connectplus.clientcontact.messaging.contracts.tests.dll" id="7c889577-b344-a4d3-ac4d-4b4c3f3978c2">
      <TestCategory>
        <TestCategoryItem TestCategory="Unit Test" />
      </TestCategory>
      <Execution id="418ea9ee-58a5-489a-bafb-d319ebc9477b" />
      <TestMethod codeBase="C:/gitWorkspace/01.Dev/Output/.NET/Debug/ConnectPlus.ClientContact.Messaging.Contracts.Tests.DLL" adapterTypeName="Microsoft.VisualStudio.TestTools.TestTypes.Unit.UnitTestAdapter, Microsoft.VisualStudio.QualityTools.Tips.UnitTest.Adapter, Version=10.0.0.0, Culture=neutral, PublicKeyToken=b03f5f7f11d50a3a" className="ConnectPlus.ClientContact.Messaging.Contracts.Tests.Specifications.TierListMessageSpecifications, ConnectPlus.ClientContact.Messaging.Contracts.Tests, Version=1.0.0.0, Culture=neutral, PublicKeyToken=null" name="Should_require_description_shorter_than_256_chars" />
    </UnitTest>
    <UnitTest name="Should_match_all_relevant" storage="c:\gitworkspace\01.dev\output\.net\debug\connectplus.clientcontact.contact.services.tests.dll" id="91bcd40c-f291-da1b-c22f-ebcc479c3dc8">
      <Execution id="a4725962-a02c-4fe4-b20c-b68d45014914" />
      <TestMethod codeBase="C:/gitWorkspace/01.Dev/Output/.NET/Debug/ConnectPlus.ClientContact.Contact.Services.Tests.DLL" adapterTypeName="Microsoft.VisualStudio.TestTools.TestTypes.Unit.UnitTestAdapter, Microsoft.VisualStudio.QualityTools.Tips.UnitTest.Adapter, Version=10.0.0.0, Culture=neutral, PublicKeyToken=b03f5f7f11d50a3a" className="ConnectPlus.ClientContact.Contact.Services.Tests.Queries.EmailAddressSearchSpecification+When_matches_all_parts_seperately, ConnectPlus.ClientContact.Contact.Services.Tests, Version=1.0.0.0, Culture=neutral, PublicKeyToken=null" name="Should_match_all_relevant" />
    </UnitTest>
    <UnitTest name="Should_execute_the_resolved_processor" storage="c:\gitworkspace\01.dev\output\.net\debug\connectplus.clientcontact.services.tests.dll" id="0a0a56e5-88d0-2e60-c83d-7d1734040e08">
      <TestCategory>
        <TestCategoryItem TestCategory="Unit Test" />
      </TestCategory>
      <Execution id="ef7cd046-d92e-4218-9f49-b4e1b98dc97a" />
      <TestMethod codeBase="C:/gitWorkspace/01.Dev/Output/.NET/Debug/ConnectPlus.ClientContact.Services.Tests.DLL" adapterTypeName="Microsoft.VisualStudio.TestTools.TestTypes.Unit.UnitTestAdapter, Microsoft.VisualStudio.QualityTools.Tips.UnitTest.Adapter, Version=10.0.0.0, Culture=neutral, PublicKeyToken=b03f5f7f11d50a3a" className="ConnectPlus.ClientContact.Services.Tests.Specifications.CommandProcessors.TierGroupCommandProcessorSpecification, ConnectPlus.ClientContact.Services.Tests, Version=1.0.0.0, Culture=neutral, PublicKeyToken=null" name="Should_execute_the_resolved_processor" />
    </UnitTest>
    <UnitTest name="Can_map_person" storage="c:\gitworkspace\01.dev\output\.net\debug\connectplus.clientcontact.dataaccess.tests.dll" id="9f34959c-efbe-8b2e-6b9d-f5599bb6b78b">
      <TestCategory>
        <TestCategoryItem TestCategory="Integration" />
      </TestCategory>
      <Execution id="9d8fb339-7717-4f1d-a363-2a6e04421b20" />
      <TestMethod codeBase="C:/gitWorkspace/01.Dev/Output/.NET/Debug/ConnectPlus.ClientContact.DataAccess.Tests.DLL" adapterTypeName="Microsoft.VisualStudio.TestTools.TestTypes.Unit.UnitTestAdapter, Microsoft.VisualStudio.QualityTools.Tips.UnitTest.Adapter, Version=10.0.0.0, Culture=neutral, PublicKeyToken=b03f5f7f11d50a3a" className="ConnectPlus.ClientContact.DataAccess.Tests.Mapping.ContactMappingTests, ConnectPlus.ClientContact.DataAccess.Tests, Version=1.0.0.0, Culture=neutral, PublicKeyToken=null" name="Can_map_person" />
    </UnitTest>
    <UnitTest name="Normalises_hyphen_local_name" storage="c:\gitworkspace\01.dev\output\.net\debug\connectplus.clientcontact.contact.services.tests.dll" id="e27faa22-60c7-1b4c-a47a-e8e52ddf857d">
      <Execution id="eca3a362-ad9c-4ecc-b88f-3d6dab14b261" />
      <TestMethod codeBase="C:/gitWorkspace/01.Dev/Output/.NET/Debug/ConnectPlus.ClientContact.Contact.Services.Tests.DLL" adapterTypeName="Microsoft.VisualStudio.TestTools.TestTypes.Unit.UnitTestAdapter, Microsoft.VisualStudio.QualityTools.Tips.UnitTest.Adapter, Version=10.0.0.0, Culture=neutral, PublicKeyToken=b03f5f7f11d50a3a" className="ConnectPlus.ClientContact.Contact.Services.Tests.Queries.NormalisedEmailAddressTests, ConnectPlus.ClientContact.Contact.Services.Tests, Version=1.0.0.0, Culture=neutral, PublicKeyToken=null" name="Normalises_hyphen_local_name" />
    </UnitTest>
    <UnitTest name="Constructor_should_require_non_empty_description" storage="c:\gitworkspace\01.dev\output\.net\debug\connectplus.clientcontact.domain.tests.dll" id="72348bb8-5f54-25d1-7ad7-a536d7a1a4a1">
      <TestCategory>
        <TestCategoryItem TestCategory="Unit Test" />
      </TestCategory>
      <Execution id="34c63b09-4073-4038-a713-b740ac1e2831" />
      <TestMethod codeBase="C:/gitWorkspace/01.Dev/Output/.NET/Debug/ConnectPlus.ClientContact.Domain.Tests.DLL" adapterTypeName="Microsoft.VisualStudio.TestTools.TestTypes.Unit.UnitTestAdapter, Microsoft.VisualStudio.QualityTools.Tips.UnitTest.Adapter, Version=10.0.0.0, Culture=neutral, PublicKeyToken=b03f5f7f11d50a3a" className="ConnectPlus.ClientContact.Domain.Tests.Specifications.TierGroupSpecification+Preconditions, ConnectPlus.ClientContact.Domain.Tests, Version=1.0.0.0, Culture=neutral, PublicKeyToken=null" name="Constructor_should_require_non_empty_description" />
    </UnitTest>
    <UnitTest name="Should_execute_the_resolved_processor" storage="c:\gitworkspace\01.dev\output\.net\debug\connectplus.clientcontact.services.tests.dll" id="8c3d03b3-b01a-5019-8e7a-2d07edc2e698">
      <TestCategory>
        <TestCategoryItem TestCategory="Unit Test" />
      </TestCategory>
      <Execution id="e0edd671-2484-4263-8b0b-38b3cdc71db4" />
      <TestMethod codeBase="C:/gitWorkspace/01.Dev/Output/.NET/Debug/ConnectPlus.ClientContact.Services.Tests.DLL" adapterTypeName="Microsoft.VisualStudio.TestTools.TestTypes.Unit.UnitTestAdapter, Microsoft.VisualStudio.QualityTools.Tips.UnitTest.Adapter, Version=10.0.0.0, Culture=neutral, PublicKeyToken=b03f5f7f11d50a3a" className="ConnectPlus.ClientContact.Services.Tests.Specifications.CommandProcessors.SectorCommandProcessorSpecification+When_the_command_is_due, ConnectPlus.ClientContact.Services.Tests, Version=1.0.0.0, Culture=neutral, PublicKeyToken=null" name="Should_execute_the_resolved_processor" />
    </UnitTest>
    <UnitTest name="CanDeleteLoginForuser" storage="c:\gitworkspace\01.dev\output\.net\debug\connectplus.crm.dataaccess.tests.dll" id="d9914625-4f37-db5c-eca4-0d5fd5a9b942">
      <Execution id="1a1497d4-891e-4644-8740-d63dddc5ec1f" />
      <TestMethod codeBase="C:/gitWorkspace/01.Dev/Output/.NET/Debug/ConnectPlus.CRM.DataAccess.Tests.DLL" adapterTypeName="Microsoft.VisualStudio.TestTools.TestTypes.Unit.UnitTestAdapter, Microsoft.VisualStudio.QualityTools.Tips.UnitTest.Adapter, Version=10.0.0.0, Culture=neutral, PublicKeyToken=b03f5f7f11d50a3a" className="ConnectPlus.CRM.DataAccess.Tests.ClassMappingTests, ConnectPlus.CRM.DataAccess.Tests, Version=1.0.0.0, Culture=neutral, PublicKeyToken=null" name="CanDeleteLoginForuser" />
    </UnitTest>
    <UnitTest name="When_client_updated_with_parent_denormalised_data_is_maintained" storage="c:\gitworkspace\01.dev\output\.net\debug\connectplus.clientcontact.dataaccess.tests.dll" id="204a050e-3d23-345f-8a2b-e41587a9a933">
      <Execution id="397a67ef-8344-4e48-bdd4-1069728a8d7b" />
      <TestMethod codeBase="C:/gitWorkspace/01.Dev/Output/.NET/Debug/ConnectPlus.ClientContact.DataAccess.Tests.DLL" adapterTypeName="Microsoft.VisualStudio.TestTools.TestTypes.Unit.UnitTestAdapter, Microsoft.VisualStudio.QualityTools.Tips.UnitTest.Adapter, Version=10.0.0.0, Culture=neutral, PublicKeyToken=b03f5f7f11d50a3a" className="ConnectPlus.ClientContact.DataAccess.Tests.Mapping.ClientMappingTests, ConnectPlus.ClientContact.DataAccess.Tests, Version=1.0.0.0, Culture=neutral, PublicKeyToken=null" name="When_client_updated_with_parent_denormalised_data_is_maintained" />
    </UnitTest>
    <UnitTest name="Should_inactivate_the_tier_group" storage="c:\gitworkspace\01.dev\output\.net\debug\connectplus.clientcontact.services.tests.dll" id="98fe25ea-cf64-00c5-54a8-2d598c352399">
      <TestCategory>
        <TestCategoryItem TestCategory="Specification" />
      </TestCategory>
      <Execution id="f582cf3c-ea33-472a-9836-1682c6993b32" />
      <TestMethod codeBase="C:/gitWorkspace/01.Dev/Output/.NET/Debug/ConnectPlus.ClientContact.Services.Tests.DLL" adapterTypeName="Microsoft.VisualStudio.TestTools.TestTypes.Unit.UnitTestAdapter, Microsoft.VisualStudio.QualityTools.Tips.UnitTest.Adapter, Version=10.0.0.0, Culture=neutral, PublicKeyToken=b03f5f7f11d50a3a" className="ConnectPlus.ClientContact.Services.Tests.Specifications.CommandProcessors.DeleteTierGroupCommandProcessorSpecification+When_the_tier_group_exists, ConnectPlus.ClientContact.Services.Tests, Version=1.0.0.0, Culture=neutral, PublicKeyToken=null" name="Should_inactivate_the_tier_group" />
    </UnitTest>
    <UnitTest name="Normalises_with_hypenated_domain_name" storage="c:\gitworkspace\01.dev\output\.net\debug\connectplus.clientcontact.contact.services.tests.dll" id="09ed9aab-52a0-fd79-5543-eca5c9d9819e">
      <Execution id="8836d4c4-b8ad-4195-852b-ade0e9a9b543" />
      <TestMethod codeBase="C:/gitWorkspace/01.Dev/Output/.NET/Debug/ConnectPlus.ClientContact.Contact.Services.Tests.DLL" adapterTypeName="Microsoft.VisualStudio.TestTools.TestTypes.Unit.UnitTestAdapter, Microsoft.VisualStudio.QualityTools.Tips.UnitTest.Adapter, Version=10.0.0.0, Culture=neutral, PublicKeyToken=b03f5f7f11d50a3a" className="ConnectPlus.ClientContact.Contact.Services.Tests.Queries.NormalisedEmailAddressTests, ConnectPlus.ClientContact.Contact.Services.Tests, Version=1.0.0.0, Culture=neutral, PublicKeyToken=null" name="Normalises_with_hypenated_domain_name" />
    </UnitTest>
    <UnitTest name="Should_retrieve_address_and_client" storage="c:\gitworkspace\01.dev\output\.net\debug\connectplus.clientcontact.domain.tests.dll" id="d9b0ec13-2d01-9f0d-a09a-721044f523d7">
      <TestCategory>
        <TestCategoryItem TestCategory="Unit Test" />
      </TestCategory>
      <Execution id="d2edcba5-6f93-41ab-8abc-b902a31676c9" />
      <TestMethod codeBase="C:/gitWorkspace/01.Dev/Output/.NET/Debug/ConnectPlus.ClientContact.Domain.Tests.DLL" adapterTypeName="Microsoft.VisualStudio.TestTools.TestTypes.Unit.UnitTestAdapter, Microsoft.VisualStudio.QualityTools.Tips.UnitTest.Adapter, Version=10.0.0.0, Culture=neutral, PublicKeyToken=b03f5f7f11d50a3a" className="ConnectPlus.ClientContact.Domain.Tests.Specifications.ContactCreatedEventBuilderSpecification, ConnectPlus.ClientContact.Domain.Tests, Version=1.0.0.0, Culture=neutral, PublicKeyToken=null" name="Should_retrieve_address_and_client" />
    </UnitTest>
    <UnitTest name="Should_execute_the_resolved_processor" storage="c:\gitworkspace\01.dev\output\.net\debug\connectplus.clientcontact.services.tests.dll" id="5920f9e6-c4a1-4e5e-a953-20e3a8e6f0c7">
      <TestCategory>
        <TestCategoryItem TestCategory="Unit Test" />
      </TestCategory>
      <Execution id="6761a942-e796-47f1-86ba-7bf8fe136dc6" />
      <TestMethod codeBase="C:/gitWorkspace/01.Dev/Output/.NET/Debug/ConnectPlus.ClientContact.Services.Tests.DLL" adapterTypeName="Microsoft.VisualStudio.TestTools.TestTypes.Unit.UnitTestAdapter, Microsoft.VisualStudio.QualityTools.Tips.UnitTest.Adapter, Version=10.0.0.0, Culture=neutral, PublicKeyToken=b03f5f7f11d50a3a" className="ConnectPlus.ClientContact.Services.Tests.Specifications.CommandProcessors.SubsectorCommandProcessorSpecification, ConnectPlus.ClientContact.Services.Tests, Version=1.0.0.0, Culture=neutral, PublicKeyToken=null" name="Should_execute_the_resolved_processor" />
    </UnitTest>
    <UnitTest name="Should_update_the_clients_cis_code" storage="c:\gitworkspace\01.dev\output\.net\debug\connectplus.clientcontact.services.tests.dll" id="f42fabb4-8bb4-8a29-4a9f-7a698c663137">
      <TestCategory>
        <TestCategoryItem TestCategory="Unit Test" />
      </TestCategory>
      <Execution id="94799455-ea02-4fef-987f-7589ecb08d56" />
      <TestMethod codeBase="C:/gitWorkspace/01.Dev/Output/.NET/Debug/ConnectPlus.ClientContact.Services.Tests.DLL" adapterTypeName="Microsoft.VisualStudio.TestTools.TestTypes.Unit.UnitTestAdapter, Microsoft.VisualStudio.QualityTools.Tips.UnitTest.Adapter, Version=10.0.0.0, Culture=neutral, PublicKeyToken=b03f5f7f11d50a3a" className="ConnectPlus.ClientContact.Services.Tests.Specifications.CommandProcessors.UpsertClientCommandProcessorSpecification+When_all_preconditions_are_met+When_the_client_exists+When_the_subsector_has_changed, ConnectPlus.ClientContact.Services.Tests, Version=1.0.0.0, Culture=neutral, PublicKeyToken=null" name="Should_update_the_clients_cis_code" />
    </UnitTest>
    <UnitTest name="Constructor_should_require_name" storage="c:\gitworkspace\01.dev\output\.net\debug\connectplus.clientcontact.domain.tests.dll" id="18e274b6-e2db-a8a9-d555-efe09b40c8d3">
      <TestCategory>
        <TestCategoryItem TestCategory="Unit Test" />
      </TestCategory>
      <Execution id="6565688d-88e7-4ad8-a224-b3bf621e89d7" />
      <TestMethod codeBase="C:/gitWorkspace/01.Dev/Output/.NET/Debug/ConnectPlus.ClientContact.Domain.Tests.DLL" adapterTypeName="Microsoft.VisualStudio.TestTools.TestTypes.Unit.UnitTestAdapter, Microsoft.VisualStudio.QualityTools.Tips.UnitTest.Adapter, Version=10.0.0.0, Culture=neutral, PublicKeyToken=b03f5f7f11d50a3a" className="ConnectPlus.ClientContact.Domain.Tests.Specifications.ClientSpecification+Preconditions, ConnectPlus.ClientContact.Domain.Tests, Version=1.0.0.0, Culture=neutral, PublicKeyToken=null" name="Constructor_should_require_name" />
    </UnitTest>
    <UnitTest name="Should_issue_a_mapped_tier_group_command" storage="c:\gitworkspace\01.dev\output\.net\debug\connectplus.clientcontact.services.tests.dll" id="5c177c1e-94fc-a184-5180-6ad283cc4387">
      <TestCategory>
        <TestCategoryItem TestCategory="Specification" />
      </TestCategory>
      <Execution id="13b52374-245d-4840-a358-706f5cab0aee" />
      <TestMethod codeBase="C:/gitWorkspace/01.Dev/Output/.NET/Debug/ConnectPlus.ClientContact.Services.Tests.DLL" adapterTypeName="Microsoft.VisualStudio.TestTools.TestTypes.Unit.UnitTestAdapter, Microsoft.VisualStudio.QualityTools.Tips.UnitTest.Adapter, Version=10.0.0.0, Culture=neutral, PublicKeyToken=b03f5f7f11d50a3a" className="ConnectPlus.ClientContact.Services.Tests.Specifications.MessageHandlers.TierGroup, ConnectPlus.ClientContact.Services.Tests, Version=1.0.0.0, Culture=neutral, PublicKeyToken=null" name="Should_issue_a_mapped_tier_group_command" />
    </UnitTest>
    <UnitTest name="Should_persist_the_created_tier_list" storage="c:\gitworkspace\01.dev\output\.net\debug\connectplus.clientcontact.services.tests.dll" id="adb1c491-269b-d36d-0c67-70cc98d67f9c">
      <TestCategory>
        <TestCategoryItem TestCategory="Specification" />
      </TestCategory>
      <Execution id="16f4a4df-7813-4077-a57d-cc9cf54233c6" />
      <TestMethod codeBase="C:/gitWorkspace/01.Dev/Output/.NET/Debug/ConnectPlus.ClientContact.Services.Tests.DLL" adapterTypeName="Microsoft.VisualStudio.TestTools.TestTypes.Unit.UnitTestAdapter, Microsoft.VisualStudio.QualityTools.Tips.UnitTest.Adapter, Version=10.0.0.0, Culture=neutral, PublicKeyToken=b03f5f7f11d50a3a" className="ConnectPlus.ClientContact.Services.Tests.Specifications.CommandProcessors.UpsertTierListCommandProcessorSpecification+When_the_tier_list_doesnt_exist, ConnectPlus.ClientContact.Services.Tests, Version=1.0.0.0, Culture=neutral, PublicKeyToken=null" name="Should_persist_the_created_tier_list" />
    </UnitTest>
    <UnitTest name="Should_create_an_upsert_tier_value_command_processor" storage="c:\gitworkspace\01.dev\output\.net\debug\connectplus.clientcontact.services.tests.dll" id="12c78d8b-8ad3-f873-5278-ace6a4fa44b0">
      <TestCategory>
        <TestCategoryItem TestCategory="Unit Test" />
      </TestCategory>
      <Execution id="8da0f3b1-5dea-4303-b15c-9df80c59d364" />
      <TestMethod codeBase="C:/gitWorkspace/01.Dev/Output/.NET/Debug/ConnectPlus.ClientContact.Services.Tests.DLL" adapterTypeName="Microsoft.VisualStudio.TestTools.TestTypes.Unit.UnitTestAdapter, Microsoft.VisualStudio.QualityTools.Tips.UnitTest.Adapter, Version=10.0.0.0, Culture=neutral, PublicKeyToken=b03f5f7f11d50a3a" className="ConnectPlus.ClientContact.Services.Tests.Specifications.CommandProcessors.Factories.StatusBasedTierValue+When_the_status_is_active, ConnectPlus.ClientContact.Services.Tests, Version=1.0.0.0, Culture=neutral, PublicKeyToken=null" name="Should_create_an_upsert_tier_value_command_processor" />
    </UnitTest>
    <UnitTest name="Should_throw_invalidoperationexception" storage="c:\gitworkspace\01.dev\output\.net\debug\connectplus.clientcontact.domain.tests.dll" id="186fdd73-94f5-b380-771f-48d0d23a07f9">
      <TestCategory>
        <TestCategoryItem TestCategory="Unit Test" />
      </TestCategory>
      <Execution id="1d254792-41a7-4d7e-aa77-b591dba4a87d" />
      <TestMethod codeBase="C:/gitWorkspace/01.Dev/Output/.NET/Debug/ConnectPlus.ClientContact.Domain.Tests.DLL" adapterTypeName="Microsoft.VisualStudio.TestTools.TestTypes.Unit.UnitTestAdapter, Microsoft.VisualStudio.QualityTools.Tips.UnitTest.Adapter, Version=10.0.0.0, Culture=neutral, PublicKeyToken=b03f5f7f11d50a3a" className="ConnectPlus.ClientContact.Domain.Tests.Specifications.ContactCreationServiceSpecification+When_the_email_type_is_not_found, ConnectPlus.ClientContact.Domain.Tests, Version=1.0.0.0, Culture=neutral, PublicKeyToken=null" name="Should_throw_invalidoperationexception" />
    </UnitTest>
    <UnitTest name="Should_create_the_appropriate_event" storage="c:\gitworkspace\01.dev\output\.net\debug\connectplus.clientcontact.domain.tests.dll" id="c6765f05-daaa-acbe-3c14-06cd3093a036">
      <TestCategory>
        <TestCategoryItem TestCategory="Unit Test" />
      </TestCategory>
      <Execution id="94a5fe7d-6ecb-44b4-930b-8d6cfa663ff8" />
      <TestMethod codeBase="C:/gitWorkspace/01.Dev/Output/.NET/Debug/ConnectPlus.ClientContact.Domain.Tests.DLL" adapterTypeName="Microsoft.VisualStudio.TestTools.TestTypes.Unit.UnitTestAdapter, Microsoft.VisualStudio.QualityTools.Tips.UnitTest.Adapter, Version=10.0.0.0, Culture=neutral, PublicKeyToken=b03f5f7f11d50a3a" className="ConnectPlus.ClientContact.Domain.Tests.Specifications.ContactCreatedEventBuilderSpecification, ConnectPlus.ClientContact.Domain.Tests, Version=1.0.0.0, Culture=neutral, PublicKeyToken=null" name="Should_create_the_appropriate_event" />
    </UnitTest>
    <UnitTest name="Should_check_if_the_tier_list_exists" storage="c:\gitworkspace\01.dev\output\.net\debug\connectplus.clientcontact.services.tests.dll" id="1a45c571-2d16-7c8a-d434-e2834bd7ce66">
      <TestCategory>
        <TestCategoryItem TestCategory="Specification" />
      </TestCategory>
      <Execution id="8937eccc-1f0b-45c6-b2db-98b19d588552" />
      <TestMethod codeBase="C:/gitWorkspace/01.Dev/Output/.NET/Debug/ConnectPlus.ClientContact.Services.Tests.DLL" adapterTypeName="Microsoft.VisualStudio.TestTools.TestTypes.Unit.UnitTestAdapter, Microsoft.VisualStudio.QualityTools.Tips.UnitTest.Adapter, Version=10.0.0.0, Culture=neutral, PublicKeyToken=b03f5f7f11d50a3a" className="ConnectPlus.ClientContact.Services.Tests.Specifications.CommandProcessors.UpsertTierListCommandProcessorSpecification, ConnectPlus.ClientContact.Services.Tests, Version=1.0.0.0, Culture=neutral, PublicKeyToken=null" name="Should_check_if_the_tier_list_exists" />
    </UnitTest>
    <UnitTest name="Should_throw_notsupportedexcetpion" storage="c:\gitworkspace\01.dev\output\.net\debug\connectplus.clientcontact.services.tests.dll" id="9787e624-e070-723d-fd24-16e8ff0d8d0a">
      <TestCategory>
        <TestCategoryItem TestCategory="Unit Test" />
      </TestCategory>
      <Execution id="5c28fbef-37e5-49b2-8a42-15de00854c44" />
      <TestMethod codeBase="C:/gitWorkspace/01.Dev/Output/.NET/Debug/ConnectPlus.ClientContact.Services.Tests.DLL" adapterTypeName="Microsoft.VisualStudio.TestTools.TestTypes.Unit.UnitTestAdapter, Microsoft.VisualStudio.QualityTools.Tips.UnitTest.Adapter, Version=10.0.0.0, Culture=neutral, PublicKeyToken=b03f5f7f11d50a3a" className="ConnectPlus.ClientContact.Services.Tests.Specifications.CommandProcessors.Factories.StatusBasedTierValue+When_the_status_is_inactive, ConnectPlus.ClientContact.Services.Tests, Version=1.0.0.0, Culture=neutral, PublicKeyToken=null" name="Should_throw_notsupportedexcetpion" />
    </UnitTest>
    <UnitTest name="When_client_is_created_existing_country_is_used" storage="c:\gitworkspace\01.dev\output\.net\debug\connectplus.clientcontact.integrationtests.dll" id="b6e36ae2-b75c-f3d8-8c8f-f990ce7d7492">
      <Execution id="a4d990c0-290a-4fd7-b604-19c5fe35dc36" />
      <TestMethod codeBase="C:/gitWorkspace/01.Dev/Output/.NET/Debug/ConnectPlus.ClientContact.IntegrationTests.DLL" adapterTypeName="Microsoft.VisualStudio.TestTools.TestTypes.Unit.UnitTestAdapter, Microsoft.VisualStudio.QualityTools.Tips.UnitTest.Adapter, Version=10.0.0.0, Culture=neutral, PublicKeyToken=b03f5f7f11d50a3a" className="ConnectPlus.ClientContact.IntegrationTests.Bugs.DuplicateCountries, ConnectPlus.ClientContact.IntegrationTests, Version=1.0.0.0, Culture=neutral, PublicKeyToken=null" name="When_client_is_created_existing_country_is_used" />
    </UnitTest>
    <UnitTest name="Normalises_with_dot_in_local_name" storage="c:\gitworkspace\01.dev\output\.net\debug\connectplus.clientcontact.contact.services.tests.dll" id="e59ddaf4-819c-45fc-7555-a23840548bbd">
      <Execution id="5f87f9aa-3db5-43f2-88b4-3b6bfa055093" />
      <TestMethod codeBase="C:/gitWorkspace/01.Dev/Output/.NET/Debug/ConnectPlus.ClientContact.Contact.Services.Tests.DLL" adapterTypeName="Microsoft.VisualStudio.TestTools.TestTypes.Unit.UnitTestAdapter, Microsoft.VisualStudio.QualityTools.Tips.UnitTest.Adapter, Version=10.0.0.0, Culture=neutral, PublicKeyToken=b03f5f7f11d50a3a" className="ConnectPlus.ClientContact.Contact.Services.Tests.Queries.NormalisedEmailAddressTests, ConnectPlus.ClientContact.Contact.Services.Tests, Version=1.0.0.0, Culture=neutral, PublicKeyToken=null" name="Normalises_with_dot_in_local_name" />
    </UnitTest>
    <UnitTest name="Should_set_the_isactive_flag_to_false" storage="c:\gitworkspace\01.dev\output\.net\debug\connectplus.clientcontact.domain.tests.dll" id="d55edbc2-263a-1d37-edec-75c74e946897">
      <TestCategory>
        <TestCategoryItem TestCategory="Specification" />
      </TestCategory>
      <Execution id="bbdb96e0-cae0-4d48-a30d-075ee26e65c4" />
      <TestMethod codeBase="C:/gitWorkspace/01.Dev/Output/.NET/Debug/ConnectPlus.ClientContact.Domain.Tests.DLL" adapterTypeName="Microsoft.VisualStudio.TestTools.TestTypes.Unit.UnitTestAdapter, Microsoft.VisualStudio.QualityTools.Tips.UnitTest.Adapter, Version=10.0.0.0, Culture=neutral, PublicKeyToken=b03f5f7f11d50a3a" className="ConnectPlus.ClientContact.Domain.Tests.Specifications.SubsectorSpecification+When_a_subsector_with_no_clients_is_inactivated, ConnectPlus.ClientContact.Domain.Tests, Version=1.0.0.0, Culture=neutral, PublicKeyToken=null" name="Should_set_the_isactive_flag_to_false" />
    </UnitTest>
    <UnitTest name="Should_create_a_delete_tier_value_command_processor" storage="c:\gitworkspace\01.dev\output\.net\debug\connectplus.clientcontact.services.tests.dll" id="d5188fd8-be0e-a068-6524-7aac70f5afee">
      <TestCategory>
        <TestCategoryItem TestCategory="Unit Test" />
      </TestCategory>
      <Execution id="a776fb7e-0a61-4980-a61f-3c5050ec531d" />
      <TestMethod codeBase="C:/gitWorkspace/01.Dev/Output/.NET/Debug/ConnectPlus.ClientContact.Services.Tests.DLL" adapterTypeName="Microsoft.VisualStudio.TestTools.TestTypes.Unit.UnitTestAdapter, Microsoft.VisualStudio.QualityTools.Tips.UnitTest.Adapter, Version=10.0.0.0, Culture=neutral, PublicKeyToken=b03f5f7f11d50a3a" className="ConnectPlus.ClientContact.Services.Tests.Specifications.CommandProcessors.Factories.StatusBasedTierValue+When_the_status_is_deleted, ConnectPlus.ClientContact.Services.Tests, Version=1.0.0.0, Culture=neutral, PublicKeyToken=null" name="Should_create_a_delete_tier_value_command_processor" />
    </UnitTest>
    <UnitTest name="Should_update_the_existing_sector_with_the_given_description" storage="c:\gitworkspace\01.dev\output\.net\debug\connectplus.clientcontact.services.tests.dll" id="ee5821e0-e8f7-eac4-514b-c3a96fe23b55">
      <TestCategory>
        <TestCategoryItem TestCategory="Specification" />
      </TestCategory>
      <Execution id="37f9619f-3c34-4a7a-b7e1-fe4b0dedf312" />
      <TestMethod codeBase="C:/gitWorkspace/01.Dev/Output/.NET/Debug/ConnectPlus.ClientContact.Services.Tests.DLL" adapterTypeName="Microsoft.VisualStudio.TestTools.TestTypes.Unit.UnitTestAdapter, Microsoft.VisualStudio.QualityTools.Tips.UnitTest.Adapter, Version=10.0.0.0, Culture=neutral, PublicKeyToken=b03f5f7f11d50a3a" className="ConnectPlus.ClientContact.Services.Tests.Specifications.CommandProcessors.UpsertSectorCommandProcessorSpecification+When_the_sector_exists, ConnectPlus.ClientContact.Services.Tests, Version=1.0.0.0, Culture=neutral, PublicKeyToken=null" name="Should_update_the_existing_sector_with_the_given_description" />
    </UnitTest>
    <UnitTest name="Can_create_sector" storage="c:\gitworkspace\01.dev\output\.net\debug\connectplus.clientcontact.integrationtests.dll" id="b766414d-ee0c-c7ac-6c48-f4d7a1c472b5">
      <Execution id="f512aa92-c2b8-4608-b45a-bc5de50989ee" />
      <TestMethod codeBase="C:/gitWorkspace/01.Dev/Output/.NET/Debug/ConnectPlus.ClientContact.IntegrationTests.DLL" adapterTypeName="Microsoft.VisualStudio.TestTools.TestTypes.Unit.UnitTestAdapter, Microsoft.VisualStudio.QualityTools.Tips.UnitTest.Adapter, Version=10.0.0.0, Culture=neutral, PublicKeyToken=b03f5f7f11d50a3a" className="ConnectPlus.ClientContact.IntegrationTests.MessagesIntegrationTests, ConnectPlus.ClientContact.IntegrationTests, Version=1.0.0.0, Culture=neutral, PublicKeyToken=null" name="Can_create_sector" />
    </UnitTest>
    <UnitTest name="Should_issue_a_mapped_client_command" storage="c:\gitworkspace\01.dev\output\.net\debug\connectplus.clientcontact.services.tests.dll" id="d583a40e-1921-6734-1fbd-3f1e6262adc8">
      <TestCategory>
        <TestCategoryItem TestCategory="Specification" />
      </TestCategory>
      <Execution id="9b54a414-42d6-408d-a4cc-e3d22ed07137" />
      <TestMethod codeBase="C:/gitWorkspace/01.Dev/Output/.NET/Debug/ConnectPlus.ClientContact.Services.Tests.DLL" adapterTypeName="Microsoft.VisualStudio.TestTools.TestTypes.Unit.UnitTestAdapter, Microsoft.VisualStudio.QualityTools.Tips.UnitTest.Adapter, Version=10.0.0.0, Culture=neutral, PublicKeyToken=b03f5f7f11d50a3a" className="ConnectPlus.ClientContact.Services.Tests.Specifications.MessageHandlers.Client, ConnectPlus.ClientContact.Services.Tests, Version=1.0.0.0, Culture=neutral, PublicKeyToken=null" name="Should_issue_a_mapped_client_command" />
    </UnitTest>
    <UnitTest name="Should_create_a_delete_command_processor" storage="c:\gitworkspace\01.dev\output\.net\debug\connectplus.clientcontact.services.tests.dll" id="9884b188-ec55-3cc9-48ff-b672811aa47c">
      <TestCategory>
        <TestCategoryItem TestCategory="Unit Test" />
      </TestCategory>
      <Execution id="5195202e-5b2d-456d-a72a-ebcf1e1a02c0" />
      <TestMethod codeBase="C:/gitWorkspace/01.Dev/Output/.NET/Debug/ConnectPlus.ClientContact.Services.Tests.DLL" adapterTypeName="Microsoft.VisualStudio.TestTools.TestTypes.Unit.UnitTestAdapter, Microsoft.VisualStudio.QualityTools.Tips.UnitTest.Adapter, Version=10.0.0.0, Culture=neutral, PublicKeyToken=b03f5f7f11d50a3a" className="ConnectPlus.ClientContact.Services.Tests.Specifications.CommandProcessors.Factories.StatusBasedClient+When_the_status_is_deleted, ConnectPlus.ClientContact.Services.Tests, Version=1.0.0.0, Culture=neutral, PublicKeyToken=null" name="Should_create_a_delete_command_processor" />
    </UnitTest>
    <UnitTest name="When_GetUserByUserName_ShouldReturn" storage="c:\gitworkspace\01.dev\output\.net\debug\connectplus.crm.dataaccess.tests.dll" id="883e3732-310c-6c18-dc86-7299e9d9a24f">
      <Execution id="a0ff459a-751a-4f4e-9a25-40b87a16e7d8" />
      <TestMethod codeBase="C:/gitWorkspace/01.Dev/Output/.NET/Debug/ConnectPlus.CRM.DataAccess.Tests.DLL" adapterTypeName="Microsoft.VisualStudio.TestTools.TestTypes.Unit.UnitTestAdapter, Microsoft.VisualStudio.QualityTools.Tips.UnitTest.Adapter, Version=10.0.0.0, Culture=neutral, PublicKeyToken=b03f5f7f11d50a3a" className="ConnectPlus.CRM.DataAccess.Tests.Repositories.UserRepositoryTests, ConnectPlus.CRM.DataAccess.Tests, Version=1.0.0.0, Culture=neutral, PublicKeyToken=null" name="When_GetUserByUserName_ShouldReturn" />
    </UnitTest>
    <UnitTest name="Should_retrieve_the_client" storage="c:\gitworkspace\01.dev\output\.net\debug\connectplus.clientcontact.services.tests.dll" id="8f67a88b-481d-3fa3-8a5e-0aee30dc1d25">
      <TestCategory>
        <TestCategoryItem TestCategory="Specification" />
      </TestCategory>
      <Execution id="903eea74-3e92-4812-b96c-a8f3396bb851" />
      <TestMethod codeBase="C:/gitWorkspace/01.Dev/Output/.NET/Debug/ConnectPlus.ClientContact.Services.Tests.DLL" adapterTypeName="Microsoft.VisualStudio.TestTools.TestTypes.Unit.UnitTestAdapter, Microsoft.VisualStudio.QualityTools.Tips.UnitTest.Adapter, Version=10.0.0.0, Culture=neutral, PublicKeyToken=b03f5f7f11d50a3a" className="ConnectPlus.ClientContact.Services.Tests.Specifications.CommandProcessors.ClientTierCommandProcessorSpecification+When_all_preconditions_are_met+When_the_status_is_active, ConnectPlus.ClientContact.Services.Tests, Version=1.0.0.0, Culture=neutral, PublicKeyToken=null" name="Should_retrieve_the_client" />
    </UnitTest>
    <UnitTest name="Should_create_an_upsert_command_processor" storage="c:\gitworkspace\01.dev\output\.net\debug\connectplus.clientcontact.services.tests.dll" id="7f88b677-908f-ffdc-f17f-7426fa08988c">
      <TestCategory>
        <TestCategoryItem TestCategory="Unit Test" />
      </TestCategory>
      <Execution id="046f26ae-b6bb-453a-8501-70cc46d4dfbb" />
      <TestMethod codeBase="C:/gitWorkspace/01.Dev/Output/.NET/Debug/ConnectPlus.ClientContact.Services.Tests.DLL" adapterTypeName="Microsoft.VisualStudio.TestTools.TestTypes.Unit.UnitTestAdapter, Microsoft.VisualStudio.QualityTools.Tips.UnitTest.Adapter, Version=10.0.0.0, Culture=neutral, PublicKeyToken=b03f5f7f11d50a3a" className="ConnectPlus.ClientContact.Services.Tests.Specifications.CommandProcessors.Factories.StatusBasedClient+When_the_status_is_active, ConnectPlus.ClientContact.Services.Tests, Version=1.0.0.0, Culture=neutral, PublicKeyToken=null" name="Should_create_an_upsert_command_processor" />
    </UnitTest>
    <UnitTest name="Can_create_subsector" storage="c:\gitworkspace\01.dev\output\.net\debug\connectplus.clientcontact.integrationtests.dll" id="bca4159d-90a7-39b7-873c-7d3db5beae86">
      <Execution id="66c3f335-a68e-4229-a89f-d89c6137ddfb" />
      <TestMethod codeBase="C:/gitWorkspace/01.Dev/Output/.NET/Debug/ConnectPlus.ClientContact.IntegrationTests.DLL" adapterTypeName="Microsoft.VisualStudio.TestTools.TestTypes.Unit.UnitTestAdapter, Microsoft.VisualStudio.QualityTools.Tips.UnitTest.Adapter, Version=10.0.0.0, Culture=neutral, PublicKeyToken=b03f5f7f11d50a3a" className="ConnectPlus.ClientContact.IntegrationTests.MessagesIntegrationTests, ConnectPlus.ClientContact.IntegrationTests, Version=1.0.0.0, Culture=neutral, PublicKeyToken=null" name="Can_create_subsector" />
    </UnitTest>
    <UnitTest name="Should_require_client_id" storage="c:\gitworkspace\01.dev\output\.net\debug\connectplus.clientcontact.messaging.contracts.tests.dll" id="09e1287e-4224-463d-14f4-4a5a74678861">
      <TestCategory>
        <TestCategoryItem TestCategory="Unit Test" />
      </TestCategory>
      <Execution id="8578867b-bf74-441b-9646-5d084774593b" />
      <TestMethod codeBase="C:/gitWorkspace/01.Dev/Output/.NET/Debug/ConnectPlus.ClientContact.Messaging.Contracts.Tests.DLL" adapterTypeName="Microsoft.VisualStudio.TestTools.TestTypes.Unit.UnitTestAdapter, Microsoft.VisualStudio.QualityTools.Tips.UnitTest.Adapter, Version=10.0.0.0, Culture=neutral, PublicKeyToken=b03f5f7f11d50a3a" className="ConnectPlus.ClientContact.Messaging.Contracts.Tests.Specifications.ClientMessageSpecifications, ConnectPlus.ClientContact.Messaging.Contracts.Tests, Version=1.0.0.0, Culture=neutral, PublicKeyToken=null" name="Should_require_client_id" />
    </UnitTest>
    <UnitTest name="Can_create_tier_list" storage="c:\gitworkspace\01.dev\output\.net\debug\connectplus.clientcontact.integrationtests.dll" id="f27d0682-2317-e070-66ed-efac09fa4930">
      <Execution id="3d3ce100-6c2a-461b-a0b2-986491afd647" />
      <TestMethod codeBase="C:/gitWorkspace/01.Dev/Output/.NET/Debug/ConnectPlus.ClientContact.IntegrationTests.DLL" adapterTypeName="Microsoft.VisualStudio.TestTools.TestTypes.Unit.UnitTestAdapter, Microsoft.VisualStudio.QualityTools.Tips.UnitTest.Adapter, Version=10.0.0.0, Culture=neutral, PublicKeyToken=b03f5f7f11d50a3a" className="ConnectPlus.ClientContact.IntegrationTests.MessagesIntegrationTests, ConnectPlus.ClientContact.IntegrationTests, Version=1.0.0.0, Culture=neutral, PublicKeyToken=null" name="Can_create_tier_list" />
    </UnitTest>
    <UnitTest name="Should_check_if_the_subsector_exists" storage="c:\gitworkspace\01.dev\output\.net\debug\connectplus.clientcontact.services.tests.dll" id="deb442b9-77e1-22e0-d1f7-cd040ba70813">
      <TestCategory>
        <TestCategoryItem TestCategory="Specification" />
      </TestCategory>
      <Execution id="9c2860e0-4f27-4a75-a819-9be1a5c898a3" />
      <TestMethod codeBase="C:/gitWorkspace/01.Dev/Output/.NET/Debug/ConnectPlus.ClientContact.Services.Tests.DLL" adapterTypeName="Microsoft.VisualStudio.TestTools.TestTypes.Unit.UnitTestAdapter, Microsoft.VisualStudio.QualityTools.Tips.UnitTest.Adapter, Version=10.0.0.0, Culture=neutral, PublicKeyToken=b03f5f7f11d50a3a" className="ConnectPlus.ClientContact.Services.Tests.Specifications.CommandProcessors.UpsertSubsectorCommandProcessorSpecification+When_the_subsector_doesnt_exist, ConnectPlus.ClientContact.Services.Tests, Version=1.0.0.0, Culture=neutral, PublicKeyToken=null" name="Should_check_if_the_subsector_exists" />
    </UnitTest>
    <UnitTest name="When_Search_Partially_Matches_ClientName_And_FirstName_And_LastName_Should_Find" storage="c:\gitworkspace\01.dev\output\.net\debug\connectplus.crm.dataaccess.tests.dll" id="00a815f8-435f-b48f-14f5-1d2d714bfe42">
      <Execution id="7b5df13d-dcfe-4017-9c22-6c13e77d9ee6" />
      <TestMethod codeBase="C:/gitWorkspace/01.Dev/Output/.NET/Debug/ConnectPlus.CRM.DataAccess.Tests.DLL" adapterTypeName="Microsoft.VisualStudio.TestTools.TestTypes.Unit.UnitTestAdapter, Microsoft.VisualStudio.QualityTools.Tips.UnitTest.Adapter, Version=10.0.0.0, Culture=neutral, PublicKeyToken=b03f5f7f11d50a3a" className="ConnectPlus.CRM.DataAccess.Tests.Repositories.ContactRepositoryTests, ConnectPlus.CRM.DataAccess.Tests, Version=1.0.0.0, Culture=neutral, PublicKeyToken=null" name="When_Search_Partially_Matches_ClientName_And_FirstName_And_LastName_Should_Find" />
    </UnitTest>
    <UnitTest name="Should_require_non_numeric_first_name" storage="c:\gitworkspace\01.dev\output\.net\debug\connectplus.clientcontact.contact.services.tests.dll" id="b722006c-18f9-c59d-eabc-8169b368dd02">
      <Execution id="e38b86d3-85dd-4b34-a2c1-28468a099835" />
      <TestMethod codeBase="C:/gitWorkspace/01.Dev/Output/.NET/Debug/ConnectPlus.ClientContact.Contact.Services.Tests.DLL" adapterTypeName="Microsoft.VisualStudio.TestTools.TestTypes.Unit.UnitTestAdapter, Microsoft.VisualStudio.QualityTools.Tips.UnitTest.Adapter, Version=10.0.0.0, Culture=neutral, PublicKeyToken=b03f5f7f11d50a3a" className="ConnectPlus.ClientContact.Contact.Services.Tests.Specifications.ContactSpecification+Preconditions, ConnectPlus.ClientContact.Contact.Services.Tests, Version=1.0.0.0, Culture=neutral, PublicKeyToken=null" name="Should_require_non_numeric_first_name" />
    </UnitTest>
    <UnitTest name="Ctor_should_require_contact" storage="c:\gitworkspace\01.dev\output\.net\debug\connectplus.clientcontact.domain.tests.dll" id="e8dd8e7a-1ca0-d4c1-c638-e05102ff5f85">
      <TestCategory>
        <TestCategoryItem TestCategory="Unit Test" />
      </TestCategory>
      <Execution id="9f82b3af-cdaf-44fc-bac6-b1586de49766" />
      <TestMethod codeBase="C:/gitWorkspace/01.Dev/Output/.NET/Debug/ConnectPlus.ClientContact.Domain.Tests.DLL" adapterTypeName="Microsoft.VisualStudio.TestTools.TestTypes.Unit.UnitTestAdapter, Microsoft.VisualStudio.QualityTools.Tips.UnitTest.Adapter, Version=10.0.0.0, Culture=neutral, PublicKeyToken=b03f5f7f11d50a3a" className="ConnectPlus.ClientContact.Domain.Tests.Specifications.PhoneSpecification+Preconditions, ConnectPlus.ClientContact.Domain.Tests, Version=1.0.0.0, Culture=neutral, PublicKeyToken=null" name="Ctor_should_require_contact" />
    </UnitTest>
    <UnitTest name="Should_update_the_subsectors_description" storage="c:\gitworkspace\01.dev\output\.net\debug\connectplus.clientcontact.services.tests.dll" id="a04e8dfb-81e2-eb1f-cbcb-0a1e54355404">
      <TestCategory>
        <TestCategoryItem TestCategory="Specification" />
      </TestCategory>
      <Execution id="935be303-31e0-4a32-9367-ae3d50874e01" />
      <TestMethod codeBase="C:/gitWorkspace/01.Dev/Output/.NET/Debug/ConnectPlus.ClientContact.Services.Tests.DLL" adapterTypeName="Microsoft.VisualStudio.TestTools.TestTypes.Unit.UnitTestAdapter, Microsoft.VisualStudio.QualityTools.Tips.UnitTest.Adapter, Version=10.0.0.0, Culture=neutral, PublicKeyToken=b03f5f7f11d50a3a" className="ConnectPlus.ClientContact.Services.Tests.Specifications.CommandProcessors.UpsertSubsectorCommandProcessorSpecification+When_the_subsector_exists, ConnectPlus.ClientContact.Services.Tests, Version=1.0.0.0, Culture=neutral, PublicKeyToken=null" name="Should_update_the_subsectors_description" />
    </UnitTest>
    <UnitTest name="Can_map_subsector" storage="c:\gitworkspace\01.dev\output\.net\debug\connectplus.clientcontact.dataaccess.tests.dll" id="41b1d2b7-dfab-ac69-ef84-de0e98150c3b">
      <Execution id="7e7b448e-8795-4fd7-93fb-fe0fc0117db3" />
      <TestMethod codeBase="C:/gitWorkspace/01.Dev/Output/.NET/Debug/ConnectPlus.ClientContact.DataAccess.Tests.DLL" adapterTypeName="Microsoft.VisualStudio.TestTools.TestTypes.Unit.UnitTestAdapter, Microsoft.VisualStudio.QualityTools.Tips.UnitTest.Adapter, Version=10.0.0.0, Culture=neutral, PublicKeyToken=b03f5f7f11d50a3a" className="ConnectPlus.ClientContact.DataAccess.Tests.Mapping.ClientMappingTests, ConnectPlus.ClientContact.DataAccess.Tests, Version=1.0.0.0, Culture=neutral, PublicKeyToken=null" name="Can_map_subsector" />
    </UnitTest>
    <UnitTest name="Constructor_should_require_tier_list" storage="c:\gitworkspace\01.dev\output\.net\debug\connectplus.clientcontact.domain.tests.dll" id="324d2b23-35e1-24ea-16ee-eb8460fc158a">
      <TestCategory>
        <TestCategoryItem TestCategory="Unit Test" />
      </TestCategory>
      <Execution id="1840c8b9-39e0-4609-8027-77b1430110c9" />
      <TestMethod codeBase="C:/gitWorkspace/01.Dev/Output/.NET/Debug/ConnectPlus.ClientContact.Domain.Tests.DLL" adapterTypeName="Microsoft.VisualStudio.TestTools.TestTypes.Unit.UnitTestAdapter, Microsoft.VisualStudio.QualityTools.Tips.UnitTest.Adapter, Version=10.0.0.0, Culture=neutral, PublicKeyToken=b03f5f7f11d50a3a" className="ConnectPlus.ClientContact.Domain.Tests.Specifications.TierValueSpecification+Preconditions, ConnectPlus.ClientContact.Domain.Tests, Version=1.0.0.0, Culture=neutral, PublicKeyToken=null" name="Constructor_should_require_tier_list" />
    </UnitTest>
    <UnitTest name="Should_create_a_delete_command_processor" storage="c:\gitworkspace\01.dev\output\.net\debug\connectplus.clientcontact.services.tests.dll" id="2467382a-9d9a-7408-f86b-6b0208b1f0e9">
      <TestCategory>
        <TestCategoryItem TestCategory="Unit Test" />
      </TestCategory>
      <Execution id="7c0727cb-6986-4a52-a194-3c9dacf95efb" />
      <TestMethod codeBase="C:/gitWorkspace/01.Dev/Output/.NET/Debug/ConnectPlus.ClientContact.Services.Tests.DLL" adapterTypeName="Microsoft.VisualStudio.TestTools.TestTypes.Unit.UnitTestAdapter, Microsoft.VisualStudio.QualityTools.Tips.UnitTest.Adapter, Version=10.0.0.0, Culture=neutral, PublicKeyToken=b03f5f7f11d50a3a" className="ConnectPlus.ClientContact.Services.Tests.Specifications.CommandProcessors.Factories.StatusBasedTierGroup+When_the_status_is_deleted, ConnectPlus.ClientContact.Services.Tests, Version=1.0.0.0, Culture=neutral, PublicKeyToken=null" name="Should_create_a_delete_command_processor" />
    </UnitTest>
    <UnitTest name="Should_create_the_contact_created_event" storage="c:\gitworkspace\01.dev\output\.net\debug\connectplus.clientcontact.domain.tests.dll" id="bd148b8b-f345-333e-22d2-9b28c12530b6">
      <TestCategory>
        <TestCategoryItem TestCategory="Unit Test" />
      </TestCategory>
      <Execution id="95dd9dcf-8be3-4317-86ef-15bc4e407c1e" />
      <TestMethod codeBase="C:/gitWorkspace/01.Dev/Output/.NET/Debug/ConnectPlus.ClientContact.Domain.Tests.DLL" adapterTypeName="Microsoft.VisualStudio.TestTools.TestTypes.Unit.UnitTestAdapter, Microsoft.VisualStudio.QualityTools.Tips.UnitTest.Adapter, Version=10.0.0.0, Culture=neutral, PublicKeyToken=b03f5f7f11d50a3a" className="ConnectPlus.ClientContact.Domain.Tests.Specifications.ContactCreationServiceSpecification+When_all_preconditions_are_met, ConnectPlus.ClientContact.Domain.Tests, Version=1.0.0.0, Culture=neutral, PublicKeyToken=null" name="Should_create_the_contact_created_event" />
    </UnitTest>
    <UnitTest name="Constructor_should_require_non_null_description" storage="c:\gitworkspace\01.dev\output\.net\debug\connectplus.clientcontact.domain.tests.dll" id="6d5ad88a-b53e-35d0-a2a8-0a0acfdcd6dd">
      <TestCategory>
        <TestCategoryItem TestCategory="Unit Test" />
      </TestCategory>
      <Execution id="6f7d0c94-12f6-4c98-8964-85eb8a26d818" />
      <TestMethod codeBase="C:/gitWorkspace/01.Dev/Output/.NET/Debug/ConnectPlus.ClientContact.Domain.Tests.DLL" adapterTypeName="Microsoft.VisualStudio.TestTools.TestTypes.Unit.UnitTestAdapter, Microsoft.VisualStudio.QualityTools.Tips.UnitTest.Adapter, Version=10.0.0.0, Culture=neutral, PublicKeyToken=b03f5f7f11d50a3a" className="ConnectPlus.ClientContact.Domain.Tests.Specifications.TierValueSpecification+Preconditions, ConnectPlus.ClientContact.Domain.Tests, Version=1.0.0.0, Culture=neutral, PublicKeyToken=null" name="Constructor_should_require_non_null_description" />
    </UnitTest>
    <UnitTest name="Should_update_the_clients_cis_code" storage="c:\gitworkspace\01.dev\output\.net\debug\connectplus.clientcontact.services.tests.dll" id="3871f6b9-ecd2-55a4-bf89-b3ac3c9b99be">
      <TestCategory>
        <TestCategoryItem TestCategory="Unit Test" />
      </TestCategory>
      <Execution id="d4ea8f9b-050f-4f20-b923-9794bf306626" />
      <TestMethod codeBase="C:/gitWorkspace/01.Dev/Output/.NET/Debug/ConnectPlus.ClientContact.Services.Tests.DLL" adapterTypeName="Microsoft.VisualStudio.TestTools.TestTypes.Unit.UnitTestAdapter, Microsoft.VisualStudio.QualityTools.Tips.UnitTest.Adapter, Version=10.0.0.0, Culture=neutral, PublicKeyToken=b03f5f7f11d50a3a" className="ConnectPlus.ClientContact.Services.Tests.Specifications.CommandProcessors.UpsertClientCommandProcessorSpecification+When_all_preconditions_are_met+When_the_client_exists, ConnectPlus.ClientContact.Services.Tests, Version=1.0.0.0, Culture=neutral, PublicKeyToken=null" name="Should_update_the_clients_cis_code" />
    </UnitTest>
    <UnitTest name="Can_find_user_by_logins" storage="c:\gitworkspace\01.dev\output\.net\debug\connectplus.crm.dataaccess.tests.dll" id="7d1f3d0f-5f7e-2f66-e99d-e0081b50f18a">
      <Execution id="5c80b7ab-7c49-4cdf-8938-bd6c4bfcf116" />
      <TestMethod codeBase="C:/gitWorkspace/01.Dev/Output/.NET/Debug/ConnectPlus.CRM.DataAccess.Tests.DLL" adapterTypeName="Microsoft.VisualStudio.TestTools.TestTypes.Unit.UnitTestAdapter, Microsoft.VisualStudio.QualityTools.Tips.UnitTest.Adapter, Version=10.0.0.0, Culture=neutral, PublicKeyToken=b03f5f7f11d50a3a" className="ConnectPlus.CRM.DataAccess.Tests.Repositories.UserRepositoryTests, ConnectPlus.CRM.DataAccess.Tests, Version=1.0.0.0, Culture=neutral, PublicKeyToken=null" name="Can_find_user_by_logins" />
    </UnitTest>
    <UnitTest name="Should_throw_invalidoperationexception" storage="c:\gitworkspace\01.dev\output\.net\debug\connectplus.clientcontact.contact.services.tests.dll" id="49e8522b-ffc4-f366-6c45-70efb7e301d3">
      <TestCategory>
        <TestCategoryItem TestCategory="Unit Test" />
      </TestCategory>
      <Execution id="7607f465-67ee-4f96-b580-a0c4145db0e3" />
      <TestMethod codeBase="C:/gitWorkspace/01.Dev/Output/.NET/Debug/ConnectPlus.ClientContact.Contact.Services.Tests.DLL" adapterTypeName="Microsoft.VisualStudio.TestTools.TestTypes.Unit.UnitTestAdapter, Microsoft.VisualStudio.QualityTools.Tips.UnitTest.Adapter, Version=10.0.0.0, Culture=neutral, PublicKeyToken=b03f5f7f11d50a3a" className="ConnectPlus.ClientContact.Contact.Services.Tests.Specifications.CreateContactCommandProcessorSpecification+When_the_contact_id_is_not_returned, ConnectPlus.ClientContact.Contact.Services.Tests, Version=1.0.0.0, Culture=neutral, PublicKeyToken=null" name="Should_throw_invalidoperationexception" />
    </UnitTest>
    <UnitTest name="Should_pass_validation_when_all_preconditions_are_met" storage="c:\gitworkspace\01.dev\output\.net\debug\connectplus.clientcontact.messaging.contracts.tests.dll" id="6a034c0c-98a0-e8f9-8684-289727af4530">
      <TestCategory>
        <TestCategoryItem TestCategory="Unit Test" />
      </TestCategory>
      <Execution id="190a7900-2c95-42ae-9de9-45db322d3bc9" />
      <TestMethod codeBase="C:/gitWorkspace/01.Dev/Output/.NET/Debug/ConnectPlus.ClientContact.Messaging.Contracts.Tests.DLL" adapterTypeName="Microsoft.VisualStudio.TestTools.TestTypes.Unit.UnitTestAdapter, Microsoft.VisualStudio.QualityTools.Tips.UnitTest.Adapter, Version=10.0.0.0, Culture=neutral, PublicKeyToken=b03f5f7f11d50a3a" className="ConnectPlus.ClientContact.Messaging.Contracts.Tests.Specifications.SectorMessageSpecifications, ConnectPlus.ClientContact.Messaging.Contracts.Tests, Version=1.0.0.0, Culture=neutral, PublicKeyToken=null" name="Should_pass_validation_when_all_preconditions_are_met" />
    </UnitTest>
    <UnitTest name="CanCorrectlyMapContact" storage="c:\gitworkspace\01.dev\output\.net\debug\connectplus.crm.dataaccess.tests.dll" id="d2bb5434-abf7-b511-3279-e582bcb339ae">
      <Execution id="53b700d0-dda7-4c6c-98b2-6a513cf12719" />
      <TestMethod codeBase="C:/gitWorkspace/01.Dev/Output/.NET/Debug/ConnectPlus.CRM.DataAccess.Tests.DLL" adapterTypeName="Microsoft.VisualStudio.TestTools.TestTypes.Unit.UnitTestAdapter, Microsoft.VisualStudio.QualityTools.Tips.UnitTest.Adapter, Version=10.0.0.0, Culture=neutral, PublicKeyToken=b03f5f7f11d50a3a" className="ConnectPlus.CRM.DataAccess.Tests.ClassMappingTests, ConnectPlus.CRM.DataAccess.Tests, Version=1.0.0.0, Culture=neutral, PublicKeyToken=null" name="CanCorrectlyMapContact" />
    </UnitTest>
    <UnitTest name="Should_rank_as_2" storage="c:\gitworkspace\01.dev\output\.net\debug\connectplus.clientcontact.contact.services.tests.dll" id="b5dad8cf-3030-b897-11b9-a712b07bcf6b">
      <Execution id="3161f0d4-da27-41c9-9703-ab2afb58936a" />
      <TestMethod codeBase="C:/gitWorkspace/01.Dev/Output/.NET/Debug/ConnectPlus.ClientContact.Contact.Services.Tests.DLL" adapterTypeName="Microsoft.VisualStudio.TestTools.TestTypes.Unit.UnitTestAdapter, Microsoft.VisualStudio.QualityTools.Tips.UnitTest.Adapter, Version=10.0.0.0, Culture=neutral, PublicKeyToken=b03f5f7f11d50a3a" className="ConnectPlus.ClientContact.Contact.Services.Tests.Queries.EmailAddressSearchSpecification+When_matches_local_and_domain, ConnectPlus.ClientContact.Contact.Services.Tests, Version=1.0.0.0, Culture=neutral, PublicKeyToken=null" name="Should_rank_as_2" />
    </UnitTest>
    <UnitTest name="Can_map_created_contact_event_contact" storage="c:\gitworkspace\01.dev\output\.net\debug\connectplus.clientcontact.dataaccess.tests.dll" id="6bf6e7d3-5c0e-7a5f-dbaf-f763be3a9269">
      <TestCategory>
        <TestCategoryItem TestCategory="Integration" />
      </TestCategory>
      <Execution id="2ae5d588-96bb-4881-a468-097966e39e90" />
      <TestMethod codeBase="C:/gitWorkspace/01.Dev/Output/.NET/Debug/ConnectPlus.ClientContact.DataAccess.Tests.DLL" adapterTypeName="Microsoft.VisualStudio.TestTools.TestTypes.Unit.UnitTestAdapter, Microsoft.VisualStudio.QualityTools.Tips.UnitTest.Adapter, Version=10.0.0.0, Culture=neutral, PublicKeyToken=b03f5f7f11d50a3a" className="ConnectPlus.ClientContact.DataAccess.Tests.Mapping.ContactMappingTests, ConnectPlus.ClientContact.DataAccess.Tests, Version=1.0.0.0, Culture=neutral, PublicKeyToken=null" name="Can_map_created_contact_event_contact" />
    </UnitTest>
    <UnitTest name="When_Changes_Requested_After_Poll_Period_Poll_Is_Kicked_Off" storage="c:\gitworkspace\01.dev\output\.net\debug\connectplus.crm.dataaccess.tests.dll" id="a02f94c3-fe6b-262e-8fe6-4e00359466b2">
      <Execution id="315216f6-9fe8-4df9-a30e-bab51f3b95b0" />
      <TestMethod codeBase="C:/gitWorkspace/01.Dev/Output/.NET/Debug/ConnectPlus.CRM.DataAccess.Tests.DLL" adapterTypeName="Microsoft.VisualStudio.TestTools.TestTypes.Unit.UnitTestAdapter, Microsoft.VisualStudio.QualityTools.Tips.UnitTest.Adapter, Version=10.0.0.0, Culture=neutral, PublicKeyToken=b03f5f7f11d50a3a" className="ConnectPlus.ClientContact.DataAccess.Tests.ContactChangeMonitorTests, ConnectPlus.CRM.DataAccess.Tests, Version=1.0.0.0, Culture=neutral, PublicKeyToken=null" name="When_Changes_Requested_After_Poll_Period_Poll_Is_Kicked_Off" />
    </UnitTest>
    <UnitTest name="Ctor_should_require_number" storage="c:\gitworkspace\01.dev\output\.net\debug\connectplus.clientcontact.domain.tests.dll" id="f2d7334b-b069-8be5-1189-eab742d9ebb4">
      <TestCategory>
        <TestCategoryItem TestCategory="Unit Test" />
      </TestCategory>
      <Execution id="f70fab19-1b8c-472f-a5d4-1d631a4a2039" />
      <TestMethod codeBase="C:/gitWorkspace/01.Dev/Output/.NET/Debug/ConnectPlus.ClientContact.Domain.Tests.DLL" adapterTypeName="Microsoft.VisualStudio.TestTools.TestTypes.Unit.UnitTestAdapter, Microsoft.VisualStudio.QualityTools.Tips.UnitTest.Adapter, Version=10.0.0.0, Culture=neutral, PublicKeyToken=b03f5f7f11d50a3a" className="ConnectPlus.ClientContact.Domain.Tests.Specifications.PhoneSpecification+Preconditions, ConnectPlus.ClientContact.Domain.Tests, Version=1.0.0.0, Culture=neutral, PublicKeyToken=null" name="Ctor_should_require_number" />
    </UnitTest>
    <UnitTest name="CanCorrectlyMapPhoneType" storage="c:\gitworkspace\01.dev\output\.net\debug\connectplus.crm.dataaccess.tests.dll" id="7eed0702-6183-2da8-d77a-23151656013d">
      <Execution id="ff53f2a8-b699-4552-9f1e-77fbfbedac5a" />
      <TestMethod codeBase="C:/gitWorkspace/01.Dev/Output/.NET/Debug/ConnectPlus.CRM.DataAccess.Tests.DLL" adapterTypeName="Microsoft.VisualStudio.TestTools.TestTypes.Unit.UnitTestAdapter, Microsoft.VisualStudio.QualityTools.Tips.UnitTest.Adapter, Version=10.0.0.0, Culture=neutral, PublicKeyToken=b03f5f7f11d50a3a" className="ConnectPlus.CRM.DataAccess.Tests.ClassMappingTests, ConnectPlus.CRM.DataAccess.Tests, Version=1.0.0.0, Culture=neutral, PublicKeyToken=null" name="CanCorrectlyMapPhoneType" />
    </UnitTest>
    <UnitTest name="Should_inactivate_the_sector" storage="c:\gitworkspace\01.dev\output\.net\debug\connectplus.clientcontact.services.tests.dll" id="8ab28965-4f85-b0bf-95b0-08db53a0cbfc">
      <TestCategory>
        <TestCategoryItem TestCategory="Specification" />
      </TestCategory>
      <Execution id="ad0d21a5-4b89-4e3a-bef4-ebe622c1e413" />
      <TestMethod codeBase="C:/gitWorkspace/01.Dev/Output/.NET/Debug/ConnectPlus.ClientContact.Services.Tests.DLL" adapterTypeName="Microsoft.VisualStudio.TestTools.TestTypes.Unit.UnitTestAdapter, Microsoft.VisualStudio.QualityTools.Tips.UnitTest.Adapter, Version=10.0.0.0, Culture=neutral, PublicKeyToken=b03f5f7f11d50a3a" className="ConnectPlus.ClientContact.Services.Tests.Specifications.CommandProcessors.DeleteSectorCommandProcessorSpecification+When_the_sector_exists, ConnectPlus.ClientContact.Services.Tests, Version=1.0.0.0, Culture=neutral, PublicKeyToken=null" name="Should_inactivate_the_sector" />
    </UnitTest>
    <UnitTest name="Should_issue_a_mapped_tier_list_command" storage="c:\gitworkspace\01.dev\output\.net\debug\connectplus.clientcontact.services.tests.dll" id="1f4beef6-9de5-c9d2-0c4d-d06a1d1bfea8">
      <TestCategory>
        <TestCategoryItem TestCategory="Specification" />
      </TestCategory>
      <Execution id="e41e95e1-75f7-400b-aec5-29fbf94aef15" />
      <TestMethod codeBase="C:/gitWorkspace/01.Dev/Output/.NET/Debug/ConnectPlus.ClientContact.Services.Tests.DLL" adapterTypeName="Microsoft.VisualStudio.TestTools.TestTypes.Unit.UnitTestAdapter, Microsoft.VisualStudio.QualityTools.Tips.UnitTest.Adapter, Version=10.0.0.0, Culture=neutral, PublicKeyToken=b03f5f7f11d50a3a" className="ConnectPlus.ClientContact.Services.Tests.Specifications.MessageHandlers.TierList, ConnectPlus.ClientContact.Services.Tests, Version=1.0.0.0, Culture=neutral, PublicKeyToken=null" name="Should_issue_a_mapped_tier_list_command" />
    </UnitTest>
    <UnitTest name="Can_map_sdmClient_with_deleted_tiering_values" storage="c:\gitworkspace\01.dev\output\.net\debug\connectplus.clientcontact.dataaccess.tests.dll" id="840a17e2-3cbf-5e33-a07f-662acd7b4dbe">
      <Execution id="e40b5b96-4e64-4814-9172-0e9e61dec71f" />
      <TestMethod codeBase="C:/gitWorkspace/01.Dev/Output/.NET/Debug/ConnectPlus.ClientContact.DataAccess.Tests.DLL" adapterTypeName="Microsoft.VisualStudio.TestTools.TestTypes.Unit.UnitTestAdapter, Microsoft.VisualStudio.QualityTools.Tips.UnitTest.Adapter, Version=10.0.0.0, Culture=neutral, PublicKeyToken=b03f5f7f11d50a3a" className="ConnectPlus.ClientContact.DataAccess.Tests.Mapping.ClientMappingTests, ConnectPlus.ClientContact.DataAccess.Tests, Version=1.0.0.0, Culture=neutral, PublicKeyToken=null" name="Can_map_sdmClient_with_deleted_tiering_values" />
    </UnitTest>
    <UnitTest name="Query_Can_Execute" storage="c:\gitworkspace\01.dev\output\.net\debug\connectplus.crm.dataaccess.tests.dll" id="98e96e67-f171-5357-aac3-6028cfc9ae79">
      <Execution id="257fc9e3-e28b-4809-83b7-ce53aa236ee1" />
      <TestMethod codeBase="C:/gitWorkspace/01.Dev/Output/.NET/Debug/ConnectPlus.CRM.DataAccess.Tests.DLL" adapterTypeName="Microsoft.VisualStudio.TestTools.TestTypes.Unit.UnitTestAdapter, Microsoft.VisualStudio.QualityTools.Tips.UnitTest.Adapter, Version=10.0.0.0, Culture=neutral, PublicKeyToken=b03f5f7f11d50a3a" className="ConnectPlus.CRM.DataAccess.Tests.Repositories.ClientContactListRepositoryTests, ConnectPlus.CRM.DataAccess.Tests, Version=1.0.0.0, Culture=neutral, PublicKeyToken=null" name="Query_Can_Execute" />
    </UnitTest>
    <UnitTest name="Invalid_email_address_throws_exception" storage="c:\gitworkspace\01.dev\output\.net\debug\connectplus.clientcontact.contact.services.tests.dll" id="f7569089-0857-c976-0f23-9a66c681328c">
      <Execution id="b6c6f674-1422-4f0b-b0c2-e72096beb34e" />
      <TestMethod codeBase="C:/gitWorkspace/01.Dev/Output/.NET/Debug/ConnectPlus.ClientContact.Contact.Services.Tests.DLL" adapterTypeName="Microsoft.VisualStudio.TestTools.TestTypes.Unit.UnitTestAdapter, Microsoft.VisualStudio.QualityTools.Tips.UnitTest.Adapter, Version=10.0.0.0, Culture=neutral, PublicKeyToken=b03f5f7f11d50a3a" className="ConnectPlus.ClientContact.Contact.Services.Tests.Queries.NormalisedEmailAddressTests, ConnectPlus.ClientContact.Contact.Services.Tests, Version=1.0.0.0, Culture=neutral, PublicKeyToken=null" name="Invalid_email_address_throws_exception" />
    </UnitTest>
    <UnitTest name="Should_execute_the_resolved_processor" storage="c:\gitworkspace\01.dev\output\.net\debug\connectplus.clientcontact.services.tests.dll" id="5a50ae5d-70b7-6c0f-5d6e-070fa410c38b">
      <TestCategory>
        <TestCategoryItem TestCategory="Unit Test" />
      </TestCategory>
      <Execution id="04c5253c-72cd-4231-b7c5-7142b7ee9e83" />
      <TestMethod codeBase="C:/gitWorkspace/01.Dev/Output/.NET/Debug/ConnectPlus.ClientContact.Services.Tests.DLL" adapterTypeName="Microsoft.VisualStudio.TestTools.TestTypes.Unit.UnitTestAdapter, Microsoft.VisualStudio.QualityTools.Tips.UnitTest.Adapter, Version=10.0.0.0, Culture=neutral, PublicKeyToken=b03f5f7f11d50a3a" className="ConnectPlus.ClientContact.Services.Tests.Specifications.CommandProcessors.TierValueCommandProcessorSpecification, ConnectPlus.ClientContact.Services.Tests, Version=1.0.0.0, Culture=neutral, PublicKeyToken=null" name="Should_execute_the_resolved_processor" />
    </UnitTest>
    <UnitTest name="Should_match_person" storage="c:\gitworkspace\01.dev\output\.net\debug\connectplus.clientcontact.contact.services.tests.dll" id="35860ec4-822d-05f5-1789-3df657d30a5d">
      <Execution id="0f7cc0cf-2e27-4b79-8b89-cb0a25706090" />
      <TestMethod codeBase="C:/gitWorkspace/01.Dev/Output/.NET/Debug/ConnectPlus.ClientContact.Contact.Services.Tests.DLL" adapterTypeName="Microsoft.VisualStudio.TestTools.TestTypes.Unit.UnitTestAdapter, Microsoft.VisualStudio.QualityTools.Tips.UnitTest.Adapter, Version=10.0.0.0, Culture=neutral, PublicKeyToken=b03f5f7f11d50a3a" className="ConnectPlus.ClientContact.Contact.Services.Tests.Queries.EmailAddressSearchSpecification+When_matches_local, ConnectPlus.ClientContact.Contact.Services.Tests, Version=1.0.0.0, Culture=neutral, PublicKeyToken=null" name="Should_match_person" />
    </UnitTest>
    <UnitTest name="Should_issue_a_mapped_sector_command" storage="c:\gitworkspace\01.dev\output\.net\debug\connectplus.clientcontact.services.tests.dll" id="ac73f21f-a23d-2544-a295-5fb6a1dda17d">
      <TestCategory>
        <TestCategoryItem TestCategory="Specification" />
      </TestCategory>
      <Execution id="b80985b2-2b79-4771-823f-964bb3ee6eb5" />
      <TestMethod codeBase="C:/gitWorkspace/01.Dev/Output/.NET/Debug/ConnectPlus.ClientContact.Services.Tests.DLL" adapterTypeName="Microsoft.VisualStudio.TestTools.TestTypes.Unit.UnitTestAdapter, Microsoft.VisualStudio.QualityTools.Tips.UnitTest.Adapter, Version=10.0.0.0, Culture=neutral, PublicKeyToken=b03f5f7f11d50a3a" className="ConnectPlus.ClientContact.Services.Tests.Specifications.MessageHandlers.Sector, ConnectPlus.ClientContact.Services.Tests, Version=1.0.0.0, Culture=neutral, PublicKeyToken=null" name="Should_issue_a_mapped_sector_command" />
    </UnitTest>
    <UnitTest name="Should_throw_invalidoperationexception" storage="c:\gitworkspace\01.dev\output\.net\debug\connectplus.clientcontact.domain.tests.dll" id="20801f1d-c423-734b-b637-043c4dc6be1f">
      <TestCategory>
        <TestCategoryItem TestCategory="Unit Test" />
      </TestCategory>
      <Execution id="4c05f2ea-c7a8-43dc-8bcb-e9a62b8fe2ce" />
      <TestMethod codeBase="C:/gitWorkspace/01.Dev/Output/.NET/Debug/ConnectPlus.ClientContact.Domain.Tests.DLL" adapterTypeName="Microsoft.VisualStudio.TestTools.TestTypes.Unit.UnitTestAdapter, Microsoft.VisualStudio.QualityTools.Tips.UnitTest.Adapter, Version=10.0.0.0, Culture=neutral, PublicKeyToken=b03f5f7f11d50a3a" className="ConnectPlus.ClientContact.Domain.Tests.Specifications.ContactCreationServiceSpecification+When_the_phone_type_is_not_found, ConnectPlus.ClientContact.Domain.Tests, Version=1.0.0.0, Culture=neutral, PublicKeyToken=null" name="Should_throw_invalidoperationexception" />
    </UnitTest>
    <UnitTest name="Should_retrieve_the_sector" storage="c:\gitworkspace\01.dev\output\.net\debug\connectplus.clientcontact.services.tests.dll" id="f96f1f19-d19e-bc12-04ef-964bfec69e6e">
      <TestCategory>
        <TestCategoryItem TestCategory="Specification" />
      </TestCategory>
      <Execution id="422209c8-f9ae-4ca1-9790-27a930e52242" />
      <TestMethod codeBase="C:/gitWorkspace/01.Dev/Output/.NET/Debug/ConnectPlus.ClientContact.Services.Tests.DLL" adapterTypeName="Microsoft.VisualStudio.TestTools.TestTypes.Unit.UnitTestAdapter, Microsoft.VisualStudio.QualityTools.Tips.UnitTest.Adapter, Version=10.0.0.0, Culture=neutral, PublicKeyToken=b03f5f7f11d50a3a" className="ConnectPlus.ClientContact.Services.Tests.Specifications.CommandProcessors.DeleteSectorCommandProcessorSpecification+When_the_sector_exists, ConnectPlus.ClientContact.Services.Tests, Version=1.0.0.0, Culture=neutral, PublicKeyToken=null" name="Should_retrieve_the_sector" />
    </UnitTest>
    <UnitTest name="Should_throw_invalidoperationexception" storage="c:\gitworkspace\01.dev\output\.net\debug\connectplus.clientcontact.domain.tests.dll" id="deb4455b-8f82-7ad4-d42c-2a16fa73bcb7">
      <TestCategory>
        <TestCategoryItem TestCategory="Specification" />
      </TestCategory>
      <Execution id="4840cdc8-32d0-413f-bd3a-23b3f0d02959" />
      <TestMethod codeBase="C:/gitWorkspace/01.Dev/Output/.NET/Debug/ConnectPlus.ClientContact.Domain.Tests.DLL" adapterTypeName="Microsoft.VisualStudio.TestTools.TestTypes.Unit.UnitTestAdapter, Microsoft.VisualStudio.QualityTools.Tips.UnitTest.Adapter, Version=10.0.0.0, Culture=neutral, PublicKeyToken=b03f5f7f11d50a3a" className="ConnectPlus.ClientContact.Domain.Tests.Specifications.ClientSpecification+When_unassigning_a_tier_value+When_the_client_isnt_tiered_with_this_value, ConnectPlus.ClientContact.Domain.Tests, Version=1.0.0.0, Culture=neutral, PublicKeyToken=null" name="Should_throw_invalidoperationexception" />
    </UnitTest>
    <UnitTest name="Should_require_description" storage="c:\gitworkspace\01.dev\output\.net\debug\connectplus.clientcontact.messaging.contracts.tests.dll" id="d45c22d8-a9e9-7c6e-eb04-a0cabb214e02">
      <TestCategory>
        <TestCategoryItem TestCategory="Unit Test" />
      </TestCategory>
      <Execution id="c370fc24-c34b-4516-a684-b17a93eab6a7" />
      <TestMethod codeBase="C:/gitWorkspace/01.Dev/Output/.NET/Debug/ConnectPlus.ClientContact.Messaging.Contracts.Tests.DLL" adapterTypeName="Microsoft.VisualStudio.TestTools.TestTypes.Unit.UnitTestAdapter, Microsoft.VisualStudio.QualityTools.Tips.UnitTest.Adapter, Version=10.0.0.0, Culture=neutral, PublicKeyToken=b03f5f7f11d50a3a" className="ConnectPlus.ClientContact.Messaging.Contracts.Tests.Specifications.SectorMessageSpecifications, ConnectPlus.ClientContact.Messaging.Contracts.Tests, Version=1.0.0.0, Culture=neutral, PublicKeyToken=null" name="Should_require_description" />
    </UnitTest>
    <UnitTest name="Should_accept_name_of_3_chars" storage="c:\gitworkspace\01.dev\output\.net\debug\connectplus.clientcontact.messaging.contracts.tests.dll" id="d7a0d135-ec4c-687a-33c9-69629e60e919">
      <TestCategory>
        <TestCategoryItem TestCategory="Unit Test" />
      </TestCategory>
      <Execution id="2b189cec-9d8b-4df2-9609-41f3d17321cf" />
      <TestMethod codeBase="C:/gitWorkspace/01.Dev/Output/.NET/Debug/ConnectPlus.ClientContact.Messaging.Contracts.Tests.DLL" adapterTypeName="Microsoft.VisualStudio.TestTools.TestTypes.Unit.UnitTestAdapter, Microsoft.VisualStudio.QualityTools.Tips.UnitTest.Adapter, Version=10.0.0.0, Culture=neutral, PublicKeyToken=b03f5f7f11d50a3a" className="ConnectPlus.ClientContact.Messaging.Contracts.Tests.Specifications.ClientMessageSpecifications, ConnectPlus.ClientContact.Messaging.Contracts.Tests, Version=1.0.0.0, Culture=neutral, PublicKeyToken=null" name="Should_accept_name_of_3_chars" />
    </UnitTest>
    <UnitTest name="Should_create_and_persist_the_tier_group" storage="c:\gitworkspace\01.dev\output\.net\debug\connectplus.clientcontact.services.tests.dll" id="b4523e82-c6b2-8ead-2dc8-3f1e7c6cd261">
      <TestCategory>
        <TestCategoryItem TestCategory="Specification" />
      </TestCategory>
      <Execution id="877b1f09-be42-46f1-8049-d69881963e6f" />
      <TestMethod codeBase="C:/gitWorkspace/01.Dev/Output/.NET/Debug/ConnectPlus.ClientContact.Services.Tests.DLL" adapterTypeName="Microsoft.VisualStudio.TestTools.TestTypes.Unit.UnitTestAdapter, Microsoft.VisualStudio.QualityTools.Tips.UnitTest.Adapter, Version=10.0.0.0, Culture=neutral, PublicKeyToken=b03f5f7f11d50a3a" className="ConnectPlus.ClientContact.Services.Tests.Specifications.CommandProcessors.UpsertTierGroupCommandProcessorSpecification+When_the_tier_doesnt_exist, ConnectPlus.ClientContact.Services.Tests, Version=1.0.0.0, Culture=neutral, PublicKeyToken=null" name="Should_create_and_persist_the_tier_group" />
    </UnitTest>
    <UnitTest name="It_shouldnt_do_anything" storage="c:\gitworkspace\01.dev\output\.net\debug\connectplus.clientcontact.services.tests.dll" id="bd0b67bc-8496-3ad1-e071-155843612955">
      <TestCategory>
        <TestCategoryItem TestCategory="Specification" />
      </TestCategory>
      <Execution id="d80b6ffa-5bca-4d46-abb9-d638bc71894a" />
      <TestMethod codeBase="C:/gitWorkspace/01.Dev/Output/.NET/Debug/ConnectPlus.ClientContact.Services.Tests.DLL" adapterTypeName="Microsoft.VisualStudio.TestTools.TestTypes.Unit.UnitTestAdapter, Microsoft.VisualStudio.QualityTools.Tips.UnitTest.Adapter, Version=10.0.0.0, Culture=neutral, PublicKeyToken=b03f5f7f11d50a3a" className="ConnectPlus.ClientContact.Services.Tests.Specifications.CommandProcessors.DeleteSubsectorCommandProcessorSpecification+When_the_subsector_is_not_found, ConnectPlus.ClientContact.Services.Tests, Version=1.0.0.0, Culture=neutral, PublicKeyToken=null" name="It_shouldnt_do_anything" />
    </UnitTest>
    <UnitTest name="Should_require_sector_id" storage="c:\gitworkspace\01.dev\output\.net\debug\connectplus.clientcontact.messaging.contracts.tests.dll" id="2c99fcf0-c92b-38fd-471a-634fd5a67697">
      <TestCategory>
        <TestCategoryItem TestCategory="Unit Test" />
      </TestCategory>
      <Execution id="e66e2f63-8bf8-4efa-b3f5-3a98237f6595" />
      <TestMethod codeBase="C:/gitWorkspace/01.Dev/Output/.NET/Debug/ConnectPlus.ClientContact.Messaging.Contracts.Tests.DLL" adapterTypeName="Microsoft.VisualStudio.TestTools.TestTypes.Unit.UnitTestAdapter, Microsoft.VisualStudio.QualityTools.Tips.UnitTest.Adapter, Version=10.0.0.0, Culture=neutral, PublicKeyToken=b03f5f7f11d50a3a" className="ConnectPlus.ClientContact.Messaging.Contracts.Tests.Specifications.SectorMessageSpecifications, ConnectPlus.ClientContact.Messaging.Contracts.Tests, Version=1.0.0.0, Culture=neutral, PublicKeyToken=null" name="Should_require_sector_id" />
    </UnitTest>
    <UnitTest name="When_client_created_with_parent_denormalised_data_is_maintained" storage="c:\gitworkspace\01.dev\output\.net\debug\connectplus.clientcontact.dataaccess.tests.dll" id="0c373f89-4528-fb59-9755-af563eb01c99">
      <Execution id="66b67bfa-2144-49bf-938a-ee46db3a8765" />
      <TestMethod codeBase="C:/gitWorkspace/01.Dev/Output/.NET/Debug/ConnectPlus.ClientContact.DataAccess.Tests.DLL" adapterTypeName="Microsoft.VisualStudio.TestTools.TestTypes.Unit.UnitTestAdapter, Microsoft.VisualStudio.QualityTools.Tips.UnitTest.Adapter, Version=10.0.0.0, Culture=neutral, PublicKeyToken=b03f5f7f11d50a3a" className="ConnectPlus.ClientContact.DataAccess.Tests.Mapping.ClientMappingTests, ConnectPlus.ClientContact.DataAccess.Tests, Version=1.0.0.0, Culture=neutral, PublicKeyToken=null" name="When_client_created_with_parent_denormalised_data_is_maintained" />
    </UnitTest>
    <UnitTest name="WhenGetContacts_ShouldReturnMatchingRecord" storage="c:\gitworkspace\01.dev\output\.net\debug\connectplus.crm.dataaccess.tests.dll" id="dfad1f65-3178-f75a-56b5-4bd2476c70a7">
      <Execution id="9b6cadc1-bd3c-4e89-89bd-0c8a06951fc9" />
      <TestMethod codeBase="C:/gitWorkspace/01.Dev/Output/.NET/Debug/ConnectPlus.CRM.DataAccess.Tests.DLL" adapterTypeName="Microsoft.VisualStudio.TestTools.TestTypes.Unit.UnitTestAdapter, Microsoft.VisualStudio.QualityTools.Tips.UnitTest.Adapter, Version=10.0.0.0, Culture=neutral, PublicKeyToken=b03f5f7f11d50a3a" className="ConnectPlus.CRM.DataAccess.Tests.Repositories.ContactRepositoryTests, ConnectPlus.CRM.DataAccess.Tests, Version=1.0.0.0, Culture=neutral, PublicKeyToken=null" name="WhenGetContacts_ShouldReturnMatchingRecord" />
    </UnitTest>
    <UnitTest name="CanCorrectlyMapContactEmail" storage="c:\gitworkspace\01.dev\output\.net\debug\connectplus.crm.dataaccess.tests.dll" id="2977b77d-c075-ddb0-f52d-c49cec28ad1d">
      <Execution id="c805888a-84e5-4c18-8349-c83d289a30e7" />
      <TestMethod codeBase="C:/gitWorkspace/01.Dev/Output/.NET/Debug/ConnectPlus.CRM.DataAccess.Tests.DLL" adapterTypeName="Microsoft.VisualStudio.TestTools.TestTypes.Unit.UnitTestAdapter, Microsoft.VisualStudio.QualityTools.Tips.UnitTest.Adapter, Version=10.0.0.0, Culture=neutral, PublicKeyToken=b03f5f7f11d50a3a" className="ConnectPlus.CRM.DataAccess.Tests.ClassMappingTests, ConnectPlus.CRM.DataAccess.Tests, Version=1.0.0.0, Culture=neutral, PublicKeyToken=null" name="CanCorrectlyMapContactEmail" />
    </UnitTest>
    <UnitTest name="When_Changes_Returned_From_Poll_They_Are_Available_To_Callers" storage="c:\gitworkspace\01.dev\output\.net\debug\connectplus.crm.dataaccess.tests.dll" id="e982eaf7-eca9-3a9a-a99b-785125ffbac6">
      <Execution id="c67769b7-8824-4455-a991-c6194cec99c4" />
      <TestMethod codeBase="C:/gitWorkspace/01.Dev/Output/.NET/Debug/ConnectPlus.CRM.DataAccess.Tests.DLL" adapterTypeName="Microsoft.VisualStudio.TestTools.TestTypes.Unit.UnitTestAdapter, Microsoft.VisualStudio.QualityTools.Tips.UnitTest.Adapter, Version=10.0.0.0, Culture=neutral, PublicKeyToken=b03f5f7f11d50a3a" className="ConnectPlus.ClientContact.DataAccess.Tests.ContactChangeMonitorTests, ConnectPlus.CRM.DataAccess.Tests, Version=1.0.0.0, Culture=neutral, PublicKeyToken=null" name="When_Changes_Returned_From_Poll_They_Are_Available_To_Callers" />
    </UnitTest>
    <UnitTest name="Should_not_execute_the_resolved_processor" storage="c:\gitworkspace\01.dev\output\.net\debug\connectplus.clientcontact.services.tests.dll" id="6cedc3fb-77d4-7459-7141-a3ec3c79fb3c">
      <TestCategory>
        <TestCategoryItem TestCategory="Unit Test" />
      </TestCategory>
      <Execution id="22d533d7-fb4d-485a-a00d-5490d3526e80" />
      <TestMethod codeBase="C:/gitWorkspace/01.Dev/Output/.NET/Debug/ConnectPlus.ClientContact.Services.Tests.DLL" adapterTypeName="Microsoft.VisualStudio.TestTools.TestTypes.Unit.UnitTestAdapter, Microsoft.VisualStudio.QualityTools.Tips.UnitTest.Adapter, Version=10.0.0.0, Culture=neutral, PublicKeyToken=b03f5f7f11d50a3a" className="ConnectPlus.ClientContact.Services.Tests.Specifications.CommandProcessors.SectorCommandProcessorSpecification+When_the_command_is_out_of_date, ConnectPlus.ClientContact.Services.Tests, Version=1.0.0.0, Culture=neutral, PublicKeyToken=null" name="Should_not_execute_the_resolved_processor" />
    </UnitTest>
    <UnitTest name="When_tier_group_has_lists_has_lists_is_true" storage="c:\gitworkspace\01.dev\output\.net\debug\connectplus.clientcontact.dataaccess.tests.dll" id="e7e1c4a2-4d38-2249-c609-4baaa38f510a">
      <Execution id="fe9d9c86-64f0-4fd0-804b-d6c17650a2e5" />
      <TestMethod codeBase="C:/gitWorkspace/01.Dev/Output/.NET/Debug/ConnectPlus.ClientContact.DataAccess.Tests.DLL" adapterTypeName="Microsoft.VisualStudio.TestTools.TestTypes.Unit.UnitTestAdapter, Microsoft.VisualStudio.QualityTools.Tips.UnitTest.Adapter, Version=10.0.0.0, Culture=neutral, PublicKeyToken=b03f5f7f11d50a3a" className="ConnectPlus.ClientContact.DataAccess.Tests.Mapping.ClientMappingTests, ConnectPlus.ClientContact.DataAccess.Tests, Version=1.0.0.0, Culture=neutral, PublicKeyToken=null" name="When_tier_group_has_lists_has_lists_is_true" />
    </UnitTest>
    <UnitTest name="Should_retrieve_the_email_type" storage="c:\gitworkspace\01.dev\output\.net\debug\connectplus.clientcontact.domain.tests.dll" id="05e81c2b-d3d3-2b11-0711-1e6d6110ff23">
      <TestCategory>
        <TestCategoryItem TestCategory="Unit Test" />
      </TestCategory>
      <Execution id="b5dd4830-cef9-4c72-be8f-406f223e0994" />
      <TestMethod codeBase="C:/gitWorkspace/01.Dev/Output/.NET/Debug/ConnectPlus.ClientContact.Domain.Tests.DLL" adapterTypeName="Microsoft.VisualStudio.TestTools.TestTypes.Unit.UnitTestAdapter, Microsoft.VisualStudio.QualityTools.Tips.UnitTest.Adapter, Version=10.0.0.0, Culture=neutral, PublicKeyToken=b03f5f7f11d50a3a" className="ConnectPlus.ClientContact.Domain.Tests.Specifications.ContactCreationServiceSpecification+When_all_preconditions_are_met, ConnectPlus.ClientContact.Domain.Tests, Version=1.0.0.0, Culture=neutral, PublicKeyToken=null" name="Should_retrieve_the_email_type" />
    </UnitTest>
    <UnitTest name="Should_change_the_description_to_the_given_value" storage="c:\gitworkspace\01.dev\output\.net\debug\connectplus.clientcontact.domain.tests.dll" id="49fbeb08-13b8-0d98-c2bc-e1a0c7bc65c7">
      <TestCategory>
        <TestCategoryItem TestCategory="Specification" />
      </TestCategory>
      <Execution id="48848355-b170-4bdb-b1cb-a1f305e1c1f6" />
      <TestMethod codeBase="C:/gitWorkspace/01.Dev/Output/.NET/Debug/ConnectPlus.ClientContact.Domain.Tests.DLL" adapterTypeName="Microsoft.VisualStudio.TestTools.TestTypes.Unit.UnitTestAdapter, Microsoft.VisualStudio.QualityTools.Tips.UnitTest.Adapter, Version=10.0.0.0, Culture=neutral, PublicKeyToken=b03f5f7f11d50a3a" className="ConnectPlus.ClientContact.Domain.Tests.Specifications.TierValueSpecification+When_changing_the_sort_order, ConnectPlus.ClientContact.Domain.Tests, Version=1.0.0.0, Culture=neutral, PublicKeyToken=null" name="Should_change_the_description_to_the_given_value" />
    </UnitTest>
    <UnitTest name="Should_check_if_the_tier_list_exists" storage="c:\gitworkspace\01.dev\output\.net\debug\connectplus.clientcontact.services.tests.dll" id="501efe5e-85de-cce4-fbbf-40204b2b7d7e">
      <TestCategory>
        <TestCategoryItem TestCategory="Specification" />
      </TestCategory>
      <Execution id="72719058-8311-4363-b85e-eef97a4ab374" />
      <TestMethod codeBase="C:/gitWorkspace/01.Dev/Output/.NET/Debug/ConnectPlus.ClientContact.Services.Tests.DLL" adapterTypeName="Microsoft.VisualStudio.TestTools.TestTypes.Unit.UnitTestAdapter, Microsoft.VisualStudio.QualityTools.Tips.UnitTest.Adapter, Version=10.0.0.0, Culture=neutral, PublicKeyToken=b03f5f7f11d50a3a" className="ConnectPlus.ClientContact.Services.Tests.Specifications.CommandProcessors.UpsertTierListCommandProcessorSpecification+When_the_tier_list_exists, ConnectPlus.ClientContact.Services.Tests, Version=1.0.0.0, Culture=neutral, PublicKeyToken=null" name="Should_check_if_the_tier_list_exists" />
    </UnitTest>
    <UnitTest name="Should_accept_sales_hierarchy_of_5" storage="c:\gitworkspace\01.dev\output\.net\debug\connectplus.clientcontact.messaging.contracts.tests.dll" id="03ffb713-2c28-bd92-7e73-d9a6064c0a58">
      <TestCategory>
        <TestCategoryItem TestCategory="Unit Test" />
      </TestCategory>
      <Execution id="69b6d04f-b9e2-43fa-8e46-fe9ec033f526" />
      <TestMethod codeBase="C:/gitWorkspace/01.Dev/Output/.NET/Debug/ConnectPlus.ClientContact.Messaging.Contracts.Tests.DLL" adapterTypeName="Microsoft.VisualStudio.TestTools.TestTypes.Unit.UnitTestAdapter, Microsoft.VisualStudio.QualityTools.Tips.UnitTest.Adapter, Version=10.0.0.0, Culture=neutral, PublicKeyToken=b03f5f7f11d50a3a" className="ConnectPlus.ClientContact.Messaging.Contracts.Tests.Specifications.ClientMessageSpecifications, ConnectPlus.ClientContact.Messaging.Contracts.Tests, Version=1.0.0.0, Culture=neutral, PublicKeyToken=null" name="Should_accept_sales_hierarchy_of_5" />
    </UnitTest>
    <UnitTest name="Should_update_the_clients_name" storage="c:\gitworkspace\01.dev\output\.net\debug\connectplus.clientcontact.services.tests.dll" id="020cfe1f-0cc1-ac33-ea09-356a4691f5e6">
      <TestCategory>
        <TestCategoryItem TestCategory="Unit Test" />
      </TestCategory>
      <Execution id="9b607179-d4b4-43fa-a2a7-cf3c97b374ec" />
      <TestMethod codeBase="C:/gitWorkspace/01.Dev/Output/.NET/Debug/ConnectPlus.ClientContact.Services.Tests.DLL" adapterTypeName="Microsoft.VisualStudio.TestTools.TestTypes.Unit.UnitTestAdapter, Microsoft.VisualStudio.QualityTools.Tips.UnitTest.Adapter, Version=10.0.0.0, Culture=neutral, PublicKeyToken=b03f5f7f11d50a3a" className="ConnectPlus.ClientContact.Services.Tests.Specifications.CommandProcessors.UpsertClientCommandProcessorSpecification+When_all_preconditions_are_met+When_the_client_exists+When_the_client_is_not_root_level_and_the_parent_has_changed, ConnectPlus.ClientContact.Services.Tests, Version=1.0.0.0, Culture=neutral, PublicKeyToken=null" name="Should_update_the_clients_name" />
    </UnitTest>
  </TestDefinitions>
  <TestLists>
    <TestList name="Results Not in a List" id="8c84fa94-04c1-424b-9868-57a2d4851a1d" />
    <TestList name="All Loaded Results" id="19431567-8539-422a-85d7-44ee4e166bda" />
  </TestLists>
  <TestEntries>
    <TestEntry testId="00a815f8-435f-b48f-14f5-1d2d714bfe42" executionId="7b5df13d-dcfe-4017-9c22-6c13e77d9ee6" testListId="8c84fa94-04c1-424b-9868-57a2d4851a1d" />
    <TestEntry testId="014da55e-dcae-d6b8-5384-ce443ce621cf" executionId="afffa60d-7bee-42e4-b1d4-dd7243fe40d5" testListId="8c84fa94-04c1-424b-9868-57a2d4851a1d" />
    <TestEntry testId="020cfe1f-0cc1-ac33-ea09-356a4691f5e6" executionId="9b607179-d4b4-43fa-a2a7-cf3c97b374ec" testListId="8c84fa94-04c1-424b-9868-57a2d4851a1d" />
    <TestEntry testId="039bfebf-f8b9-f80a-9b7e-db868c351a4d" executionId="b13dc04f-1a15-4bee-a38a-4f29f2f071cc" testListId="8c84fa94-04c1-424b-9868-57a2d4851a1d" />
    <TestEntry testId="03d3b51e-4a1a-e47c-7ad7-9934a0e943ab" executionId="776575fd-72a0-4c5a-8832-9f3586e40b6c" testListId="8c84fa94-04c1-424b-9868-57a2d4851a1d" />
    <TestEntry testId="03ffb713-2c28-bd92-7e73-d9a6064c0a58" executionId="69b6d04f-b9e2-43fa-8e46-fe9ec033f526" testListId="8c84fa94-04c1-424b-9868-57a2d4851a1d" />
    <TestEntry testId="051302d9-04b5-2440-a53a-e898c719b2ef" executionId="dc5b787f-6012-4432-a216-fab7623caecb" testListId="8c84fa94-04c1-424b-9868-57a2d4851a1d" />
    <TestEntry testId="05e81c2b-d3d3-2b11-0711-1e6d6110ff23" executionId="b5dd4830-cef9-4c72-be8f-406f223e0994" testListId="8c84fa94-04c1-424b-9868-57a2d4851a1d" />
    <TestEntry testId="069532ee-96ab-9fe3-fdbc-f85ab6c05191" executionId="75d3bd0c-69d2-4b87-8427-5ef4228c1776" testListId="8c84fa94-04c1-424b-9868-57a2d4851a1d" />
    <TestEntry testId="06f65102-d66c-9633-4216-43ac40514c8b" executionId="e0a3eb55-c619-43cd-bebe-d8decce3ac9f" testListId="8c84fa94-04c1-424b-9868-57a2d4851a1d" />
    <TestEntry testId="076f2e28-88c6-2216-bf95-892014f10d2b" executionId="b3dd50a2-6404-47dd-80b7-618524c35d4c" testListId="8c84fa94-04c1-424b-9868-57a2d4851a1d" />
    <TestEntry testId="0784808d-4842-0beb-a118-4ede96646df8" executionId="c03c5adb-5012-405c-9449-167ac5701d77" testListId="8c84fa94-04c1-424b-9868-57a2d4851a1d" />
    <TestEntry testId="07d7b086-b64d-515e-df8b-ff736aa4896d" executionId="572ef4da-8853-4c68-aadf-e7fb3547bab5" testListId="8c84fa94-04c1-424b-9868-57a2d4851a1d" />
    <TestEntry testId="0994405c-f4cc-1f48-cbf3-91b9b93138a3" executionId="646e5b15-4bfa-45e5-80be-d1d14c0c5f78" testListId="8c84fa94-04c1-424b-9868-57a2d4851a1d" />
    <TestEntry testId="09aae2f8-3be5-dd31-41b7-eed272b8ce27" executionId="11a1308c-79cd-4ce3-97f2-1849578f0135" testListId="8c84fa94-04c1-424b-9868-57a2d4851a1d" />
    <TestEntry testId="09e1287e-4224-463d-14f4-4a5a74678861" executionId="8578867b-bf74-441b-9646-5d084774593b" testListId="8c84fa94-04c1-424b-9868-57a2d4851a1d" />
    <TestEntry testId="09ed9aab-52a0-fd79-5543-eca5c9d9819e" executionId="8836d4c4-b8ad-4195-852b-ade0e9a9b543" testListId="8c84fa94-04c1-424b-9868-57a2d4851a1d" />
    <TestEntry testId="0a0a56e5-88d0-2e60-c83d-7d1734040e08" executionId="ef7cd046-d92e-4218-9f49-b4e1b98dc97a" testListId="8c84fa94-04c1-424b-9868-57a2d4851a1d" />
    <TestEntry testId="0c373f89-4528-fb59-9755-af563eb01c99" executionId="66b67bfa-2144-49bf-938a-ee46db3a8765" testListId="8c84fa94-04c1-424b-9868-57a2d4851a1d" />
    <TestEntry testId="0c4815b3-3b25-dab4-5a12-ab3a8fffb374" executionId="dfc74fae-a83a-4ed8-a7bf-187bbabf5e15" testListId="8c84fa94-04c1-424b-9868-57a2d4851a1d" />
    <TestEntry testId="0d336a1f-ace8-9913-c324-17f926fdec9d" executionId="f1f6c05b-9cff-444c-8078-bfb4d5bb3d82" testListId="8c84fa94-04c1-424b-9868-57a2d4851a1d" />
    <TestEntry testId="0dd864b2-4dd5-4b4c-6509-8cec37613625" executionId="9b86cb84-e785-4fcd-9221-9f91be3e6494" testListId="8c84fa94-04c1-424b-9868-57a2d4851a1d" />
    <TestEntry testId="0df35565-b82d-c603-fca5-ebbc56a1e1e3" executionId="fa3a26d2-fb7e-4a75-81a5-002474a66af2" testListId="8c84fa94-04c1-424b-9868-57a2d4851a1d" />
    <TestEntry testId="0eae3436-966d-c7d6-d78e-97753eed25a4" executionId="97e7c4dd-7585-4bee-bff9-edc7bb522acd" testListId="8c84fa94-04c1-424b-9868-57a2d4851a1d" />
    <TestEntry testId="0ff7d643-8cac-15cf-930e-fa8ca4aaae98" executionId="252b0458-a0f9-488b-b491-4f32c761316d" testListId="8c84fa94-04c1-424b-9868-57a2d4851a1d" />
    <TestEntry testId="102c0906-04eb-46f6-9654-a3e57fbae700" executionId="9cb600df-477a-4b3a-b8f0-52bee4a69488" testListId="8c84fa94-04c1-424b-9868-57a2d4851a1d" />
    <TestEntry testId="103409b4-20fe-50b6-4ba7-7007b33a4dfc" executionId="9240b0db-569a-4651-b579-6d6a57483627" testListId="8c84fa94-04c1-424b-9868-57a2d4851a1d" />
    <TestEntry testId="10665b7f-ac3b-545e-ea73-f0e44457fc82" executionId="232920b9-2b19-4c7b-b9f9-235fff138434" testListId="8c84fa94-04c1-424b-9868-57a2d4851a1d" />
    <TestEntry testId="108a2f1c-406c-768a-da78-37aa91195a0d" executionId="0678092f-ea56-4665-9fff-f102a69788f1" testListId="8c84fa94-04c1-424b-9868-57a2d4851a1d" />
    <TestEntry testId="10c94616-a1c4-9a17-6545-b90e5c3bc114" executionId="96588736-804f-46f8-a437-2abc9e08a6ef" testListId="8c84fa94-04c1-424b-9868-57a2d4851a1d" />
    <TestEntry testId="123a2d86-fdb1-5576-d562-bac66ac5cb8a" executionId="61d55c98-3035-4d50-b643-526a79724a46" testListId="8c84fa94-04c1-424b-9868-57a2d4851a1d" />
    <TestEntry testId="12c78d8b-8ad3-f873-5278-ace6a4fa44b0" executionId="8da0f3b1-5dea-4303-b15c-9df80c59d364" testListId="8c84fa94-04c1-424b-9868-57a2d4851a1d" />
    <TestEntry testId="138cfc25-d0dc-ed81-a99b-fe0dda02fb8d" executionId="d3490080-e39e-4e0d-ab88-fe532732d61a" testListId="8c84fa94-04c1-424b-9868-57a2d4851a1d" />
    <TestEntry testId="13d9e956-140e-641c-8c02-956519d175f7" executionId="cba3cfd0-8f53-4db6-8222-8891ad07c8c2" testListId="8c84fa94-04c1-424b-9868-57a2d4851a1d" />
    <TestEntry testId="1482d45e-f5f7-3a3d-2734-ca62a38050f5" executionId="5b0e843a-2149-48b9-b146-cdf3c5129006" testListId="8c84fa94-04c1-424b-9868-57a2d4851a1d" />
    <TestEntry testId="158cd4e8-33bc-9df9-4925-d947164af8c2" executionId="83193d78-d07b-4d4e-b93b-433102c51348" testListId="8c84fa94-04c1-424b-9868-57a2d4851a1d" />
    <TestEntry testId="160ab052-3d66-32a2-4eae-ac6476e2df66" executionId="ff6129a7-038a-4be3-92ab-56ccb75c163e" testListId="8c84fa94-04c1-424b-9868-57a2d4851a1d" />
    <TestEntry testId="174cb279-1f1b-dce7-2ad3-7c38d2e25544" executionId="c0270bed-c9bc-496f-9d0c-652dd320ed13" testListId="8c84fa94-04c1-424b-9868-57a2d4851a1d" />
    <TestEntry testId="186fdd73-94f5-b380-771f-48d0d23a07f9" executionId="1d254792-41a7-4d7e-aa77-b591dba4a87d" testListId="8c84fa94-04c1-424b-9868-57a2d4851a1d" />
    <TestEntry testId="18e274b6-e2db-a8a9-d555-efe09b40c8d3" executionId="6565688d-88e7-4ad8-a224-b3bf621e89d7" testListId="8c84fa94-04c1-424b-9868-57a2d4851a1d" />
    <TestEntry testId="1a45c571-2d16-7c8a-d434-e2834bd7ce66" executionId="8937eccc-1f0b-45c6-b2db-98b19d588552" testListId="8c84fa94-04c1-424b-9868-57a2d4851a1d" />
    <TestEntry testId="1cbf1b68-9052-521a-66bf-1c5e52f9cdad" executionId="635d5d71-8c52-48e4-aec9-a4106f1d1dee" testListId="8c84fa94-04c1-424b-9868-57a2d4851a1d" />
    <TestEntry testId="1f13cdf9-3cc0-a051-1ee5-00c6d3438195" executionId="08e0c46b-7ea8-4818-ab56-c53b2471c3d7" testListId="8c84fa94-04c1-424b-9868-57a2d4851a1d" />
    <TestEntry testId="1f43f45d-86b4-cfdf-e854-0b470cac6f01" executionId="2e216eca-5c23-4056-a4ea-a6f1ea316d4f" testListId="8c84fa94-04c1-424b-9868-57a2d4851a1d" />
    <TestEntry testId="1f4beef6-9de5-c9d2-0c4d-d06a1d1bfea8" executionId="e41e95e1-75f7-400b-aec5-29fbf94aef15" testListId="8c84fa94-04c1-424b-9868-57a2d4851a1d" />
    <TestEntry testId="204a050e-3d23-345f-8a2b-e41587a9a933" executionId="397a67ef-8344-4e48-bdd4-1069728a8d7b" testListId="8c84fa94-04c1-424b-9868-57a2d4851a1d" />
    <TestEntry testId="20801f1d-c423-734b-b637-043c4dc6be1f" executionId="4c05f2ea-c7a8-43dc-8bcb-e9a62b8fe2ce" testListId="8c84fa94-04c1-424b-9868-57a2d4851a1d" />
    <TestEntry testId="2082343c-abbe-53d1-c5f4-584c656a0854" executionId="e9c855d7-b434-435d-887f-0b0745f96b87" testListId="8c84fa94-04c1-424b-9868-57a2d4851a1d" />
    <TestEntry testId="228e4b00-2dcd-4789-4cfe-d2bdc84dde38" executionId="2618859f-f581-45e5-b849-3f1ee21c98d1" testListId="8c84fa94-04c1-424b-9868-57a2d4851a1d" />
    <TestEntry testId="2357877a-3b9b-3b1a-054b-270125d11d14" executionId="e7a5639c-14f8-42cd-9565-01544a1a760d" testListId="8c84fa94-04c1-424b-9868-57a2d4851a1d" />
    <TestEntry testId="2467382a-9d9a-7408-f86b-6b0208b1f0e9" executionId="7c0727cb-6986-4a52-a194-3c9dacf95efb" testListId="8c84fa94-04c1-424b-9868-57a2d4851a1d" />
    <TestEntry testId="248f3014-fdd6-66df-e7f7-740e6b17fea6" executionId="5751e90d-7aa0-40dd-be32-b124e079afed" testListId="8c84fa94-04c1-424b-9868-57a2d4851a1d" />
    <TestEntry testId="2497fccf-370b-08df-dd11-dd7101241c74" executionId="bc784312-49dd-440f-afcc-b3fe52032489" testListId="8c84fa94-04c1-424b-9868-57a2d4851a1d" />
    <TestEntry testId="2554aa72-edae-a76c-c7c4-197a8dcab0c2" executionId="5e85a6cf-d69d-45a9-9e7d-46bae77d7266" testListId="8c84fa94-04c1-424b-9868-57a2d4851a1d" />
    <TestEntry testId="25c6f612-1a0a-8ee9-df72-473ad9cb605f" executionId="5102a349-991d-423a-b7c7-d345809eb996" testListId="8c84fa94-04c1-424b-9868-57a2d4851a1d" />
    <TestEntry testId="2858c01e-4afb-3265-75a4-3bff9bf34be0" executionId="9e808743-41fb-4950-aa4f-547e08219f0c" testListId="8c84fa94-04c1-424b-9868-57a2d4851a1d" />
    <TestEntry testId="2881face-a078-fa70-7741-881452b82246" executionId="1ae2f146-fb0d-4c76-b566-9ff3a4df20d7" testListId="8c84fa94-04c1-424b-9868-57a2d4851a1d" />
    <TestEntry testId="2977b77d-c075-ddb0-f52d-c49cec28ad1d" executionId="c805888a-84e5-4c18-8349-c83d289a30e7" testListId="8c84fa94-04c1-424b-9868-57a2d4851a1d" />
    <TestEntry testId="2bfd712b-cff7-e97a-ed76-74661778ded8" executionId="50cab09b-1431-4f0e-9337-400c96685793" testListId="8c84fa94-04c1-424b-9868-57a2d4851a1d" />
    <TestEntry testId="2c99fcf0-c92b-38fd-471a-634fd5a67697" executionId="e66e2f63-8bf8-4efa-b3f5-3a98237f6595" testListId="8c84fa94-04c1-424b-9868-57a2d4851a1d" />
    <TestEntry testId="2d1b676d-0704-3726-0fe3-b7d571a81eea" executionId="5f49aaa0-f40d-4945-a4cb-94f78e0255cc" testListId="8c84fa94-04c1-424b-9868-57a2d4851a1d" />
    <TestEntry testId="2e512acf-2705-519f-3ba0-c47e72871c16" executionId="c44ee535-881f-4465-bfd3-298290508482" testListId="8c84fa94-04c1-424b-9868-57a2d4851a1d" />
    <TestEntry testId="2ea6d052-a61d-531e-4940-c928a0f4d537" executionId="d69761d1-d07a-4a86-84be-bb68073d7713" testListId="8c84fa94-04c1-424b-9868-57a2d4851a1d" />
    <TestEntry testId="2f050959-c027-23e5-a21d-65b1c27803f2" executionId="368ac659-b592-4cb7-b6cf-2843e89d3b08" testListId="8c84fa94-04c1-424b-9868-57a2d4851a1d" />
    <TestEntry testId="2fa39ee3-394c-d191-378d-10d7a7d0db56" executionId="ac1ff94a-5f68-4829-ad5d-7e13e1d1abd0" testListId="8c84fa94-04c1-424b-9868-57a2d4851a1d" />
    <TestEntry testId="31a1369e-c4f8-e64e-9c29-dacdd4c6e45b" executionId="ca468094-4e1b-4e2a-aaac-52d7607d296a" testListId="8c84fa94-04c1-424b-9868-57a2d4851a1d" />
    <TestEntry testId="322264fb-c9d8-a228-e92c-adb15841ca48" executionId="0d88891a-bb12-46d5-8a08-3f5fd3b091a0" testListId="8c84fa94-04c1-424b-9868-57a2d4851a1d" />
    <TestEntry testId="323784b8-ffd0-3ce3-a69b-ccb600689a9b" executionId="58863f2a-879b-4ff5-b164-1e36222b05b7" testListId="8c84fa94-04c1-424b-9868-57a2d4851a1d" />
    <TestEntry testId="324d2b23-35e1-24ea-16ee-eb8460fc158a" executionId="1840c8b9-39e0-4609-8027-77b1430110c9" testListId="8c84fa94-04c1-424b-9868-57a2d4851a1d" />
    <TestEntry testId="32781a79-f0a5-3d99-e896-7f6fcfeb7eb0" executionId="63f9b2c9-bf66-47f2-85bf-c3411ed5e15f" testListId="8c84fa94-04c1-424b-9868-57a2d4851a1d" />
    <TestEntry testId="3380bfc3-fafd-2128-4582-14409029b396" executionId="436eabc3-d2dd-4ccd-a251-fd332b63b9cd" testListId="8c84fa94-04c1-424b-9868-57a2d4851a1d" />
    <TestEntry testId="33d0d333-5bbc-9e66-c758-d01f0d4343b2" executionId="f17dfc52-178c-4124-a64e-d2e1482673cb" testListId="8c84fa94-04c1-424b-9868-57a2d4851a1d" />
    <TestEntry testId="3416d9a6-edbf-ebca-ea6d-d86895c69646" executionId="9c637b1b-6a8c-4bad-9f20-c74162cd4c5e" testListId="8c84fa94-04c1-424b-9868-57a2d4851a1d" />
    <TestEntry testId="34df9754-70d6-40c2-30b2-f3f145e6f992" executionId="a6aca00b-5fc5-42f6-895f-01d828adaaaa" testListId="8c84fa94-04c1-424b-9868-57a2d4851a1d" />
    <TestEntry testId="3503c25c-f517-5750-ca9e-fe8f61b4f041" executionId="9ec4157a-2aac-432c-b58f-471c5e5aa525" testListId="8c84fa94-04c1-424b-9868-57a2d4851a1d" />
    <TestEntry testId="35860ec4-822d-05f5-1789-3df657d30a5d" executionId="0f7cc0cf-2e27-4b79-8b89-cb0a25706090" testListId="8c84fa94-04c1-424b-9868-57a2d4851a1d" />
    <TestEntry testId="3871f6b9-ecd2-55a4-bf89-b3ac3c9b99be" executionId="d4ea8f9b-050f-4f20-b923-9794bf306626" testListId="8c84fa94-04c1-424b-9868-57a2d4851a1d" />
    <TestEntry testId="38dd5810-ac8f-9195-9b47-a339726908fe" executionId="d2c18f0e-fd0b-4920-b44c-5b3bda66795d" testListId="8c84fa94-04c1-424b-9868-57a2d4851a1d" />
    <TestEntry testId="3b98d3cd-ac0c-e041-e288-09f4f6e0d1f9" executionId="8f55adff-b6d5-43ff-8aeb-2d8f70adbf92" testListId="8c84fa94-04c1-424b-9868-57a2d4851a1d" />
    <TestEntry testId="3c2800f4-0c3b-3c4d-c6e4-382c72c0b612" executionId="dfa530c0-0c21-46af-a4f6-05b34f084d57" testListId="8c84fa94-04c1-424b-9868-57a2d4851a1d" />
    <TestEntry testId="3cb4dc6d-c219-3687-8d8e-f6c075ffe2a3" executionId="eec9183f-489d-4216-b9f1-8310fc4238ab" testListId="8c84fa94-04c1-424b-9868-57a2d4851a1d" />
    <TestEntry testId="3d01fb8f-db0b-dce8-dfe3-4269442ecb89" executionId="b18a4811-35ad-400d-bf34-fd242043de52" testListId="8c84fa94-04c1-424b-9868-57a2d4851a1d" />
    <TestEntry testId="3fe2ea35-fd60-2eff-18cf-5bc1804595d4" executionId="852e6db9-bd19-488c-b35e-dbf47e08a123" testListId="8c84fa94-04c1-424b-9868-57a2d4851a1d" />
    <TestEntry testId="41b1d2b7-dfab-ac69-ef84-de0e98150c3b" executionId="7e7b448e-8795-4fd7-93fb-fe0fc0117db3" testListId="8c84fa94-04c1-424b-9868-57a2d4851a1d" />
    <TestEntry testId="4224ba66-000e-6e66-eb93-94d110da06e1" executionId="b05151f8-c185-48b4-af1a-6b9eb997502c" testListId="8c84fa94-04c1-424b-9868-57a2d4851a1d" />
    <TestEntry testId="42370a91-331b-4164-7ac8-0861e3613a4c" executionId="da4130fb-185e-4f90-acfe-0e777d853363" testListId="8c84fa94-04c1-424b-9868-57a2d4851a1d" />
    <TestEntry testId="42c0b9b3-c8e0-c890-7937-bfbe7c842135" executionId="9b87b62a-1be3-453a-adcf-8afb72313ed8" testListId="8c84fa94-04c1-424b-9868-57a2d4851a1d" />
    <TestEntry testId="42e3da70-1e6d-5077-ee24-0518b1ae93dd" executionId="4598424f-c535-42f2-92af-a9a9af6469c4" testListId="8c84fa94-04c1-424b-9868-57a2d4851a1d" />
    <TestEntry testId="4364e76e-634d-f42c-2238-67f3e731e54d" executionId="1767da76-da62-47e2-8bb8-0339733474e1" testListId="8c84fa94-04c1-424b-9868-57a2d4851a1d" />
    <TestEntry testId="43a1edf0-6728-acc1-9940-a576d5dcc426" executionId="aea13ab2-32ed-4f3c-8830-42f9e5f8d598" testListId="8c84fa94-04c1-424b-9868-57a2d4851a1d" />
    <TestEntry testId="44115792-a058-e2c6-748e-520d1d155000" executionId="646df1d0-bcf1-4ea1-9f0d-0acefab74545" testListId="8c84fa94-04c1-424b-9868-57a2d4851a1d" />
    <TestEntry testId="449c2555-275e-c462-3da3-3d5e511f958a" executionId="42d9fa06-c768-44c1-99c9-44a13dee29e3" testListId="8c84fa94-04c1-424b-9868-57a2d4851a1d" />
    <TestEntry testId="4540a4df-3b46-971a-4cf8-2db44a748c99" executionId="9da7e8a8-0401-4bdf-87a6-3ee2a419dd34" testListId="8c84fa94-04c1-424b-9868-57a2d4851a1d" />
    <TestEntry testId="45bb0bca-4e8b-9ffc-577c-c7aad5fd3f7e" executionId="cf1bdf38-7f4a-4245-bf65-a770ef9beb3b" testListId="8c84fa94-04c1-424b-9868-57a2d4851a1d" />
    <TestEntry testId="46136a72-30a4-c38e-f2c2-d0b6d8988ca6" executionId="6cdd4258-7e51-40d3-b9c6-b30c2c63da61" testListId="8c84fa94-04c1-424b-9868-57a2d4851a1d" />
    <TestEntry testId="473fea89-99b0-926d-6499-f29388a334f8" executionId="dd276fe0-4a20-4cc0-8e57-83720ec9f1b5" testListId="8c84fa94-04c1-424b-9868-57a2d4851a1d" />
    <TestEntry testId="495e5879-1bf0-5b95-97be-ac4b49ccf9d4" executionId="0c2c1c7f-0c67-4205-b1ef-680143b2ee10" testListId="8c84fa94-04c1-424b-9868-57a2d4851a1d" />
    <TestEntry testId="49e8522b-ffc4-f366-6c45-70efb7e301d3" executionId="7607f465-67ee-4f96-b580-a0c4145db0e3" testListId="8c84fa94-04c1-424b-9868-57a2d4851a1d" />
    <TestEntry testId="49fbeb08-13b8-0d98-c2bc-e1a0c7bc65c7" executionId="48848355-b170-4bdb-b1cb-a1f305e1c1f6" testListId="8c84fa94-04c1-424b-9868-57a2d4851a1d" />
    <TestEntry testId="4f2a50cf-eb17-2808-9946-54c26ef13855" executionId="eed955d5-6998-4352-bcbb-d3472c8d4e1f" testListId="8c84fa94-04c1-424b-9868-57a2d4851a1d" />
    <TestEntry testId="50135fc3-a6bb-eeb8-3133-d17857522516" executionId="966871fc-079a-453f-800a-c7f13867daa6" testListId="8c84fa94-04c1-424b-9868-57a2d4851a1d" />
    <TestEntry testId="501efe5e-85de-cce4-fbbf-40204b2b7d7e" executionId="72719058-8311-4363-b85e-eef97a4ab374" testListId="8c84fa94-04c1-424b-9868-57a2d4851a1d" />
    <TestEntry testId="50a71bd8-5b93-53be-3f93-5050f975133d" executionId="2585ce47-5f99-4514-89c0-fac311798649" testListId="8c84fa94-04c1-424b-9868-57a2d4851a1d" />
    <TestEntry testId="5167f9be-7907-70a2-cff2-b0be6b8bac8c" executionId="d4b5e047-e234-4729-a54b-f2b890290b48" testListId="8c84fa94-04c1-424b-9868-57a2d4851a1d" />
    <TestEntry testId="51e4d716-5f95-45d2-7284-edcea2930cd2" executionId="05bad38c-7e7d-4ec5-9c40-f3609c90801d" testListId="8c84fa94-04c1-424b-9868-57a2d4851a1d" />
    <TestEntry testId="520f64a6-b54f-208a-8345-90ee07788f7b" executionId="475ed2c2-ad2c-4b38-86e3-344f88777ed1" testListId="8c84fa94-04c1-424b-9868-57a2d4851a1d" />
    <TestEntry testId="526ae5db-1e0a-cf62-4ad2-46fde02e9169" executionId="3c875473-cbde-46c0-abeb-5007e8bd4560" testListId="8c84fa94-04c1-424b-9868-57a2d4851a1d" />
    <TestEntry testId="535a1ae7-3192-ce28-346c-8342258cae53" executionId="4e08788f-480c-4aa2-81af-1067f4109d1b" testListId="8c84fa94-04c1-424b-9868-57a2d4851a1d" />
    <TestEntry testId="5497c6bc-7284-8900-2919-965d1c8a9a8f" executionId="79981250-44bc-427a-be2c-09f65e25e8d9" testListId="8c84fa94-04c1-424b-9868-57a2d4851a1d" />
    <TestEntry testId="54ef9b58-1fa9-17f2-3774-a2e5e86eaa56" executionId="cf497f2a-b6cc-49a7-af08-07e84c769724" testListId="8c84fa94-04c1-424b-9868-57a2d4851a1d" />
    <TestEntry testId="55bd16cc-1c42-7938-b408-c941305f68df" executionId="927a4aca-ec5e-4071-9bc5-7ec290a7a26a" testListId="8c84fa94-04c1-424b-9868-57a2d4851a1d" />
    <TestEntry testId="5616c855-7f96-f80a-0207-f4a4811284ad" executionId="cbdfa529-2759-4f73-a2ec-248dea1da386" testListId="8c84fa94-04c1-424b-9868-57a2d4851a1d" />
    <TestEntry testId="569a9af2-c00b-8105-87b5-9dea65207faf" executionId="e748cda2-3c95-45f8-a6f9-336f7e2b7228" testListId="8c84fa94-04c1-424b-9868-57a2d4851a1d" />
    <TestEntry testId="56c01acf-6f3b-ec04-d0f0-cee51bcfc28e" executionId="81aa9daa-673d-4964-8b5a-d4a25257b1e2" testListId="8c84fa94-04c1-424b-9868-57a2d4851a1d" />
    <TestEntry testId="5726fd70-ee6a-656e-127f-a2518648fb97" executionId="191acb30-72d1-440f-8bf0-e223dfd5bb5b" testListId="8c84fa94-04c1-424b-9868-57a2d4851a1d" />
    <TestEntry testId="580a9ef7-02ec-34e9-a848-19d4ae7489f5" executionId="9b4c5d84-007b-435f-b997-135cb4e56c8d" testListId="8c84fa94-04c1-424b-9868-57a2d4851a1d" />
    <TestEntry testId="58307c5d-98a5-78ba-8ace-473d04e153b7" executionId="fe0d960e-8a39-4b72-857d-a95792af62da" testListId="8c84fa94-04c1-424b-9868-57a2d4851a1d" />
    <TestEntry testId="5920f9e6-c4a1-4e5e-a953-20e3a8e6f0c7" executionId="6761a942-e796-47f1-86ba-7bf8fe136dc6" testListId="8c84fa94-04c1-424b-9868-57a2d4851a1d" />
    <TestEntry testId="5a50ae5d-70b7-6c0f-5d6e-070fa410c38b" executionId="04c5253c-72cd-4231-b7c5-7142b7ee9e83" testListId="8c84fa94-04c1-424b-9868-57a2d4851a1d" />
    <TestEntry testId="5c177c1e-94fc-a184-5180-6ad283cc4387" executionId="13b52374-245d-4840-a358-706f5cab0aee" testListId="8c84fa94-04c1-424b-9868-57a2d4851a1d" />
    <TestEntry testId="5da96f91-83c9-8308-e3ee-a73f217c613b" executionId="763113f4-0bbe-45dc-b129-49ef4d388ed9" testListId="8c84fa94-04c1-424b-9868-57a2d4851a1d" />
    <TestEntry testId="5e4c6fb9-da1b-b01f-ee92-0f67e4eda092" executionId="d75af816-7dc7-4af3-84a0-dbe2779298c5" testListId="8c84fa94-04c1-424b-9868-57a2d4851a1d" />
    <TestEntry testId="5fdba6a1-4b5f-2c3f-8f38-9da1dafebe37" executionId="b19a1e34-675d-4d8b-b822-47c6918a66be" testListId="8c84fa94-04c1-424b-9868-57a2d4851a1d" />
    <TestEntry testId="61c3d2ed-8b33-3553-348f-d0eda94a3e0b" executionId="7aebd23b-ed06-4730-98e7-3b010787b979" testListId="8c84fa94-04c1-424b-9868-57a2d4851a1d" />
    <TestEntry testId="62260d51-490d-dc6d-475c-d51f812cc186" executionId="2e3f3c87-b2dc-4203-8cd4-3b779e5ba416" testListId="8c84fa94-04c1-424b-9868-57a2d4851a1d" />
    <TestEntry testId="624fe6a7-ad77-7100-5603-2e82da7c3608" executionId="d9aab90c-1662-4605-abcd-da82c77487ce" testListId="8c84fa94-04c1-424b-9868-57a2d4851a1d" />
    <TestEntry testId="62b84f88-a035-998a-f6d5-8e9f3ac1e994" executionId="6ad154cf-d94a-4526-8529-7b69c1b4c2fc" testListId="8c84fa94-04c1-424b-9868-57a2d4851a1d" />
    <TestEntry testId="646a9956-363b-8b33-cc7a-1149220910f0" executionId="6b672303-83df-4bbc-806b-700bf0d768b8" testListId="8c84fa94-04c1-424b-9868-57a2d4851a1d" />
    <TestEntry testId="6520c630-d885-29be-9ee1-ee80dcfd00bf" executionId="6a133614-4bb9-4ae1-bb9f-dd512208f62d" testListId="8c84fa94-04c1-424b-9868-57a2d4851a1d" />
    <TestEntry testId="658fd4d9-2ac8-7311-0f88-646c9831de8d" executionId="db0adbd1-47c9-4813-b783-0ef3960fef65" testListId="8c84fa94-04c1-424b-9868-57a2d4851a1d" />
    <TestEntry testId="68e417f9-0412-4a60-7247-548a57f92fe0" executionId="ef1f69bc-8c5f-4f24-84a7-c95a7ed669d1" testListId="8c84fa94-04c1-424b-9868-57a2d4851a1d" />
    <TestEntry testId="696c9a5f-a1e3-6816-993e-90f2c4ab9ea9" executionId="eabaf31b-caa0-4985-8eb8-cb64a4b8929f" testListId="8c84fa94-04c1-424b-9868-57a2d4851a1d" />
    <TestEntry testId="6a034c0c-98a0-e8f9-8684-289727af4530" executionId="190a7900-2c95-42ae-9de9-45db322d3bc9" testListId="8c84fa94-04c1-424b-9868-57a2d4851a1d" />
    <TestEntry testId="6a349e19-789c-4ee8-a13b-7e17c23d39e8" executionId="a688f130-f279-46c6-81da-b247afe62c63" testListId="8c84fa94-04c1-424b-9868-57a2d4851a1d" />
    <TestEntry testId="6bca7304-b4dd-1064-323a-e0e93213403a" executionId="21552edf-697d-4771-8cec-e9866c417791" testListId="8c84fa94-04c1-424b-9868-57a2d4851a1d" />
    <TestEntry testId="6beba4fd-9aad-87eb-545f-2cae158a1c36" executionId="c0873154-66c2-416a-8863-77480c1f8ee7" testListId="8c84fa94-04c1-424b-9868-57a2d4851a1d" />
    <TestEntry testId="6bf6e7d3-5c0e-7a5f-dbaf-f763be3a9269" executionId="2ae5d588-96bb-4881-a468-097966e39e90" testListId="8c84fa94-04c1-424b-9868-57a2d4851a1d" />
    <TestEntry testId="6cedc3fb-77d4-7459-7141-a3ec3c79fb3c" executionId="22d533d7-fb4d-485a-a00d-5490d3526e80" testListId="8c84fa94-04c1-424b-9868-57a2d4851a1d" />
    <TestEntry testId="6cfd63a1-782e-dbab-32d8-69fd2146c042" executionId="3fb2738a-7576-4280-bc6c-4f41c6c2d3f8" testListId="8c84fa94-04c1-424b-9868-57a2d4851a1d" />
    <TestEntry testId="6d5ad88a-b53e-35d0-a2a8-0a0acfdcd6dd" executionId="6f7d0c94-12f6-4c98-8964-85eb8a26d818" testListId="8c84fa94-04c1-424b-9868-57a2d4851a1d" />
    <TestEntry testId="6f50b0c2-c2b5-2185-9f5d-5c812097e863" executionId="c7e65609-37e4-4613-87c3-483c8aef0fdc" testListId="8c84fa94-04c1-424b-9868-57a2d4851a1d" />
    <TestEntry testId="6f804130-1549-a4cd-65b7-4894bd33a6fe" executionId="ffce09b2-eca8-42f6-9579-9083b9a2c1ee" testListId="8c84fa94-04c1-424b-9868-57a2d4851a1d" />
    <TestEntry testId="70673a3e-8d03-9337-5f17-8d3dc4e43bd8" executionId="11928e6b-3019-4433-913a-4910d61a23f5" testListId="8c84fa94-04c1-424b-9868-57a2d4851a1d" />
    <TestEntry testId="72348bb8-5f54-25d1-7ad7-a536d7a1a4a1" executionId="34c63b09-4073-4038-a713-b740ac1e2831" testListId="8c84fa94-04c1-424b-9868-57a2d4851a1d" />
    <TestEntry testId="72739e58-472c-d668-56f4-4e1065c99143" executionId="18df17dc-18a4-4612-b083-9cb1a4d094f3" testListId="8c84fa94-04c1-424b-9868-57a2d4851a1d" />
    <TestEntry testId="729b98e9-7281-2b46-9cc5-4a1fed76b602" executionId="2dd70a12-3731-4834-962f-ad442be3acbc" testListId="8c84fa94-04c1-424b-9868-57a2d4851a1d" />
    <TestEntry testId="72fb7486-dc98-8b82-8aeb-47c9470841f5" executionId="40deeabf-936b-4822-a384-0828a757ece8" testListId="8c84fa94-04c1-424b-9868-57a2d4851a1d" />
    <TestEntry testId="73b48176-1fee-e264-54ad-7a701d4d108e" executionId="eb313079-aa31-4576-ac6e-d433eb80e15e" testListId="8c84fa94-04c1-424b-9868-57a2d4851a1d" />
    <TestEntry testId="75597cb9-3054-7f6f-0a28-ff4aa44355c1" executionId="a5b3c74b-1d42-46f8-a33c-fa3d0ccefe3d" testListId="8c84fa94-04c1-424b-9868-57a2d4851a1d" />
    <TestEntry testId="76c40776-33ef-44ac-8bdc-85a7b8eb6555" executionId="cfdf536e-21b7-41bc-a31a-91f00f50ac25" testListId="8c84fa94-04c1-424b-9868-57a2d4851a1d" />
    <TestEntry testId="76cc49d1-b996-3a88-b6d5-09d233c44b8a" executionId="17093f8a-1453-44ee-9fa7-f24dffe238b4" testListId="8c84fa94-04c1-424b-9868-57a2d4851a1d" />
    <TestEntry testId="77612a5b-08a3-32e2-7bdc-79388f53e4ae" executionId="ddcf1397-b509-4693-98c0-d6b7a71642cb" testListId="8c84fa94-04c1-424b-9868-57a2d4851a1d" />
    <TestEntry testId="796d4d2d-d32a-4698-0430-f7b707d59e6f" executionId="24a3fb48-d9a8-4429-afa0-ee2c49de2f2a" testListId="8c84fa94-04c1-424b-9868-57a2d4851a1d" />
    <TestEntry testId="79a4a6ea-f93e-7170-7466-c193390af039" executionId="db328287-6737-40a9-9ba0-15d6f6c4cbca" testListId="8c84fa94-04c1-424b-9868-57a2d4851a1d" />
    <TestEntry testId="7a2ad241-3e8a-f2ca-b0a0-df8ea1ca924b" executionId="447ec988-490a-49d3-ab07-7256ef5c987c" testListId="8c84fa94-04c1-424b-9868-57a2d4851a1d" />
    <TestEntry testId="7ac3be72-d42d-f3d8-5872-fece10efe1af" executionId="c6c23a8f-1119-4454-a78e-9c7134ea4e99" testListId="8c84fa94-04c1-424b-9868-57a2d4851a1d" />
    <TestEntry testId="7b6e5efd-31ff-0f8b-97b2-46119a8a2984" executionId="78ca9edb-a598-4185-8c29-11770b0098f2" testListId="8c84fa94-04c1-424b-9868-57a2d4851a1d" />
    <TestEntry testId="7bc26258-83be-7dbd-a9d8-6b4d7cb77335" executionId="fdd4daa4-aefb-4166-a0f1-55faa87fc2f6" testListId="8c84fa94-04c1-424b-9868-57a2d4851a1d" />
    <TestEntry testId="7be54144-daf8-708f-2283-450bfe7ad5ea" executionId="0c58d0f3-2ff5-4790-95e2-423afe45e4ea" testListId="8c84fa94-04c1-424b-9868-57a2d4851a1d" />
    <TestEntry testId="7c3b7207-16a6-70d8-5fb7-8d7c0b6d8114" executionId="e77eaaa6-a037-46b7-a3d7-51d1458a3841" testListId="8c84fa94-04c1-424b-9868-57a2d4851a1d" />
    <TestEntry testId="7c889577-b344-a4d3-ac4d-4b4c3f3978c2" executionId="418ea9ee-58a5-489a-bafb-d319ebc9477b" testListId="8c84fa94-04c1-424b-9868-57a2d4851a1d" />
    <TestEntry testId="7d1f3d0f-5f7e-2f66-e99d-e0081b50f18a" executionId="5c80b7ab-7c49-4cdf-8938-bd6c4bfcf116" testListId="8c84fa94-04c1-424b-9868-57a2d4851a1d" />
    <TestEntry testId="7e3c535f-3e85-3007-c60e-880cd8e262a8" executionId="7dcbe5ac-17ce-46be-ab33-1ee7e02e5204" testListId="8c84fa94-04c1-424b-9868-57a2d4851a1d" />
    <TestEntry testId="7eed0702-6183-2da8-d77a-23151656013d" executionId="ff53f2a8-b699-4552-9f1e-77fbfbedac5a" testListId="8c84fa94-04c1-424b-9868-57a2d4851a1d" />
    <TestEntry testId="7f88b677-908f-ffdc-f17f-7426fa08988c" executionId="046f26ae-b6bb-453a-8501-70cc46d4dfbb" testListId="8c84fa94-04c1-424b-9868-57a2d4851a1d" />
    <TestEntry testId="7fe08389-501f-fae8-92ad-42d4d2f7f107" executionId="acf7ee4d-35f0-4eda-9a8e-c7f9fd1944dc" testListId="8c84fa94-04c1-424b-9868-57a2d4851a1d" />
    <TestEntry testId="820f1eed-36f9-f5b7-2d1c-008bee5b8af5" executionId="71faa39f-2287-4532-b19e-9cded9f92b99" testListId="8c84fa94-04c1-424b-9868-57a2d4851a1d" />
    <TestEntry testId="82ba0583-e4ec-423f-2bfc-dfe21bf38a8e" executionId="8fa073f8-034a-40c3-8b1e-4d2fdf8f56ab" testListId="8c84fa94-04c1-424b-9868-57a2d4851a1d" />
    <TestEntry testId="82f3fa5f-9f25-0ab1-d461-08293a05c12f" executionId="47092991-0cb7-4dab-aa22-51763a6aa5b6" testListId="8c84fa94-04c1-424b-9868-57a2d4851a1d" />
    <TestEntry testId="837245f8-aa43-151a-592b-b1b9284dc494" executionId="cf73d306-0c59-478e-85a4-c02197875908" testListId="8c84fa94-04c1-424b-9868-57a2d4851a1d" />
    <TestEntry testId="840a17e2-3cbf-5e33-a07f-662acd7b4dbe" executionId="e40b5b96-4e64-4814-9172-0e9e61dec71f" testListId="8c84fa94-04c1-424b-9868-57a2d4851a1d" />
    <TestEntry testId="84421db4-c56f-3f3b-d998-cfca5ec3e710" executionId="4e667408-8933-4b99-b92a-7ee27c962814" testListId="8c84fa94-04c1-424b-9868-57a2d4851a1d" />
    <TestEntry testId="8477d00f-472c-921e-d1b1-02d3d3c93c30" executionId="e0bb49f8-284c-4fe3-a3af-95a0a2602259" testListId="8c84fa94-04c1-424b-9868-57a2d4851a1d" />
    <TestEntry testId="84989b72-39ba-b83a-7af4-d121428d5f9f" executionId="52b63e01-fa3d-4888-9667-ea20903ec65d" testListId="8c84fa94-04c1-424b-9868-57a2d4851a1d" />
    <TestEntry testId="8558744c-6407-68f9-2a4d-f807be6be016" executionId="33e0be44-922c-45cc-8090-ec9383e01e09" testListId="8c84fa94-04c1-424b-9868-57a2d4851a1d" />
    <TestEntry testId="864dc740-ea03-d36f-8fae-2a8c47e8dd89" executionId="1a255f8f-c0aa-4a68-a037-e370b2ff4010" testListId="8c84fa94-04c1-424b-9868-57a2d4851a1d" />
    <TestEntry testId="869d769b-7067-4079-7863-7d3024b08aeb" executionId="28a0b2de-b869-43f0-a019-ad02a6acd77a" testListId="8c84fa94-04c1-424b-9868-57a2d4851a1d" />
    <TestEntry testId="86d22862-3fe3-b1c6-26e4-e44092a48072" executionId="3403f503-46b5-43f0-a26e-69513fe1d857" testListId="8c84fa94-04c1-424b-9868-57a2d4851a1d" />
    <TestEntry testId="883e3732-310c-6c18-dc86-7299e9d9a24f" executionId="a0ff459a-751a-4f4e-9a25-40b87a16e7d8" testListId="8c84fa94-04c1-424b-9868-57a2d4851a1d" />
    <TestEntry testId="8a3162a3-df3a-ae10-f084-d1902c2c7d4f" executionId="3ac5b65f-983d-4fe0-b68c-5d9fec4abe3f" testListId="8c84fa94-04c1-424b-9868-57a2d4851a1d" />
    <TestEntry testId="8ab28965-4f85-b0bf-95b0-08db53a0cbfc" executionId="ad0d21a5-4b89-4e3a-bef4-ebe622c1e413" testListId="8c84fa94-04c1-424b-9868-57a2d4851a1d" />
    <TestEntry testId="8c3d03b3-b01a-5019-8e7a-2d07edc2e698" executionId="e0edd671-2484-4263-8b0b-38b3cdc71db4" testListId="8c84fa94-04c1-424b-9868-57a2d4851a1d" />
    <TestEntry testId="8c58c370-5e1e-caef-6c8e-a483f7254239" executionId="0bed56c5-c6ff-496a-81bb-792915481354" testListId="8c84fa94-04c1-424b-9868-57a2d4851a1d" />
    <TestEntry testId="8c8515df-8ca2-8894-ac12-d486e095df1b" executionId="7efe3058-4e49-45b8-ae52-a0fb9a570906" testListId="8c84fa94-04c1-424b-9868-57a2d4851a1d" />
    <TestEntry testId="8da8f766-4759-e0f2-2172-570630ed3cf1" executionId="17286d1f-c0c5-4e6e-88ed-7f47b8e024f1" testListId="8c84fa94-04c1-424b-9868-57a2d4851a1d" />
    <TestEntry testId="8df1524a-1a9d-9f2b-bd0b-15353c556a4d" executionId="16bb7ae5-5768-4702-b83f-a572aa55de2c" testListId="8c84fa94-04c1-424b-9868-57a2d4851a1d" />
    <TestEntry testId="8f67a88b-481d-3fa3-8a5e-0aee30dc1d25" executionId="903eea74-3e92-4812-b96c-a8f3396bb851" testListId="8c84fa94-04c1-424b-9868-57a2d4851a1d" />
    <TestEntry testId="91bcd40c-f291-da1b-c22f-ebcc479c3dc8" executionId="a4725962-a02c-4fe4-b20c-b68d45014914" testListId="8c84fa94-04c1-424b-9868-57a2d4851a1d" />
    <TestEntry testId="91c88b1c-b98a-626c-85b3-dde38424be13" executionId="82bb013f-e7ae-487a-b3af-8524147f0e41" testListId="8c84fa94-04c1-424b-9868-57a2d4851a1d" />
    <TestEntry testId="91ecc707-13c2-4dae-8e5a-6bff99fcfe87" executionId="063c2f5d-121a-48a7-bbe0-3857d6cd388a" testListId="8c84fa94-04c1-424b-9868-57a2d4851a1d" />
    <TestEntry testId="92665085-b299-b48a-bc2c-1efda6032b04" executionId="9ab27813-fda3-4c16-b00d-9d15d1d76ba6" testListId="8c84fa94-04c1-424b-9868-57a2d4851a1d" />
    <TestEntry testId="9409edab-4685-7666-abb8-365a78c465bf" executionId="1a42c4d0-7220-4e5a-9018-d0ccc223c20e" testListId="8c84fa94-04c1-424b-9868-57a2d4851a1d" />
    <TestEntry testId="9413659e-2d18-9778-af38-dbdef1f07605" executionId="3650d3a2-4a6a-41f7-b99e-deed0cb22f11" testListId="8c84fa94-04c1-424b-9868-57a2d4851a1d" />
    <TestEntry testId="9609b7f5-87b1-f9f9-e215-16c789eb842d" executionId="2fde3312-0bec-4e2a-864a-45536738158b" testListId="8c84fa94-04c1-424b-9868-57a2d4851a1d" />
    <TestEntry testId="9787e624-e070-723d-fd24-16e8ff0d8d0a" executionId="5c28fbef-37e5-49b2-8a42-15de00854c44" testListId="8c84fa94-04c1-424b-9868-57a2d4851a1d" />
    <TestEntry testId="97e5e7d4-ac54-cebe-86b4-00d02e6561cd" executionId="4085bcbe-8b34-41ad-a30d-40160dccd652" testListId="8c84fa94-04c1-424b-9868-57a2d4851a1d" />
    <TestEntry testId="9884b188-ec55-3cc9-48ff-b672811aa47c" executionId="5195202e-5b2d-456d-a72a-ebcf1e1a02c0" testListId="8c84fa94-04c1-424b-9868-57a2d4851a1d" />
    <TestEntry testId="98dd6185-24d5-2a62-cefd-f9aa656dc6ef" executionId="462a5ac4-607b-4d5b-8847-ec2ddf673a49" testListId="8c84fa94-04c1-424b-9868-57a2d4851a1d" />
    <TestEntry testId="98e96e67-f171-5357-aac3-6028cfc9ae79" executionId="257fc9e3-e28b-4809-83b7-ce53aa236ee1" testListId="8c84fa94-04c1-424b-9868-57a2d4851a1d" />
    <TestEntry testId="98fe25ea-cf64-00c5-54a8-2d598c352399" executionId="f582cf3c-ea33-472a-9836-1682c6993b32" testListId="8c84fa94-04c1-424b-9868-57a2d4851a1d" />
    <TestEntry testId="9923c427-5e36-ca1e-af00-6b03d4330e17" executionId="4eaf6e6b-60ce-43b1-aa85-7f2b6f91d369" testListId="8c84fa94-04c1-424b-9868-57a2d4851a1d" />
    <TestEntry testId="99352f3f-d9a1-a1b0-057e-b9721c1837c9" executionId="7a6f31e1-cc00-496a-b6da-f79754cfcbb0" testListId="8c84fa94-04c1-424b-9868-57a2d4851a1d" />
    <TestEntry testId="9944c00d-3302-38b8-7a71-4814942dc19a" executionId="841e3c30-535b-4d50-a41c-03c2f4d6a3e1" testListId="8c84fa94-04c1-424b-9868-57a2d4851a1d" />
    <TestEntry testId="9959b482-d25f-bb10-e15e-e9223cf53a9d" executionId="16a615e5-da47-4b89-a919-c9f20b1c1454" testListId="8c84fa94-04c1-424b-9868-57a2d4851a1d" />
    <TestEntry testId="9963af05-4a0e-ccea-1f30-ddf79f637d89" executionId="e8182d73-7bfc-4e49-94bf-6fdbc5a36a69" testListId="8c84fa94-04c1-424b-9868-57a2d4851a1d" />
    <TestEntry testId="9ce2fff1-57bd-beee-e501-36642c31a881" executionId="81eb23ca-fe31-4b57-9dd7-33efd3c2d5d2" testListId="8c84fa94-04c1-424b-9868-57a2d4851a1d" />
    <TestEntry testId="9da17917-8ac8-0e96-0cfc-7587d8733916" executionId="f09d5a4c-a733-43be-887d-6eeaaa5539b5" testListId="8c84fa94-04c1-424b-9868-57a2d4851a1d" />
    <TestEntry testId="9e631927-2b93-a70c-80a1-399cdb76276a" executionId="15c59ea5-b966-45b3-bc4e-3a82d787140b" testListId="8c84fa94-04c1-424b-9868-57a2d4851a1d" />
    <TestEntry testId="9f34959c-efbe-8b2e-6b9d-f5599bb6b78b" executionId="9d8fb339-7717-4f1d-a363-2a6e04421b20" testListId="8c84fa94-04c1-424b-9868-57a2d4851a1d" />
    <TestEntry testId="a02f94c3-fe6b-262e-8fe6-4e00359466b2" executionId="315216f6-9fe8-4df9-a30e-bab51f3b95b0" testListId="8c84fa94-04c1-424b-9868-57a2d4851a1d" />
    <TestEntry testId="a04e8dfb-81e2-eb1f-cbcb-0a1e54355404" executionId="935be303-31e0-4a32-9367-ae3d50874e01" testListId="8c84fa94-04c1-424b-9868-57a2d4851a1d" />
    <TestEntry testId="a12f90d0-23ef-e0b0-26d2-1b06fdc8c300" executionId="b05dbfca-02e6-4d37-96f7-4298d2a951be" testListId="8c84fa94-04c1-424b-9868-57a2d4851a1d" />
    <TestEntry testId="a30e29d2-e6f9-faae-4bcd-f679dbaab158" executionId="2f7d97cf-e0c3-4ab1-9d69-e2cfd33615b0" testListId="8c84fa94-04c1-424b-9868-57a2d4851a1d" />
    <TestEntry testId="a619cf25-a4ba-4486-1ddb-d19b818f9e7d" executionId="e758ad82-6a7c-4a90-90c8-d011ea71e2b1" testListId="8c84fa94-04c1-424b-9868-57a2d4851a1d" />
    <TestEntry testId="a674ba5c-af39-5663-d8ec-d75ed51d813b" executionId="b1de0629-93dc-4bfe-a83f-2133604d521f" testListId="8c84fa94-04c1-424b-9868-57a2d4851a1d" />
    <TestEntry testId="a77574c7-282f-14ca-d4c7-d8262a241077" executionId="617908bd-4fe4-4a3d-b700-827cf07ae18c" testListId="8c84fa94-04c1-424b-9868-57a2d4851a1d" />
    <TestEntry testId="a8075f9e-50c1-dcd8-bf4f-c1e29c90ef29" executionId="a193c11d-a420-4dcb-9ce5-6a956d697799" testListId="8c84fa94-04c1-424b-9868-57a2d4851a1d" />
    <TestEntry testId="a8740ffd-6f63-33f1-72b0-c2bf00c40411" executionId="2102a5e8-1971-4778-9374-dcef4ac15ce5" testListId="8c84fa94-04c1-424b-9868-57a2d4851a1d" />
    <TestEntry testId="aa5599a2-705e-8176-ae21-51d89f7f95bf" executionId="73246408-427f-4d68-940d-937d0b39a1fe" testListId="8c84fa94-04c1-424b-9868-57a2d4851a1d" />
    <TestEntry testId="aaae6628-fb9a-345d-d87b-676d891e4b7a" executionId="418ff5f9-ec5f-413d-9d5a-506577b99668" testListId="8c84fa94-04c1-424b-9868-57a2d4851a1d" />
    <TestEntry testId="ac73f21f-a23d-2544-a295-5fb6a1dda17d" executionId="b80985b2-2b79-4771-823f-964bb3ee6eb5" testListId="8c84fa94-04c1-424b-9868-57a2d4851a1d" />
    <TestEntry testId="acca2b94-4c34-adfe-5df0-31a73b5adf67" executionId="e5a3128d-733a-4fb7-ba68-b307f904ea52" testListId="8c84fa94-04c1-424b-9868-57a2d4851a1d" />
    <TestEntry testId="acf8987a-3adb-9e28-763d-c5bb261a5e62" executionId="ab775142-60ad-47dd-bd9d-a8d441996c2a" testListId="8c84fa94-04c1-424b-9868-57a2d4851a1d" />
    <TestEntry testId="ad7b04ae-ad62-b31b-3773-9ff850d7fd02" executionId="5dd6924a-3123-498a-827a-045501ec5274" testListId="8c84fa94-04c1-424b-9868-57a2d4851a1d" />
    <TestEntry testId="adb1c491-269b-d36d-0c67-70cc98d67f9c" executionId="16f4a4df-7813-4077-a57d-cc9cf54233c6" testListId="8c84fa94-04c1-424b-9868-57a2d4851a1d" />
    <TestEntry testId="aed8ce66-9ccd-d5e8-1357-c96708948f72" executionId="0e1da0ee-ebed-464c-95e3-760afdd90917" testListId="8c84fa94-04c1-424b-9868-57a2d4851a1d" />
    <TestEntry testId="af0efbb6-8d8e-6a08-7d24-134f832394cb" executionId="74b876fc-7a3d-4d37-a801-8681babcba16" testListId="8c84fa94-04c1-424b-9868-57a2d4851a1d" />
    <TestEntry testId="afadb058-1a64-056d-1ba0-85d5bbb66d45" executionId="965d0552-fb0c-4f2c-adee-faa57b49e8e5" testListId="8c84fa94-04c1-424b-9868-57a2d4851a1d" />
    <TestEntry testId="afea6d45-896c-69b5-d803-7bec12379353" executionId="d5af6b7a-7d5b-4550-93b3-583f9e738344" testListId="8c84fa94-04c1-424b-9868-57a2d4851a1d" />
    <TestEntry testId="afed51c4-f47b-41cf-d9f9-97b25590b957" executionId="5a61f802-7b18-4b38-8b77-97c64b933ecf" testListId="8c84fa94-04c1-424b-9868-57a2d4851a1d" />
    <TestEntry testId="b00d1857-b830-c869-fe26-47cfa871406e" executionId="40ee609c-3e60-4da4-b72d-4c9d45b6c4b4" testListId="8c84fa94-04c1-424b-9868-57a2d4851a1d" />
    <TestEntry testId="b179d887-ff4e-3a7f-456f-e8ebf4123822" executionId="5dc02f17-443f-42f0-af41-167cc5709cf7" testListId="8c84fa94-04c1-424b-9868-57a2d4851a1d" />
    <TestEntry testId="b1f52356-e6e5-7e98-cf11-13907305f211" executionId="107796d7-4ed3-4072-bcc2-3e0b9233ce87" testListId="8c84fa94-04c1-424b-9868-57a2d4851a1d" />
    <TestEntry testId="b32c4012-b8c3-3fc4-0d4c-b6883abfecb3" executionId="0dd4f260-6687-4d84-a134-0ce8757d5090" testListId="8c84fa94-04c1-424b-9868-57a2d4851a1d" />
    <TestEntry testId="b38bd31a-8759-8e39-9db6-5b72650e4cc0" executionId="6b5c8b1c-619c-40d3-b717-bcff67c4d072" testListId="8c84fa94-04c1-424b-9868-57a2d4851a1d" />
    <TestEntry testId="b4138e3e-ae4d-bd71-a7e9-bb4800474a5a" executionId="9d275b7b-71c2-498b-9f72-d6538e1bc820" testListId="8c84fa94-04c1-424b-9868-57a2d4851a1d" />
    <TestEntry testId="b4523e82-c6b2-8ead-2dc8-3f1e7c6cd261" executionId="877b1f09-be42-46f1-8049-d69881963e6f" testListId="8c84fa94-04c1-424b-9868-57a2d4851a1d" />
    <TestEntry testId="b5dad8cf-3030-b897-11b9-a712b07bcf6b" executionId="3161f0d4-da27-41c9-9703-ab2afb58936a" testListId="8c84fa94-04c1-424b-9868-57a2d4851a1d" />
    <TestEntry testId="b6e36ae2-b75c-f3d8-8c8f-f990ce7d7492" executionId="a4d990c0-290a-4fd7-b604-19c5fe35dc36" testListId="8c84fa94-04c1-424b-9868-57a2d4851a1d" />
    <TestEntry testId="b722006c-18f9-c59d-eabc-8169b368dd02" executionId="e38b86d3-85dd-4b34-a2c1-28468a099835" testListId="8c84fa94-04c1-424b-9868-57a2d4851a1d" />
    <TestEntry testId="b766414d-ee0c-c7ac-6c48-f4d7a1c472b5" executionId="f512aa92-c2b8-4608-b45a-bc5de50989ee" testListId="8c84fa94-04c1-424b-9868-57a2d4851a1d" />
    <TestEntry testId="b99f0b78-bde0-f52a-e989-17097e6e475a" executionId="dd12202f-9d5a-484a-b433-63f28159f62a" testListId="8c84fa94-04c1-424b-9868-57a2d4851a1d" />
    <TestEntry testId="b9cfc8f6-a68b-cd7a-f18c-e7e008c08030" executionId="26b7cefe-c7e9-458a-bcad-0c60c9f2a81a" testListId="8c84fa94-04c1-424b-9868-57a2d4851a1d" />
    <TestEntry testId="bb761540-ffc9-4620-9166-fba6808f4548" executionId="f1e8d936-07c6-43ff-b191-374d291ae48f" testListId="8c84fa94-04c1-424b-9868-57a2d4851a1d" />
    <TestEntry testId="bb88cb4e-8c52-f9e7-851e-70644c87bfa7" executionId="4317de43-299e-468f-ba33-268e5228866a" testListId="8c84fa94-04c1-424b-9868-57a2d4851a1d" />
    <TestEntry testId="bca4159d-90a7-39b7-873c-7d3db5beae86" executionId="66c3f335-a68e-4229-a89f-d89c6137ddfb" testListId="8c84fa94-04c1-424b-9868-57a2d4851a1d" />
    <TestEntry testId="bd0b67bc-8496-3ad1-e071-155843612955" executionId="d80b6ffa-5bca-4d46-abb9-d638bc71894a" testListId="8c84fa94-04c1-424b-9868-57a2d4851a1d" />
    <TestEntry testId="bd148b8b-f345-333e-22d2-9b28c12530b6" executionId="95dd9dcf-8be3-4317-86ef-15bc4e407c1e" testListId="8c84fa94-04c1-424b-9868-57a2d4851a1d" />
    <TestEntry testId="bd9c802b-a323-6756-3615-e0a53cd3c190" executionId="6ad77af9-a6e2-44b8-bb45-e288f03e221f" testListId="8c84fa94-04c1-424b-9868-57a2d4851a1d" />
    <TestEntry testId="be209e92-294e-6d58-6ff7-4526a01ac914" executionId="e40d6c96-9f9c-40c9-b62b-890812130d61" testListId="8c84fa94-04c1-424b-9868-57a2d4851a1d" />
    <TestEntry testId="be9b646d-7127-728b-f373-0e122c6c1abd" executionId="72f3c8d3-3eba-4c69-a281-06ee38a98800" testListId="8c84fa94-04c1-424b-9868-57a2d4851a1d" />
    <TestEntry testId="bf6fbdcd-62f2-20bc-73b0-533579017f91" executionId="f2afc257-59e8-4362-ae92-bb078df50057" testListId="8c84fa94-04c1-424b-9868-57a2d4851a1d" />
    <TestEntry testId="c2f1a978-196e-d090-c3d8-ffa959c0cb9a" executionId="c99fdb33-9a56-403e-97b3-058a5b31bd73" testListId="8c84fa94-04c1-424b-9868-57a2d4851a1d" />
    <TestEntry testId="c4df39e9-1bcd-84d9-4520-201e34c0b7c3" executionId="a0a4e799-1366-4eb0-8d84-b37bd8f7f10a" testListId="8c84fa94-04c1-424b-9868-57a2d4851a1d" />
    <TestEntry testId="c6765f05-daaa-acbe-3c14-06cd3093a036" executionId="94a5fe7d-6ecb-44b4-930b-8d6cfa663ff8" testListId="8c84fa94-04c1-424b-9868-57a2d4851a1d" />
    <TestEntry testId="c7a047cd-0a4c-d2dc-a511-5faf88ae8552" executionId="f26c4044-02b4-4c26-b14a-1b45cfe73863" testListId="8c84fa94-04c1-424b-9868-57a2d4851a1d" />
    <TestEntry testId="c980ab97-2215-dab8-d790-437958c9e42f" executionId="83a77839-1947-4dd0-8b0b-3c5c9ce785bb" testListId="8c84fa94-04c1-424b-9868-57a2d4851a1d" />
    <TestEntry testId="ca3c86f3-2bd1-6786-3776-f1cb040af037" executionId="2aa0cfd8-859b-42f1-8dbb-20a04a3d6968" testListId="8c84fa94-04c1-424b-9868-57a2d4851a1d" />
    <TestEntry testId="ca5fa49d-7f57-0401-f31d-539915ab9902" executionId="38467110-152c-4cad-bba3-d9bafd9c024d" testListId="8c84fa94-04c1-424b-9868-57a2d4851a1d" />
    <TestEntry testId="cb25deab-cf45-b695-0c44-ad948d14d876" executionId="b2787597-2a62-4e22-bb76-5e3c3b282ba8" testListId="8c84fa94-04c1-424b-9868-57a2d4851a1d" />
    <TestEntry testId="cb64aa0a-a84b-5d42-4ed1-c64dc9250012" executionId="8b3bd988-c26c-4c6d-8c2e-2d565bfc0af4" testListId="8c84fa94-04c1-424b-9868-57a2d4851a1d" />
    <TestEntry testId="cb6b8cfe-e0b9-9b21-3dc9-12b455aa228f" executionId="9dc60891-9b25-4488-9065-ad82be63153f" testListId="8c84fa94-04c1-424b-9868-57a2d4851a1d" />
    <TestEntry testId="cbbb308b-9b32-97f5-4e7e-75cb3790a4f7" executionId="0d7d4644-7ac7-4dd9-bd25-766568f02873" testListId="8c84fa94-04c1-424b-9868-57a2d4851a1d" />
    <TestEntry testId="cbcff723-8bda-5d29-8130-f5209875fc82" executionId="6ac3480a-e79c-4b34-83c2-6958855a5ceb" testListId="8c84fa94-04c1-424b-9868-57a2d4851a1d" />
    <TestEntry testId="cd3083bb-5d2b-aada-3010-1cd58c3b2811" executionId="2bf70eb8-5c3e-4568-8336-888cc584c025" testListId="8c84fa94-04c1-424b-9868-57a2d4851a1d" />
    <TestEntry testId="ce3b5ec9-f479-373d-8e33-639a4f32ef5b" executionId="ce6c2ee0-2109-4604-aed3-4c824c4fbb50" testListId="8c84fa94-04c1-424b-9868-57a2d4851a1d" />
    <TestEntry testId="ce5ae677-218e-d1c7-6f73-a1fb2929a644" executionId="69b3cd1d-7c59-417e-b8e8-257519927932" testListId="8c84fa94-04c1-424b-9868-57a2d4851a1d" />
    <TestEntry testId="cfb15dca-147e-de41-9f19-cd2177098c8b" executionId="ad41d32e-628a-471a-9839-cb2008dd0d70" testListId="8c84fa94-04c1-424b-9868-57a2d4851a1d" />
    <TestEntry testId="d02b73e1-ffe3-d811-a911-26512d7645a7" executionId="5251de14-4b9d-4a04-90dc-ea33ca70d442" testListId="8c84fa94-04c1-424b-9868-57a2d4851a1d" />
    <TestEntry testId="d04c31c0-dd8d-1ac7-58cd-78ab5221807a" executionId="e66cc148-5c03-4735-86f2-80084fff3030" testListId="8c84fa94-04c1-424b-9868-57a2d4851a1d" />
    <TestEntry testId="d15779bf-7f91-05a7-6456-08470891dcca" executionId="05cbd21e-f6b5-4d45-acc4-cfce9d7f13b9" testListId="8c84fa94-04c1-424b-9868-57a2d4851a1d" />
    <TestEntry testId="d1ad1302-4701-179f-f5bf-426b22d99dc7" executionId="361aebe9-252c-4dc5-afda-4cf2533bced4" testListId="8c84fa94-04c1-424b-9868-57a2d4851a1d" />
    <TestEntry testId="d22b6b8d-2bb2-eb24-30e0-98862d0d2606" executionId="fee6bee7-954f-40ae-9a10-a294dab95bdd" testListId="8c84fa94-04c1-424b-9868-57a2d4851a1d" />
    <TestEntry testId="d2bb5434-abf7-b511-3279-e582bcb339ae" executionId="53b700d0-dda7-4c6c-98b2-6a513cf12719" testListId="8c84fa94-04c1-424b-9868-57a2d4851a1d" />
    <TestEntry testId="d41accc8-8ac7-5fab-d4a6-7ed436c4163b" executionId="13b55410-dc9f-4964-8626-c6eaa65e1193" testListId="8c84fa94-04c1-424b-9868-57a2d4851a1d" />
    <TestEntry testId="d44d7554-ede1-ed43-b2f8-3925fc0249f0" executionId="ca0347a1-aa54-494a-b9d3-0d6d46e6ff61" testListId="8c84fa94-04c1-424b-9868-57a2d4851a1d" />
    <TestEntry testId="d45c22d8-a9e9-7c6e-eb04-a0cabb214e02" executionId="c370fc24-c34b-4516-a684-b17a93eab6a7" testListId="8c84fa94-04c1-424b-9868-57a2d4851a1d" />
    <TestEntry testId="d4ece765-93de-ec6a-2f46-3245d3d6a8ee" executionId="0d004695-f4f5-4501-934f-479a0793037f" testListId="8c84fa94-04c1-424b-9868-57a2d4851a1d" />
    <TestEntry testId="d5188fd8-be0e-a068-6524-7aac70f5afee" executionId="a776fb7e-0a61-4980-a61f-3c5050ec531d" testListId="8c84fa94-04c1-424b-9868-57a2d4851a1d" />
    <TestEntry testId="d55edbc2-263a-1d37-edec-75c74e946897" executionId="bbdb96e0-cae0-4d48-a30d-075ee26e65c4" testListId="8c84fa94-04c1-424b-9868-57a2d4851a1d" />
    <TestEntry testId="d5644ed0-7c6b-1714-5479-0fe94520eaa1" executionId="ca33eb39-7833-41e9-918f-1ada912a74f5" testListId="8c84fa94-04c1-424b-9868-57a2d4851a1d" />
    <TestEntry testId="d583a40e-1921-6734-1fbd-3f1e6262adc8" executionId="9b54a414-42d6-408d-a4cc-e3d22ed07137" testListId="8c84fa94-04c1-424b-9868-57a2d4851a1d" />
    <TestEntry testId="d6e596a3-5145-0032-0134-1468e1b8b59f" executionId="fa2fc87c-0a10-46f0-870c-90661778afec" testListId="8c84fa94-04c1-424b-9868-57a2d4851a1d" />
    <TestEntry testId="d7a0d135-ec4c-687a-33c9-69629e60e919" executionId="2b189cec-9d8b-4df2-9609-41f3d17321cf" testListId="8c84fa94-04c1-424b-9868-57a2d4851a1d" />
    <TestEntry testId="d8cacfa1-72c6-26d0-8722-d1428de745fe" executionId="9cee6057-700f-4fc6-bb8a-80224249946e" testListId="8c84fa94-04c1-424b-9868-57a2d4851a1d" />
    <TestEntry testId="d9914625-4f37-db5c-eca4-0d5fd5a9b942" executionId="1a1497d4-891e-4644-8740-d63dddc5ec1f" testListId="8c84fa94-04c1-424b-9868-57a2d4851a1d" />
    <TestEntry testId="d9b0ec13-2d01-9f0d-a09a-721044f523d7" executionId="d2edcba5-6f93-41ab-8abc-b902a31676c9" testListId="8c84fa94-04c1-424b-9868-57a2d4851a1d" />
    <TestEntry testId="dab5e043-9ba2-7f72-91a5-38a9be065ff3" executionId="48a92aa8-9145-400e-9e6f-48f8d6879b79" testListId="8c84fa94-04c1-424b-9868-57a2d4851a1d" />
    <TestEntry testId="db16e2a7-abd4-1715-6960-600a9a17cead" executionId="ddd4062d-b218-4b4e-8268-d52b591ced53" testListId="8c84fa94-04c1-424b-9868-57a2d4851a1d" />
    <TestEntry testId="dd37c2a0-a905-1072-5cdf-0fcc9fa67f5a" executionId="eddecda2-64a5-4163-8a65-b1401b5fc824" testListId="8c84fa94-04c1-424b-9868-57a2d4851a1d" />
    <TestEntry testId="ddf2352e-c21e-b979-ee17-1306893d65a6" executionId="35cef861-5cd3-41ad-b7cc-3a8f29f8489b" testListId="8c84fa94-04c1-424b-9868-57a2d4851a1d" />
    <TestEntry testId="deb442b9-77e1-22e0-d1f7-cd040ba70813" executionId="9c2860e0-4f27-4a75-a819-9be1a5c898a3" testListId="8c84fa94-04c1-424b-9868-57a2d4851a1d" />
    <TestEntry testId="deb4455b-8f82-7ad4-d42c-2a16fa73bcb7" executionId="4840cdc8-32d0-413f-bd3a-23b3f0d02959" testListId="8c84fa94-04c1-424b-9868-57a2d4851a1d" />
    <TestEntry testId="df987706-6f3a-29c9-29b6-542510698eae" executionId="acc8aaaa-dcda-4efa-bd25-ae6b826aff42" testListId="8c84fa94-04c1-424b-9868-57a2d4851a1d" />
    <TestEntry testId="dfad1f65-3178-f75a-56b5-4bd2476c70a7" executionId="9b6cadc1-bd3c-4e89-89bd-0c8a06951fc9" testListId="8c84fa94-04c1-424b-9868-57a2d4851a1d" />
    <TestEntry testId="e002a504-a82b-2514-61ed-61b5688e582e" executionId="270d1d66-1ad2-4e21-8a96-228fd1d5bad7" testListId="8c84fa94-04c1-424b-9868-57a2d4851a1d" />
    <TestEntry testId="e0fbb138-ec02-5322-c1a3-907a81de8d65" executionId="3b1d5a46-8aa3-4131-b0c0-9afecbddb86a" testListId="8c84fa94-04c1-424b-9868-57a2d4851a1d" />
    <TestEntry testId="e12d1da2-5932-38e5-49e5-912e2c879055" executionId="af7f664e-2647-464a-9b8c-e9d336f6543b" testListId="8c84fa94-04c1-424b-9868-57a2d4851a1d" />
    <TestEntry testId="e16ed279-9246-72a2-2c02-8b8cbf5ff9bf" executionId="a63ccc11-5ce9-40a7-a9d1-7eb8de0e3824" testListId="8c84fa94-04c1-424b-9868-57a2d4851a1d" />
    <TestEntry testId="e181fac9-7839-b6b1-45e1-1bf8530ff26f" executionId="459b4fe1-4c95-4625-8b3a-0ef3c5fdfc24" testListId="8c84fa94-04c1-424b-9868-57a2d4851a1d" />
    <TestEntry testId="e27faa22-60c7-1b4c-a47a-e8e52ddf857d" executionId="eca3a362-ad9c-4ecc-b88f-3d6dab14b261" testListId="8c84fa94-04c1-424b-9868-57a2d4851a1d" />
    <TestEntry testId="e33e783f-67a8-68c9-865c-b00138590e3a" executionId="e7863d1e-181a-4c17-9ac5-0e60777e9544" testListId="8c84fa94-04c1-424b-9868-57a2d4851a1d" />
    <TestEntry testId="e44437da-fbeb-6c74-a9da-66bd71d6a387" executionId="3d42bbe5-199f-4b37-bce7-749b6fa4a1c8" testListId="8c84fa94-04c1-424b-9868-57a2d4851a1d" />
    <TestEntry testId="e445d606-d6a1-335e-dea4-dd1b92e785a2" executionId="b8571b7e-a317-4ee2-85fe-1f2ad0d48f9a" testListId="8c84fa94-04c1-424b-9868-57a2d4851a1d" />
    <TestEntry testId="e44bda4a-414d-d15d-f590-3817c639fbc0" executionId="30936d1d-64ab-4f01-8ec3-7a6be11d35c7" testListId="8c84fa94-04c1-424b-9868-57a2d4851a1d" />
    <TestEntry testId="e5180b5c-100a-5fa8-da20-b706a02ebd63" executionId="c6531d12-91ec-4904-a443-027a269afd62" testListId="8c84fa94-04c1-424b-9868-57a2d4851a1d" />
    <TestEntry testId="e59ddaf4-819c-45fc-7555-a23840548bbd" executionId="5f87f9aa-3db5-43f2-88b4-3b6bfa055093" testListId="8c84fa94-04c1-424b-9868-57a2d4851a1d" />
    <TestEntry testId="e5d9810c-932a-e022-6ff8-2c369110a9a5" executionId="2c930e4a-13b4-4ea4-9197-6be3ed20097e" testListId="8c84fa94-04c1-424b-9868-57a2d4851a1d" />
    <TestEntry testId="e5edb6db-60de-d69d-271b-1f2103f94edf" executionId="82e59c9e-9fdc-4ff6-8b0c-293f96047f16" testListId="8c84fa94-04c1-424b-9868-57a2d4851a1d" />
    <TestEntry testId="e63ca40b-abca-79f7-7ac9-f89f5cfdf65f" executionId="90483f66-2e1e-414f-a972-2cffbbc7549b" testListId="8c84fa94-04c1-424b-9868-57a2d4851a1d" />
    <TestEntry testId="e68d165e-c657-7010-7764-de219ee96c63" executionId="7bdfc662-618d-4f2b-b104-89d460b131bb" testListId="8c84fa94-04c1-424b-9868-57a2d4851a1d" />
    <TestEntry testId="e7d8442c-9bf4-00cb-4194-3608604b4641" executionId="339acd4a-00e8-459e-bdde-c3e1ec981c97" testListId="8c84fa94-04c1-424b-9868-57a2d4851a1d" />
    <TestEntry testId="e7e1c4a2-4d38-2249-c609-4baaa38f510a" executionId="fe9d9c86-64f0-4fd0-804b-d6c17650a2e5" testListId="8c84fa94-04c1-424b-9868-57a2d4851a1d" />
    <TestEntry testId="e8c026b6-e73d-8d2c-c893-4059723e6b20" executionId="2406f3d5-818f-4da6-a488-848dc8083099" testListId="8c84fa94-04c1-424b-9868-57a2d4851a1d" />
    <TestEntry testId="e8dd8e7a-1ca0-d4c1-c638-e05102ff5f85" executionId="9f82b3af-cdaf-44fc-bac6-b1586de49766" testListId="8c84fa94-04c1-424b-9868-57a2d4851a1d" />
    <TestEntry testId="e982eaf7-eca9-3a9a-a99b-785125ffbac6" executionId="c67769b7-8824-4455-a991-c6194cec99c4" testListId="8c84fa94-04c1-424b-9868-57a2d4851a1d" />
    <TestEntry testId="e9a02397-6a31-9eea-a3d6-e7e9124bad92" executionId="961b7e41-280a-48e7-b881-cf2b3eb370c7" testListId="8c84fa94-04c1-424b-9868-57a2d4851a1d" />
    <TestEntry testId="eaad255e-963e-ef2b-ed8e-83ec6fefba83" executionId="50980f6f-fddb-4785-8395-ed279abf89ef" testListId="8c84fa94-04c1-424b-9868-57a2d4851a1d" />
    <TestEntry testId="eb00b1b0-87f8-6124-c9a0-b7ad5661af2b" executionId="a29387e4-9364-4495-991a-2bfe298b782a" testListId="8c84fa94-04c1-424b-9868-57a2d4851a1d" />
    <TestEntry testId="ec518a28-a95d-f409-aea4-d6c2a53d207a" executionId="adf67fe7-ced3-492f-8956-bc135b660f0e" testListId="8c84fa94-04c1-424b-9868-57a2d4851a1d" />
    <TestEntry testId="edc4c6e1-bf39-ca01-76da-54bd11778d66" executionId="42047b45-4ed7-4b3c-9410-2dad2836a759" testListId="8c84fa94-04c1-424b-9868-57a2d4851a1d" />
    <TestEntry testId="ede7c535-61f5-fb51-1969-75e8bcfbf1f8" executionId="fb038daf-e876-4543-a64f-adf3e667e422" testListId="8c84fa94-04c1-424b-9868-57a2d4851a1d" />
    <TestEntry testId="ee5821e0-e8f7-eac4-514b-c3a96fe23b55" executionId="37f9619f-3c34-4a7a-b7e1-fe4b0dedf312" testListId="8c84fa94-04c1-424b-9868-57a2d4851a1d" />
    <TestEntry testId="ee597037-259e-b261-44f1-b53685645486" executionId="c02287d5-9a7f-4171-97ec-09f1da54fce0" testListId="8c84fa94-04c1-424b-9868-57a2d4851a1d" />
    <TestEntry testId="ee92b680-9904-1548-d66a-bf2c65572b64" executionId="6a37e1c4-a59e-47b2-8d52-4d6fc290d7f4" testListId="8c84fa94-04c1-424b-9868-57a2d4851a1d" />
    <TestEntry testId="ef055f00-df24-1999-e6ff-34238de9bd9d" executionId="c691695b-217c-4d0d-8169-a5ce700debd5" testListId="8c84fa94-04c1-424b-9868-57a2d4851a1d" />
    <TestEntry testId="f0427023-20e8-20e8-8fe2-f5ec08107222" executionId="c6eb6c09-5538-4d9d-9417-a57b74633f7f" testListId="8c84fa94-04c1-424b-9868-57a2d4851a1d" />
    <TestEntry testId="f15aa90e-436b-1652-6b49-2bc3f3ff65fa" executionId="29bdfcfe-6342-4e93-b713-efd91e6768be" testListId="8c84fa94-04c1-424b-9868-57a2d4851a1d" />
    <TestEntry testId="f1b9ea5f-34df-02e3-6f4b-2e7344c56e79" executionId="c4b18af1-5e4d-48c7-84ab-e7047ba835be" testListId="8c84fa94-04c1-424b-9868-57a2d4851a1d" />
    <TestEntry testId="f21977c2-aec1-6e6e-3d1a-d3528baa6270" executionId="bd424b43-4957-4088-abd6-5c3a1b8b2521" testListId="8c84fa94-04c1-424b-9868-57a2d4851a1d" />
    <TestEntry testId="f247ccc0-306b-9ba7-27b6-5d9c35c19b0e" executionId="31b32744-55ea-490b-85a9-5a64a2ec1b3d" testListId="8c84fa94-04c1-424b-9868-57a2d4851a1d" />
    <TestEntry testId="f27d0682-2317-e070-66ed-efac09fa4930" executionId="3d3ce100-6c2a-461b-a0b2-986491afd647" testListId="8c84fa94-04c1-424b-9868-57a2d4851a1d" />
    <TestEntry testId="f2adad83-ea95-967c-7f15-b988c043e012" executionId="58fb503e-db8d-4aa7-b2c3-f8f3b713340c" testListId="8c84fa94-04c1-424b-9868-57a2d4851a1d" />
    <TestEntry testId="f2d7334b-b069-8be5-1189-eab742d9ebb4" executionId="f70fab19-1b8c-472f-a5d4-1d631a4a2039" testListId="8c84fa94-04c1-424b-9868-57a2d4851a1d" />
    <TestEntry testId="f42fabb4-8bb4-8a29-4a9f-7a698c663137" executionId="94799455-ea02-4fef-987f-7589ecb08d56" testListId="8c84fa94-04c1-424b-9868-57a2d4851a1d" />
    <TestEntry testId="f4bc49ab-31a2-9136-a3c4-4eeebdaa568d" executionId="404a0540-c460-4c64-a3e6-e60e6b39caaa" testListId="8c84fa94-04c1-424b-9868-57a2d4851a1d" />
    <TestEntry testId="f4cd8473-d5bd-b7ed-1376-fc7bd6b7a1c9" executionId="6a3ae4ab-0b4c-4048-9866-3a888bfef310" testListId="8c84fa94-04c1-424b-9868-57a2d4851a1d" />
    <TestEntry testId="f57c0f74-23b0-beb1-adc8-8a26f7959159" executionId="7a03a1b3-ea0a-4d22-a181-165fc442cdbe" testListId="8c84fa94-04c1-424b-9868-57a2d4851a1d" />
    <TestEntry testId="f5864044-a378-7807-f1b5-a84a798cedac" executionId="9ff7e7b5-4e7a-467d-a2a5-5f96c54fece0" testListId="8c84fa94-04c1-424b-9868-57a2d4851a1d" />
    <TestEntry testId="f5b879d0-e890-8930-5fc2-005bc69546c1" executionId="8e3b9f87-5ad1-4efb-aab3-b493a4ae85f2" testListId="8c84fa94-04c1-424b-9868-57a2d4851a1d" />
    <TestEntry testId="f6225938-c810-5a3f-200e-3753db10863e" executionId="ef20ec71-57e1-4eac-bb4d-bc492a03d6cd" testListId="8c84fa94-04c1-424b-9868-57a2d4851a1d" />
    <TestEntry testId="f7569089-0857-c976-0f23-9a66c681328c" executionId="b6c6f674-1422-4f0b-b0c2-e72096beb34e" testListId="8c84fa94-04c1-424b-9868-57a2d4851a1d" />
    <TestEntry testId="f879d08f-993d-09e0-12d7-309af3c6903c" executionId="4a66ee3d-1777-4c86-a41a-9835a1024abf" testListId="8c84fa94-04c1-424b-9868-57a2d4851a1d" />
    <TestEntry testId="f96f1f19-d19e-bc12-04ef-964bfec69e6e" executionId="422209c8-f9ae-4ca1-9790-27a930e52242" testListId="8c84fa94-04c1-424b-9868-57a2d4851a1d" />
    <TestEntry testId="fa7d993a-1ef7-1cc4-524a-0ae8788a2501" executionId="fcae54d7-8c7a-4392-91ec-7b45ead8a6e4" testListId="8c84fa94-04c1-424b-9868-57a2d4851a1d" />
    <TestEntry testId="fa9ecf12-504a-c719-dbab-bf93fe81301d" executionId="3e369934-f5bd-43db-935f-69237f74d03e" testListId="8c84fa94-04c1-424b-9868-57a2d4851a1d" />
    <TestEntry testId="fca999cf-ff57-8e60-c0e8-991b011af4ac" executionId="34a5687b-b7fb-4db1-a66c-8a8ea0eb4957" testListId="8c84fa94-04c1-424b-9868-57a2d4851a1d" />
    <TestEntry testId="fdf01b66-2668-75cf-6835-819c3e4a28da" executionId="c1c0cb89-bcdf-442a-8953-061cea12f3eb" testListId="8c84fa94-04c1-424b-9868-57a2d4851a1d" />
    <TestEntry testId="ff2313e2-7d1c-c729-a806-13c7de7efef0" executionId="a8c74d4f-737b-45df-9bd0-5c0261694545" testListId="8c84fa94-04c1-424b-9868-57a2d4851a1d" />
    <TestEntry testId="ff7065ab-c530-c2e6-3657-a2c7b5c11517" executionId="a62d957f-88f9-41d3-81ac-d0d8c88ce6d6" testListId="8c84fa94-04c1-424b-9868-57a2d4851a1d" />
    <TestEntry testId="ff809b06-d2f0-3880-0273-c452b5dbadea" executionId="c646b08c-6b68-432a-bfcc-b2b3d3fe2195" testListId="8c84fa94-04c1-424b-9868-57a2d4851a1d" />
  </TestEntries>
  <Results>
    <UnitTestResult executionId="7b5df13d-dcfe-4017-9c22-6c13e77d9ee6" testId="00a815f8-435f-b48f-14f5-1d2d714bfe42" testName="When_Search_Partially_Matches_ClientName_And_FirstName_And_LastName_Should_Find" computerName="LONMW86693" duration="00:00:04.2853701" startTime="2011-09-14T15:59:46.3679565+01:00" endTime="2011-09-14T15:59:51.1806105+01:00" testType="13cdc9d9-ddb5-4fa4-a97d-d965ccfc6d4b" outcome="Passed" testListId="8c84fa94-04c1-424b-9868-57a2d4851a1d" relativeResultsDirectory="7b5df13d-dcfe-4017-9c22-6c13e77d9ee6">
      <Output>
        <StdOut>NHibernate: 
    DECLARE @textSearch NVARCHAR(4000), @modSince DATETIME    SELECT
        @textSearch = @p0,
        @modSince = @p1    SELECT
            cc.ContactId as ContactId8_0_,
            cc.ClientName as ClientName8_0_,
            cc.ClientSalesForceId as ClientSa3_8_0_,
            cc.ClientSDMId as ClientSD4_8_0_,
            cc.FirstName as FirstName8_0_,
            cc.LastName as LastName8_0_,
            cc.Role as Role8_0_,
            cc.SalesForceId as SalesFor8_8_0_,
            cc.ClientTier as ClientTier8_0_,
            cc.AccountManagers as Account10_8_0_,
            cc.UserLastContactedDate as UserLas11_8_0_,
            cc.TeamLastContactedDate as TeamLas12_8_0_,
            cc.HasPendingCSR as HasPend13_8_0_,
            cc.UpdateDate as UpdateDate8_0_  
        FROM
            v_ContactSearch cs   
        JOIN
            CONTAINSTABLE(dbo.v_ContactSearch, Searchtext, @textSearch) t 
                ON cs.ContactId = t.[KEY]   
        JOIN
            v_ContactCard cc 
                on CS.ContactId = cc.ContactId     
        WHERE
            cs.IsActive = 1                
        ORDER BY
            cc.LastName;
    @p0 = '"Ba*" AND "Jo*" AND "Mil*" AND "Sm*"' [Type: String (4000)],
    @p1 = NULL [Type: DateTime (0)]</StdOut>
      </Output>
    </UnitTestResult>
    <UnitTestResult executionId="afffa60d-7bee-42e4-b1d4-dd7243fe40d5" testId="014da55e-dcae-d6b8-5384-ce443ce621cf" testName="Should_pass_validation_when_all_preconditions_are_met" computerName="LONMW86693" duration="00:00:00.0134745" startTime="2011-09-14T15:59:51.1962360+01:00" endTime="2011-09-14T15:59:51.6493755+01:00" testType="13cdc9d9-ddb5-4fa4-a97d-d965ccfc6d4b" outcome="Passed" testListId="8c84fa94-04c1-424b-9868-57a2d4851a1d" relativeResultsDirectory="afffa60d-7bee-42e4-b1d4-dd7243fe40d5">
    </UnitTestResult>
    <UnitTestResult executionId="9b607179-d4b4-43fa-a2a7-cf3c97b374ec" testId="020cfe1f-0cc1-ac33-ea09-356a4691f5e6" testName="Should_update_the_clients_name" computerName="LONMW86693" duration="00:00:00.2663718" startTime="2011-09-14T15:59:51.6650010+01:00" endTime="2011-09-14T15:59:52.3993995+01:00" testType="13cdc9d9-ddb5-4fa4-a97d-d965ccfc6d4b" outcome="Passed" testListId="8c84fa94-04c1-424b-9868-57a2d4851a1d" relativeResultsDirectory="9b607179-d4b4-43fa-a2a7-cf3c97b374ec">
    </UnitTestResult>
    <UnitTestResult executionId="b13dc04f-1a15-4bee-a38a-4f29f2f071cc" testId="039bfebf-f8b9-f80a-9b7e-db868c351a4d" testName="Should_pass_validation_when_all_preconditions_are_met" computerName="LONMW86693" duration="00:00:00.0010122" startTime="2011-09-14T15:59:52.3993995+01:00" endTime="2011-09-14T15:59:52.4150250+01:00" testType="13cdc9d9-ddb5-4fa4-a97d-d965ccfc6d4b" outcome="Passed" testListId="8c84fa94-04c1-424b-9868-57a2d4851a1d" relativeResultsDirectory="b13dc04f-1a15-4bee-a38a-4f29f2f071cc">
    </UnitTestResult>
    <UnitTestResult executionId="776575fd-72a0-4c5a-8832-9f3586e40b6c" testId="03d3b51e-4a1a-e47c-7ad7-9934a0e943ab" testName="ReturnsExpectedTierListsForUser" computerName="LONMW86693" duration="00:00:01.6338903" startTime="2011-09-14T15:59:52.4306505+01:00" endTime="2011-09-14T15:59:54.0557025+01:00" testType="13cdc9d9-ddb5-4fa4-a97d-d965ccfc6d4b" outcome="Passed" testListId="8c84fa94-04c1-424b-9868-57a2d4851a1d" relativeResultsDirectory="776575fd-72a0-4c5a-8832-9f3586e40b6c">
    </UnitTestResult>
    <UnitTestResult executionId="69b6d04f-b9e2-43fa-8e46-fe9ec033f526" testId="03ffb713-2c28-bd92-7e73-d9a6064c0a58" testName="Should_accept_sales_hierarchy_of_5" computerName="LONMW86693" duration="00:00:00.0016175" startTime="2011-09-14T15:59:54.0713280+01:00" endTime="2011-09-14T15:59:54.0713280+01:00" testType="13cdc9d9-ddb5-4fa4-a97d-d965ccfc6d4b" outcome="Passed" testListId="8c84fa94-04c1-424b-9868-57a2d4851a1d" relativeResultsDirectory="69b6d04f-b9e2-43fa-8e46-fe9ec033f526">
    </UnitTestResult>
    <UnitTestResult executionId="dc5b787f-6012-4432-a216-fab7623caecb" testId="051302d9-04b5-2440-a53a-e898c719b2ef" testName="Should_check_if_the_client_exists" computerName="LONMW86693" duration="00:00:00.0042050" startTime="2011-09-14T15:59:54.0869535+01:00" endTime="2011-09-14T15:59:54.1025790+01:00" testType="13cdc9d9-ddb5-4fa4-a97d-d965ccfc6d4b" outcome="Passed" testListId="8c84fa94-04c1-424b-9868-57a2d4851a1d" relativeResultsDirectory="dc5b787f-6012-4432-a216-fab7623caecb">
    </UnitTestResult>
    <UnitTestResult executionId="b5dd4830-cef9-4c72-be8f-406f223e0994" testId="05e81c2b-d3d3-2b11-0711-1e6d6110ff23" testName="Should_retrieve_the_email_type" computerName="LONMW86693" duration="00:00:00.3778567" startTime="2011-09-14T15:59:54.1182045+01:00" endTime="2011-09-14T15:59:54.7432245+01:00" testType="13cdc9d9-ddb5-4fa4-a97d-d965ccfc6d4b" outcome="Passed" testListId="8c84fa94-04c1-424b-9868-57a2d4851a1d" relativeResultsDirectory="b5dd4830-cef9-4c72-be8f-406f223e0994">
    </UnitTestResult>
    <UnitTestResult executionId="75d3bd0c-69d2-4b87-8427-5ef4228c1776" testId="069532ee-96ab-9fe3-fdbc-f85ab6c05191" testName="Should_not_allow_inactivation" computerName="LONMW86693" duration="00:00:00.0088909" startTime="2011-09-14T15:59:54.7588500+01:00" endTime="2011-09-14T15:59:54.7744755+01:00" testType="13cdc9d9-ddb5-4fa4-a97d-d965ccfc6d4b" outcome="Passed" testListId="8c84fa94-04c1-424b-9868-57a2d4851a1d" relativeResultsDirectory="75d3bd0c-69d2-4b87-8427-5ef4228c1776">
    </UnitTestResult>
    <UnitTestResult executionId="e0a3eb55-c619-43cd-bebe-d8decce3ac9f" testId="06f65102-d66c-9633-4216-43ac40514c8b" testName="CanCorrectlyMapPerson" computerName="LONMW86693" duration="00:00:00.2107892" startTime="2011-09-14T15:59:54.7744755+01:00" endTime="2011-09-14T15:59:54.9932325+01:00" testType="13cdc9d9-ddb5-4fa4-a97d-d965ccfc6d4b" outcome="Passed" testListId="8c84fa94-04c1-424b-9868-57a2d4851a1d" relativeResultsDirectory="e0a3eb55-c619-43cd-bebe-d8decce3ac9f">
      <Output>
        <StdOut>NHibernate: 
    SELECT
        person0_.PersonId as PersonId19_0_,
        person0_.CreateUserId as CreateUs2_19_0_,
        person0_.CreateDate as CreateDate19_0_,
        person0_.UpdateUserId as UpdateUs4_19_0_,
        person0_.UpdateDate as UpdateDate19_0_,
        person0_.Title as Title19_0_,
        person0_.FirstName as FirstName19_0_,
        person0_.IsActive as IsActive19_0_,
        person0_.MiddleName as MiddleName19_0_,
        person0_.LastName as LastName19_0_,
        person0_.DoNotContact as DoNotCo11_19_0_ 
    FROM
        dbo.[Person] person0_ 
    WHERE
        person0_.PersonId=@p0;
    @p0 = 2190758 [Type: Int32 (0)]
NHibernate: 
    SELECT
        phones0_.PersonId as PersonId1_,
        phones0_.PersonPhoneId as PersonPh1_1_,
        phones0_.PersonPhoneId as PersonPh1_20_0_,
        phones0_.CreateUserId as CreateUs2_20_0_,
        phones0_.CreateDate as CreateDate20_0_,
        phones0_.UpdateUserId as UpdateUs4_20_0_,
        phones0_.UpdateDate as UpdateDate20_0_,
        phones0_.Number as Number20_0_,
        phones0_.IsPreferred as IsPrefer7_20_0_,
        phones0_.Extension as Extension20_0_,
        phones0_.PhoneTypeId as PhoneTyp9_20_0_,
        phones0_.PersonId as PersonId20_0_ 
    FROM
        dbo.PersonPhone phones0_ 
    WHERE
        phones0_.PersonId=@p0;
    @p0 = 2190758 [Type: Int32 (0)]
NHibernate: 
    SELECT
        emails0_.PersonId as PersonId1_,
        emails0_.PersonEmailId as PersonEm1_1_,
        emails0_.PersonEmailId as PersonEm1_18_0_,
        emails0_.CreateUserId as CreateUs2_18_0_,
        emails0_.CreateDate as CreateDate18_0_,
        emails0_.UpdateUserId as UpdateUs4_18_0_,
        emails0_.UpdateDate as UpdateDate18_0_,
        emails0_.Email as Email18_0_,
        emails0_.IsPreferred as IsPrefer7_18_0_,
        emails0_.EmailTypeId as EmailTyp8_18_0_,
        emails0_.PersonId as PersonId18_0_ 
    FROM
        dbo.PersonEmail emails0_ 
    WHERE
        emails0_.PersonId=@p0;
    @p0 = 2190758 [Type: Int32 (0)]</StdOut>
      </Output>
    </UnitTestResult>
    <UnitTestResult executionId="b3dd50a2-6404-47dd-80b7-618524c35d4c" testId="076f2e28-88c6-2216-bf95-892014f10d2b" testName="CanCorrectlyMapUser" computerName="LONMW86693" duration="00:00:00.0166677" startTime="2011-09-14T15:59:54.9932325+01:00" endTime="2011-09-14T15:59:55.0088580+01:00" testType="13cdc9d9-ddb5-4fa4-a97d-d965ccfc6d4b" outcome="Passed" testListId="8c84fa94-04c1-424b-9868-57a2d4851a1d" relativeResultsDirectory="b3dd50a2-6404-47dd-80b7-618524c35d4c">
      <Output>
        <StdOut>NHibernate: 
    SELECT
        user0_.UserId as UserId29_1_,
        user0_.CreateUserId as CreateUs2_29_1_,
        user0_.CreateDate as CreateDate29_1_,
        user0_.UpdateUserId as UpdateUs4_29_1_,
        user0_.UpdateDate as UpdateDate29_1_,
        user0_.IsActive as IsActive29_1_,
        user0_.JobTitle as JobTitle29_1_,
        user0_.HasWorkflowEnabled as HasWorkf8_29_1_,
        user0_.CSRListVisibility as CSRListV9_29_1_,
        user0_.CanCSRBeCreatedForUser as CanCSRB10_29_1_,
        user0_.SalesForceId as SalesFo11_29_1_,
        user0_.BuildingNameScreen as Buildin12_29_1_,
        user0_.CostCentre as CostCentre29_1_,
        user0_.ECDEmployeeId as ECDEmpl14_29_1_,
        user0_.PersonId as PersonId29_1_,
        user0_.AssetClassRegionId as AssetCl16_29_1_,
        person1_.PersonId as PersonId19_0_,
        person1_.CreateUserId as CreateUs2_19_0_,
        person1_.CreateDate as CreateDate19_0_,
        person1_.UpdateUserId as UpdateUs4_19_0_,
        person1_.UpdateDate as UpdateDate19_0_,
        person1_.Title as Title19_0_,
        person1_.FirstName as FirstName19_0_,
        person1_.IsActive as IsActive19_0_,
        person1_.MiddleName as MiddleName19_0_,
        person1_.LastName as LastName19_0_,
        person1_.DoNotContact as DoNotCo11_19_0_ 
    FROM
        dbo.[User] user0_ 
    left outer join
        dbo.[Person] person1_ 
            on user0_.PersonId=person1_.PersonId 
    WHERE
        user0_.UserId=@p0;
    @p0 = 1887816 [Type: Int32 (0)]
NHibernate: 
    SELECT
        logins0_.UserId as UserId1_,
        logins0_.UserLoginId as UserLogi1_1_,
        logins0_.UserLoginId as UserLogi1_28_0_,
        logins0_.CreateUserId as CreateUs2_28_0_,
        logins0_.CreateDate as CreateDate28_0_,
        logins0_.UpdateUserId as UpdateUs4_28_0_,
        logins0_.UpdateDate as UpdateDate28_0_,
        logins0_.UserName as UserName28_0_,
        logins0_.UserId as UserId28_0_ 
    FROM
        dbo.[UserLogin] logins0_ 
    WHERE
        logins0_.UserId=@p0;
    @p0 = 1887816 [Type: Int32 (0)]</StdOut>
      </Output>
    </UnitTestResult>
    <UnitTestResult executionId="c03c5adb-5012-405c-9449-167ac5701d77" testId="0784808d-4842-0beb-a118-4ede96646df8" testName="Should_not_require_created_date" computerName="LONMW86693" duration="00:00:00.0004926" startTime="2011-09-14T15:59:55.0244835+01:00" endTime="2011-09-14T15:59:55.0401090+01:00" testType="13cdc9d9-ddb5-4fa4-a97d-d965ccfc6d4b" outcome="Passed" testListId="8c84fa94-04c1-424b-9868-57a2d4851a1d" relativeResultsDirectory="c03c5adb-5012-405c-9449-167ac5701d77">
    </UnitTestResult>
    <UnitTestResult executionId="572ef4da-8853-4c68-aadf-e7fb3547bab5" testId="07d7b086-b64d-515e-df8b-ff736aa4896d" testName="It_shouldnt_do_anything" computerName="LONMW86693" duration="00:00:00.0032028" startTime="2011-09-14T15:59:55.0401090+01:00" endTime="2011-09-14T15:59:55.0401090+01:00" testType="13cdc9d9-ddb5-4fa4-a97d-d965ccfc6d4b" outcome="Passed" testListId="8c84fa94-04c1-424b-9868-57a2d4851a1d" relativeResultsDirectory="572ef4da-8853-4c68-aadf-e7fb3547bab5">
    </UnitTestResult>
    <UnitTestResult executionId="646e5b15-4bfa-45e5-80be-d1d14c0c5f78" testId="0994405c-f4cc-1f48-cbf3-91b9b93138a3" testName="Can_map_contact" computerName="LONMW86693" duration="00:00:01.7142004" startTime="2011-09-14T15:59:55.0557345+01:00" endTime="2011-09-14T15:59:57.0245475+01:00" testType="13cdc9d9-ddb5-4fa4-a97d-d965ccfc6d4b" outcome="Passed" testListId="8c84fa94-04c1-424b-9868-57a2d4851a1d" relativeResultsDirectory="646e5b15-4bfa-45e5-80be-d1d14c0c5f78">
      <Output>
        <StdOut>NHibernate: 
    SELECT
        emailtype0_.EmailTypeId as EmailTyp1_9_0_,
        emailtype0_.CreateUserId as CreateUs2_9_0_,
        emailtype0_.CreateDate as CreateDate9_0_,
        emailtype0_.UpdateUserId as UpdateUs4_9_0_,
        emailtype0_.UpdateDate as UpdateDate9_0_,
        emailtype0_.Name as Name9_0_,
        emailtype0_.Description as Descript7_9_0_,
        emailtype0_.SortOrder as SortOrder9_0_ 
    FROM
        dbo.[EmailType] emailtype0_ 
    WHERE
        emailtype0_.EmailTypeId=@p0;
    @p0 = 151 [Type: Int32 (0)]
NHibernate: 
    SELECT
        phonetype0_.PhoneTypeId as PhoneTyp1_12_0_,
        phonetype0_.CreateUserId as CreateUs2_12_0_,
        phonetype0_.CreateDate as CreateDate12_0_,
        phonetype0_.UpdateUserId as UpdateUs4_12_0_,
        phonetype0_.UpdateDate as UpdateDate12_0_,
        phonetype0_.Name as Name12_0_,
        phonetype0_.Description as Descript7_12_0_,
        phonetype0_.SortOrder as SortOrder12_0_ 
    FROM
        dbo.[PhoneType] phonetype0_ 
    WHERE
        phonetype0_.PhoneTypeId=@p0;
    @p0 = 151 [Type: Int32 (0)]
NHibernate: 
    SELECT
        contact0_.ContactId as ContactId5_0_,
        contact0_.CreateUserId as CreateUs2_5_0_,
        contact0_.CreateDate as CreateDate5_0_,
        contact0_.UpdateUserId as UpdateUs4_5_0_,
        contact0_.UpdateDate as UpdateDate5_0_,
        contact0_.JobTitle as JobTitle5_0_,
        contact0_.RoleDescription as RoleDesc7_5_0_,
        contact0_.ClientId as ClientId5_0_,
        contact0_.PersonId as PersonId5_0_ 
    FROM
        dbo.Contact contact0_ 
    WHERE
        contact0_.ContactId=@p0;
    @p0 = 10311185 [Type: Int32 (0)]</StdOut>
      </Output>
    </UnitTestResult>
    <UnitTestResult executionId="11a1308c-79cd-4ce3-97f2-1849578f0135" testId="09aae2f8-3be5-dd31-41b7-eed272b8ce27" testName="Should_update_the_clients_name" computerName="LONMW86693" duration="00:00:00.0023732" startTime="2011-09-14T15:59:57.0401730+01:00" endTime="2011-09-14T15:59:57.0401730+01:00" testType="13cdc9d9-ddb5-4fa4-a97d-d965ccfc6d4b" outcome="Passed" testListId="8c84fa94-04c1-424b-9868-57a2d4851a1d" relativeResultsDirectory="11a1308c-79cd-4ce3-97f2-1849578f0135">
    </UnitTestResult>
    <UnitTestResult executionId="8578867b-bf74-441b-9646-5d084774593b" testId="09e1287e-4224-463d-14f4-4a5a74678861" testName="Should_require_client_id" computerName="LONMW86693" duration="00:00:00.0032763" startTime="2011-09-14T15:59:57.0557985+01:00" endTime="2011-09-14T15:59:57.0557985+01:00" testType="13cdc9d9-ddb5-4fa4-a97d-d965ccfc6d4b" outcome="Passed" testListId="8c84fa94-04c1-424b-9868-57a2d4851a1d" relativeResultsDirectory="8578867b-bf74-441b-9646-5d084774593b">
    </UnitTestResult>
    <UnitTestResult executionId="8836d4c4-b8ad-4195-852b-ade0e9a9b543" testId="09ed9aab-52a0-fd79-5543-eca5c9d9819e" testName="Normalises_with_hypenated_domain_name" computerName="LONMW86693" duration="00:00:00.0092002" startTime="2011-09-14T15:59:57.0557985+01:00" endTime="2011-09-14T15:59:57.3839340+01:00" testType="13cdc9d9-ddb5-4fa4-a97d-d965ccfc6d4b" outcome="Passed" testListId="8c84fa94-04c1-424b-9868-57a2d4851a1d" relativeResultsDirectory="8836d4c4-b8ad-4195-852b-ade0e9a9b543">
    </UnitTestResult>
    <UnitTestResult executionId="ef7cd046-d92e-4218-9f49-b4e1b98dc97a" testId="0a0a56e5-88d0-2e60-c83d-7d1734040e08" testName="Should_execute_the_resolved_processor" computerName="LONMW86693" duration="00:00:00.0471953" startTime="2011-09-14T15:59:57.4151850+01:00" endTime="2011-09-14T15:59:57.4620615+01:00" testType="13cdc9d9-ddb5-4fa4-a97d-d965ccfc6d4b" outcome="Passed" testListId="8c84fa94-04c1-424b-9868-57a2d4851a1d" relativeResultsDirectory="ef7cd046-d92e-4218-9f49-b4e1b98dc97a">
    </UnitTestResult>
    <UnitTestResult executionId="66b67bfa-2144-49bf-938a-ee46db3a8765" testId="0c373f89-4528-fb59-9755-af563eb01c99" testName="When_client_created_with_parent_denormalised_data_is_maintained" computerName="LONMW86693" duration="00:00:00.0332298" startTime="2011-09-14T15:59:57.4620615+01:00" endTime="2011-09-14T15:59:57.4933125+01:00" testType="13cdc9d9-ddb5-4fa4-a97d-d965ccfc6d4b" outcome="Passed" testListId="8c84fa94-04c1-424b-9868-57a2d4851a1d" relativeResultsDirectory="66b67bfa-2144-49bf-938a-ee46db3a8765">
    </UnitTestResult>
    <UnitTestResult executionId="dfc74fae-a83a-4ed8-a7bf-187bbabf5e15" testId="0c4815b3-3b25-dab4-5a12-ab3a8fffb374" testName="Constructor_should_require_non_empty_description" computerName="LONMW86693" duration="00:00:00.0043898" startTime="2011-09-14T15:59:57.4933125+01:00" endTime="2011-09-14T15:59:57.5089380+01:00" testType="13cdc9d9-ddb5-4fa4-a97d-d965ccfc6d4b" outcome="Passed" testListId="8c84fa94-04c1-424b-9868-57a2d4851a1d" relativeResultsDirectory="dfc74fae-a83a-4ed8-a7bf-187bbabf5e15">
    </UnitTestResult>
    <UnitTestResult executionId="f1f6c05b-9cff-444c-8078-bfb4d5bb3d82" testId="0d336a1f-ace8-9913-c324-17f926fdec9d" testName="Constructor_should_require_non_null_description" computerName="LONMW86693" duration="00:00:00.0008119" startTime="2011-09-14T15:59:57.5089380+01:00" endTime="2011-09-14T15:59:57.5245635+01:00" testType="13cdc9d9-ddb5-4fa4-a97d-d965ccfc6d4b" outcome="Passed" testListId="8c84fa94-04c1-424b-9868-57a2d4851a1d" relativeResultsDirectory="f1f6c05b-9cff-444c-8078-bfb4d5bb3d82">
    </UnitTestResult>
    <UnitTestResult executionId="9b86cb84-e785-4fcd-9221-9f91be3e6494" testId="0dd864b2-4dd5-4b4c-6509-8cec37613625" testName="Should_create_a_new_version" computerName="LONMW86693" duration="00:00:00.0335322" startTime="2011-09-14T15:59:57.5245635+01:00" endTime="2011-09-14T15:59:57.5558145+01:00" testType="13cdc9d9-ddb5-4fa4-a97d-d965ccfc6d4b" outcome="Passed" testListId="8c84fa94-04c1-424b-9868-57a2d4851a1d" relativeResultsDirectory="9b86cb84-e785-4fcd-9221-9f91be3e6494">
    </UnitTestResult>
    <UnitTestResult executionId="fa3a26d2-fb7e-4a75-81a5-002474a66af2" testId="0df35565-b82d-c603-fca5-ebbc56a1e1e3" testName="CanCorrectlyMapContactListPreference" computerName="LONMW86693" duration="00:00:00.0190391" startTime="2011-09-14T15:59:57.5714400+01:00" endTime="2011-09-14T15:59:57.5870655+01:00" testType="13cdc9d9-ddb5-4fa4-a97d-d965ccfc6d4b" outcome="Passed" testListId="8c84fa94-04c1-424b-9868-57a2d4851a1d" relativeResultsDirectory="fa3a26d2-fb7e-4a75-81a5-002474a66af2">
      <Output>
        <StdOut>NHibernate: 
    SELECT
        contactlis0_.ListId as ListId12_0_,
        contactlis0_.ListType as ListType12_0_,
        contactlis0_.CreateUserId as CreateUs3_12_0_,
        contactlis0_.CreateDate as CreateDate12_0_,
        contactlis0_.UpdateUserId as UpdateUs5_12_0_,
        contactlis0_.UpdateDate as UpdateDate12_0_,
        contactlis0_.SortBy as SortBy12_0_,
        contactlis0_.GroupBy as GroupBy12_0_,
        contactlis0_.PreferredClientPriorityListId as Preferre9_12_0_ 
    FROM
        dbo.ContactListPreference contactlis0_ 
    WHERE
        contactlis0_.ListId=@p0 
        and contactlis0_.ListType=@p1;
    @p0 = 9999999 [Type: Int32 (0)], @p1 = 'User' [Type: String (4000)]</StdOut>
      </Output>
    </UnitTestResult>
    <UnitTestResult executionId="97e7c4dd-7585-4bee-bff9-edc7bb522acd" testId="0eae3436-966d-c7d6-d78e-97753eed25a4" testName="Constructor_should_require_non_empty_description" computerName="LONMW86693" duration="00:00:00.0005721" startTime="2011-09-14T15:59:57.6026910+01:00" endTime="2011-09-14T15:59:57.6026910+01:00" testType="13cdc9d9-ddb5-4fa4-a97d-d965ccfc6d4b" outcome="Passed" testListId="8c84fa94-04c1-424b-9868-57a2d4851a1d" relativeResultsDirectory="97e7c4dd-7585-4bee-bff9-edc7bb522acd">
    </UnitTestResult>
    <UnitTestResult executionId="252b0458-a0f9-488b-b491-4f32c761316d" testId="0ff7d643-8cac-15cf-930e-fa8ca4aaae98" testName="Should_retrieve_the_client" computerName="LONMW86693" duration="00:00:00.0364751" startTime="2011-09-14T15:59:57.6026910+01:00" endTime="2011-09-14T15:59:57.6495675+01:00" testType="13cdc9d9-ddb5-4fa4-a97d-d965ccfc6d4b" outcome="Passed" testListId="8c84fa94-04c1-424b-9868-57a2d4851a1d" relativeResultsDirectory="252b0458-a0f9-488b-b491-4f32c761316d">
    </UnitTestResult>
    <UnitTestResult executionId="9cb600df-477a-4b3a-b8f0-52bee4a69488" testId="102c0906-04eb-46f6-9654-a3e57fbae700" testName="Should_create_the_contact" computerName="LONMW86693" duration="00:00:00.4295890" startTime="2011-09-14T15:59:57.6651930+01:00" endTime="2011-09-14T15:59:58.0870815+01:00" testType="13cdc9d9-ddb5-4fa4-a97d-d965ccfc6d4b" outcome="Passed" testListId="8c84fa94-04c1-424b-9868-57a2d4851a1d" relativeResultsDirectory="9cb600df-477a-4b3a-b8f0-52bee4a69488">
    </UnitTestResult>
    <UnitTestResult executionId="9240b0db-569a-4651-b579-6d6a57483627" testId="103409b4-20fe-50b6-4ba7-7007b33a4dfc" testName="Constructor_should_require_non_null_description" computerName="LONMW86693" duration="00:00:00.0003353" startTime="2011-09-14T15:59:58.1027070+01:00" endTime="2011-09-14T15:59:58.1183325+01:00" testType="13cdc9d9-ddb5-4fa4-a97d-d965ccfc6d4b" outcome="Passed" testListId="8c84fa94-04c1-424b-9868-57a2d4851a1d" relativeResultsDirectory="9240b0db-569a-4651-b579-6d6a57483627">
    </UnitTestResult>
    <UnitTestResult executionId="232920b9-2b19-4c7b-b9f9-235fff138434" testId="10665b7f-ac3b-545e-ea73-f0e44457fc82" testName="Tiering_Information_Attached_When_List_Preference_Exists_With_Preferred_TierListId" computerName="LONMW86693" duration="00:00:00.1862496" startTime="2011-09-14T15:59:58.1183325+01:00" endTime="2011-09-14T15:59:58.3058385+01:00" testType="13cdc9d9-ddb5-4fa4-a97d-d965ccfc6d4b" outcome="Passed" testListId="8c84fa94-04c1-424b-9868-57a2d4851a1d" relativeResultsDirectory="232920b9-2b19-4c7b-b9f9-235fff138434">
    </UnitTestResult>
    <UnitTestResult executionId="0678092f-ea56-4665-9fff-f102a69788f1" testId="108a2f1c-406c-768a-da78-37aa91195a0d" testName="Should_add_the_tier_to_the_tiervalue_collection" computerName="LONMW86693" duration="00:00:00.0030698" startTime="2011-09-14T15:59:58.3214640+01:00" endTime="2011-09-14T15:59:58.3214640+01:00" testType="13cdc9d9-ddb5-4fa4-a97d-d965ccfc6d4b" outcome="Passed" testListId="8c84fa94-04c1-424b-9868-57a2d4851a1d" relativeResultsDirectory="0678092f-ea56-4665-9fff-f102a69788f1">
    </UnitTestResult>
    <UnitTestResult executionId="96588736-804f-46f8-a437-2abc9e08a6ef" testId="10c94616-a1c4-9a17-6545-b90e5c3bc114" testName="Should_throw_invalidoperationexception" computerName="LONMW86693" duration="00:00:00.0377951" startTime="2011-09-14T15:59:58.3214640+01:00" endTime="2011-09-14T15:59:58.3683405+01:00" testType="13cdc9d9-ddb5-4fa4-a97d-d965ccfc6d4b" outcome="Passed" testListId="8c84fa94-04c1-424b-9868-57a2d4851a1d" relativeResultsDirectory="96588736-804f-46f8-a437-2abc9e08a6ef">
    </UnitTestResult>
    <UnitTestResult executionId="61d55c98-3035-4d50-b643-526a79724a46" testId="123a2d86-fdb1-5576-d562-bac66ac5cb8a" testName="CanCorrectlyMapPersonEmail" computerName="LONMW86693" duration="00:00:00.0283086" startTime="2011-09-14T15:59:58.3683405+01:00" endTime="2011-09-14T15:59:58.3995915+01:00" testType="13cdc9d9-ddb5-4fa4-a97d-d965ccfc6d4b" outcome="Passed" testListId="8c84fa94-04c1-424b-9868-57a2d4851a1d" relativeResultsDirectory="61d55c98-3035-4d50-b643-526a79724a46">
      <Output>
        <StdOut>NHibernate: 
    SELECT
        personemai0_.PersonEmailId as PersonEm1_18_0_,
        personemai0_.CreateUserId as CreateUs2_18_0_,
        personemai0_.CreateDate as CreateDate18_0_,
        personemai0_.UpdateUserId as UpdateUs4_18_0_,
        personemai0_.UpdateDate as UpdateDate18_0_,
        personemai0_.Email as Email18_0_,
        personemai0_.IsPreferred as IsPrefer7_18_0_,
        personemai0_.EmailTypeId as EmailTyp8_18_0_,
        personemai0_.PersonId as PersonId18_0_ 
    FROM
        dbo.PersonEmail personemai0_ 
    WHERE
        personemai0_.PersonEmailId=@p0;
    @p0 = 1798270 [Type: Int32 (0)]</StdOut>
      </Output>
    </UnitTestResult>
    <UnitTestResult executionId="8da0f3b1-5dea-4303-b15c-9df80c59d364" testId="12c78d8b-8ad3-f873-5278-ace6a4fa44b0" testName="Should_create_an_upsert_tier_value_command_processor" computerName="LONMW86693" duration="00:00:00.0012439" startTime="2011-09-14T15:59:58.4152170+01:00" endTime="2011-09-14T15:59:58.4152170+01:00" testType="13cdc9d9-ddb5-4fa4-a97d-d965ccfc6d4b" outcome="Passed" testListId="8c84fa94-04c1-424b-9868-57a2d4851a1d" relativeResultsDirectory="8da0f3b1-5dea-4303-b15c-9df80c59d364">
    </UnitTestResult>
    <UnitTestResult executionId="d3490080-e39e-4e0d-ab88-fe532732d61a" testId="138cfc25-d0dc-ed81-a99b-fe0dda02fb8d" testName="CanCorrectlyMapClientContactList" computerName="LONMW86693" duration="00:00:00.0970144" startTime="2011-09-14T15:59:58.4308425+01:00" endTime="2011-09-14T15:59:58.5245955+01:00" testType="13cdc9d9-ddb5-4fa4-a97d-d965ccfc6d4b" outcome="Passed" testListId="8c84fa94-04c1-424b-9868-57a2d4851a1d" relativeResultsDirectory="d3490080-e39e-4e0d-ab88-fe532732d61a">
      <Output>
        <StdOut>NHibernate: 
    SELECT
        clientcont0_.ClientContactListId as ClientCo1_2_0_,
        clientcont0_.CreateUserId as CreateUs2_2_0_,
        clientcont0_.CreateDate as CreateDate2_0_,
        clientcont0_.UpdateUserId as UpdateUs4_2_0_,
        clientcont0_.UpdateDate as UpdateDate2_0_,
        clientcont0_.Name as Name2_0_,
        clientcont0_.IsBusiness as IsBusiness2_0_,
        clientcont0_.OwnerUserId as OwnerUse8_2_0_,
        clientcont0_.ClientContactListTypeId as ClientCo9_2_0_ 
    FROM
        dbo.[ClientContactList] clientcont0_ 
    WHERE
        clientcont0_.ClientContactListId=@p0;
    @p0 = 1013827 [Type: Int32 (0)]
NHibernate: 
    SELECT
        contacts0_.ClientContactListId as ClientCo8_1_,
        contacts0_.ClientContactListMemberId as ClientCo1_1_,
        contacts0_.ClientContactListMemberId as ClientCo1_3_0_,
        contacts0_.CreateUserId as CreateUs2_3_0_,
        contacts0_.CreateDate as CreateDate3_0_,
        contacts0_.UpdateUserId as UpdateUs4_3_0_,
        contacts0_.UpdateDate as UpdateDate3_0_,
        contacts0_.ContactId as ContactId3_0_,
        contacts0_.ClientId as ClientId3_0_,
        contacts0_.ClientContactListId as ClientCo8_3_0_ 
    FROM
        dbo.[ClientContactListMember] contacts0_ 
    WHERE
        contacts0_.ClientContactListId=@p0;
    @p0 = 1013827 [Type: Int32 (0)]
NHibernate: 
    SELECT
        contact0_.ContactId as ContactId13_0_,
        contact0_.CreateUserId as CreateUs2_13_0_,
        contact0_.CreateDate as CreateDate13_0_,
        contact0_.UpdateUserId as UpdateUs4_13_0_,
        contact0_.UpdateDate as UpdateDate13_0_,
        contact0_.JobTitle as JobTitle13_0_,
        contact0_.IsInternal as IsInternal13_0_,
        contact0_.SalesForceId as SalesFor8_13_0_,
        contact0_.ClientId as ClientId13_0_,
        contact0_.PersonId as PersonId13_0_,
        contact0_.ContactRoleId as Contact11_13_0_ 
    FROM
        dbo.[Contact] contact0_ 
    WHERE
        contact0_.ContactId=@p0;
    @p0 = 10311096 [Type: Int32 (0)]
NHibernate: 
    SELECT
        client0_.ClientId as ClientId5_0_,
        client0_.CreateUserId as CreateUs2_5_0_,
        client0_.CreateDate as CreateDate5_0_,
        client0_.UpdateUserId as UpdateUs4_5_0_,
        client0_.UpdateDate as UpdateDate5_0_,
        client0_.Name as Name5_0_,
        client0_.SalesForceId as SalesFor7_5_0_ 
    FROM
        dbo.[Client] client0_ 
    WHERE
        client0_.ClientId=@p0;
    @p0 = 10062789 [Type: Int32 (0)]</StdOut>
      </Output>
    </UnitTestResult>
    <UnitTestResult executionId="cba3cfd0-8f53-4db6-8222-8891ad07c8c2" testId="13d9e956-140e-641c-8c02-956519d175f7" testName="Should_update_the_clients_cis_code" computerName="LONMW86693" duration="00:00:00.0040448" startTime="2011-09-14T15:59:58.5402210+01:00" endTime="2011-09-14T15:59:58.5402210+01:00" testType="13cdc9d9-ddb5-4fa4-a97d-d965ccfc6d4b" outcome="Passed" testListId="8c84fa94-04c1-424b-9868-57a2d4851a1d" relativeResultsDirectory="cba3cfd0-8f53-4db6-8222-8891ad07c8c2">
    </UnitTestResult>
    <UnitTestResult executionId="5b0e843a-2149-48b9-b146-cdf3c5129006" testId="1482d45e-f5f7-3a3d-2734-ca62a38050f5" testName="Should_require_client_id" computerName="LONMW86693" duration="00:00:00.0009538" startTime="2011-09-14T15:59:58.5402210+01:00" endTime="2011-09-14T15:59:58.5402210+01:00" testType="13cdc9d9-ddb5-4fa4-a97d-d965ccfc6d4b" outcome="Passed" testListId="8c84fa94-04c1-424b-9868-57a2d4851a1d" relativeResultsDirectory="5b0e843a-2149-48b9-b146-cdf3c5129006">
    </UnitTestResult>
    <UnitTestResult executionId="83193d78-d07b-4d4e-b93b-433102c51348" testId="158cd4e8-33bc-9df9-4925-d947164af8c2" testName="Test2" computerName="LONMW86693" duration="00:00:00.1356461" startTime="2011-09-14T15:59:58.5558465+01:00" endTime="2011-09-14T15:59:58.9621095+01:00" testType="13cdc9d9-ddb5-4fa4-a97d-d965ccfc6d4b" outcome="Passed" testListId="8c84fa94-04c1-424b-9868-57a2d4851a1d" relativeResultsDirectory="83193d78-d07b-4d4e-b93b-433102c51348">
    </UnitTestResult>
    <UnitTestResult executionId="ff6129a7-038a-4be3-92ab-56ccb75c163e" testId="160ab052-3d66-32a2-4eae-ac6476e2df66" testName="Can_register_custom_dependencies" computerName="LONMW86693" duration="00:00:00.0037659" startTime="2011-09-14T15:59:58.9777350+01:00" endTime="2011-09-14T15:59:58.9777350+01:00" testType="13cdc9d9-ddb5-4fa4-a97d-d965ccfc6d4b" outcome="Passed" testListId="8c84fa94-04c1-424b-9868-57a2d4851a1d" relativeResultsDirectory="ff6129a7-038a-4be3-92ab-56ccb75c163e">
    </UnitTestResult>
    <UnitTestResult executionId="c0270bed-c9bc-496f-9d0c-652dd320ed13" testId="174cb279-1f1b-dce7-2ad3-7c38d2e25544" testName="Can_map_tier_value" computerName="LONMW86693" duration="00:00:00.0508206" startTime="2011-09-14T15:59:58.9933605+01:00" endTime="2011-09-14T15:59:59.0402370+01:00" testType="13cdc9d9-ddb5-4fa4-a97d-d965ccfc6d4b" outcome="Passed" testListId="8c84fa94-04c1-424b-9868-57a2d4851a1d" relativeResultsDirectory="c0270bed-c9bc-496f-9d0c-652dd320ed13">
      <Output>
        <StdOut>NHibernate: 
    SELECT
        tiervalue0_.ClientPriorityTierId as ClientPr1_17_0_,
        tiervalue0_.SDMId as SDMId17_0_,
        tiervalue0_.Description as Descript3_17_0_,
        tiervalue0_.SortOrder as SortOrder17_0_,
        tiervalue0_.IsActive as IsActive17_0_,
        tiervalue0_.ClientPriorityListId as ClientPr6_17_0_ 
    FROM
        dbo.ClientPriorityTier tiervalue0_ 
    WHERE
        tiervalue0_.ClientPriorityTierId=@p0;
    @p0 = 1866 [Type: Int32 (0)]
NHibernate: 
    SELECT
        tierlist0_.ClientPriorityListId as ClientPr1_16_0_,
        tierlist0_.SDMId as SDMId16_0_,
        tierlist0_.Description as Descript3_16_0_,
        tierlist0_.IsActive as IsActive16_0_,
        tierlist0_.ClientPriorityGroupId as ClientPr5_16_0_ 
    FROM
        dbo.ClientPriorityList tierlist0_ 
    WHERE
        tierlist0_.ClientPriorityListId=@p0;
    @p0 = 876 [Type: Int32 (0)]</StdOut>
      </Output>
    </UnitTestResult>
    <UnitTestResult executionId="1d254792-41a7-4d7e-aa77-b591dba4a87d" testId="186fdd73-94f5-b380-771f-48d0d23a07f9" testName="Should_throw_invalidoperationexception" computerName="LONMW86693" duration="00:00:00.0266186" startTime="2011-09-14T15:59:59.0558625+01:00" endTime="2011-09-14T15:59:59.0871135+01:00" testType="13cdc9d9-ddb5-4fa4-a97d-d965ccfc6d4b" outcome="Passed" testListId="8c84fa94-04c1-424b-9868-57a2d4851a1d" relativeResultsDirectory="1d254792-41a7-4d7e-aa77-b591dba4a87d">
    </UnitTestResult>
    <UnitTestResult executionId="6565688d-88e7-4ad8-a224-b3bf621e89d7" testId="18e274b6-e2db-a8a9-d555-efe09b40c8d3" testName="Constructor_should_require_name" computerName="LONMW86693" duration="00:00:00.0004274" startTime="2011-09-14T15:59:59.0871135+01:00" endTime="2011-09-14T15:59:59.0871135+01:00" testType="13cdc9d9-ddb5-4fa4-a97d-d965ccfc6d4b" outcome="Passed" testListId="8c84fa94-04c1-424b-9868-57a2d4851a1d" relativeResultsDirectory="6565688d-88e7-4ad8-a224-b3bf621e89d7">
    </UnitTestResult>
    <UnitTestResult executionId="8937eccc-1f0b-45c6-b2db-98b19d588552" testId="1a45c571-2d16-7c8a-d434-e2834bd7ce66" testName="Should_check_if_the_tier_list_exists" computerName="LONMW86693" duration="00:00:00.0183357" startTime="2011-09-14T15:59:59.1027390+01:00" endTime="2011-09-14T15:59:59.1183645+01:00" testType="13cdc9d9-ddb5-4fa4-a97d-d965ccfc6d4b" outcome="Passed" testListId="8c84fa94-04c1-424b-9868-57a2d4851a1d" relativeResultsDirectory="8937eccc-1f0b-45c6-b2db-98b19d588552">
    </UnitTestResult>
    <UnitTestResult executionId="635d5d71-8c52-48e4-aec9-a4106f1d1dee" testId="1cbf1b68-9052-521a-66bf-1c5e52f9cdad" testName="Should_check_if_the_tier_list_exists" computerName="LONMW86693" duration="00:00:00.0016913" startTime="2011-09-14T15:59:59.1183645+01:00" endTime="2011-09-14T15:59:59.1339900+01:00" testType="13cdc9d9-ddb5-4fa4-a97d-d965ccfc6d4b" outcome="Passed" testListId="8c84fa94-04c1-424b-9868-57a2d4851a1d" relativeResultsDirectory="635d5d71-8c52-48e4-aec9-a4106f1d1dee">
    </UnitTestResult>
    <UnitTestResult executionId="08e0c46b-7ea8-4818-ab56-c53b2471c3d7" testId="1f13cdf9-3cc0-a051-1ee5-00c6d3438195" testName="Should_Ignore_WhiteSpace" computerName="LONMW86693" duration="00:00:00.0002357" startTime="2011-09-14T15:59:59.1496155+01:00" endTime="2011-09-14T15:59:59.1496155+01:00" testType="13cdc9d9-ddb5-4fa4-a97d-d965ccfc6d4b" outcome="Passed" testListId="8c84fa94-04c1-424b-9868-57a2d4851a1d" relativeResultsDirectory="08e0c46b-7ea8-4818-ab56-c53b2471c3d7">
    </UnitTestResult>
    <UnitTestResult executionId="2e216eca-5c23-4056-a4ea-a6f1ea316d4f" testId="1f43f45d-86b4-cfdf-e854-0b470cac6f01" testName="Should_Remove_WhiteSpace_Around_WorkBreakers" computerName="LONMW86693" duration="00:00:00.0001539" startTime="2011-09-14T15:59:59.1652410+01:00" endTime="2011-09-14T15:59:59.1652410+01:00" testType="13cdc9d9-ddb5-4fa4-a97d-d965ccfc6d4b" outcome="Passed" testListId="8c84fa94-04c1-424b-9868-57a2d4851a1d" relativeResultsDirectory="2e216eca-5c23-4056-a4ea-a6f1ea316d4f">
    </UnitTestResult>
    <UnitTestResult executionId="e41e95e1-75f7-400b-aec5-29fbf94aef15" testId="1f4beef6-9de5-c9d2-0c4d-d06a1d1bfea8" testName="Should_issue_a_mapped_tier_list_command" computerName="LONMW86693" duration="00:00:00.2734692" startTime="2011-09-14T15:59:59.1808665+01:00" endTime="2011-09-14T15:59:59.4465000+01:00" testType="13cdc9d9-ddb5-4fa4-a97d-d965ccfc6d4b" outcome="Passed" testListId="8c84fa94-04c1-424b-9868-57a2d4851a1d" relativeResultsDirectory="e41e95e1-75f7-400b-aec5-29fbf94aef15">
    </UnitTestResult>
    <UnitTestResult executionId="397a67ef-8344-4e48-bdd4-1069728a8d7b" testId="204a050e-3d23-345f-8a2b-e41587a9a933" testName="When_client_updated_with_parent_denormalised_data_is_maintained" computerName="LONMW86693" duration="00:00:00.0324769" startTime="2011-09-14T15:59:59.4621255+01:00" endTime="2011-09-14T15:59:59.4933765+01:00" testType="13cdc9d9-ddb5-4fa4-a97d-d965ccfc6d4b" outcome="Passed" testListId="8c84fa94-04c1-424b-9868-57a2d4851a1d" relativeResultsDirectory="397a67ef-8344-4e48-bdd4-1069728a8d7b">
    </UnitTestResult>
    <UnitTestResult executionId="4c05f2ea-c7a8-43dc-8bcb-e9a62b8fe2ce" testId="20801f1d-c423-734b-b637-043c4dc6be1f" testName="Should_throw_invalidoperationexception" computerName="LONMW86693" duration="00:00:00.0041438" startTime="2011-09-14T15:59:59.5246275+01:00" endTime="2011-09-14T15:59:59.5246275+01:00" testType="13cdc9d9-ddb5-4fa4-a97d-d965ccfc6d4b" outcome="Passed" testListId="8c84fa94-04c1-424b-9868-57a2d4851a1d" relativeResultsDirectory="4c05f2ea-c7a8-43dc-8bcb-e9a62b8fe2ce">
    </UnitTestResult>
    <UnitTestResult executionId="e9c855d7-b434-435d-887f-0b0745f96b87" testId="2082343c-abbe-53d1-c5f4-584c656a0854" testName="Should_throw_tiervaluenotfoundexception" computerName="LONMW86693" duration="00:00:00.0054688" startTime="2011-09-14T15:59:59.5402530+01:00" endTime="2011-09-14T15:59:59.5402530+01:00" testType="13cdc9d9-ddb5-4fa4-a97d-d965ccfc6d4b" outcome="Passed" testListId="8c84fa94-04c1-424b-9868-57a2d4851a1d" relativeResultsDirectory="e9c855d7-b434-435d-887f-0b0745f96b87">
    </UnitTestResult>
    <UnitTestResult executionId="2618859f-f581-45e5-b849-3f1ee21c98d1" testId="228e4b00-2dcd-4789-4cfe-d2bdc84dde38" testName="Should_change_the_country_to_the_given_value" computerName="LONMW86693" duration="00:00:00.0008490" startTime="2011-09-14T15:59:59.5402530+01:00" endTime="2011-09-14T15:59:59.5402530+01:00" testType="13cdc9d9-ddb5-4fa4-a97d-d965ccfc6d4b" outcome="Passed" testListId="8c84fa94-04c1-424b-9868-57a2d4851a1d" relativeResultsDirectory="2618859f-f581-45e5-b849-3f1ee21c98d1">
    </UnitTestResult>
    <UnitTestResult executionId="e7a5639c-14f8-42cd-9565-01544a1a760d" testId="2357877a-3b9b-3b1a-054b-270125d11d14" testName="Can_find_user_by_login" computerName="LONMW86693" duration="00:00:00.0830031" startTime="2011-09-14T15:59:59.5558785+01:00" endTime="2011-09-14T15:59:59.6340060+01:00" testType="13cdc9d9-ddb5-4fa4-a97d-d965ccfc6d4b" outcome="Passed" testListId="8c84fa94-04c1-424b-9868-57a2d4851a1d" relativeResultsDirectory="e7a5639c-14f8-42cd-9565-01544a1a760d">
      <Output>
        <StdOut>NHibernate: 
    SELECT
        this_.UserId as UserId29_2_,
        this_.CreateUserId as CreateUs2_29_2_,
        this_.CreateDate as CreateDate29_2_,
        this_.UpdateUserId as UpdateUs4_29_2_,
        this_.UpdateDate as UpdateDate29_2_,
        this_.IsActive as IsActive29_2_,
        this_.JobTitle as JobTitle29_2_,
        this_.HasWorkflowEnabled as HasWorkf8_29_2_,
        this_.CSRListVisibility as CSRListV9_29_2_,
        this_.CanCSRBeCreatedForUser as CanCSRB10_29_2_,
        this_.SalesForceId as SalesFo11_29_2_,
        this_.BuildingNameScreen as Buildin12_29_2_,
        this_.CostCentre as CostCentre29_2_,
        this_.ECDEmployeeId as ECDEmpl14_29_2_,
        this_.PersonId as PersonId29_2_,
        this_.AssetClassRegionId as AssetCl16_29_2_,
        loginalias1_.UserLoginId as UserLogi1_28_0_,
        loginalias1_.CreateUserId as CreateUs2_28_0_,
        loginalias1_.CreateDate as CreateDate28_0_,
        loginalias1_.UpdateUserId as UpdateUs4_28_0_,
        loginalias1_.UpdateDate as UpdateDate28_0_,
        loginalias1_.UserName as UserName28_0_,
        loginalias1_.UserId as UserId28_0_,
        person4_.PersonId as PersonId19_1_,
        person4_.CreateUserId as CreateUs2_19_1_,
        person4_.CreateDate as CreateDate19_1_,
        person4_.UpdateUserId as UpdateUs4_19_1_,
        person4_.UpdateDate as UpdateDate19_1_,
        person4_.Title as Title19_1_,
        person4_.FirstName as FirstName19_1_,
        person4_.IsActive as IsActive19_1_,
        person4_.MiddleName as MiddleName19_1_,
        person4_.LastName as LastName19_1_,
        person4_.DoNotContact as DoNotCo11_19_1_ 
    FROM
        dbo.[User] this_ 
    inner join
        dbo.[UserLogin] loginalias1_ 
            on this_.UserId=loginalias1_.UserId 
    left outer join
        dbo.[Person] person4_ 
            on this_.PersonId=person4_.PersonId 
    WHERE
        loginalias1_.UserName in (
            @p0
        );
    ;
    @p0 = 'FrankBoff' [Type: String (4000)]</StdOut>
      </Output>
    </UnitTestResult>
    <UnitTestResult executionId="7c0727cb-6986-4a52-a194-3c9dacf95efb" testId="2467382a-9d9a-7408-f86b-6b0208b1f0e9" testName="Should_create_a_delete_command_processor" computerName="LONMW86693" duration="00:00:00.0139915" startTime="2011-09-14T15:59:59.6340060+01:00" endTime="2011-09-14T15:59:59.6808825+01:00" testType="13cdc9d9-ddb5-4fa4-a97d-d965ccfc6d4b" outcome="Passed" testListId="8c84fa94-04c1-424b-9868-57a2d4851a1d" relativeResultsDirectory="7c0727cb-6986-4a52-a194-3c9dacf95efb">
    </UnitTestResult>
    <UnitTestResult executionId="5751e90d-7aa0-40dd-be32-b124e079afed" testId="248f3014-fdd6-66df-e7f7-740e6b17fea6" testName="Should_change_the_sales_hierarchy_to_the_given_value" computerName="LONMW86693" duration="00:00:00.0006012" startTime="2011-09-14T15:59:59.6808825+01:00" endTime="2011-09-14T15:59:59.6808825+01:00" testType="13cdc9d9-ddb5-4fa4-a97d-d965ccfc6d4b" outcome="Passed" testListId="8c84fa94-04c1-424b-9868-57a2d4851a1d" relativeResultsDirectory="5751e90d-7aa0-40dd-be32-b124e079afed">
    </UnitTestResult>
    <UnitTestResult executionId="bc784312-49dd-440f-afcc-b3fe52032489" testId="2497fccf-370b-08df-dd11-dd7101241c74" testName="Should_require_tier_group_id" computerName="LONMW86693" duration="00:00:00.0009864" startTime="2011-09-14T15:59:59.6965080+01:00" endTime="2011-09-14T15:59:59.6965080+01:00" testType="13cdc9d9-ddb5-4fa4-a97d-d965ccfc6d4b" outcome="Passed" testListId="8c84fa94-04c1-424b-9868-57a2d4851a1d" relativeResultsDirectory="bc784312-49dd-440f-afcc-b3fe52032489">
    </UnitTestResult>
    <UnitTestResult executionId="5e85a6cf-d69d-45a9-9e7d-46bae77d7266" testId="2554aa72-edae-a76c-c7c4-197a8dcab0c2" testName="Should_not_allow_inactivation" computerName="LONMW86693" duration="00:00:00.0008148" startTime="2011-09-14T15:59:59.6965080+01:00" endTime="2011-09-14T15:59:59.7121335+01:00" testType="13cdc9d9-ddb5-4fa4-a97d-d965ccfc6d4b" outcome="Passed" testListId="8c84fa94-04c1-424b-9868-57a2d4851a1d" relativeResultsDirectory="5e85a6cf-d69d-45a9-9e7d-46bae77d7266">
    </UnitTestResult>
    <UnitTestResult executionId="5102a349-991d-423a-b7c7-d345809eb996" testId="25c6f612-1a0a-8ee9-df72-473ad9cb605f" testName="Should_require_tier_id" computerName="LONMW86693" duration="00:00:00.0003952" startTime="2011-09-14T15:59:59.7121335+01:00" endTime="2011-09-14T15:59:59.7121335+01:00" testType="13cdc9d9-ddb5-4fa4-a97d-d965ccfc6d4b" outcome="Passed" testListId="8c84fa94-04c1-424b-9868-57a2d4851a1d" relativeResultsDirectory="5102a349-991d-423a-b7c7-d345809eb996">
    </UnitTestResult>
    <UnitTestResult executionId="9e808743-41fb-4950-aa4f-547e08219f0c" testId="2858c01e-4afb-3265-75a4-3bff9bf34be0" testName="Should_update_revision" computerName="LONMW86693" duration="00:00:00.0305308" startTime="2011-09-14T15:59:59.7121335+01:00" endTime="2011-09-14T15:59:59.7433845+01:00" testType="13cdc9d9-ddb5-4fa4-a97d-d965ccfc6d4b" outcome="Passed" testListId="8c84fa94-04c1-424b-9868-57a2d4851a1d" relativeResultsDirectory="9e808743-41fb-4950-aa4f-547e08219f0c">
    </UnitTestResult>
    <UnitTestResult executionId="1ae2f146-fb0d-4c76-b566-9ff3a4df20d7" testId="2881face-a078-fa70-7741-881452b82246" testName="Should_require_a_nonempty_name" computerName="LONMW86693" duration="00:00:00.0005409" startTime="2011-09-14T15:59:59.7746355+01:00" endTime="2011-09-14T15:59:59.7746355+01:00" testType="13cdc9d9-ddb5-4fa4-a97d-d965ccfc6d4b" outcome="Passed" testListId="8c84fa94-04c1-424b-9868-57a2d4851a1d" relativeResultsDirectory="1ae2f146-fb0d-4c76-b566-9ff3a4df20d7">
    </UnitTestResult>
    <UnitTestResult executionId="c805888a-84e5-4c18-8349-c83d289a30e7" testId="2977b77d-c075-ddb0-f52d-c49cec28ad1d" testName="CanCorrectlyMapContactEmail" computerName="LONMW86693" duration="00:00:00.0388508" startTime="2011-09-14T15:59:59.7746355+01:00" endTime="2011-09-14T15:59:59.8215120+01:00" testType="13cdc9d9-ddb5-4fa4-a97d-d965ccfc6d4b" outcome="Passed" testListId="8c84fa94-04c1-424b-9868-57a2d4851a1d" relativeResultsDirectory="c805888a-84e5-4c18-8349-c83d289a30e7">
      <Output>
        <StdOut>NHibernate: 
    SELECT
        contactema0_.ContactEmailId as ContactE1_10_0_,
        contactema0_.CreateUserId as CreateUs2_10_0_,
        contactema0_.CreateDate as CreateDate10_0_,
        contactema0_.UpdateUserId as UpdateUs4_10_0_,
        contactema0_.UpdateDate as UpdateDate10_0_,
        contactema0_.Email as Email10_0_,
        contactema0_.IsPreferred as IsPrefer7_10_0_,
        contactema0_.EmailTypeId as EmailTyp8_10_0_,
        contactema0_.ContactId as ContactId10_0_ 
    FROM
        dbo.ContactEmail contactema0_ 
    WHERE
        contactema0_.ContactEmailId=@p0;
    @p0 = 10306957 [Type: Int32 (0)]</StdOut>
      </Output>
    </UnitTestResult>
    <UnitTestResult executionId="50cab09b-1431-4f0e-9337-400c96685793" testId="2bfd712b-cff7-e97a-ed76-74661778ded8" testName="Should_resolve_the_concrete_processor" computerName="LONMW86693" duration="00:00:00.0017055" startTime="2011-09-14T15:59:59.8215120+01:00" endTime="2011-09-14T15:59:59.8215120+01:00" testType="13cdc9d9-ddb5-4fa4-a97d-d965ccfc6d4b" outcome="Passed" testListId="8c84fa94-04c1-424b-9868-57a2d4851a1d" relativeResultsDirectory="50cab09b-1431-4f0e-9337-400c96685793">
    </UnitTestResult>
    <UnitTestResult executionId="e66e2f63-8bf8-4efa-b3f5-3a98237f6595" testId="2c99fcf0-c92b-38fd-471a-634fd5a67697" testName="Should_require_sector_id" computerName="LONMW86693" duration="00:00:00.0009513" startTime="2011-09-14T15:59:59.8371375+01:00" endTime="2011-09-14T15:59:59.8371375+01:00" testType="13cdc9d9-ddb5-4fa4-a97d-d965ccfc6d4b" outcome="Passed" testListId="8c84fa94-04c1-424b-9868-57a2d4851a1d" relativeResultsDirectory="e66e2f63-8bf8-4efa-b3f5-3a98237f6595">
    </UnitTestResult>
    <UnitTestResult executionId="5f49aaa0-f40d-4945-a4cb-94f78e0255cc" testId="2d1b676d-0704-3726-0fe3-b7d571a81eea" testName="Should_retrieve_the_current_version" computerName="LONMW86693" duration="00:00:00.0063644" startTime="2011-09-14T15:59:59.8371375+01:00" endTime="2011-09-14T15:59:59.8527630+01:00" testType="13cdc9d9-ddb5-4fa4-a97d-d965ccfc6d4b" outcome="Passed" testListId="8c84fa94-04c1-424b-9868-57a2d4851a1d" relativeResultsDirectory="5f49aaa0-f40d-4945-a4cb-94f78e0255cc">
    </UnitTestResult>
    <UnitTestResult executionId="c44ee535-881f-4465-bfd3-298290508482" testId="2e512acf-2705-519f-3ba0-c47e72871c16" testName="Should_issue_a_mapped_tier_value_command" computerName="LONMW86693" duration="00:00:00.0238674" startTime="2011-09-14T15:59:59.8527630+01:00" endTime="2011-09-14T15:59:59.8840140+01:00" testType="13cdc9d9-ddb5-4fa4-a97d-d965ccfc6d4b" outcome="Passed" testListId="8c84fa94-04c1-424b-9868-57a2d4851a1d" relativeResultsDirectory="c44ee535-881f-4465-bfd3-298290508482">
    </UnitTestResult>
    <UnitTestResult executionId="d69761d1-d07a-4a86-84be-bb68073d7713" testId="2ea6d052-a61d-531e-4940-c928a0f4d537" testName="Can_map_sdmClient_with_tiering_values" computerName="LONMW86693" duration="00:00:00.0872240" startTime="2011-09-14T15:59:59.8996395+01:00" endTime="2011-09-14T15:59:59.9777670+01:00" testType="13cdc9d9-ddb5-4fa4-a97d-d965ccfc6d4b" outcome="Passed" testListId="8c84fa94-04c1-424b-9868-57a2d4851a1d" relativeResultsDirectory="d69761d1-d07a-4a86-84be-bb68073d7713">
      <Output>
        <StdOut>NHibernate: 
    SELECT
        this_.ClientId as ClientId13_0_,
        this_.SDMId as SDMId13_0_,
        this_.Name as Name13_0_,
        this_.CisCode as CisCode13_0_,
        this_.CountryId as CountryId13_0_,
        this_.ClientSubsectorId as ClientSu6_13_0_,
        this_.DefaultLevel as DefaultL7_13_0_,
        this_.ParentClientId as ParentCl8_13_0_ 
    FROM
        dbo.Client this_ 
    WHERE
        this_.SDMId = @p0;
    @p0 = 2 [Type: Int64 (0)]
NHibernate: 
    SELECT
        innertierv0_.ClientId as ClientId1_,
        innertierv0_.ClientPriorityTierId as ClientPr2_1_,
        tiervalue1_.ClientPriorityTierId as ClientPr1_17_0_,
        tiervalue1_.SDMId as SDMId17_0_,
        tiervalue1_.Description as Descript3_17_0_,
        tiervalue1_.SortOrder as SortOrder17_0_,
        tiervalue1_.IsActive as IsActive17_0_,
        tiervalue1_.ClientPriorityListId as ClientPr6_17_0_ 
    FROM
        dbo.ClientTier innertierv0_ 
    left outer join
        dbo.ClientPriorityTier tiervalue1_ 
            on innertierv0_.ClientPriorityTierId=tiervalue1_.ClientPriorityTierId 
    WHERE
        innertierv0_.ClientId=@p0;
    @p0 = 10063052 [Type: Int32 (0)]</StdOut>
      </Output>
    </UnitTestResult>
    <UnitTestResult executionId="368ac659-b592-4cb7-b6cf-2843e89d3b08" testId="2f050959-c027-23e5-a21d-65b1c27803f2" testName="Country" computerName="LONMW86693" duration="00:00:00.0050621" startTime="2011-09-14T15:59:59.9933925+01:00" endTime="2011-09-14T15:59:59.9933925+01:00" testType="13cdc9d9-ddb5-4fa4-a97d-d965ccfc6d4b" outcome="Passed" testListId="8c84fa94-04c1-424b-9868-57a2d4851a1d" relativeResultsDirectory="368ac659-b592-4cb7-b6cf-2843e89d3b08">
      <Output>
        <DebugTrace>ZA
ET
AE
BH
DZ
EG
IQ
JO
KW
LB
LY
MA
OM
QA
SA
SY
TN
YE
CL
IN
AZ
AZ
RU
BY
BG
BD
IN
CN
FR
BA
BA
ES
FR
CZ
GB
DK
AT
CH
DE
LI
LU
DE
MV
GR
029
AU
BZ
CA
GB
IE
IN
JM
MY
NZ
PH
SG
TT
US
ZA
ZW
AR
BO
CL
CO
CR
DO
EC
ES
GT
HN
MX
NI
PA
PE
PR
PY
SV
US
UY
VE
EE
ES
IR
FI
PH
FO
BE
CA
CH
FR
LU
MC
NL
IE
GB
ES
FR
IN
NG
IL
IN
BA
HR
DE
HU
AM
ID
NG
CN
IS
CH
IT
CA
CA
JP
GE
KZ
GL
KH
IN
KR
IN
KG
LU
LA
LT
LV
NZ
MK
IN
MN
CN
CA
IN
BN
MY
MT
NO
NP
BE
NL
NO
ZA
FR
IN
IN
PL
AF
AF
BR
PT
GT
BO
EC
PE
CH
RO
RU
RW
IN
RU
FI
NO
SE
LK
SK
SI
NO
SE
NO
SE
FI
FI
AL
BA
CS
ME
RS
BA
CS
ME
RS
FI
SE
KE
SY
IN
IN
TJ
TH
TM
ZA
TR
RU
DZ
CN
UA
PK
UZ
UZ
VN
SN
ZA
NG
CN
HK
MO
SG
TW
ZA
</DebugTrace>
      </Output>
    </UnitTestResult>
    <UnitTestResult executionId="ac1ff94a-5f68-4829-ad5d-7e13e1d1abd0" testId="2fa39ee3-394c-d191-378d-10d7a7d0db56" testName="Should_update_the_clients_country" computerName="LONMW86693" duration="00:00:00.0033132" startTime="2011-09-14T16:00:00.0090180+01:00" endTime="2011-09-14T16:00:00.0090180+01:00" testType="13cdc9d9-ddb5-4fa4-a97d-d965ccfc6d4b" outcome="Passed" testListId="8c84fa94-04c1-424b-9868-57a2d4851a1d" relativeResultsDirectory="ac1ff94a-5f68-4829-ad5d-7e13e1d1abd0">
    </UnitTestResult>
    <UnitTestResult executionId="ca468094-4e1b-4e2a-aaac-52d7607d296a" testId="31a1369e-c4f8-e64e-9c29-dacdd4c6e45b" testName="Should_require_description" computerName="LONMW86693" duration="00:00:00.0003726" startTime="2011-09-14T16:00:00.0246435+01:00" endTime="2011-09-14T16:00:00.0246435+01:00" testType="13cdc9d9-ddb5-4fa4-a97d-d965ccfc6d4b" outcome="Passed" testListId="8c84fa94-04c1-424b-9868-57a2d4851a1d" relativeResultsDirectory="ca468094-4e1b-4e2a-aaac-52d7607d296a">
    </UnitTestResult>
    <UnitTestResult executionId="0d88891a-bb12-46d5-8a08-3f5fd3b091a0" testId="322264fb-c9d8-a228-e92c-adb15841ca48" testName="Should_unassign_the_client_tier" computerName="LONMW86693" duration="00:00:00.0025038" startTime="2011-09-14T16:00:00.0246435+01:00" endTime="2011-09-14T16:00:00.0402690+01:00" testType="13cdc9d9-ddb5-4fa4-a97d-d965ccfc6d4b" outcome="Passed" testListId="8c84fa94-04c1-424b-9868-57a2d4851a1d" relativeResultsDirectory="0d88891a-bb12-46d5-8a08-3f5fd3b091a0">
    </UnitTestResult>
    <UnitTestResult executionId="58863f2a-879b-4ff5-b164-1e36222b05b7" testId="323784b8-ffd0-3ce3-a69b-ccb600689a9b" testName="CanCorrectlyMapContactRole" computerName="LONMW86693" duration="00:00:00.0035798" startTime="2011-09-14T16:00:00.0402690+01:00" endTime="2011-09-14T16:00:00.0558945+01:00" testType="13cdc9d9-ddb5-4fa4-a97d-d965ccfc6d4b" outcome="Passed" testListId="8c84fa94-04c1-424b-9868-57a2d4851a1d" relativeResultsDirectory="58863f2a-879b-4ff5-b164-1e36222b05b7">
      <Output>
        <StdOut>NHibernate: 
    SELECT
        contactrol0_.ContactRoleId as ContactR1_14_0_,
        contactrol0_.CreateUserId as CreateUs2_14_0_,
        contactrol0_.CreateDate as CreateDate14_0_,
        contactrol0_.UpdateUserId as UpdateUs4_14_0_,
        contactrol0_.UpdateDate as UpdateDate14_0_,
        contactrol0_.Description as Descript6_14_0_,
        contactrol0_.SortOrder as SortOrder14_0_ 
    FROM
        dbo.[ContactRole] contactrol0_ 
    WHERE
        contactrol0_.ContactRoleId=@p0;
    @p0 = 1681 [Type: Int32 (0)]</StdOut>
      </Output>
    </UnitTestResult>
    <UnitTestResult executionId="1840c8b9-39e0-4609-8027-77b1430110c9" testId="324d2b23-35e1-24ea-16ee-eb8460fc158a" testName="Constructor_should_require_tier_list" computerName="LONMW86693" duration="00:00:00.0002976" startTime="2011-09-14T16:00:00.0558945+01:00" endTime="2011-09-14T16:00:00.0558945+01:00" testType="13cdc9d9-ddb5-4fa4-a97d-d965ccfc6d4b" outcome="Passed" testListId="8c84fa94-04c1-424b-9868-57a2d4851a1d" relativeResultsDirectory="1840c8b9-39e0-4609-8027-77b1430110c9">
    </UnitTestResult>
    <UnitTestResult executionId="63f9b2c9-bf66-47f2-85bf-c3411ed5e15f" testId="32781a79-f0a5-3d99-e896-7f6fcfeb7eb0" testName="Poll_Method_Not_Invoked_Multiple_Times_When_Poll_Is_Due" computerName="LONMW86693" duration="00:00:02.6605625" startTime="2011-09-14T16:00:00.0715200+01:00" endTime="2011-09-14T16:00:02.7434805+01:00" testType="13cdc9d9-ddb5-4fa4-a97d-d965ccfc6d4b" outcome="Passed" testListId="8c84fa94-04c1-424b-9868-57a2d4851a1d" relativeResultsDirectory="63f9b2c9-bf66-47f2-85bf-c3411ed5e15f">
    </UnitTestResult>
    <UnitTestResult executionId="436eabc3-d2dd-4ccd-a251-fd332b63b9cd" testId="3380bfc3-fafd-2128-4582-14409029b396" testName="Should_update_the_clients_name" computerName="LONMW86693" duration="00:00:00.0020066" startTime="2011-09-14T16:00:02.7434805+01:00" endTime="2011-09-14T16:00:02.7591060+01:00" testType="13cdc9d9-ddb5-4fa4-a97d-d965ccfc6d4b" outcome="Passed" testListId="8c84fa94-04c1-424b-9868-57a2d4851a1d" relativeResultsDirectory="436eabc3-d2dd-4ccd-a251-fd332b63b9cd">
    </UnitTestResult>
    <UnitTestResult executionId="f17dfc52-178c-4124-a64e-d2e1482673cb" testId="33d0d333-5bbc-9e66-c758-d01f0d4343b2" testName="SortBy_And_GroupBy_And_PreferredListId_Fields_Are_Populated_From_List_Preference" computerName="LONMW86693" duration="00:00:00.0039462" startTime="2011-09-14T16:00:02.7591060+01:00" endTime="2011-09-14T16:00:02.7591060+01:00" testType="13cdc9d9-ddb5-4fa4-a97d-d965ccfc6d4b" outcome="Passed" testListId="8c84fa94-04c1-424b-9868-57a2d4851a1d" relativeResultsDirectory="f17dfc52-178c-4124-a64e-d2e1482673cb">
    </UnitTestResult>
    <UnitTestResult executionId="9c637b1b-6a8c-4bad-9f20-c74162cd4c5e" testId="3416d9a6-edbf-ebca-ea6d-d86895c69646" testName="Should_check_if_the_client_exists" computerName="LONMW86693" duration="00:00:00.0018069" startTime="2011-09-14T16:00:02.7747315+01:00" endTime="2011-09-14T16:00:02.7747315+01:00" testType="13cdc9d9-ddb5-4fa4-a97d-d965ccfc6d4b" outcome="Passed" testListId="8c84fa94-04c1-424b-9868-57a2d4851a1d" relativeResultsDirectory="9c637b1b-6a8c-4bad-9f20-c74162cd4c5e">
    </UnitTestResult>
    <UnitTestResult executionId="a6aca00b-5fc5-42f6-895f-01d828adaaaa" testId="34df9754-70d6-40c2-30b2-f3f145e6f992" testName="Constructor_should_require_subsector" computerName="LONMW86693" duration="00:00:00.0004341" startTime="2011-09-14T16:00:02.7903570+01:00" endTime="2011-09-14T16:00:02.7903570+01:00" testType="13cdc9d9-ddb5-4fa4-a97d-d965ccfc6d4b" outcome="Passed" testListId="8c84fa94-04c1-424b-9868-57a2d4851a1d" relativeResultsDirectory="a6aca00b-5fc5-42f6-895f-01d828adaaaa">
    </UnitTestResult>
    <UnitTestResult executionId="9ec4157a-2aac-432c-b58f-471c5e5aa525" testId="3503c25c-f517-5750-ca9e-fe8f61b4f041" testName="Should_require_update_information" computerName="LONMW86693" duration="00:00:00.0004607" startTime="2011-09-14T16:00:02.8059825+01:00" endTime="2011-09-14T16:00:02.8059825+01:00" testType="13cdc9d9-ddb5-4fa4-a97d-d965ccfc6d4b" outcome="Passed" testListId="8c84fa94-04c1-424b-9868-57a2d4851a1d" relativeResultsDirectory="9ec4157a-2aac-432c-b58f-471c5e5aa525">
    </UnitTestResult>
    <UnitTestResult executionId="0f7cc0cf-2e27-4b79-8b89-cb0a25706090" testId="35860ec4-822d-05f5-1789-3df657d30a5d" testName="Should_match_person" computerName="LONMW86693" duration="00:00:00.7835355" startTime="2011-09-14T16:00:02.8059825+01:00" endTime="2011-09-14T16:00:03.6028830+01:00" testType="13cdc9d9-ddb5-4fa4-a97d-d965ccfc6d4b" outcome="Passed" testListId="8c84fa94-04c1-424b-9868-57a2d4851a1d" relativeResultsDirectory="0f7cc0cf-2e27-4b79-8b89-cb0a25706090">
    </UnitTestResult>
    <UnitTestResult executionId="d4ea8f9b-050f-4f20-b923-9794bf306626" testId="3871f6b9-ecd2-55a4-bf89-b3ac3c9b99be" testName="Should_update_the_clients_cis_code" computerName="LONMW86693" duration="00:00:00.0018489" startTime="2011-09-14T16:00:03.6028830+01:00" endTime="2011-09-14T16:00:03.6028830+01:00" testType="13cdc9d9-ddb5-4fa4-a97d-d965ccfc6d4b" outcome="Passed" testListId="8c84fa94-04c1-424b-9868-57a2d4851a1d" relativeResultsDirectory="d4ea8f9b-050f-4f20-b923-9794bf306626">
    </UnitTestResult>
    <UnitTestResult executionId="d2c18f0e-fd0b-4920-b44c-5b3bda66795d" testId="38dd5810-ac8f-9195-9b47-a339726908fe" testName="Should_reject_the_revision" computerName="LONMW86693" duration="00:00:00.0012900" startTime="2011-09-14T16:00:03.6185085+01:00" endTime="2011-09-14T16:00:03.6185085+01:00" testType="13cdc9d9-ddb5-4fa4-a97d-d965ccfc6d4b" outcome="Passed" testListId="8c84fa94-04c1-424b-9868-57a2d4851a1d" relativeResultsDirectory="d2c18f0e-fd0b-4920-b44c-5b3bda66795d">
    </UnitTestResult>
    <UnitTestResult executionId="8f55adff-b6d5-43ff-8aeb-2d8f70adbf92" testId="3b98d3cd-ac0c-e041-e288-09f4f6e0d1f9" testName="Should_require_a_nonempty_description" computerName="LONMW86693" duration="00:00:00.0005353" startTime="2011-09-14T16:00:03.6185085+01:00" endTime="2011-09-14T16:00:03.6185085+01:00" testType="13cdc9d9-ddb5-4fa4-a97d-d965ccfc6d4b" outcome="Passed" testListId="8c84fa94-04c1-424b-9868-57a2d4851a1d" relativeResultsDirectory="8f55adff-b6d5-43ff-8aeb-2d8f70adbf92">
    </UnitTestResult>
    <UnitTestResult executionId="dfa530c0-0c21-46af-a4f6-05b34f084d57" testId="3c2800f4-0c3b-3c4d-c6e4-382c72c0b612" testName="Should_resolve_the_concrete_processor" computerName="LONMW86693" duration="00:00:00.0304145" startTime="2011-09-14T16:00:03.6341340+01:00" endTime="2011-09-14T16:00:03.6653850+01:00" testType="13cdc9d9-ddb5-4fa4-a97d-d965ccfc6d4b" outcome="Passed" testListId="8c84fa94-04c1-424b-9868-57a2d4851a1d" relativeResultsDirectory="dfa530c0-0c21-46af-a4f6-05b34f084d57">
    </UnitTestResult>
    <UnitTestResult executionId="eec9183f-489d-4216-b9f1-8310fc4238ab" testId="3cb4dc6d-c219-3687-8d8e-f6c075ffe2a3" testName="Should_check_if_the_sector_exists" computerName="LONMW86693" duration="00:00:00.0338572" startTime="2011-09-14T16:00:03.6810105+01:00" endTime="2011-09-14T16:00:03.7278870+01:00" testType="13cdc9d9-ddb5-4fa4-a97d-d965ccfc6d4b" outcome="Passed" testListId="8c84fa94-04c1-424b-9868-57a2d4851a1d" relativeResultsDirectory="eec9183f-489d-4216-b9f1-8310fc4238ab">
    </UnitTestResult>
    <UnitTestResult executionId="b18a4811-35ad-400d-bf34-fd242043de52" testId="3d01fb8f-db0b-dce8-dfe3-4269442ecb89" testName="Should_create_a_delete_command_processor" computerName="LONMW86693" duration="00:00:00.0009945" startTime="2011-09-14T16:00:03.7435125+01:00" endTime="2011-09-14T16:00:03.7435125+01:00" testType="13cdc9d9-ddb5-4fa4-a97d-d965ccfc6d4b" outcome="Passed" testListId="8c84fa94-04c1-424b-9868-57a2d4851a1d" relativeResultsDirectory="b18a4811-35ad-400d-bf34-fd242043de52">
    </UnitTestResult>
    <UnitTestResult executionId="852e6db9-bd19-488c-b35e-dbf47e08a123" testId="3fe2ea35-fd60-2eff-18cf-5bc1804595d4" testName="Should_not_insert_the_tier_group" computerName="LONMW86693" duration="00:00:00.0058699" startTime="2011-09-14T16:00:03.7591380+01:00" endTime="2011-09-14T16:00:03.7747635+01:00" testType="13cdc9d9-ddb5-4fa4-a97d-d965ccfc6d4b" outcome="Passed" testListId="8c84fa94-04c1-424b-9868-57a2d4851a1d" relativeResultsDirectory="852e6db9-bd19-488c-b35e-dbf47e08a123">
    </UnitTestResult>
    <UnitTestResult executionId="7e7b448e-8795-4fd7-93fb-fe0fc0117db3" testId="41b1d2b7-dfab-ac69-ef84-de0e98150c3b" testName="Can_map_subsector" computerName="LONMW86693" duration="00:00:00.0164936" startTime="2011-09-14T16:00:03.7747635+01:00" endTime="2011-09-14T16:00:03.7903890+01:00" testType="13cdc9d9-ddb5-4fa4-a97d-d965ccfc6d4b" outcome="Passed" testListId="8c84fa94-04c1-424b-9868-57a2d4851a1d" relativeResultsDirectory="7e7b448e-8795-4fd7-93fb-fe0fc0117db3">
      <Output>
        <StdOut>NHibernate: 
    SELECT
        clientsubs0_.ClientSubsectorId as ClientSu1_2_0_,
        clientsubs0_.SDMId as SDMId2_0_,
        clientsubs0_.Description as Descript3_2_0_,
        clientsubs0_.ClientSectorId as ClientSe4_2_0_ 
    FROM
        dbo.[ClientSubsector] clientsubs0_ 
    WHERE
        clientsubs0_.ClientSubsectorId=@p0;
    @p0 = 1144 [Type: Int32 (0)]
NHibernate: 
    SELECT
        clientsect0_.ClientSectorId as ClientSe1_1_0_,
        clientsect0_.SDMId as SDMId1_0_,
        clientsect0_.Description as Descript3_1_0_,
        clientsect0_.IsActive as IsActive1_0_ 
    FROM
        dbo.[ClientSector] clientsect0_ 
    WHERE
        clientsect0_.ClientSectorId=@p0;
    @p0 = 1144 [Type: Int32 (0)]</StdOut>
      </Output>
    </UnitTestResult>
    <UnitTestResult executionId="b05151f8-c185-48b4-af1a-6b9eb997502c" testId="4224ba66-000e-6e66-eb93-94d110da06e1" testName="Should_check_if_the_client_exists" computerName="LONMW86693" duration="00:00:00.0023156" startTime="2011-09-14T16:00:03.8060145+01:00" endTime="2011-09-14T16:00:03.8060145+01:00" testType="13cdc9d9-ddb5-4fa4-a97d-d965ccfc6d4b" outcome="Passed" testListId="8c84fa94-04c1-424b-9868-57a2d4851a1d" relativeResultsDirectory="b05151f8-c185-48b4-af1a-6b9eb997502c">
    </UnitTestResult>
    <UnitTestResult executionId="da4130fb-185e-4f90-acfe-0e777d853363" testId="42370a91-331b-4164-7ac8-0861e3613a4c" testName="Constructor_should_require_non_null_description" computerName="LONMW86693" duration="00:00:00.0002952" startTime="2011-09-14T16:00:03.8216400+01:00" endTime="2011-09-14T16:00:03.8216400+01:00" testType="13cdc9d9-ddb5-4fa4-a97d-d965ccfc6d4b" outcome="Passed" testListId="8c84fa94-04c1-424b-9868-57a2d4851a1d" relativeResultsDirectory="da4130fb-185e-4f90-acfe-0e777d853363">
    </UnitTestResult>
    <UnitTestResult executionId="9b87b62a-1be3-453a-adcf-8afb72313ed8" testId="42c0b9b3-c8e0-c890-7937-bfbe7c842135" testName="Should_pass_validation_when_all_preconditions_are_met" computerName="LONMW86693" duration="00:00:00.0003003" startTime="2011-09-14T16:00:03.8216400+01:00" endTime="2011-09-14T16:00:03.8216400+01:00" testType="13cdc9d9-ddb5-4fa4-a97d-d965ccfc6d4b" outcome="Passed" testListId="8c84fa94-04c1-424b-9868-57a2d4851a1d" relativeResultsDirectory="9b87b62a-1be3-453a-adcf-8afb72313ed8">
    </UnitTestResult>
    <UnitTestResult executionId="4598424f-c535-42f2-92af-a9a9af6469c4" testId="42e3da70-1e6d-5077-ee24-0518b1ae93dd" testName="Should_create_and_persist_the_contact" computerName="LONMW86693" duration="00:00:00.0096906" startTime="2011-09-14T16:00:03.8216400+01:00" endTime="2011-09-14T16:00:03.8372655+01:00" testType="13cdc9d9-ddb5-4fa4-a97d-d965ccfc6d4b" outcome="Passed" testListId="8c84fa94-04c1-424b-9868-57a2d4851a1d" relativeResultsDirectory="4598424f-c535-42f2-92af-a9a9af6469c4">
    </UnitTestResult>
    <UnitTestResult executionId="1767da76-da62-47e2-8bb8-0339733474e1" testId="4364e76e-634d-f42c-2238-67f3e731e54d" testName="Should_inactivate_the_tier_list" computerName="LONMW86693" duration="00:00:00.0040598" startTime="2011-09-14T16:00:03.8372655+01:00" endTime="2011-09-14T16:00:03.8372655+01:00" testType="13cdc9d9-ddb5-4fa4-a97d-d965ccfc6d4b" outcome="Passed" testListId="8c84fa94-04c1-424b-9868-57a2d4851a1d" relativeResultsDirectory="1767da76-da62-47e2-8bb8-0339733474e1">
    </UnitTestResult>
    <UnitTestResult executionId="aea13ab2-32ed-4f3c-8830-42f9e5f8d598" testId="43a1edf0-6728-acc1-9940-a576d5dcc426" testName="Should_change_the_description_to_the_given_value" computerName="LONMW86693" duration="00:00:00.0001977" startTime="2011-09-14T16:00:03.8528910+01:00" endTime="2011-09-14T16:00:03.8528910+01:00" testType="13cdc9d9-ddb5-4fa4-a97d-d965ccfc6d4b" outcome="Passed" testListId="8c84fa94-04c1-424b-9868-57a2d4851a1d" relativeResultsDirectory="aea13ab2-32ed-4f3c-8830-42f9e5f8d598">
    </UnitTestResult>
    <UnitTestResult executionId="646df1d0-bcf1-4ea1-9f0d-0acefab74545" testId="44115792-a058-e2c6-748e-520d1d155000" testName="Can_create_child_client" computerName="LONMW86693" duration="00:00:02.0274740" startTime="2011-09-14T16:00:03.8528910+01:00" endTime="2011-09-14T16:00:05.8842060+01:00" testType="13cdc9d9-ddb5-4fa4-a97d-d965ccfc6d4b" outcome="Passed" testListId="8c84fa94-04c1-424b-9868-57a2d4851a1d" relativeResultsDirectory="646df1d0-bcf1-4ea1-9f0d-0acefab74545">
      <Output>
        <StdOut>NHibernate: 
    SELECT
        this_.CommandVersionId as CommandV1_18_0_,
        this_.[Key] as column2_18_0_,
        this_.TypeName as TypeName18_0_,
        this_.VersionNumber as VersionN4_18_0_ 
    FROM
        dbo.CommandVersion this_ 
    WHERE
        (
            this_.TypeName = @p0 
            and this_.[Key] = @p1
        );
    @p0 = 'ConnectPlus.ClientContact.SDM.Services.Commands.SectorCommand' [Type: String (4000)], @p1 = '1' [Type: String (4000)]
NHibernate: 
    INSERT 
    INTO
        dbo.CommandVersion
        ([Key], TypeName, VersionNumber) 
    VALUES
        (@p0, @p1, @p2);
    select
        SCOPE_IDENTITY();
    @p0 = '1' [Type: String (4000)],
    @p1 = 'ConnectPlus.ClientContact.SDM.Services.Commands.SectorCommand' [Type: String (4000)],
    @p2 = 1 [Type: Int32 (0)]
NHibernate: 
    SELECT
        this_.ClientSectorId as ClientSe1_1_0_,
        this_.SDMId as SDMId1_0_,
        this_.Description as Descript3_1_0_,
        this_.IsActive as IsActive1_0_ 
    FROM
        dbo.[ClientSector] this_ 
    WHERE
        (
            this_.SDMId = @p0
        );
    @p0 = 1 [Type: Int64 (0)]
NHibernate: 
    SELECT
        this_.CommandVersionId as CommandV1_18_0_,
        this_.[Key] as column2_18_0_,
        this_.TypeName as TypeName18_0_,
        this_.VersionNumber as VersionN4_18_0_ 
    FROM
        dbo.CommandVersion this_ 
    WHERE
        (
            this_.TypeName = @p0 
            and this_.[Key] = @p1
        );
    @p0 = 'ConnectPlus.ClientContact.SDM.Services.Commands.SubsectorCommand' [Type: String (4000)], @p1 = '2' [Type: String (4000)]
NHibernate: 
    INSERT 
    INTO
        dbo.CommandVersion
        ([Key], TypeName, VersionNumber) 
    VALUES
        (@p0, @p1, @p2);
    select
        SCOPE_IDENTITY();
    @p0 = '2' [Type: String (4000)],
    @p1 = 'ConnectPlus.ClientContact.SDM.Services.Commands.SubsectorCommand' [Type: String (4000)],
    @p2 = 1 [Type: Int32 (0)]
NHibernate: 
    SELECT
        this_.ClientSubsectorId as ClientSu1_2_0_,
        this_.SDMId as SDMId2_0_,
        this_.Description as Descript3_2_0_,
        this_.ClientSectorId as ClientSe4_2_0_ 
    FROM
        dbo.[ClientSubsector] this_ 
    WHERE
        (
            this_.SDMId = @p0
        );
    @p0 = 2 [Type: Int64 (0)]
NHibernate: 
    SELECT
        this_.ClientSectorId as ClientSe1_1_0_,
        this_.SDMId as SDMId1_0_,
        this_.Description as Descript3_1_0_,
        this_.IsActive as IsActive1_0_ 
    FROM
        dbo.[ClientSector] this_ 
    WHERE
        (
            this_.SDMId = @p0
        );
    @p0 = 1 [Type: Int64 (0)]
NHibernate: 
    SELECT
        this_.CommandVersionId as CommandV1_18_0_,
        this_.[Key] as column2_18_0_,
        this_.TypeName as TypeName18_0_,
        this_.VersionNumber as VersionN4_18_0_ 
    FROM
        dbo.CommandVersion this_ 
    WHERE
        (
            this_.TypeName = @p0 
            and this_.[Key] = @p1
        );
    @p0 = 'ConnectPlus.ClientContact.SDM.Services.Commands.ClientCommand' [Type: String (4000)], @p1 = '6' [Type: String (4000)]
NHibernate: 
    INSERT 
    INTO
        dbo.CommandVersion
        ([Key], TypeName, VersionNumber) 
    VALUES
        (@p0, @p1, @p2);
    select
        SCOPE_IDENTITY();
    @p0 = '6' [Type: String (4000)],
    @p1 = 'ConnectPlus.ClientContact.SDM.Services.Commands.ClientCommand' [Type: String (4000)],
    @p2 = 1 [Type: Int32 (0)]
NHibernate: 
    SELECT
        this_.ClientId as ClientId13_0_,
        this_.SDMId as SDMId13_0_,
        this_.Name as Name13_0_,
        this_.CisCode as CisCode13_0_,
        this_.CountryId as CountryId13_0_,
        this_.ClientSubsectorId as ClientSu6_13_0_,
        this_.DefaultLevel as DefaultL7_13_0_,
        this_.ParentClientId as ParentCl8_13_0_ 
    FROM
        dbo.Client this_ 
    WHERE
        (
            this_.SDMId = @p0
        );
    @p0 = 6 [Type: Int64 (0)]
NHibernate: 
    SELECT
        this_.CountryId as CountryId7_0_,
        this_.ISO2 as ISO2_7_0_,
        this_.CountryCode as CountryC3_7_0_,
        this_.Name as Name7_0_,
        this_.PrimaryCurrency as PrimaryC5_7_0_ 
    FROM
        dbo.[Country] this_ 
    WHERE
        (
            this_.ISO2 = @p0
        );
    @p0 = 'GB' [Type: String (4000)]
NHibernate: 
    SELECT
        this_.ClientSubsectorId as ClientSu1_2_0_,
        this_.SDMId as SDMId2_0_,
        this_.Description as Descript3_2_0_,
        this_.ClientSectorId as ClientSe4_2_0_ 
    FROM
        dbo.[ClientSubsector] this_ 
    WHERE
        (
            this_.SDMId = @p0
        );
    @p0 = 2 [Type: Int64 (0)]
NHibernate: 
    SELECT
        this_.CommandVersionId as CommandV1_18_0_,
        this_.[Key] as column2_18_0_,
        this_.TypeName as TypeName18_0_,
        this_.VersionNumber as VersionN4_18_0_ 
    FROM
        dbo.CommandVersion this_ 
    WHERE
        (
            this_.TypeName = @p0 
            and this_.[Key] = @p1
        );
    @p0 = 'ConnectPlus.ClientContact.SDM.Services.Commands.ClientCommand' [Type: String (4000)], @p1 = '7' [Type: String (4000)]
NHibernate: 
    INSERT 
    INTO
        dbo.CommandVersion
        ([Key], TypeName, VersionNumber) 
    VALUES
        (@p0, @p1, @p2);
    select
        SCOPE_IDENTITY();
    @p0 = '7' [Type: String (4000)],
    @p1 = 'ConnectPlus.ClientContact.SDM.Services.Commands.ClientCommand' [Type: String (4000)],
    @p2 = 1 [Type: Int32 (0)]
NHibernate: 
    SELECT
        this_.ClientId as ClientId13_0_,
        this_.SDMId as SDMId13_0_,
        this_.Name as Name13_0_,
        this_.CisCode as CisCode13_0_,
        this_.CountryId as CountryId13_0_,
        this_.ClientSubsectorId as ClientSu6_13_0_,
        this_.DefaultLevel as DefaultL7_13_0_,
        this_.ParentClientId as ParentCl8_13_0_ 
    FROM
        dbo.Client this_ 
    WHERE
        (
            this_.SDMId = @p0
        );
    @p0 = 7 [Type: Int64 (0)]
NHibernate: 
    SELECT
        this_.ClientId as ClientId13_0_,
        this_.SDMId as SDMId13_0_,
        this_.Name as Name13_0_,
        this_.CisCode as CisCode13_0_,
        this_.CountryId as CountryId13_0_,
        this_.ClientSubsectorId as ClientSu6_13_0_,
        this_.DefaultLevel as DefaultL7_13_0_,
        this_.ParentClientId as ParentCl8_13_0_ 
    FROM
        dbo.Client this_ 
    WHERE
        (
            this_.SDMId = @p0
        );
    @p0 = 6 [Type: Int64 (0)]
NHibernate: 
    SELECT
        this_.CountryId as CountryId7_0_,
        this_.ISO2 as ISO2_7_0_,
        this_.CountryCode as CountryC3_7_0_,
        this_.Name as Name7_0_,
        this_.PrimaryCurrency as PrimaryC5_7_0_ 
    FROM
        dbo.[Country] this_ 
    WHERE
        (
            this_.ISO2 = @p0
        );
    @p0 = 'GB' [Type: String (4000)]
NHibernate: 
    SELECT
        this_.ClientSubsectorId as ClientSu1_2_0_,
        this_.SDMId as SDMId2_0_,
        this_.Description as Descript3_2_0_,
        this_.ClientSectorId as ClientSe4_2_0_ 
    FROM
        dbo.[ClientSubsector] this_ 
    WHERE
        (
            this_.SDMId = @p0
        );
    @p0 = 2 [Type: Int64 (0)]
NHibernate: 
    SELECT
        this_.ClientId as ClientId48_0_,
        this_.SDMId as SDMId48_0_,
        this_.Name as Name48_0_,
        this_.CisCode as CisCode48_0_,
        this_.CountryId as CountryId48_0_,
        this_.ClientSubsectorId as ClientSu6_48_0_,
        this_.DefaultLevel as DefaultL7_48_0_,
        this_.ParentClientId as ParentCl8_48_0_ 
    FROM
        dbo.Client this_ 
    WHERE
        (
            this_.SDMId = @p0
        );
    @p0 = 7 [Type: Int64 (0)]</StdOut>
      </Output>
    </UnitTestResult>
    <UnitTestResult executionId="42d9fa06-c768-44c1-99c9-44a13dee29e3" testId="449c2555-275e-c462-3da3-3d5e511f958a" testName="Should_resolve_the_specific_processor" computerName="LONMW86693" duration="00:00:00.0301950" startTime="2011-09-14T16:00:05.8842060+01:00" endTime="2011-09-14T16:00:05.9310825+01:00" testType="13cdc9d9-ddb5-4fa4-a97d-d965ccfc6d4b" outcome="Passed" testListId="8c84fa94-04c1-424b-9868-57a2d4851a1d" relativeResultsDirectory="42d9fa06-c768-44c1-99c9-44a13dee29e3">
    </UnitTestResult>
    <UnitTestResult executionId="9da7e8a8-0401-4bdf-87a6-3ee2a419dd34" testId="4540a4df-3b46-971a-4cf8-2db44a748c99" testName="Can_untier_client" computerName="LONMW86693" duration="00:00:00.2430863" startTime="2011-09-14T16:00:05.9310825+01:00" endTime="2011-09-14T16:00:06.1654650+01:00" testType="13cdc9d9-ddb5-4fa4-a97d-d965ccfc6d4b" outcome="Passed" testListId="8c84fa94-04c1-424b-9868-57a2d4851a1d" relativeResultsDirectory="9da7e8a8-0401-4bdf-87a6-3ee2a419dd34">
      <Output>
        <StdOut>NHibernate: 
    SELECT
        this_.CommandVersionId as CommandV1_88_0_,
        this_.[Key] as column2_88_0_,
        this_.TypeName as TypeName88_0_,
        this_.VersionNumber as VersionN4_88_0_ 
    FROM
        dbo.CommandVersion this_ 
    WHERE
        (
            this_.TypeName = @p0 
            and this_.[Key] = @p1
        );
    @p0 = 'ConnectPlus.ClientContact.SDM.Services.Commands.SectorCommand' [Type: String (4000)], @p1 = '1' [Type: String (4000)]
NHibernate: 
    INSERT 
    INTO
        dbo.CommandVersion
        ([Key], TypeName, VersionNumber) 
    VALUES
        (@p0, @p1, @p2);
    select
        SCOPE_IDENTITY();
    @p0 = '1' [Type: String (4000)],
    @p1 = 'ConnectPlus.ClientContact.SDM.Services.Commands.SectorCommand' [Type: String (4000)],
    @p2 = 1 [Type: Int32 (0)]
NHibernate: 
    SELECT
        this_.ClientSectorId as ClientSe1_71_0_,
        this_.SDMId as SDMId71_0_,
        this_.Description as Descript3_71_0_,
        this_.IsActive as IsActive71_0_ 
    FROM
        dbo.[ClientSector] this_ 
    WHERE
        (
            this_.SDMId = @p0
        );
    @p0 = 1 [Type: Int64 (0)]
NHibernate: 
    SELECT
        this_.CommandVersionId as CommandV1_88_0_,
        this_.[Key] as column2_88_0_,
        this_.TypeName as TypeName88_0_,
        this_.VersionNumber as VersionN4_88_0_ 
    FROM
        dbo.CommandVersion this_ 
    WHERE
        (
            this_.TypeName = @p0 
            and this_.[Key] = @p1
        );
    @p0 = 'ConnectPlus.ClientContact.SDM.Services.Commands.SubsectorCommand' [Type: String (4000)], @p1 = '2' [Type: String (4000)]
NHibernate: 
    INSERT 
    INTO
        dbo.CommandVersion
        ([Key], TypeName, VersionNumber) 
    VALUES
        (@p0, @p1, @p2);
    select
        SCOPE_IDENTITY();
    @p0 = '2' [Type: String (4000)],
    @p1 = 'ConnectPlus.ClientContact.SDM.Services.Commands.SubsectorCommand' [Type: String (4000)],
    @p2 = 1 [Type: Int32 (0)]
NHibernate: 
    SELECT
        this_.ClientSubsectorId as ClientSu1_72_0_,
        this_.SDMId as SDMId72_0_,
        this_.Description as Descript3_72_0_,
        this_.ClientSectorId as ClientSe4_72_0_ 
    FROM
        dbo.[ClientSubsector] this_ 
    WHERE
        (
            this_.SDMId = @p0
        );
    @p0 = 2 [Type: Int64 (0)]
NHibernate: 
    SELECT
        this_.ClientSectorId as ClientSe1_71_0_,
        this_.SDMId as SDMId71_0_,
        this_.Description as Descript3_71_0_,
        this_.IsActive as IsActive71_0_ 
    FROM
        dbo.[ClientSector] this_ 
    WHERE
        (
            this_.SDMId = @p0
        );
    @p0 = 1 [Type: Int64 (0)]
NHibernate: 
    SELECT
        this_.CommandVersionId as CommandV1_88_0_,
        this_.[Key] as column2_88_0_,
        this_.TypeName as TypeName88_0_,
        this_.VersionNumber as VersionN4_88_0_ 
    FROM
        dbo.CommandVersion this_ 
    WHERE
        (
            this_.TypeName = @p0 
            and this_.[Key] = @p1
        );
    @p0 = 'ConnectPlus.ClientContact.SDM.Services.Commands.ClientCommand' [Type: String (4000)], @p1 = '6' [Type: String (4000)]
NHibernate: 
    INSERT 
    INTO
        dbo.CommandVersion
        ([Key], TypeName, VersionNumber) 
    VALUES
        (@p0, @p1, @p2);
    select
        SCOPE_IDENTITY();
    @p0 = '6' [Type: String (4000)],
    @p1 = 'ConnectPlus.ClientContact.SDM.Services.Commands.ClientCommand' [Type: String (4000)],
    @p2 = 1 [Type: Int32 (0)]
NHibernate: 
    SELECT
        this_.ClientId as ClientId83_0_,
        this_.SDMId as SDMId83_0_,
        this_.Name as Name83_0_,
        this_.CisCode as CisCode83_0_,
        this_.CountryId as CountryId83_0_,
        this_.ClientSubsectorId as ClientSu6_83_0_,
        this_.DefaultLevel as DefaultL7_83_0_,
        this_.ParentClientId as ParentCl8_83_0_ 
    FROM
        dbo.Client this_ 
    WHERE
        (
            this_.SDMId = @p0
        );
    @p0 = 6 [Type: Int64 (0)]
NHibernate: 
    SELECT
        this_.CountryId as CountryId77_0_,
        this_.ISO2 as ISO2_77_0_,
        this_.CountryCode as CountryC3_77_0_,
        this_.Name as Name77_0_,
        this_.PrimaryCurrency as PrimaryC5_77_0_ 
    FROM
        dbo.[Country] this_ 
    WHERE
        (
            this_.ISO2 = @p0
        );
    @p0 = 'GB' [Type: String (4000)]
NHibernate: 
    SELECT
        this_.ClientSubsectorId as ClientSu1_72_0_,
        this_.SDMId as SDMId72_0_,
        this_.Description as Descript3_72_0_,
        this_.ClientSectorId as ClientSe4_72_0_ 
    FROM
        dbo.[ClientSubsector] this_ 
    WHERE
        (
            this_.SDMId = @p0
        );
    @p0 = 2 [Type: Int64 (0)]
NHibernate: 
    SELECT
        this_.CommandVersionId as CommandV1_88_0_,
        this_.[Key] as column2_88_0_,
        this_.TypeName as TypeName88_0_,
        this_.VersionNumber as VersionN4_88_0_ 
    FROM
        dbo.CommandVersion this_ 
    WHERE
        (
            this_.TypeName = @p0 
            and this_.[Key] = @p1
        );
    @p0 = 'ConnectPlus.ClientContact.SDM.Services.Commands.TierGroupCommand' [Type: String (4000)], @p1 = '3' [Type: String (4000)]
NHibernate: 
    INSERT 
    INTO
        dbo.CommandVersion
        ([Key], TypeName, VersionNumber) 
    VALUES
        (@p0, @p1, @p2);
    select
        SCOPE_IDENTITY();
    @p0 = '3' [Type: String (4000)],
    @p1 = 'ConnectPlus.ClientContact.SDM.Services.Commands.TierGroupCommand' [Type: String (4000)],
    @p2 = 1 [Type: Int32 (0)]
NHibernate: 
    SELECT
        this_.ClientPriorityGroupId as ClientPr1_85_0_,
        this_.SDMId as SDMId85_0_,
        this_.Description as Descript3_85_0_,
        this_.IsActive as IsActive85_0_ 
    FROM
        dbo.ClientPriorityGroup this_ 
    WHERE
        (
            this_.SDMId = @p0
        );
    @p0 = 3 [Type: Int64 (0)]
NHibernate: 
    SELECT
        this_.ClientPriorityListId as ClientPr1_86_0_,
        this_.SDMId as SDMId86_0_,
        this_.Description as Descript3_86_0_,
        this_.IsActive as IsActive86_0_,
        this_.ClientPriorityGroupId as ClientPr5_86_0_ 
    FROM
        dbo.ClientPriorityList this_ 
    WHERE
        (
            this_.SDMId = @p0
        );
    @p0 = 4 [Type: Int64 (0)]
NHibernate: 
    SELECT
        this_.ClientPriorityGroupId as ClientPr1_85_0_,
        this_.SDMId as SDMId85_0_,
        this_.Description as Descript3_85_0_,
        this_.IsActive as IsActive85_0_ 
    FROM
        dbo.ClientPriorityGroup this_ 
    WHERE
        (
            this_.SDMId = @p0
        );
    @p0 = 3 [Type: Int64 (0)]
NHibernate: 
    SELECT
        this_.ClientPriorityTierId as ClientPr1_87_0_,
        this_.SDMId as SDMId87_0_,
        this_.Description as Descript3_87_0_,
        this_.SortOrder as SortOrder87_0_,
        this_.IsActive as IsActive87_0_,
        this_.ClientPriorityListId as ClientPr6_87_0_ 
    FROM
        dbo.ClientPriorityTier this_ 
    WHERE
        (
            this_.SDMId = @p0
        );
    @p0 = 5 [Type: Int64 (0)]
NHibernate: 
    SELECT
        this_.ClientPriorityListId as ClientPr1_86_0_,
        this_.SDMId as SDMId86_0_,
        this_.Description as Descript3_86_0_,
        this_.IsActive as IsActive86_0_,
        this_.ClientPriorityGroupId as ClientPr5_86_0_ 
    FROM
        dbo.ClientPriorityList this_ 
    WHERE
        (
            this_.SDMId = @p0
        );
    @p0 = 4 [Type: Int64 (0)]
NHibernate: 
    SELECT
        this_.CommandVersionId as CommandV1_88_0_,
        this_.[Key] as column2_88_0_,
        this_.TypeName as TypeName88_0_,
        this_.VersionNumber as VersionN4_88_0_ 
    FROM
        dbo.CommandVersion this_ 
    WHERE
        (
            this_.TypeName = @p0 
            and this_.[Key] = @p1
        );
    @p0 = 'ConnectPlus.ClientContact.SDM.Services.Commands.ClientTierCommand' [Type: String (4000)], @p1 = '3' [Type: String (4000)]
NHibernate: 
    INSERT 
    INTO
        dbo.CommandVersion
        ([Key], TypeName, VersionNumber) 
    VALUES
        (@p0, @p1, @p2);
    select
        SCOPE_IDENTITY();
    @p0 = '3' [Type: String (4000)],
    @p1 = 'ConnectPlus.ClientContact.SDM.Services.Commands.ClientTierCommand' [Type: String (4000)],
    @p2 = 1 [Type: Int32 (0)]
NHibernate: 
    SELECT
        this_.ClientId as ClientId83_0_,
        this_.SDMId as SDMId83_0_,
        this_.Name as Name83_0_,
        this_.CisCode as CisCode83_0_,
        this_.CountryId as CountryId83_0_,
        this_.ClientSubsectorId as ClientSu6_83_0_,
        this_.DefaultLevel as DefaultL7_83_0_,
        this_.ParentClientId as ParentCl8_83_0_ 
    FROM
        dbo.Client this_ 
    WHERE
        (
            this_.SDMId = @p0
        );
    @p0 = 6 [Type: Int64 (0)]
NHibernate: 
    SELECT
        this_.ClientPriorityTierId as ClientPr1_87_0_,
        this_.SDMId as SDMId87_0_,
        this_.Description as Descript3_87_0_,
        this_.SortOrder as SortOrder87_0_,
        this_.IsActive as IsActive87_0_,
        this_.ClientPriorityListId as ClientPr6_87_0_ 
    FROM
        dbo.ClientPriorityTier this_ 
    WHERE
        (
            this_.SDMId = @p0
        );
    @p0 = 5 [Type: Int64 (0)]
NHibernate: 
    SELECT
        this_.CommandVersionId as CommandV1_88_0_,
        this_.[Key] as column2_88_0_,
        this_.TypeName as TypeName88_0_,
        this_.VersionNumber as VersionN4_88_0_ 
    FROM
        dbo.CommandVersion this_ 
    WHERE
        (
            this_.TypeName = @p0 
            and this_.[Key] = @p1
        );
    @p0 = 'ConnectPlus.ClientContact.SDM.Services.Commands.ClientTierCommand' [Type: String (4000)], @p1 = '3' [Type: String (4000)]
NHibernate: 
    SELECT
        this_.ClientId as ClientId83_0_,
        this_.SDMId as SDMId83_0_,
        this_.Name as Name83_0_,
        this_.CisCode as CisCode83_0_,
        this_.CountryId as CountryId83_0_,
        this_.ClientSubsectorId as ClientSu6_83_0_,
        this_.DefaultLevel as DefaultL7_83_0_,
        this_.ParentClientId as ParentCl8_83_0_ 
    FROM
        dbo.Client this_ 
    WHERE
        (
            this_.SDMId = @p0
        );
    @p0 = 6 [Type: Int64 (0)]
NHibernate: 
    SELECT
        this_.ClientPriorityTierId as ClientPr1_87_0_,
        this_.SDMId as SDMId87_0_,
        this_.Description as Descript3_87_0_,
        this_.SortOrder as SortOrder87_0_,
        this_.IsActive as IsActive87_0_,
        this_.ClientPriorityListId as ClientPr6_87_0_ 
    FROM
        dbo.ClientPriorityTier this_ 
    WHERE
        (
            this_.SDMId = @p0
        );
    @p0 = 5 [Type: Int64 (0)]
NHibernate: 
    DELETE 
    FROM
        dbo.ClientTier 
    WHERE
        ClientId = @p0;
    @p0 = 10063060 [Type: Int32 (0)]
NHibernate: 
    SELECT
        this_.ClientId as ClientId48_0_,
        this_.SDMId as SDMId48_0_,
        this_.Name as Name48_0_,
        this_.CisCode as CisCode48_0_,
        this_.CountryId as CountryId48_0_,
        this_.ClientSubsectorId as ClientSu6_48_0_,
        this_.DefaultLevel as DefaultL7_48_0_,
        this_.ParentClientId as ParentCl8_48_0_ 
    FROM
        dbo.Client this_ 
    WHERE
        (
            this_.SDMId = @p0
        );
    @p0 = 6 [Type: Int64 (0)]
NHibernate: 
    SELECT
        innertierv0_.ClientId as ClientId1_,
        innertierv0_.ClientPriorityTierId as ClientPr2_1_,
        tiervalue1_.ClientPriorityTierId as ClientPr1_52_0_,
        tiervalue1_.SDMId as SDMId52_0_,
        tiervalue1_.Description as Descript3_52_0_,
        tiervalue1_.SortOrder as SortOrder52_0_,
        tiervalue1_.IsActive as IsActive52_0_,
        tiervalue1_.ClientPriorityListId as ClientPr6_52_0_ 
    FROM
        dbo.ClientTier innertierv0_ 
    left outer join
        dbo.ClientPriorityTier tiervalue1_ 
            on innertierv0_.ClientPriorityTierId=tiervalue1_.ClientPriorityTierId 
    WHERE
        innertierv0_.ClientId=@p0;
    @p0 = 10063060 [Type: Int32 (0)]</StdOut>
      </Output>
    </UnitTestResult>
    <UnitTestResult executionId="cf1bdf38-7f4a-4245-bf65-a770ef9beb3b" testId="45bb0bca-4e8b-9ffc-577c-c7aad5fd3f7e" testName="Should_change_the_name_to_the_given_value" computerName="LONMW86693" duration="00:00:00.0002961" startTime="2011-09-14T16:00:06.1810905+01:00" endTime="2011-09-14T16:00:06.1810905+01:00" testType="13cdc9d9-ddb5-4fa4-a97d-d965ccfc6d4b" outcome="Passed" testListId="8c84fa94-04c1-424b-9868-57a2d4851a1d" relativeResultsDirectory="cf1bdf38-7f4a-4245-bf65-a770ef9beb3b">
    </UnitTestResult>
    <UnitTestResult executionId="6cdd4258-7e51-40d3-b9c6-b30c2c63da61" testId="46136a72-30a4-c38e-f2c2-d0b6d8988ca6" testName="Should_update_the_clients_country" computerName="LONMW86693" duration="00:00:00.0035948" startTime="2011-09-14T16:00:06.1810905+01:00" endTime="2011-09-14T16:00:06.1967160+01:00" testType="13cdc9d9-ddb5-4fa4-a97d-d965ccfc6d4b" outcome="Passed" testListId="8c84fa94-04c1-424b-9868-57a2d4851a1d" relativeResultsDirectory="6cdd4258-7e51-40d3-b9c6-b30c2c63da61">
    </UnitTestResult>
    <UnitTestResult executionId="dd276fe0-4a20-4cc0-8e57-83720ec9f1b5" testId="473fea89-99b0-926d-6499-f29388a334f8" testName="Should_require_tier_id" computerName="LONMW86693" duration="00:00:00.0012045" startTime="2011-09-14T16:00:06.1967160+01:00" endTime="2011-09-14T16:00:06.1967160+01:00" testType="13cdc9d9-ddb5-4fa4-a97d-d965ccfc6d4b" outcome="Passed" testListId="8c84fa94-04c1-424b-9868-57a2d4851a1d" relativeResultsDirectory="dd276fe0-4a20-4cc0-8e57-83720ec9f1b5">
    </UnitTestResult>
    <UnitTestResult executionId="0c2c1c7f-0c67-4205-b1ef-680143b2ee10" testId="495e5879-1bf0-5b95-97be-ac4b49ccf9d4" testName="Can_map_sdmClient_with_parent" computerName="LONMW86693" duration="00:00:00.0239470" startTime="2011-09-14T16:00:06.2123415+01:00" endTime="2011-09-14T16:00:06.2279670+01:00" testType="13cdc9d9-ddb5-4fa4-a97d-d965ccfc6d4b" outcome="Passed" testListId="8c84fa94-04c1-424b-9868-57a2d4851a1d" relativeResultsDirectory="0c2c1c7f-0c67-4205-b1ef-680143b2ee10">
      <Output>
        <StdOut>NHibernate: 
    SELECT
        sdmclient0_.ClientId as ClientId13_0_,
        sdmclient0_.SDMId as SDMId13_0_,
        sdmclient0_.Name as Name13_0_,
        sdmclient0_.CisCode as CisCode13_0_,
        sdmclient0_.CountryId as CountryId13_0_,
        sdmclient0_.ClientSubsectorId as ClientSu6_13_0_,
        sdmclient0_.DefaultLevel as DefaultL7_13_0_,
        sdmclient0_.ParentClientId as ParentCl8_13_0_ 
    FROM
        dbo.Client sdmclient0_ 
    WHERE
        sdmclient0_.ClientId=@p0;
    @p0 = 10063053 [Type: Int32 (0)]
NHibernate: 
    SELECT
        country0_.CountryId as CountryId7_0_,
        country0_.ISO2 as ISO2_7_0_,
        country0_.CountryCode as CountryC3_7_0_,
        country0_.Name as Name7_0_,
        country0_.PrimaryCurrency as PrimaryC5_7_0_ 
    FROM
        dbo.[Country] country0_ 
    WHERE
        country0_.CountryId=@p0;
    @p0 = 2134 [Type: Int32 (0)]
NHibernate: 
    SELECT
        clientsubs0_.ClientSubsectorId as ClientSu1_2_0_,
        clientsubs0_.SDMId as SDMId2_0_,
        clientsubs0_.Description as Descript3_2_0_,
        clientsubs0_.ClientSectorId as ClientSe4_2_0_ 
    FROM
        dbo.[ClientSubsector] clientsubs0_ 
    WHERE
        clientsubs0_.ClientSubsectorId=@p0;
    @p0 = 1145 [Type: Int32 (0)]
NHibernate: 
    SELECT
        sdmclient0_.ClientId as ClientId13_0_,
        sdmclient0_.SDMId as SDMId13_0_,
        sdmclient0_.Name as Name13_0_,
        sdmclient0_.CisCode as CisCode13_0_,
        sdmclient0_.CountryId as CountryId13_0_,
        sdmclient0_.ClientSubsectorId as ClientSu6_13_0_,
        sdmclient0_.DefaultLevel as DefaultL7_13_0_,
        sdmclient0_.ParentClientId as ParentCl8_13_0_ 
    FROM
        dbo.Client sdmclient0_ 
    WHERE
        sdmclient0_.ClientId=@p0;
    @p0 = 10063054 [Type: Int32 (0)]</StdOut>
      </Output>
    </UnitTestResult>
    <UnitTestResult executionId="7607f465-67ee-4f96-b580-a0c4145db0e3" testId="49e8522b-ffc4-f366-6c45-70efb7e301d3" testName="Should_throw_invalidoperationexception" computerName="LONMW86693" duration="00:00:00.0090784" startTime="2011-09-14T16:00:06.2279670+01:00" endTime="2011-09-14T16:00:06.2435925+01:00" testType="13cdc9d9-ddb5-4fa4-a97d-d965ccfc6d4b" outcome="Passed" testListId="8c84fa94-04c1-424b-9868-57a2d4851a1d" relativeResultsDirectory="7607f465-67ee-4f96-b580-a0c4145db0e3">
    </UnitTestResult>
    <UnitTestResult executionId="48848355-b170-4bdb-b1cb-a1f305e1c1f6" testId="49fbeb08-13b8-0d98-c2bc-e1a0c7bc65c7" testName="Should_change_the_description_to_the_given_value" computerName="LONMW86693" duration="00:00:00.0005425" startTime="2011-09-14T16:00:06.2592180+01:00" endTime="2011-09-14T16:00:06.2592180+01:00" testType="13cdc9d9-ddb5-4fa4-a97d-d965ccfc6d4b" outcome="Passed" testListId="8c84fa94-04c1-424b-9868-57a2d4851a1d" relativeResultsDirectory="48848355-b170-4bdb-b1cb-a1f305e1c1f6">
    </UnitTestResult>
    <UnitTestResult executionId="eed955d5-6998-4352-bcbb-d3472c8d4e1f" testId="4f2a50cf-eb17-2808-9946-54c26ef13855" testName="Should_throw_notsupportedexception" computerName="LONMW86693" duration="00:00:00.0145090" startTime="2011-09-14T16:00:06.2592180+01:00" endTime="2011-09-14T16:00:06.2748435+01:00" testType="13cdc9d9-ddb5-4fa4-a97d-d965ccfc6d4b" outcome="Passed" testListId="8c84fa94-04c1-424b-9868-57a2d4851a1d" relativeResultsDirectory="eed955d5-6998-4352-bcbb-d3472c8d4e1f">
    </UnitTestResult>
    <UnitTestResult executionId="966871fc-079a-453f-800a-c7f13867daa6" testId="50135fc3-a6bb-eeb8-3133-d17857522516" testName="CanCorrectlyMapClientContactListMember" computerName="LONMW86693" duration="00:00:00.0684240" startTime="2011-09-14T16:00:06.2904690+01:00" endTime="2011-09-14T16:00:06.3529710+01:00" testType="13cdc9d9-ddb5-4fa4-a97d-d965ccfc6d4b" outcome="Passed" testListId="8c84fa94-04c1-424b-9868-57a2d4851a1d" relativeResultsDirectory="966871fc-079a-453f-800a-c7f13867daa6">
      <Output>
        <StdOut>NHibernate: 
    SELECT
        clientcont0_.ClientContactListMemberId as ClientCo1_3_0_,
        clientcont0_.CreateUserId as CreateUs2_3_0_,
        clientcont0_.CreateDate as CreateDate3_0_,
        clientcont0_.UpdateUserId as UpdateUs4_3_0_,
        clientcont0_.UpdateDate as UpdateDate3_0_,
        clientcont0_.ContactId as ContactId3_0_,
        clientcont0_.ClientId as ClientId3_0_,
        clientcont0_.ClientContactListId as ClientCo8_3_0_ 
    FROM
        dbo.[ClientContactListMember] clientcont0_ 
    WHERE
        clientcont0_.ClientContactListMemberId=@p0;
    @p0 = 1861359 [Type: Int32 (0)]
NHibernate: 
    SELECT
        contact0_.ContactId as ContactId13_0_,
        contact0_.CreateUserId as CreateUs2_13_0_,
        contact0_.CreateDate as CreateDate13_0_,
        contact0_.UpdateUserId as UpdateUs4_13_0_,
        contact0_.UpdateDate as UpdateDate13_0_,
        contact0_.JobTitle as JobTitle13_0_,
        contact0_.IsInternal as IsInternal13_0_,
        contact0_.SalesForceId as SalesFor8_13_0_,
        contact0_.ClientId as ClientId13_0_,
        contact0_.PersonId as PersonId13_0_,
        contact0_.ContactRoleId as Contact11_13_0_ 
    FROM
        dbo.[Contact] contact0_ 
    WHERE
        contact0_.ContactId=@p0;
    @p0 = 10311098 [Type: Int32 (0)]</StdOut>
      </Output>
    </UnitTestResult>
    <UnitTestResult executionId="72719058-8311-4363-b85e-eef97a4ab374" testId="501efe5e-85de-cce4-fbbf-40204b2b7d7e" testName="Should_check_if_the_tier_list_exists" computerName="LONMW86693" duration="00:00:00.0187367" startTime="2011-09-14T16:00:06.3685965+01:00" endTime="2011-09-14T16:00:06.3842220+01:00" testType="13cdc9d9-ddb5-4fa4-a97d-d965ccfc6d4b" outcome="Passed" testListId="8c84fa94-04c1-424b-9868-57a2d4851a1d" relativeResultsDirectory="72719058-8311-4363-b85e-eef97a4ab374">
    </UnitTestResult>
    <UnitTestResult executionId="2585ce47-5f99-4514-89c0-fac311798649" testId="50a71bd8-5b93-53be-3f93-5050f975133d" testName="Should_update_the_clients_name" computerName="LONMW86693" duration="00:00:00.0019392" startTime="2011-09-14T16:00:06.3998475+01:00" endTime="2011-09-14T16:00:06.3998475+01:00" testType="13cdc9d9-ddb5-4fa4-a97d-d965ccfc6d4b" outcome="Passed" testListId="8c84fa94-04c1-424b-9868-57a2d4851a1d" relativeResultsDirectory="2585ce47-5f99-4514-89c0-fac311798649">
    </UnitTestResult>
    <UnitTestResult executionId="d4b5e047-e234-4729-a54b-f2b890290b48" testId="5167f9be-7907-70a2-cff2-b0be6b8bac8c" testName="Should_require_subsector_id" computerName="LONMW86693" duration="00:00:00.0004166" startTime="2011-09-14T16:00:06.4310985+01:00" endTime="2011-09-14T16:00:06.4310985+01:00" testType="13cdc9d9-ddb5-4fa4-a97d-d965ccfc6d4b" outcome="Passed" testListId="8c84fa94-04c1-424b-9868-57a2d4851a1d" relativeResultsDirectory="d4b5e047-e234-4729-a54b-f2b890290b48">
    </UnitTestResult>
    <UnitTestResult executionId="05bad38c-7e7d-4ec5-9c40-f3609c90801d" testId="51e4d716-5f95-45d2-7284-edcea2930cd2" testName="Can_map_version" computerName="LONMW86693" duration="00:00:00.0080634" startTime="2011-09-14T16:00:06.4310985+01:00" endTime="2011-09-14T16:00:06.4467240+01:00" testType="13cdc9d9-ddb5-4fa4-a97d-d965ccfc6d4b" outcome="Passed" testListId="8c84fa94-04c1-424b-9868-57a2d4851a1d" relativeResultsDirectory="05bad38c-7e7d-4ec5-9c40-f3609c90801d">
      <Output>
        <StdOut>NHibernate: 
    INSERT 
    INTO
        dbo.CommandVersion
        ([Key], TypeName, VersionNumber) 
    VALUES
        (@p0, @p1, @p2);
    select
        SCOPE_IDENTITY();
    @p0 = '10' [Type: String (4000)],
    @p1 = 'System.String' [Type: String (4000)],
    @p2 = 1 [Type: Int32 (0)]
NHibernate: 
    SELECT
        version0_.CommandVersionId as CommandV1_18_0_,
        version0_.[Key] as column2_18_0_,
        version0_.TypeName as TypeName18_0_,
        version0_.VersionNumber as VersionN4_18_0_ 
    FROM
        dbo.CommandVersion version0_ 
    WHERE
        version0_.CommandVersionId=@p0;
    @p0 = 134 [Type: Int32 (0)]</StdOut>
      </Output>
    </UnitTestResult>
    <UnitTestResult executionId="475ed2c2-ad2c-4b38-86e3-344f88777ed1" testId="520f64a6-b54f-208a-8345-90ee07788f7b" testName="CanCorrectlyMapTeam" computerName="LONMW86693" duration="00:00:00.0322328" startTime="2011-09-14T16:00:06.4623495+01:00" endTime="2011-09-14T16:00:06.4936005+01:00" testType="13cdc9d9-ddb5-4fa4-a97d-d965ccfc6d4b" outcome="Passed" testListId="8c84fa94-04c1-424b-9868-57a2d4851a1d" relativeResultsDirectory="475ed2c2-ad2c-4b38-86e3-344f88777ed1">
      <Output>
        <StdOut>NHibernate: 
    SELECT
        team0_.TeamId as TeamId24_0_,
        team0_.CreateUserId as CreateUs2_24_0_,
        team0_.CreateDate as CreateDate24_0_,
        team0_.UpdateUserId as UpdateUs4_24_0_,
        team0_.UpdateDate as UpdateDate24_0_,
        team0_.Name as Name24_0_,
        team0_.IsActive as IsActive24_0_,
        team0_.ShowTeamList as ShowTeam8_24_0_,
        team0_.ShortName as ShortName24_0_,
        team0_.TeamTypeId as TeamTypeId24_0_ 
    FROM
        dbo.[Team] team0_ 
    WHERE
        team0_.TeamId=@p0;
    @p0 = 402006 [Type: Int32 (0)]</StdOut>
      </Output>
    </UnitTestResult>
    <UnitTestResult executionId="3c875473-cbde-46c0-abeb-5007e8bd4560" testId="526ae5db-1e0a-cf62-4ad2-46fde02e9169" testName="Should_resolve_the_specific_processor" computerName="LONMW86693" duration="00:00:00.0292947" startTime="2011-09-14T16:00:06.5092260+01:00" endTime="2011-09-14T16:00:06.5404770+01:00" testType="13cdc9d9-ddb5-4fa4-a97d-d965ccfc6d4b" outcome="Passed" testListId="8c84fa94-04c1-424b-9868-57a2d4851a1d" relativeResultsDirectory="3c875473-cbde-46c0-abeb-5007e8bd4560">
    </UnitTestResult>
    <UnitTestResult executionId="4e08788f-480c-4aa2-81af-1067f4109d1b" testId="535a1ae7-3192-ce28-346c-8342258cae53" testName="Should_throw_notsupportedexception" computerName="LONMW86693" duration="00:00:00.0010101" startTime="2011-09-14T16:00:06.5561025+01:00" endTime="2011-09-14T16:00:06.5561025+01:00" testType="13cdc9d9-ddb5-4fa4-a97d-d965ccfc6d4b" outcome="Passed" testListId="8c84fa94-04c1-424b-9868-57a2d4851a1d" relativeResultsDirectory="4e08788f-480c-4aa2-81af-1067f4109d1b">
    </UnitTestResult>
    <UnitTestResult executionId="79981250-44bc-427a-be2c-09f65e25e8d9" testId="5497c6bc-7284-8900-2919-965d1c8a9a8f" testName="Can_map_sector" computerName="LONMW86693" duration="00:00:00.0030569" startTime="2011-09-14T16:00:06.5717280+01:00" endTime="2011-09-14T16:00:06.5873535+01:00" testType="13cdc9d9-ddb5-4fa4-a97d-d965ccfc6d4b" outcome="Passed" testListId="8c84fa94-04c1-424b-9868-57a2d4851a1d" relativeResultsDirectory="79981250-44bc-427a-be2c-09f65e25e8d9">
      <Output>
        <StdOut>NHibernate: 
    SELECT
        clientsect0_.ClientSectorId as ClientSe1_1_0_,
        clientsect0_.SDMId as SDMId1_0_,
        clientsect0_.Description as Descript3_1_0_,
        clientsect0_.IsActive as IsActive1_0_ 
    FROM
        dbo.[ClientSector] clientsect0_ 
    WHERE
        clientsect0_.ClientSectorId=@p0;
    @p0 = 1146 [Type: Int32 (0)]</StdOut>
      </Output>
    </UnitTestResult>
    <UnitTestResult executionId="cf497f2a-b6cc-49a7-af08-07e84c769724" testId="54ef9b58-1fa9-17f2-3774-a2e5e86eaa56" testName="Should_retrieve_the_tier_group" computerName="LONMW86693" duration="00:00:00.0020117" startTime="2011-09-14T16:00:06.6029790+01:00" endTime="2011-09-14T16:00:06.6029790+01:00" testType="13cdc9d9-ddb5-4fa4-a97d-d965ccfc6d4b" outcome="Passed" testListId="8c84fa94-04c1-424b-9868-57a2d4851a1d" relativeResultsDirectory="cf497f2a-b6cc-49a7-af08-07e84c769724">
    </UnitTestResult>
    <UnitTestResult executionId="927a4aca-ec5e-4071-9bc5-7ec290a7a26a" testId="55bd16cc-1c42-7938-b408-c941305f68df" testName="Should_check_if_the_tier_group_exists" computerName="LONMW86693" duration="00:00:00.0010018" startTime="2011-09-14T16:00:06.6186045+01:00" endTime="2011-09-14T16:00:06.6186045+01:00" testType="13cdc9d9-ddb5-4fa4-a97d-d965ccfc6d4b" outcome="Passed" testListId="8c84fa94-04c1-424b-9868-57a2d4851a1d" relativeResultsDirectory="927a4aca-ec5e-4071-9bc5-7ec290a7a26a">
    </UnitTestResult>
    <UnitTestResult executionId="cbdfa529-2759-4f73-a2ec-248dea1da386" testId="5616c855-7f96-f80a-0207-f4a4811284ad" testName="Should_issue_a_mapped_client_tier_command" computerName="LONMW86693" duration="00:00:00.0230261" startTime="2011-09-14T16:00:06.6186045+01:00" endTime="2011-09-14T16:00:06.6498555+01:00" testType="13cdc9d9-ddb5-4fa4-a97d-d965ccfc6d4b" outcome="Passed" testListId="8c84fa94-04c1-424b-9868-57a2d4851a1d" relativeResultsDirectory="cbdfa529-2759-4f73-a2ec-248dea1da386">
    </UnitTestResult>
    <UnitTestResult executionId="e748cda2-3c95-45f8-a6f9-336f7e2b7228" testId="569a9af2-c00b-8105-87b5-9dea65207faf" testName="Should_require_tier_list_id" computerName="LONMW86693" duration="00:00:00.0004425" startTime="2011-09-14T16:00:06.6498555+01:00" endTime="2011-09-14T16:00:06.6498555+01:00" testType="13cdc9d9-ddb5-4fa4-a97d-d965ccfc6d4b" outcome="Passed" testListId="8c84fa94-04c1-424b-9868-57a2d4851a1d" relativeResultsDirectory="e748cda2-3c95-45f8-a6f9-336f7e2b7228">
    </UnitTestResult>
    <UnitTestResult executionId="81aa9daa-673d-4964-8b5a-d4a25257b1e2" testId="56c01acf-6f3b-ec04-d0f0-cee51bcfc28e" testName="Should_assign_the_client_tier" computerName="LONMW86693" duration="00:00:00.0017793" startTime="2011-09-14T16:00:06.6654810+01:00" endTime="2011-09-14T16:00:06.6654810+01:00" testType="13cdc9d9-ddb5-4fa4-a97d-d965ccfc6d4b" outcome="Passed" testListId="8c84fa94-04c1-424b-9868-57a2d4851a1d" relativeResultsDirectory="81aa9daa-673d-4964-8b5a-d4a25257b1e2">
    </UnitTestResult>
    <UnitTestResult executionId="191acb30-72d1-440f-8bf0-e223dfd5bb5b" testId="5726fd70-ee6a-656e-127f-a2518648fb97" testName="Can_create_tier_group" computerName="LONMW86693" duration="00:00:00.1920857" startTime="2011-09-14T16:00:06.6811065+01:00" endTime="2011-09-14T16:00:06.8686125+01:00" testType="13cdc9d9-ddb5-4fa4-a97d-d965ccfc6d4b" outcome="Passed" testListId="8c84fa94-04c1-424b-9868-57a2d4851a1d" relativeResultsDirectory="191acb30-72d1-440f-8bf0-e223dfd5bb5b">
      <Output>
        <StdOut>NHibernate: 
    SELECT
        this_.CommandVersionId as CommandV1_123_0_,
        this_.[Key] as column2_123_0_,
        this_.TypeName as TypeName123_0_,
        this_.VersionNumber as VersionN4_123_0_ 
    FROM
        dbo.CommandVersion this_ 
    WHERE
        (
            this_.TypeName = @p0 
            and this_.[Key] = @p1
        );
    @p0 = 'ConnectPlus.ClientContact.SDM.Services.Commands.TierGroupCommand' [Type: String (4000)], @p1 = '3' [Type: String (4000)]
NHibernate: 
    INSERT 
    INTO
        dbo.CommandVersion
        ([Key], TypeName, VersionNumber) 
    VALUES
        (@p0, @p1, @p2);
    select
        SCOPE_IDENTITY();
    @p0 = '3' [Type: String (4000)],
    @p1 = 'ConnectPlus.ClientContact.SDM.Services.Commands.TierGroupCommand' [Type: String (4000)],
    @p2 = 1 [Type: Int32 (0)]
NHibernate: 
    SELECT
        this_.ClientPriorityGroupId as ClientPr1_120_0_,
        this_.SDMId as SDMId120_0_,
        this_.Description as Descript3_120_0_,
        this_.IsActive as IsActive120_0_ 
    FROM
        dbo.ClientPriorityGroup this_ 
    WHERE
        (
            this_.SDMId = @p0
        );
    @p0 = 3 [Type: Int64 (0)]
NHibernate: 
    SELECT
        this_.ClientPriorityGroupId as ClientPr1_50_0_,
        this_.SDMId as SDMId50_0_,
        this_.Description as Descript3_50_0_,
        this_.IsActive as IsActive50_0_ 
    FROM
        dbo.ClientPriorityGroup this_ 
    WHERE
        (
            this_.SDMId = @p0
        );
    @p0 = 3 [Type: Int64 (0)]</StdOut>
      </Output>
    </UnitTestResult>
    <UnitTestResult executionId="9b4c5d84-007b-435f-b997-135cb4e56c8d" testId="580a9ef7-02ec-34e9-a848-19d4ae7489f5" testName="Should_set_the_isactive_flag_to_false" computerName="LONMW86693" duration="00:00:00.0005505" startTime="2011-09-14T16:00:06.8686125+01:00" endTime="2011-09-14T16:00:06.8686125+01:00" testType="13cdc9d9-ddb5-4fa4-a97d-d965ccfc6d4b" outcome="Passed" testListId="8c84fa94-04c1-424b-9868-57a2d4851a1d" relativeResultsDirectory="9b4c5d84-007b-435f-b997-135cb4e56c8d">
    </UnitTestResult>
    <UnitTestResult executionId="fe0d960e-8a39-4b72-857d-a95792af62da" testId="58307c5d-98a5-78ba-8ace-473d04e153b7" testName="Test1" computerName="LONMW86693" duration="00:00:00.0037947" startTime="2011-09-14T16:00:06.8998635+01:00" endTime="2011-09-14T16:00:06.8998635+01:00" testType="13cdc9d9-ddb5-4fa4-a97d-d965ccfc6d4b" outcome="Passed" testListId="8c84fa94-04c1-424b-9868-57a2d4851a1d" relativeResultsDirectory="fe0d960e-8a39-4b72-857d-a95792af62da">
    </UnitTestResult>
    <UnitTestResult executionId="6761a942-e796-47f1-86ba-7bf8fe136dc6" testId="5920f9e6-c4a1-4e5e-a953-20e3a8e6f0c7" testName="Should_execute_the_resolved_processor" computerName="LONMW86693" duration="00:00:00.0019978" startTime="2011-09-14T16:00:06.9154890+01:00" endTime="2011-09-14T16:00:06.9154890+01:00" testType="13cdc9d9-ddb5-4fa4-a97d-d965ccfc6d4b" outcome="Passed" testListId="8c84fa94-04c1-424b-9868-57a2d4851a1d" relativeResultsDirectory="6761a942-e796-47f1-86ba-7bf8fe136dc6">
    </UnitTestResult>
    <UnitTestResult executionId="04c5253c-72cd-4231-b7c5-7142b7ee9e83" testId="5a50ae5d-70b7-6c0f-5d6e-070fa410c38b" testName="Should_execute_the_resolved_processor" computerName="LONMW86693" duration="00:00:00.0297780" startTime="2011-09-14T16:00:06.9154890+01:00" endTime="2011-09-14T16:00:06.9467400+01:00" testType="13cdc9d9-ddb5-4fa4-a97d-d965ccfc6d4b" outcome="Passed" testListId="8c84fa94-04c1-424b-9868-57a2d4851a1d" relativeResultsDirectory="04c5253c-72cd-4231-b7c5-7142b7ee9e83">
    </UnitTestResult>
    <UnitTestResult executionId="13b52374-245d-4840-a358-706f5cab0aee" testId="5c177c1e-94fc-a184-5180-6ad283cc4387" testName="Should_issue_a_mapped_tier_group_command" computerName="LONMW86693" duration="00:00:00.0229697" startTime="2011-09-14T16:00:06.9467400+01:00" endTime="2011-09-14T16:00:06.9779910+01:00" testType="13cdc9d9-ddb5-4fa4-a97d-d965ccfc6d4b" outcome="Passed" testListId="8c84fa94-04c1-424b-9868-57a2d4851a1d" relativeResultsDirectory="13b52374-245d-4840-a358-706f5cab0aee">
    </UnitTestResult>
    <UnitTestResult executionId="763113f4-0bbe-45dc-b129-49ef4d388ed9" testId="5da96f91-83c9-8308-e3ee-a73f217c613b" testName="When_tier_value_is_assigned_to_contact" computerName="LONMW86693" duration="00:00:00.0126974" startTime="2011-09-14T16:00:06.9779910+01:00" endTime="2011-09-14T16:00:06.9936165+01:00" testType="13cdc9d9-ddb5-4fa4-a97d-d965ccfc6d4b" outcome="Passed" testListId="8c84fa94-04c1-424b-9868-57a2d4851a1d" relativeResultsDirectory="763113f4-0bbe-45dc-b129-49ef4d388ed9">
      <Output>
        <StdOut>NHibernate: 
    SELECT
        this_.ClientPriorityTierId as ClientPr1_17_0_,
        this_.SDMId as SDMId17_0_,
        this_.Description as Descript3_17_0_,
        this_.SortOrder as SortOrder17_0_,
        this_.IsActive as IsActive17_0_,
        this_.ClientPriorityListId as ClientPr6_17_0_ 
    FROM
        dbo.ClientPriorityTier this_ 
    WHERE
        this_.SDMId = @p0;
    @p0 = 1 [Type: Int64 (0)]
NHibernate: 
    SELECT
        (select
            case 
                when count(distinct t.ClientPriorityTierId) = 0 then 0 
                else 1 
            end 
        from
            ClientTier t 
        where
            t.ClientPriorityTierId = tiervalue_.ClientPriorityTierId) as formula2_ 
    FROM
        dbo.ClientPriorityTier tiervalue_ 
    WHERE
        tiervalue_.ClientPriorityTierId=@p0;
    @p0 = 1868 [Type: Int32 (0)]</StdOut>
      </Output>
    </UnitTestResult>
    <UnitTestResult executionId="d75af816-7dc7-4af3-84a0-dbe2779298c5" testId="5e4c6fb9-da1b-b01f-ee92-0f67e4eda092" testName="Normalises_with_underscore_in_local_name" computerName="LONMW86693" duration="00:00:00.0001867" startTime="2011-09-14T16:00:07.0092420+01:00" endTime="2011-09-14T16:00:07.0092420+01:00" testType="13cdc9d9-ddb5-4fa4-a97d-d965ccfc6d4b" outcome="Passed" testListId="8c84fa94-04c1-424b-9868-57a2d4851a1d" relativeResultsDirectory="d75af816-7dc7-4af3-84a0-dbe2779298c5">
    </UnitTestResult>
    <UnitTestResult executionId="b19a1e34-675d-4d8b-b822-47c6918a66be" testId="5fdba6a1-4b5f-2c3f-8f38-9da1dafebe37" testName="Should_require_a_nonempty_description" computerName="LONMW86693" duration="00:00:00.0004477" startTime="2011-09-14T16:00:07.0248675+01:00" endTime="2011-09-14T16:00:07.0248675+01:00" testType="13cdc9d9-ddb5-4fa4-a97d-d965ccfc6d4b" outcome="Passed" testListId="8c84fa94-04c1-424b-9868-57a2d4851a1d" relativeResultsDirectory="b19a1e34-675d-4d8b-b822-47c6918a66be">
    </UnitTestResult>
    <UnitTestResult executionId="7aebd23b-ed06-4730-98e7-3b010787b979" testId="61c3d2ed-8b33-3553-348f-d0eda94a3e0b" testName="Should_require_description_shorter_than_256_chars" computerName="LONMW86693" duration="00:00:00.0004631" startTime="2011-09-14T16:00:07.0248675+01:00" endTime="2011-09-14T16:00:07.0248675+01:00" testType="13cdc9d9-ddb5-4fa4-a97d-d965ccfc6d4b" outcome="Passed" testListId="8c84fa94-04c1-424b-9868-57a2d4851a1d" relativeResultsDirectory="7aebd23b-ed06-4730-98e7-3b010787b979">
    </UnitTestResult>
    <UnitTestResult executionId="2e3f3c87-b2dc-4203-8cd4-3b779e5ba416" testId="62260d51-490d-dc6d-475c-d51f812cc186" testName="Should_reject_the_revision" computerName="LONMW86693" duration="00:00:00.0008560" startTime="2011-09-14T16:00:07.0248675+01:00" endTime="2011-09-14T16:00:07.0248675+01:00" testType="13cdc9d9-ddb5-4fa4-a97d-d965ccfc6d4b" outcome="Passed" testListId="8c84fa94-04c1-424b-9868-57a2d4851a1d" relativeResultsDirectory="2e3f3c87-b2dc-4203-8cd4-3b779e5ba416">
    </UnitTestResult>
    <UnitTestResult executionId="d9aab90c-1662-4605-abcd-da82c77487ce" testId="624fe6a7-ad77-7100-5603-2e82da7c3608" testName="Should_Get_User_By_Id" computerName="LONMW86693" duration="00:00:00.5424709" startTime="2011-09-14T16:00:07.0404930+01:00" endTime="2011-09-14T16:00:07.5717600+01:00" testType="13cdc9d9-ddb5-4fa4-a97d-d965ccfc6d4b" outcome="Passed" testListId="8c84fa94-04c1-424b-9868-57a2d4851a1d" relativeResultsDirectory="d9aab90c-1662-4605-abcd-da82c77487ce">
      <Output>
        <StdOut>NHibernate: 
    select
        TOP (@p0) user0_.UserId as UserId29_,
        user0_.CreateUserId as CreateUs2_29_,
        user0_.CreateDate as CreateDate29_,
        user0_.UpdateUserId as UpdateUs4_29_,
        user0_.UpdateDate as UpdateDate29_,
        user0_.IsActive as IsActive29_,
        user0_.JobTitle as JobTitle29_,
        user0_.HasWorkflowEnabled as HasWorkf8_29_,
        user0_.CSRListVisibility as CSRListV9_29_,
        user0_.CanCSRBeCreatedForUser as CanCSRB10_29_,
        user0_.SalesForceId as SalesFo11_29_,
        user0_.BuildingNameScreen as Buildin12_29_,
        user0_.CostCentre as CostCentre29_,
        user0_.ECDEmployeeId as ECDEmpl14_29_,
        user0_.PersonId as PersonId29_,
        user0_.AssetClassRegionId as AssetCl16_29_ 
    from
        dbo.[User] user0_ 
    where
        user0_.IsActive=1 
        and user0_.UserId=@p1;
    @p0 = 1 [Type: Int32 (0)], @p1 = 1887819 [Type: Int32 (0)]
NHibernate: 
    SELECT
        logins0_.UserId as UserId1_,
        logins0_.UserLoginId as UserLogi1_1_,
        logins0_.UserLoginId as UserLogi1_28_0_,
        logins0_.CreateUserId as CreateUs2_28_0_,
        logins0_.CreateDate as CreateDate28_0_,
        logins0_.UpdateUserId as UpdateUs4_28_0_,
        logins0_.UpdateDate as UpdateDate28_0_,
        logins0_.UserName as UserName28_0_,
        logins0_.UserId as UserId28_0_ 
    FROM
        dbo.[UserLogin] logins0_ 
    WHERE
        logins0_.UserId=@p0;
    @p0 = 1887819 [Type: Int32 (0)]</StdOut>
      </Output>
    </UnitTestResult>
    <UnitTestResult executionId="6ad154cf-d94a-4526-8529-7b69c1b4c2fc" testId="62b84f88-a035-998a-f6d5-8e9f3ac1e994" testName="CanCorrectlyMapContactPhone" computerName="LONMW86693" duration="00:00:00.0120116" startTime="2011-09-14T16:00:07.5873855+01:00" endTime="2011-09-14T16:00:07.6030110+01:00" testType="13cdc9d9-ddb5-4fa4-a97d-d965ccfc6d4b" outcome="Passed" testListId="8c84fa94-04c1-424b-9868-57a2d4851a1d" relativeResultsDirectory="6ad154cf-d94a-4526-8529-7b69c1b4c2fc">
      <Output>
        <StdOut>NHibernate: 
    SELECT
        contactpho0_.ContactPhoneId as ContactP1_9_0_,
        contactpho0_.CreateUserId as CreateUs2_9_0_,
        contactpho0_.CreateDate as CreateDate9_0_,
        contactpho0_.UpdateUserId as UpdateUs4_9_0_,
        contactpho0_.UpdateDate as UpdateDate9_0_,
        contactpho0_.Number as Number9_0_,
        contactpho0_.IsPreferred as IsPrefer7_9_0_,
        contactpho0_.PhoneTypeId as PhoneTyp8_9_0_,
        contactpho0_.ContactId as ContactId9_0_ 
    FROM
        dbo.ContactPhone contactpho0_ 
    WHERE
        contactpho0_.ContactPhoneId=@p0;
    @p0 = 11150073 [Type: Int32 (0)]</StdOut>
      </Output>
    </UnitTestResult>
    <UnitTestResult executionId="6b672303-83df-4bbc-806b-700bf0d768b8" testId="646a9956-363b-8b33-cc7a-1149220910f0" testName="Can_create_contact" computerName="LONMW86693" duration="00:00:00.4080509" startTime="2011-09-14T16:00:07.6186365+01:00" endTime="2011-09-14T16:00:08.0248995+01:00" testType="13cdc9d9-ddb5-4fa4-a97d-d965ccfc6d4b" outcome="Passed" testListId="8c84fa94-04c1-424b-9868-57a2d4851a1d" relativeResultsDirectory="6b672303-83df-4bbc-806b-700bf0d768b8">
      <Output>
        <StdOut>NHibernate: 
    SELECT
        this_.PhoneTypeId as PhoneTyp1_152_0_,
        this_.CreateUserId as CreateUs2_152_0_,
        this_.CreateDate as CreateDate152_0_,
        this_.UpdateUserId as UpdateUs4_152_0_,
        this_.UpdateDate as UpdateDate152_0_,
        this_.Name as Name152_0_,
        this_.Description as Descript7_152_0_,
        this_.SortOrder as SortOrder152_0_ 
    FROM
        dbo.[PhoneType] this_ 
    WHERE
        (
            this_.PhoneTypeId = @p0
        );
    @p0 = 151 [Type: Int32 (0)]
NHibernate: 
    SELECT
        this_.EmailTypeId as EmailTyp1_149_0_,
        this_.CreateUserId as CreateUs2_149_0_,
        this_.CreateDate as CreateDate149_0_,
        this_.UpdateUserId as UpdateUs4_149_0_,
        this_.UpdateDate as UpdateDate149_0_,
        this_.Name as Name149_0_,
        this_.Description as Descript7_149_0_,
        this_.SortOrder as SortOrder149_0_ 
    FROM
        dbo.[EmailType] this_ 
    WHERE
        (
            this_.EmailTypeId = @p0
        );
    @p0 = 151 [Type: Int32 (0)]
NHibernate: 
    SELECT
        contactcre0_.ContactId as ContactId143_0_,
        contactcre0_.SDMId as SDMId143_0_ 
    FROM
        dbo.v_ContactClient contactcre0_ 
    WHERE
        contactcre0_.ContactId=@p0;
    @p0 = 10311275 [Type: Int32 (0)]
NHibernate: 
    SELECT
        clientaddr0_.ContactId as ContactId0_,
        clientaddr0_.AddressLine1 as AddressL2_0_,
        clientaddr0_.AddressLine2 as AddressL3_0_,
        clientaddr0_.AddressLine3 as AddressL4_0_,
        clientaddr0_.AddressLine4 as AddressL5_0_,
        clientaddr0_.City as City0_,
        clientaddr0_.County as County0_,
        clientaddr0_.CountryId as CountryId0_ 
    FROM
        dbo.v_ContactAddress clientaddr0_ 
    WHERE
        clientaddr0_.ContactId=@p0;
    @p0 = 10311275 [Type: Int32 (0)]
NHibernate: 
    SELECT
        country0_.CountryId as CountryId147_0_,
        country0_.ISO2 as ISO2_147_0_,
        country0_.CountryCode as CountryC3_147_0_,
        country0_.Name as Name147_0_,
        country0_.PrimaryCurrency as PrimaryC5_147_0_ 
    FROM
        dbo.[Country] country0_ 
    WHERE
        country0_.CountryId=@p0;
    @p0 = 1 [Type: Int32 (0)]
NHibernate: 
    SELECT
        contact0_.ContactId as ContactId40_0_,
        contact0_.CreateUserId as CreateUs2_40_0_,
        contact0_.CreateDate as CreateDate40_0_,
        contact0_.UpdateUserId as UpdateUs4_40_0_,
        contact0_.UpdateDate as UpdateDate40_0_,
        contact0_.JobTitle as JobTitle40_0_,
        contact0_.RoleDescription as RoleDesc7_40_0_,
        contact0_.ClientId as ClientId40_0_,
        contact0_.PersonId as PersonId40_0_ 
    FROM
        dbo.Contact contact0_ 
    WHERE
        contact0_.ContactId=@p0;
    @p0 = 10311275 [Type: Int32 (0)]</StdOut>
      </Output>
    </UnitTestResult>
    <UnitTestResult executionId="6a133614-4bb9-4ae1-bb9f-dd512208f62d" testId="6520c630-d885-29be-9ee1-ee80dcfd00bf" testName="When_tier_list_has_values_has_values_is_true" computerName="LONMW86693" duration="00:00:00.0058290" startTime="2011-09-14T16:00:08.0405250+01:00" endTime="2011-09-14T16:00:08.0405250+01:00" testType="13cdc9d9-ddb5-4fa4-a97d-d965ccfc6d4b" outcome="Passed" testListId="8c84fa94-04c1-424b-9868-57a2d4851a1d" relativeResultsDirectory="6a133614-4bb9-4ae1-bb9f-dd512208f62d">
      <Output>
        <StdOut>NHibernate: 
    SELECT
        this_.ClientPriorityListId as ClientPr1_16_0_,
        this_.SDMId as SDMId16_0_,
        this_.Description as Descript3_16_0_,
        this_.IsActive as IsActive16_0_,
        this_.ClientPriorityGroupId as ClientPr5_16_0_ 
    FROM
        dbo.ClientPriorityList this_ 
    WHERE
        this_.SDMId = @p0;
    @p0 = 2 [Type: Int64 (0)]
NHibernate: 
    SELECT
        (select
            case 
                when count(distinct t.ClientPriorityListId) = 0 then 0 
                else 1 
            end 
        from
            ClientPriorityTier t 
        where
            t.IsActive = 1 
            and t.ClientPriorityListId = tierlist_.ClientPriorityListId) as formula1_ 
    FROM
        dbo.ClientPriorityList tierlist_ 
    WHERE
        tierlist_.ClientPriorityListId=@p0;
    @p0 = 879 [Type: Int32 (0)]</StdOut>
      </Output>
    </UnitTestResult>
    <UnitTestResult executionId="db0adbd1-47c9-4813-b783-0ef3960fef65" testId="658fd4d9-2ac8-7311-0f88-646c9831de8d" testName="CanDeletePhoneNumbersFromUser" computerName="LONMW86693" duration="00:00:00.0246362" startTime="2011-09-14T16:00:08.0405250+01:00" endTime="2011-09-14T16:00:08.0717760+01:00" testType="13cdc9d9-ddb5-4fa4-a97d-d965ccfc6d4b" outcome="Passed" testListId="8c84fa94-04c1-424b-9868-57a2d4851a1d" relativeResultsDirectory="db0adbd1-47c9-4813-b783-0ef3960fef65">
      <Output>
        <StdOut>NHibernate: 
    SELECT
        user0_.UserId as UserId29_1_,
        user0_.CreateUserId as CreateUs2_29_1_,
        user0_.CreateDate as CreateDate29_1_,
        user0_.UpdateUserId as UpdateUs4_29_1_,
        user0_.UpdateDate as UpdateDate29_1_,
        user0_.IsActive as IsActive29_1_,
        user0_.JobTitle as JobTitle29_1_,
        user0_.HasWorkflowEnabled as HasWorkf8_29_1_,
        user0_.CSRListVisibility as CSRListV9_29_1_,
        user0_.CanCSRBeCreatedForUser as CanCSRB10_29_1_,
        user0_.SalesForceId as SalesFo11_29_1_,
        user0_.BuildingNameScreen as Buildin12_29_1_,
        user0_.CostCentre as CostCentre29_1_,
        user0_.ECDEmployeeId as ECDEmpl14_29_1_,
        user0_.PersonId as PersonId29_1_,
        user0_.AssetClassRegionId as AssetCl16_29_1_,
        person1_.PersonId as PersonId19_0_,
        person1_.CreateUserId as CreateUs2_19_0_,
        person1_.CreateDate as CreateDate19_0_,
        person1_.UpdateUserId as UpdateUs4_19_0_,
        person1_.UpdateDate as UpdateDate19_0_,
        person1_.Title as Title19_0_,
        person1_.FirstName as FirstName19_0_,
        person1_.IsActive as IsActive19_0_,
        person1_.MiddleName as MiddleName19_0_,
        person1_.LastName as LastName19_0_,
        person1_.DoNotContact as DoNotCo11_19_0_ 
    FROM
        dbo.[User] user0_ 
    left outer join
        dbo.[Person] person1_ 
            on user0_.PersonId=person1_.PersonId 
    WHERE
        user0_.UserId=@p0;
    @p0 = 1887820 [Type: Int32 (0)]
NHibernate: 
    SELECT
        phones0_.PersonId as PersonId1_,
        phones0_.PersonPhoneId as PersonPh1_1_,
        phones0_.PersonPhoneId as PersonPh1_20_0_,
        phones0_.CreateUserId as CreateUs2_20_0_,
        phones0_.CreateDate as CreateDate20_0_,
        phones0_.UpdateUserId as UpdateUs4_20_0_,
        phones0_.UpdateDate as UpdateDate20_0_,
        phones0_.Number as Number20_0_,
        phones0_.IsPreferred as IsPrefer7_20_0_,
        phones0_.Extension as Extension20_0_,
        phones0_.PhoneTypeId as PhoneTyp9_20_0_,
        phones0_.PersonId as PersonId20_0_ 
    FROM
        dbo.PersonPhone phones0_ 
    WHERE
        phones0_.PersonId=@p0;
    @p0 = 2191209 [Type: Int32 (0)]
NHibernate: 
    SELECT
        user0_.UserId as UserId29_1_,
        user0_.CreateUserId as CreateUs2_29_1_,
        user0_.CreateDate as CreateDate29_1_,
        user0_.UpdateUserId as UpdateUs4_29_1_,
        user0_.UpdateDate as UpdateDate29_1_,
        user0_.IsActive as IsActive29_1_,
        user0_.JobTitle as JobTitle29_1_,
        user0_.HasWorkflowEnabled as HasWorkf8_29_1_,
        user0_.CSRListVisibility as CSRListV9_29_1_,
        user0_.CanCSRBeCreatedForUser as CanCSRB10_29_1_,
        user0_.SalesForceId as SalesFo11_29_1_,
        user0_.BuildingNameScreen as Buildin12_29_1_,
        user0_.CostCentre as CostCentre29_1_,
        user0_.ECDEmployeeId as ECDEmpl14_29_1_,
        user0_.PersonId as PersonId29_1_,
        user0_.AssetClassRegionId as AssetCl16_29_1_,
        person1_.PersonId as PersonId19_0_,
        person1_.CreateUserId as CreateUs2_19_0_,
        person1_.CreateDate as CreateDate19_0_,
        person1_.UpdateUserId as UpdateUs4_19_0_,
        person1_.UpdateDate as UpdateDate19_0_,
        person1_.Title as Title19_0_,
        person1_.FirstName as FirstName19_0_,
        person1_.IsActive as IsActive19_0_,
        person1_.MiddleName as MiddleName19_0_,
        person1_.LastName as LastName19_0_,
        person1_.DoNotContact as DoNotCo11_19_0_ 
    FROM
        dbo.[User] user0_ 
    left outer join
        dbo.[Person] person1_ 
            on user0_.PersonId=person1_.PersonId 
    WHERE
        user0_.UserId=@p0;
    @p0 = 1887820 [Type: Int32 (0)]
NHibernate: 
    SELECT
        phones0_.PersonId as PersonId1_,
        phones0_.PersonPhoneId as PersonPh1_1_,
        phones0_.PersonPhoneId as PersonPh1_20_0_,
        phones0_.CreateUserId as CreateUs2_20_0_,
        phones0_.CreateDate as CreateDate20_0_,
        phones0_.UpdateUserId as UpdateUs4_20_0_,
        phones0_.UpdateDate as UpdateDate20_0_,
        phones0_.Number as Number20_0_,
        phones0_.IsPreferred as IsPrefer7_20_0_,
        phones0_.Extension as Extension20_0_,
        phones0_.PhoneTypeId as PhoneTyp9_20_0_,
        phones0_.PersonId as PersonId20_0_ 
    FROM
        dbo.PersonPhone phones0_ 
    WHERE
        phones0_.PersonId=@p0;
    @p0 = 2191209 [Type: Int32 (0)]</StdOut>
      </Output>
    </UnitTestResult>
    <UnitTestResult executionId="ef1f69bc-8c5f-4f24-84a7-c95a7ed669d1" testId="68e417f9-0412-4a60-7247-548a57f92fe0" testName="Should_throw_invalidoperationexception" computerName="LONMW86693" duration="00:00:00.0192489" startTime="2011-09-14T16:00:08.0717760+01:00" endTime="2011-09-14T16:00:08.1030270+01:00" testType="13cdc9d9-ddb5-4fa4-a97d-d965ccfc6d4b" outcome="Passed" testListId="8c84fa94-04c1-424b-9868-57a2d4851a1d" relativeResultsDirectory="ef1f69bc-8c5f-4f24-84a7-c95a7ed669d1">
    </UnitTestResult>
    <UnitTestResult executionId="eabaf31b-caa0-4985-8eb8-cb64a4b8929f" testId="696c9a5f-a1e3-6816-993e-90f2c4ab9ea9" testName="Should_match_person" computerName="LONMW86693" duration="00:00:00.0063024" startTime="2011-09-14T16:00:08.1030270+01:00" endTime="2011-09-14T16:00:08.1186525+01:00" testType="13cdc9d9-ddb5-4fa4-a97d-d965ccfc6d4b" outcome="Passed" testListId="8c84fa94-04c1-424b-9868-57a2d4851a1d" relativeResultsDirectory="eabaf31b-caa0-4985-8eb8-cb64a4b8929f">
    </UnitTestResult>
    <UnitTestResult executionId="190a7900-2c95-42ae-9de9-45db322d3bc9" testId="6a034c0c-98a0-e8f9-8684-289727af4530" testName="Should_pass_validation_when_all_preconditions_are_met" computerName="LONMW86693" duration="00:00:00.0001814" startTime="2011-09-14T16:00:08.1186525+01:00" endTime="2011-09-14T16:00:08.1186525+01:00" testType="13cdc9d9-ddb5-4fa4-a97d-d965ccfc6d4b" outcome="Passed" testListId="8c84fa94-04c1-424b-9868-57a2d4851a1d" relativeResultsDirectory="190a7900-2c95-42ae-9de9-45db322d3bc9">
    </UnitTestResult>
    <UnitTestResult executionId="a688f130-f279-46c6-81da-b247afe62c63" testId="6a349e19-789c-4ee8-a13b-7e17c23d39e8" testName="Can_create_client" computerName="LONMW86693" duration="00:00:00.1796136" startTime="2011-09-14T16:00:08.1342780+01:00" endTime="2011-09-14T16:00:08.3061585+01:00" testType="13cdc9d9-ddb5-4fa4-a97d-d965ccfc6d4b" outcome="Passed" testListId="8c84fa94-04c1-424b-9868-57a2d4851a1d" relativeResultsDirectory="a688f130-f279-46c6-81da-b247afe62c63">
      <Output>
        <StdOut>NHibernate: 
    SELECT
        this_.CommandVersionId as CommandV1_193_0_,
        this_.[Key] as column2_193_0_,
        this_.TypeName as TypeName193_0_,
        this_.VersionNumber as VersionN4_193_0_ 
    FROM
        dbo.CommandVersion this_ 
    WHERE
        (
            this_.TypeName = @p0 
            and this_.[Key] = @p1
        );
    @p0 = 'ConnectPlus.ClientContact.SDM.Services.Commands.SectorCommand' [Type: String (4000)], @p1 = '1' [Type: String (4000)]
NHibernate: 
    INSERT 
    INTO
        dbo.CommandVersion
        ([Key], TypeName, VersionNumber) 
    VALUES
        (@p0, @p1, @p2);
    select
        SCOPE_IDENTITY();
    @p0 = '1' [Type: String (4000)],
    @p1 = 'ConnectPlus.ClientContact.SDM.Services.Commands.SectorCommand' [Type: String (4000)],
    @p2 = 1 [Type: Int32 (0)]
NHibernate: 
    SELECT
        this_.ClientSectorId as ClientSe1_176_0_,
        this_.SDMId as SDMId176_0_,
        this_.Description as Descript3_176_0_,
        this_.IsActive as IsActive176_0_ 
    FROM
        dbo.[ClientSector] this_ 
    WHERE
        (
            this_.SDMId = @p0
        );
    @p0 = 1 [Type: Int64 (0)]
NHibernate: 
    SELECT
        this_.CommandVersionId as CommandV1_193_0_,
        this_.[Key] as column2_193_0_,
        this_.TypeName as TypeName193_0_,
        this_.VersionNumber as VersionN4_193_0_ 
    FROM
        dbo.CommandVersion this_ 
    WHERE
        (
            this_.TypeName = @p0 
            and this_.[Key] = @p1
        );
    @p0 = 'ConnectPlus.ClientContact.SDM.Services.Commands.SubsectorCommand' [Type: String (4000)], @p1 = '2' [Type: String (4000)]
NHibernate: 
    INSERT 
    INTO
        dbo.CommandVersion
        ([Key], TypeName, VersionNumber) 
    VALUES
        (@p0, @p1, @p2);
    select
        SCOPE_IDENTITY();
    @p0 = '2' [Type: String (4000)],
    @p1 = 'ConnectPlus.ClientContact.SDM.Services.Commands.SubsectorCommand' [Type: String (4000)],
    @p2 = 1 [Type: Int32 (0)]
NHibernate: 
    SELECT
        this_.ClientSubsectorId as ClientSu1_177_0_,
        this_.SDMId as SDMId177_0_,
        this_.Description as Descript3_177_0_,
        this_.ClientSectorId as ClientSe4_177_0_ 
    FROM
        dbo.[ClientSubsector] this_ 
    WHERE
        (
            this_.SDMId = @p0
        );
    @p0 = 2 [Type: Int64 (0)]
NHibernate: 
    SELECT
        this_.ClientSectorId as ClientSe1_176_0_,
        this_.SDMId as SDMId176_0_,
        this_.Description as Descript3_176_0_,
        this_.IsActive as IsActive176_0_ 
    FROM
        dbo.[ClientSector] this_ 
    WHERE
        (
            this_.SDMId = @p0
        );
    @p0 = 1 [Type: Int64 (0)]
NHibernate: 
    SELECT
        this_.CommandVersionId as CommandV1_193_0_,
        this_.[Key] as column2_193_0_,
        this_.TypeName as TypeName193_0_,
        this_.VersionNumber as VersionN4_193_0_ 
    FROM
        dbo.CommandVersion this_ 
    WHERE
        (
            this_.TypeName = @p0 
            and this_.[Key] = @p1
        );
    @p0 = 'ConnectPlus.ClientContact.SDM.Services.Commands.ClientCommand' [Type: String (4000)], @p1 = '6' [Type: String (4000)]
NHibernate: 
    INSERT 
    INTO
        dbo.CommandVersion
        ([Key], TypeName, VersionNumber) 
    VALUES
        (@p0, @p1, @p2);
    select
        SCOPE_IDENTITY();
    @p0 = '6' [Type: String (4000)],
    @p1 = 'ConnectPlus.ClientContact.SDM.Services.Commands.ClientCommand' [Type: String (4000)],
    @p2 = 1 [Type: Int32 (0)]
NHibernate: 
    SELECT
        this_.ClientId as ClientId188_0_,
        this_.SDMId as SDMId188_0_,
        this_.Name as Name188_0_,
        this_.CisCode as CisCode188_0_,
        this_.CountryId as CountryId188_0_,
        this_.ClientSubsectorId as ClientSu6_188_0_,
        this_.DefaultLevel as DefaultL7_188_0_,
        this_.ParentClientId as ParentCl8_188_0_ 
    FROM
        dbo.Client this_ 
    WHERE
        (
            this_.SDMId = @p0
        );
    @p0 = 6 [Type: Int64 (0)]
NHibernate: 
    SELECT
        this_.CountryId as CountryId182_0_,
        this_.ISO2 as ISO2_182_0_,
        this_.CountryCode as CountryC3_182_0_,
        this_.Name as Name182_0_,
        this_.PrimaryCurrency as PrimaryC5_182_0_ 
    FROM
        dbo.[Country] this_ 
    WHERE
        (
            this_.ISO2 = @p0
        );
    @p0 = 'GB' [Type: String (4000)]
NHibernate: 
    SELECT
        this_.ClientSubsectorId as ClientSu1_177_0_,
        this_.SDMId as SDMId177_0_,
        this_.Description as Descript3_177_0_,
        this_.ClientSectorId as ClientSe4_177_0_ 
    FROM
        dbo.[ClientSubsector] this_ 
    WHERE
        (
            this_.SDMId = @p0
        );
    @p0 = 2 [Type: Int64 (0)]
NHibernate: 
    SELECT
        this_.ClientId as ClientId48_0_,
        this_.SDMId as SDMId48_0_,
        this_.Name as Name48_0_,
        this_.CisCode as CisCode48_0_,
        this_.CountryId as CountryId48_0_,
        this_.ClientSubsectorId as ClientSu6_48_0_,
        this_.DefaultLevel as DefaultL7_48_0_,
        this_.ParentClientId as ParentCl8_48_0_ 
    FROM
        dbo.Client this_ 
    WHERE
        (
            this_.SDMId = @p0
        );
    @p0 = 6 [Type: Int64 (0)]</StdOut>
      </Output>
    </UnitTestResult>
    <UnitTestResult executionId="21552edf-697d-4771-8cec-e9866c417791" testId="6bca7304-b4dd-1064-323a-e0e93213403a" testName="Should_retrieve_the_client" computerName="LONMW86693" duration="00:00:00.0011723" startTime="2011-09-14T16:00:08.3217840+01:00" endTime="2011-09-14T16:00:08.3217840+01:00" testType="13cdc9d9-ddb5-4fa4-a97d-d965ccfc6d4b" outcome="Passed" testListId="8c84fa94-04c1-424b-9868-57a2d4851a1d" relativeResultsDirectory="21552edf-697d-4771-8cec-e9866c417791">
    </UnitTestResult>
    <UnitTestResult executionId="c0873154-66c2-416a-8863-77480c1f8ee7" testId="6beba4fd-9aad-87eb-545f-2cae158a1c36" testName="Should_sort_by_rank" computerName="LONMW86693" duration="00:00:00.0073442" startTime="2011-09-14T16:00:08.3374095+01:00" endTime="2011-09-14T16:00:08.3374095+01:00" testType="13cdc9d9-ddb5-4fa4-a97d-d965ccfc6d4b" outcome="Passed" testListId="8c84fa94-04c1-424b-9868-57a2d4851a1d" relativeResultsDirectory="c0873154-66c2-416a-8863-77480c1f8ee7">
    </UnitTestResult>
    <UnitTestResult executionId="2ae5d588-96bb-4881-a468-097966e39e90" testId="6bf6e7d3-5c0e-7a5f-dbaf-f763be3a9269" testName="Can_map_created_contact_event_contact" computerName="LONMW86693" duration="00:00:00.0137237" startTime="2011-09-14T16:00:08.3530350+01:00" endTime="2011-09-14T16:00:08.3686605+01:00" testType="13cdc9d9-ddb5-4fa4-a97d-d965ccfc6d4b" outcome="Passed" testListId="8c84fa94-04c1-424b-9868-57a2d4851a1d" relativeResultsDirectory="2ae5d588-96bb-4881-a468-097966e39e90">
      <Output>
        <StdOut>NHibernate: 
    SELECT
        emailtype0_.EmailTypeId as EmailTyp1_9_0_,
        emailtype0_.CreateUserId as CreateUs2_9_0_,
        emailtype0_.CreateDate as CreateDate9_0_,
        emailtype0_.UpdateUserId as UpdateUs4_9_0_,
        emailtype0_.UpdateDate as UpdateDate9_0_,
        emailtype0_.Name as Name9_0_,
        emailtype0_.Description as Descript7_9_0_,
        emailtype0_.SortOrder as SortOrder9_0_ 
    FROM
        dbo.[EmailType] emailtype0_ 
    WHERE
        emailtype0_.EmailTypeId=@p0;
    @p0 = 151 [Type: Int32 (0)]
NHibernate: 
    SELECT
        phonetype0_.PhoneTypeId as PhoneTyp1_12_0_,
        phonetype0_.CreateUserId as CreateUs2_12_0_,
        phonetype0_.CreateDate as CreateDate12_0_,
        phonetype0_.UpdateUserId as UpdateUs4_12_0_,
        phonetype0_.UpdateDate as UpdateDate12_0_,
        phonetype0_.Name as Name12_0_,
        phonetype0_.Description as Descript7_12_0_,
        phonetype0_.SortOrder as SortOrder12_0_ 
    FROM
        dbo.[PhoneType] phonetype0_ 
    WHERE
        phonetype0_.PhoneTypeId=@p0;
    @p0 = 151 [Type: Int32 (0)]
NHibernate: 
    SELECT
        contactcre0_.ContactId as ContactId3_0_,
        contactcre0_.SDMId as SDMId3_0_ 
    FROM
        dbo.v_ContactClient contactcre0_ 
    WHERE
        contactcre0_.ContactId=@p0;
    @p0 = 10311186 [Type: Int32 (0)]
NHibernate: 
    SELECT
        clientaddr0_.ContactId as ContactId0_,
        clientaddr0_.AddressLine1 as AddressL2_0_,
        clientaddr0_.AddressLine2 as AddressL3_0_,
        clientaddr0_.AddressLine3 as AddressL4_0_,
        clientaddr0_.AddressLine4 as AddressL5_0_,
        clientaddr0_.City as City0_,
        clientaddr0_.County as County0_,
        clientaddr0_.CountryId as CountryId0_ 
    FROM
        dbo.v_ContactAddress clientaddr0_ 
    WHERE
        clientaddr0_.ContactId=@p0;
    @p0 = 10311186 [Type: Int32 (0)]</StdOut>
      </Output>
    </UnitTestResult>
    <UnitTestResult executionId="22d533d7-fb4d-485a-a00d-5490d3526e80" testId="6cedc3fb-77d4-7459-7141-a3ec3c79fb3c" testName="Should_not_execute_the_resolved_processor" computerName="LONMW86693" duration="00:00:00.0069155" startTime="2011-09-14T16:00:08.3842860+01:00" endTime="2011-09-14T16:00:08.3842860+01:00" testType="13cdc9d9-ddb5-4fa4-a97d-d965ccfc6d4b" outcome="Passed" testListId="8c84fa94-04c1-424b-9868-57a2d4851a1d" relativeResultsDirectory="22d533d7-fb4d-485a-a00d-5490d3526e80">
      <Output>
        <StdOut>ConnectPlus.ClientContact.DataAccess.ExpiredRevisionException: Exception of type 'ConnectPlus.ClientContact.DataAccess.ExpiredRevisionException' was thrown.
   at Rhino.Mocks.Expectations.AbstractExpectation.ReturnOrThrow(IInvocation invocation, Object[] args)
   at Rhino.Mocks.Impl.StubReplayMockState.DoMethodCall(IInvocation invocation, MethodInfo method, Object[] args)
   at Rhino.Mocks.Impl.ReplayMockState.MethodCall(IInvocation invocation, MethodInfo method, Object[] args)
   at Rhino.Mocks.MockRepository.MethodCall(IInvocation invocation, Object proxy, MethodInfo method, Object[] args)
   at Rhino.Mocks.Impl.RhinoInterceptor.Intercept(IInvocation invocation)
   at Castle.DynamicProxy.AbstractInvocation.Proceed()
   at IRevisionServiceProxy67b1ac65399a4e3f83782d9110c8aec9.UpdateRevision[TKey](IAmVersioned`1 revision)
   at ConnectPlus.ClientContact.SDM.Services.Commands.Processors.SectorCommandProcessor.Execute(SectorCommand command) in C:\gitWorkspace\01.Dev\Source\Server\ConnectPlus.ClientContact.SDM.Services\Commands\Processors\SectorCommandProcessor.cs:line 50</StdOut>
      </Output>
    </UnitTestResult>
    <UnitTestResult executionId="3fb2738a-7576-4280-bc6c-4f41c6c2d3f8" testId="6cfd63a1-782e-dbab-32d8-69fd2146c042" testName="Should_require_description" computerName="LONMW86693" duration="00:00:00.0003450" startTime="2011-09-14T16:00:08.3842860+01:00" endTime="2011-09-14T16:00:08.3999115+01:00" testType="13cdc9d9-ddb5-4fa4-a97d-d965ccfc6d4b" outcome="Passed" testListId="8c84fa94-04c1-424b-9868-57a2d4851a1d" relativeResultsDirectory="3fb2738a-7576-4280-bc6c-4f41c6c2d3f8">
    </UnitTestResult>
    <UnitTestResult executionId="6f7d0c94-12f6-4c98-8964-85eb8a26d818" testId="6d5ad88a-b53e-35d0-a2a8-0a0acfdcd6dd" testName="Constructor_should_require_non_null_description" computerName="LONMW86693" duration="00:00:00.0002637" startTime="2011-09-14T16:00:08.3999115+01:00" endTime="2011-09-14T16:00:08.3999115+01:00" testType="13cdc9d9-ddb5-4fa4-a97d-d965ccfc6d4b" outcome="Passed" testListId="8c84fa94-04c1-424b-9868-57a2d4851a1d" relativeResultsDirectory="6f7d0c94-12f6-4c98-8964-85eb8a26d818">
    </UnitTestResult>
    <UnitTestResult executionId="c7e65609-37e4-4613-87c3-483c8aef0fdc" testId="6f50b0c2-c2b5-2185-9f5d-5c812097e863" testName="Should_retrieve_the_current_version" computerName="LONMW86693" duration="00:00:00.0006439" startTime="2011-09-14T16:00:08.4311625+01:00" endTime="2011-09-14T16:00:08.4311625+01:00" testType="13cdc9d9-ddb5-4fa4-a97d-d965ccfc6d4b" outcome="Passed" testListId="8c84fa94-04c1-424b-9868-57a2d4851a1d" relativeResultsDirectory="c7e65609-37e4-4613-87c3-483c8aef0fdc">
    </UnitTestResult>
    <UnitTestResult executionId="ffce09b2-eca8-42f6-9579-9083b9a2c1ee" testId="6f804130-1549-a4cd-65b7-4894bd33a6fe" testName="When_Search_Matches_FirstName_And_LastName_Should_Find" computerName="LONMW86693" duration="00:00:00.0051612" startTime="2011-09-14T16:00:08.4311625+01:00" endTime="2011-09-14T16:00:08.4311625+01:00" testType="13cdc9d9-ddb5-4fa4-a97d-d965ccfc6d4b" outcome="Passed" testListId="8c84fa94-04c1-424b-9868-57a2d4851a1d" relativeResultsDirectory="ffce09b2-eca8-42f6-9579-9083b9a2c1ee">
      <Output>
        <StdOut>NHibernate: 
    DECLARE @textSearch NVARCHAR(4000), @modSince DATETIME    SELECT
        @textSearch = @p0,
        @modSince = @p1    SELECT
            cc.ContactId as ContactId8_0_,
            cc.ClientName as ClientName8_0_,
            cc.ClientSalesForceId as ClientSa3_8_0_,
            cc.ClientSDMId as ClientSD4_8_0_,
            cc.FirstName as FirstName8_0_,
            cc.LastName as LastName8_0_,
            cc.Role as Role8_0_,
            cc.SalesForceId as SalesFor8_8_0_,
            cc.ClientTier as ClientTier8_0_,
            cc.AccountManagers as Account10_8_0_,
            cc.UserLastContactedDate as UserLas11_8_0_,
            cc.TeamLastContactedDate as TeamLas12_8_0_,
            cc.HasPendingCSR as HasPend13_8_0_,
            cc.UpdateDate as UpdateDate8_0_  
        FROM
            v_ContactSearch cs   
        JOIN
            CONTAINSTABLE(dbo.v_ContactSearch, Searchtext, @textSearch) t 
                ON cs.ContactId = t.[KEY]   
        JOIN
            v_ContactCard cc 
                on CS.ContactId = cc.ContactId     
        WHERE
            cs.IsActive = 1                
        ORDER BY
            cc.LastName;
    @p0 = '"John*" AND "Smith*"' [Type: String (4000)],
    @p1 = NULL [Type: DateTime (0)]</StdOut>
      </Output>
    </UnitTestResult>
    <UnitTestResult executionId="11928e6b-3019-4433-913a-4910d61a23f5" testId="70673a3e-8d03-9337-5f17-8d3dc4e43bd8" testName="Should_raise_contact_created_event" computerName="LONMW86693" duration="00:00:00.0047272" startTime="2011-09-14T16:00:08.4467880+01:00" endTime="2011-09-14T16:00:08.4467880+01:00" testType="13cdc9d9-ddb5-4fa4-a97d-d965ccfc6d4b" outcome="Passed" testListId="8c84fa94-04c1-424b-9868-57a2d4851a1d" relativeResultsDirectory="11928e6b-3019-4433-913a-4910d61a23f5">
    </UnitTestResult>
    <UnitTestResult executionId="34c63b09-4073-4038-a713-b740ac1e2831" testId="72348bb8-5f54-25d1-7ad7-a536d7a1a4a1" testName="Constructor_should_require_non_empty_description" computerName="LONMW86693" duration="00:00:00.0002995" startTime="2011-09-14T16:00:08.4467880+01:00" endTime="2011-09-14T16:00:08.4467880+01:00" testType="13cdc9d9-ddb5-4fa4-a97d-d965ccfc6d4b" outcome="Passed" testListId="8c84fa94-04c1-424b-9868-57a2d4851a1d" relativeResultsDirectory="34c63b09-4073-4038-a713-b740ac1e2831">
    </UnitTestResult>
    <UnitTestResult executionId="18df17dc-18a4-4612-b083-9cb1a4d094f3" testId="72739e58-472c-d668-56f4-4e1065c99143" testName="Should_update_the_tiers_description" computerName="LONMW86693" duration="00:00:00.0236488" startTime="2011-09-14T16:00:08.4624135+01:00" endTime="2011-09-14T16:00:08.4780390+01:00" testType="13cdc9d9-ddb5-4fa4-a97d-d965ccfc6d4b" outcome="Passed" testListId="8c84fa94-04c1-424b-9868-57a2d4851a1d" relativeResultsDirectory="18df17dc-18a4-4612-b083-9cb1a4d094f3">
    </UnitTestResult>
    <UnitTestResult executionId="2dd70a12-3731-4834-962f-ad442be3acbc" testId="729b98e9-7281-2b46-9cc5-4a1fed76b602" testName="Tiering_Information_Not_Attached_When_No_List_Preference" computerName="LONMW86693" duration="00:00:00.0022578" startTime="2011-09-14T16:00:08.4780390+01:00" endTime="2011-09-14T16:00:08.4936645+01:00" testType="13cdc9d9-ddb5-4fa4-a97d-d965ccfc6d4b" outcome="Passed" testListId="8c84fa94-04c1-424b-9868-57a2d4851a1d" relativeResultsDirectory="2dd70a12-3731-4834-962f-ad442be3acbc">
    </UnitTestResult>
    <UnitTestResult executionId="40deeabf-936b-4822-a384-0828a757ece8" testId="72fb7486-dc98-8b82-8aeb-47c9470841f5" testName="Should_require_name_less_than_201_chars" computerName="LONMW86693" duration="00:00:00.0003925" startTime="2011-09-14T16:00:08.4936645+01:00" endTime="2011-09-14T16:00:08.4936645+01:00" testType="13cdc9d9-ddb5-4fa4-a97d-d965ccfc6d4b" outcome="Passed" testListId="8c84fa94-04c1-424b-9868-57a2d4851a1d" relativeResultsDirectory="40deeabf-936b-4822-a384-0828a757ece8">
    </UnitTestResult>
    <UnitTestResult executionId="eb313079-aa31-4576-ac6e-d433eb80e15e" testId="73b48176-1fee-e264-54ad-7a701d4d108e" testName="Should_not_update_the_parent" computerName="LONMW86693" duration="00:00:00.0029736" startTime="2011-09-14T16:00:08.5092900+01:00" endTime="2011-09-14T16:00:08.5092900+01:00" testType="13cdc9d9-ddb5-4fa4-a97d-d965ccfc6d4b" outcome="Passed" testListId="8c84fa94-04c1-424b-9868-57a2d4851a1d" relativeResultsDirectory="eb313079-aa31-4576-ac6e-d433eb80e15e">
    </UnitTestResult>
    <UnitTestResult executionId="a5b3c74b-1d42-46f8-a33c-fa3d0ccefe3d" testId="75597cb9-3054-7f6f-0a28-ff4aa44355c1" testName="Should_check_if_the_subsector_exists" computerName="LONMW86693" duration="00:00:00.0031339" startTime="2011-09-14T16:00:08.5249155+01:00" endTime="2011-09-14T16:00:08.5249155+01:00" testType="13cdc9d9-ddb5-4fa4-a97d-d965ccfc6d4b" outcome="Passed" testListId="8c84fa94-04c1-424b-9868-57a2d4851a1d" relativeResultsDirectory="a5b3c74b-1d42-46f8-a33c-fa3d0ccefe3d">
    </UnitTestResult>
    <UnitTestResult executionId="cfdf536e-21b7-41bc-a31a-91f00f50ac25" testId="76c40776-33ef-44ac-8bdc-85a7b8eb6555" testName="Can_tier_client" computerName="LONMW86693" duration="00:00:00.1995469" startTime="2011-09-14T16:00:08.5405410+01:00" endTime="2011-09-14T16:00:08.7280470+01:00" testType="13cdc9d9-ddb5-4fa4-a97d-d965ccfc6d4b" outcome="Passed" testListId="8c84fa94-04c1-424b-9868-57a2d4851a1d" relativeResultsDirectory="cfdf536e-21b7-41bc-a31a-91f00f50ac25">
      <Output>
        <StdOut>NHibernate: 
    SELECT
        this_.CommandVersionId as CommandV1_228_0_,
        this_.[Key] as column2_228_0_,
        this_.TypeName as TypeName228_0_,
        this_.VersionNumber as VersionN4_228_0_ 
    FROM
        dbo.CommandVersion this_ 
    WHERE
        (
            this_.TypeName = @p0 
            and this_.[Key] = @p1
        );
    @p0 = 'ConnectPlus.ClientContact.SDM.Services.Commands.SectorCommand' [Type: String (4000)], @p1 = '1' [Type: String (4000)]
NHibernate: 
    INSERT 
    INTO
        dbo.CommandVersion
        ([Key], TypeName, VersionNumber) 
    VALUES
        (@p0, @p1, @p2);
    select
        SCOPE_IDENTITY();
    @p0 = '1' [Type: String (4000)],
    @p1 = 'ConnectPlus.ClientContact.SDM.Services.Commands.SectorCommand' [Type: String (4000)],
    @p2 = 1 [Type: Int32 (0)]
NHibernate: 
    SELECT
        this_.ClientSectorId as ClientSe1_211_0_,
        this_.SDMId as SDMId211_0_,
        this_.Description as Descript3_211_0_,
        this_.IsActive as IsActive211_0_ 
    FROM
        dbo.[ClientSector] this_ 
    WHERE
        (
            this_.SDMId = @p0
        );
    @p0 = 1 [Type: Int64 (0)]
NHibernate: 
    SELECT
        this_.CommandVersionId as CommandV1_228_0_,
        this_.[Key] as column2_228_0_,
        this_.TypeName as TypeName228_0_,
        this_.VersionNumber as VersionN4_228_0_ 
    FROM
        dbo.CommandVersion this_ 
    WHERE
        (
            this_.TypeName = @p0 
            and this_.[Key] = @p1
        );
    @p0 = 'ConnectPlus.ClientContact.SDM.Services.Commands.SubsectorCommand' [Type: String (4000)], @p1 = '2' [Type: String (4000)]
NHibernate: 
    INSERT 
    INTO
        dbo.CommandVersion
        ([Key], TypeName, VersionNumber) 
    VALUES
        (@p0, @p1, @p2);
    select
        SCOPE_IDENTITY();
    @p0 = '2' [Type: String (4000)],
    @p1 = 'ConnectPlus.ClientContact.SDM.Services.Commands.SubsectorCommand' [Type: String (4000)],
    @p2 = 1 [Type: Int32 (0)]
NHibernate: 
    SELECT
        this_.ClientSubsectorId as ClientSu1_212_0_,
        this_.SDMId as SDMId212_0_,
        this_.Description as Descript3_212_0_,
        this_.ClientSectorId as ClientSe4_212_0_ 
    FROM
        dbo.[ClientSubsector] this_ 
    WHERE
        (
            this_.SDMId = @p0
        );
    @p0 = 2 [Type: Int64 (0)]
NHibernate: 
    SELECT
        this_.ClientSectorId as ClientSe1_211_0_,
        this_.SDMId as SDMId211_0_,
        this_.Description as Descript3_211_0_,
        this_.IsActive as IsActive211_0_ 
    FROM
        dbo.[ClientSector] this_ 
    WHERE
        (
            this_.SDMId = @p0
        );
    @p0 = 1 [Type: Int64 (0)]
NHibernate: 
    SELECT
        this_.CommandVersionId as CommandV1_228_0_,
        this_.[Key] as column2_228_0_,
        this_.TypeName as TypeName228_0_,
        this_.VersionNumber as VersionN4_228_0_ 
    FROM
        dbo.CommandVersion this_ 
    WHERE
        (
            this_.TypeName = @p0 
            and this_.[Key] = @p1
        );
    @p0 = 'ConnectPlus.ClientContact.SDM.Services.Commands.ClientCommand' [Type: String (4000)], @p1 = '6' [Type: String (4000)]
NHibernate: 
    INSERT 
    INTO
        dbo.CommandVersion
        ([Key], TypeName, VersionNumber) 
    VALUES
        (@p0, @p1, @p2);
    select
        SCOPE_IDENTITY();
    @p0 = '6' [Type: String (4000)],
    @p1 = 'ConnectPlus.ClientContact.SDM.Services.Commands.ClientCommand' [Type: String (4000)],
    @p2 = 1 [Type: Int32 (0)]
NHibernate: 
    SELECT
        this_.ClientId as ClientId223_0_,
        this_.SDMId as SDMId223_0_,
        this_.Name as Name223_0_,
        this_.CisCode as CisCode223_0_,
        this_.CountryId as CountryId223_0_,
        this_.ClientSubsectorId as ClientSu6_223_0_,
        this_.DefaultLevel as DefaultL7_223_0_,
        this_.ParentClientId as ParentCl8_223_0_ 
    FROM
        dbo.Client this_ 
    WHERE
        (
            this_.SDMId = @p0
        );
    @p0 = 6 [Type: Int64 (0)]
NHibernate: 
    SELECT
        this_.CountryId as CountryId217_0_,
        this_.ISO2 as ISO2_217_0_,
        this_.CountryCode as CountryC3_217_0_,
        this_.Name as Name217_0_,
        this_.PrimaryCurrency as PrimaryC5_217_0_ 
    FROM
        dbo.[Country] this_ 
    WHERE
        (
            this_.ISO2 = @p0
        );
    @p0 = 'GB' [Type: String (4000)]
NHibernate: 
    SELECT
        this_.ClientSubsectorId as ClientSu1_212_0_,
        this_.SDMId as SDMId212_0_,
        this_.Description as Descript3_212_0_,
        this_.ClientSectorId as ClientSe4_212_0_ 
    FROM
        dbo.[ClientSubsector] this_ 
    WHERE
        (
            this_.SDMId = @p0
        );
    @p0 = 2 [Type: Int64 (0)]
NHibernate: 
    SELECT
        this_.CommandVersionId as CommandV1_228_0_,
        this_.[Key] as column2_228_0_,
        this_.TypeName as TypeName228_0_,
        this_.VersionNumber as VersionN4_228_0_ 
    FROM
        dbo.CommandVersion this_ 
    WHERE
        (
            this_.TypeName = @p0 
            and this_.[Key] = @p1
        );
    @p0 = 'ConnectPlus.ClientContact.SDM.Services.Commands.TierGroupCommand' [Type: String (4000)], @p1 = '3' [Type: String (4000)]
NHibernate: 
    INSERT 
    INTO
        dbo.CommandVersion
        ([Key], TypeName, VersionNumber) 
    VALUES
        (@p0, @p1, @p2);
    select
        SCOPE_IDENTITY();
    @p0 = '3' [Type: String (4000)],
    @p1 = 'ConnectPlus.ClientContact.SDM.Services.Commands.TierGroupCommand' [Type: String (4000)],
    @p2 = 1 [Type: Int32 (0)]
NHibernate: 
    SELECT
        this_.ClientPriorityGroupId as ClientPr1_225_0_,
        this_.SDMId as SDMId225_0_,
        this_.Description as Descript3_225_0_,
        this_.IsActive as IsActive225_0_ 
    FROM
        dbo.ClientPriorityGroup this_ 
    WHERE
        (
            this_.SDMId = @p0
        );
    @p0 = 3 [Type: Int64 (0)]
NHibernate: 
    SELECT
        this_.ClientPriorityListId as ClientPr1_226_0_,
        this_.SDMId as SDMId226_0_,
        this_.Description as Descript3_226_0_,
        this_.IsActive as IsActive226_0_,
        this_.ClientPriorityGroupId as ClientPr5_226_0_ 
    FROM
        dbo.ClientPriorityList this_ 
    WHERE
        (
            this_.SDMId = @p0
        );
    @p0 = 4 [Type: Int64 (0)]
NHibernate: 
    SELECT
        this_.ClientPriorityGroupId as ClientPr1_225_0_,
        this_.SDMId as SDMId225_0_,
        this_.Description as Descript3_225_0_,
        this_.IsActive as IsActive225_0_ 
    FROM
        dbo.ClientPriorityGroup this_ 
    WHERE
        (
            this_.SDMId = @p0
        );
    @p0 = 3 [Type: Int64 (0)]
NHibernate: 
    SELECT
        this_.ClientPriorityTierId as ClientPr1_227_0_,
        this_.SDMId as SDMId227_0_,
        this_.Description as Descript3_227_0_,
        this_.SortOrder as SortOrder227_0_,
        this_.IsActive as IsActive227_0_,
        this_.ClientPriorityListId as ClientPr6_227_0_ 
    FROM
        dbo.ClientPriorityTier this_ 
    WHERE
        (
            this_.SDMId = @p0
        );
    @p0 = 5 [Type: Int64 (0)]
NHibernate: 
    SELECT
        this_.ClientPriorityListId as ClientPr1_226_0_,
        this_.SDMId as SDMId226_0_,
        this_.Description as Descript3_226_0_,
        this_.IsActive as IsActive226_0_,
        this_.ClientPriorityGroupId as ClientPr5_226_0_ 
    FROM
        dbo.ClientPriorityList this_ 
    WHERE
        (
            this_.SDMId = @p0
        );
    @p0 = 4 [Type: Int64 (0)]
NHibernate: 
    SELECT
        this_.CommandVersionId as CommandV1_228_0_,
        this_.[Key] as column2_228_0_,
        this_.TypeName as TypeName228_0_,
        this_.VersionNumber as VersionN4_228_0_ 
    FROM
        dbo.CommandVersion this_ 
    WHERE
        (
            this_.TypeName = @p0 
            and this_.[Key] = @p1
        );
    @p0 = 'ConnectPlus.ClientContact.SDM.Services.Commands.ClientTierCommand' [Type: String (4000)], @p1 = '3' [Type: String (4000)]
NHibernate: 
    INSERT 
    INTO
        dbo.CommandVersion
        ([Key], TypeName, VersionNumber) 
    VALUES
        (@p0, @p1, @p2);
    select
        SCOPE_IDENTITY();
    @p0 = '3' [Type: String (4000)],
    @p1 = 'ConnectPlus.ClientContact.SDM.Services.Commands.ClientTierCommand' [Type: String (4000)],
    @p2 = 1 [Type: Int32 (0)]
NHibernate: 
    SELECT
        this_.ClientId as ClientId223_0_,
        this_.SDMId as SDMId223_0_,
        this_.Name as Name223_0_,
        this_.CisCode as CisCode223_0_,
        this_.CountryId as CountryId223_0_,
        this_.ClientSubsectorId as ClientSu6_223_0_,
        this_.DefaultLevel as DefaultL7_223_0_,
        this_.ParentClientId as ParentCl8_223_0_ 
    FROM
        dbo.Client this_ 
    WHERE
        (
            this_.SDMId = @p0
        );
    @p0 = 6 [Type: Int64 (0)]
NHibernate: 
    SELECT
        this_.ClientPriorityTierId as ClientPr1_227_0_,
        this_.SDMId as SDMId227_0_,
        this_.Description as Descript3_227_0_,
        this_.SortOrder as SortOrder227_0_,
        this_.IsActive as IsActive227_0_,
        this_.ClientPriorityListId as ClientPr6_227_0_ 
    FROM
        dbo.ClientPriorityTier this_ 
    WHERE
        (
            this_.SDMId = @p0
        );
    @p0 = 5 [Type: Int64 (0)]
NHibernate: 
    SELECT
        this_.ClientId as ClientId48_0_,
        this_.SDMId as SDMId48_0_,
        this_.Name as Name48_0_,
        this_.CisCode as CisCode48_0_,
        this_.CountryId as CountryId48_0_,
        this_.ClientSubsectorId as ClientSu6_48_0_,
        this_.DefaultLevel as DefaultL7_48_0_,
        this_.ParentClientId as ParentCl8_48_0_ 
    FROM
        dbo.Client this_ 
    WHERE
        (
            this_.SDMId = @p0
        );
    @p0 = 6 [Type: Int64 (0)]
NHibernate: 
    SELECT
        innertierv0_.ClientId as ClientId1_,
        innertierv0_.ClientPriorityTierId as ClientPr2_1_,
        tiervalue1_.ClientPriorityTierId as ClientPr1_52_0_,
        tiervalue1_.SDMId as SDMId52_0_,
        tiervalue1_.Description as Descript3_52_0_,
        tiervalue1_.SortOrder as SortOrder52_0_,
        tiervalue1_.IsActive as IsActive52_0_,
        tiervalue1_.ClientPriorityListId as ClientPr6_52_0_ 
    FROM
        dbo.ClientTier innertierv0_ 
    left outer join
        dbo.ClientPriorityTier tiervalue1_ 
            on innertierv0_.ClientPriorityTierId=tiervalue1_.ClientPriorityTierId 
    WHERE
        innertierv0_.ClientId=@p0;
    @p0 = 10063142 [Type: Int32 (0)]</StdOut>
      </Output>
    </UnitTestResult>
    <UnitTestResult executionId="17093f8a-1453-44ee-9fa7-f24dffe238b4" testId="76cc49d1-b996-3a88-b6d5-09d233c44b8a" testName="Should_check_if_the_client_exists" computerName="LONMW86693" duration="00:00:00.0017857" startTime="2011-09-14T16:00:08.7436725+01:00" endTime="2011-09-14T16:00:08.7436725+01:00" testType="13cdc9d9-ddb5-4fa4-a97d-d965ccfc6d4b" outcome="Passed" testListId="8c84fa94-04c1-424b-9868-57a2d4851a1d" relativeResultsDirectory="17093f8a-1453-44ee-9fa7-f24dffe238b4">
    </UnitTestResult>
    <UnitTestResult executionId="ddcf1397-b509-4693-98c0-d6b7a71642cb" testId="77612a5b-08a3-32e2-7bdc-79388f53e4ae" testName="Contacts_That_Are_Not_Tiered_Have_Untiered_Tiering_Information_Associated_With_Them" computerName="LONMW86693" duration="00:00:00.0036059" startTime="2011-09-14T16:00:08.7592980+01:00" endTime="2011-09-14T16:00:08.7592980+01:00" testType="13cdc9d9-ddb5-4fa4-a97d-d965ccfc6d4b" outcome="Passed" testListId="8c84fa94-04c1-424b-9868-57a2d4851a1d" relativeResultsDirectory="ddcf1397-b509-4693-98c0-d6b7a71642cb">
    </UnitTestResult>
    <UnitTestResult executionId="24a3fb48-d9a8-4429-afa0-ee2c49de2f2a" testId="796d4d2d-d32a-4698-0430-f7b707d59e6f" testName="Should_require_a_nonempty_description" computerName="LONMW86693" duration="00:00:00.0005131" startTime="2011-09-14T16:00:08.7749235+01:00" endTime="2011-09-14T16:00:08.7749235+01:00" testType="13cdc9d9-ddb5-4fa4-a97d-d965ccfc6d4b" outcome="Passed" testListId="8c84fa94-04c1-424b-9868-57a2d4851a1d" relativeResultsDirectory="24a3fb48-d9a8-4429-afa0-ee2c49de2f2a">
    </UnitTestResult>
    <UnitTestResult executionId="db328287-6737-40a9-9ba0-15d6f6c4cbca" testId="79a4a6ea-f93e-7170-7466-c193390af039" testName="Should_retrieve_the_phone_type" computerName="LONMW86693" duration="00:00:00.0048337" startTime="2011-09-14T16:00:08.7749235+01:00" endTime="2011-09-14T16:00:08.7905490+01:00" testType="13cdc9d9-ddb5-4fa4-a97d-d965ccfc6d4b" outcome="Passed" testListId="8c84fa94-04c1-424b-9868-57a2d4851a1d" relativeResultsDirectory="db328287-6737-40a9-9ba0-15d6f6c4cbca">
    </UnitTestResult>
    <UnitTestResult executionId="447ec988-490a-49d3-ab07-7256ef5c987c" testId="7a2ad241-3e8a-f2ca-b0a0-df8ea1ca924b" testName="When_Search_Matches_ClientName_Should_Find" computerName="LONMW86693" duration="00:00:00.7130601" startTime="2011-09-14T16:00:08.7905490+01:00" endTime="2011-09-14T16:00:09.5093220+01:00" testType="13cdc9d9-ddb5-4fa4-a97d-d965ccfc6d4b" outcome="Passed" testListId="8c84fa94-04c1-424b-9868-57a2d4851a1d" relativeResultsDirectory="447ec988-490a-49d3-ab07-7256ef5c987c">
      <Output>
        <StdOut>NHibernate: 
    DECLARE @textSearch NVARCHAR(4000), @modSince DATETIME    SELECT
        @textSearch = @p0,
        @modSince = @p1    SELECT
            cc.ContactId as ContactId8_0_,
            cc.ClientName as ClientName8_0_,
            cc.ClientSalesForceId as ClientSa3_8_0_,
            cc.ClientSDMId as ClientSD4_8_0_,
            cc.FirstName as FirstName8_0_,
            cc.LastName as LastName8_0_,
            cc.Role as Role8_0_,
            cc.SalesForceId as SalesFor8_8_0_,
            cc.ClientTier as ClientTier8_0_,
            cc.AccountManagers as Account10_8_0_,
            cc.UserLastContactedDate as UserLas11_8_0_,
            cc.TeamLastContactedDate as TeamLas12_8_0_,
            cc.HasPendingCSR as HasPend13_8_0_,
            cc.UpdateDate as UpdateDate8_0_  
        FROM
            v_ContactSearch cs   
        JOIN
            CONTAINSTABLE(dbo.v_ContactSearch, Searchtext, @textSearch) t 
                ON cs.ContactId = t.[KEY]   
        JOIN
            v_ContactCard cc 
                on CS.ContactId = cc.ContactId     
        WHERE
            cs.IsActive = 1                
        ORDER BY
            cc.LastName;
    @p0 = '"Bank*"' [Type: String (4000)],
    @p1 = NULL [Type: DateTime (0)]</StdOut>
      </Output>
    </UnitTestResult>
    <UnitTestResult executionId="c6c23a8f-1119-4454-a78e-9c7134ea4e99" testId="7ac3be72-d42d-f3d8-5872-fece10efe1af" testName="When_Search_And_Word_Is_Hyphenated" computerName="LONMW86693" duration="00:00:00.3751096" startTime="2011-09-14T16:00:09.5093220+01:00" endTime="2011-09-14T16:00:09.8843340+01:00" testType="13cdc9d9-ddb5-4fa4-a97d-d965ccfc6d4b" outcome="Passed" testListId="8c84fa94-04c1-424b-9868-57a2d4851a1d" relativeResultsDirectory="c6c23a8f-1119-4454-a78e-9c7134ea4e99">
      <Output>
        <StdOut>NHibernate: 
    DECLARE @textSearch NVARCHAR(4000), @modSince DATETIME    SELECT
        @textSearch = @p0,
        @modSince = @p2    SELECT
            cc.ContactId as ContactId8_0_,
            cc.ClientName as ClientName8_0_,
            cc.ClientSalesForceId as ClientSa3_8_0_,
            cc.ClientSDMId as ClientSD4_8_0_,
            cc.FirstName as FirstName8_0_,
            cc.LastName as LastName8_0_,
            cc.Role as Role8_0_,
            cc.SalesForceId as SalesFor8_8_0_,
            cc.ClientTier as ClientTier8_0_,
            cc.AccountManagers as Account10_8_0_,
            cc.UserLastContactedDate as UserLas11_8_0_,
            cc.TeamLastContactedDate as TeamLas12_8_0_,
            cc.HasPendingCSR as HasPend13_8_0_,
            cc.UpdateDate as UpdateDate8_0_  
        FROM
            v_ContactSearch cs   
        JOIN
            CONTAINSTABLE(dbo.v_ContactSearch, Searchtext, @textSearch) t 
                ON cs.ContactId = t.[KEY]   
        JOIN
            v_ContactCard cc 
                on CS.ContactId = cc.ContactId     
        WHERE
            cs.IsActive = 1       
            AND cs.ContainsSpecialWordBreakers = 1 
            AND EXISTS (
                SELECT
                    *                       
                FROM
                    dbo.f_Split(cs.SearchText,
                    ' ') w                       
                WHERE
                    w.SplitValue LIKE @p1
            )         
        ORDER BY
            cc.LastName;
    @p0 = '"m-s*"' [Type: String (4000)],
    @p1 = 'm%-s%' [Type: String (4000)],
    @p2 = NULL [Type: DateTime (0)]</StdOut>
      </Output>
    </UnitTestResult>
    <UnitTestResult executionId="78ca9edb-a598-4185-8c29-11770b0098f2" testId="7b6e5efd-31ff-0f8b-97b2-46119a8a2984" testName="Should_return_the_created_contacts_id" computerName="LONMW86693" duration="00:00:00.0027219" startTime="2011-09-14T16:00:09.8999595+01:00" endTime="2011-09-14T16:00:09.8999595+01:00" testType="13cdc9d9-ddb5-4fa4-a97d-d965ccfc6d4b" outcome="Passed" testListId="8c84fa94-04c1-424b-9868-57a2d4851a1d" relativeResultsDirectory="78ca9edb-a598-4185-8c29-11770b0098f2">
    </UnitTestResult>
    <UnitTestResult executionId="fdd4daa4-aefb-4166-a0f1-55faa87fc2f6" testId="7bc26258-83be-7dbd-a9d8-6b4d7cb77335" testName="Can_create_tier_value" computerName="LONMW86693" duration="00:00:00.1487875" startTime="2011-09-14T16:00:09.9155850+01:00" endTime="2011-09-14T16:00:10.0562145+01:00" testType="13cdc9d9-ddb5-4fa4-a97d-d965ccfc6d4b" outcome="Passed" testListId="8c84fa94-04c1-424b-9868-57a2d4851a1d" relativeResultsDirectory="fdd4daa4-aefb-4166-a0f1-55faa87fc2f6">
      <Output>
        <StdOut>NHibernate: 
    SELECT
        this_.CommandVersionId as CommandV1_263_0_,
        this_.[Key] as column2_263_0_,
        this_.TypeName as TypeName263_0_,
        this_.VersionNumber as VersionN4_263_0_ 
    FROM
        dbo.CommandVersion this_ 
    WHERE
        (
            this_.TypeName = @p0 
            and this_.[Key] = @p1
        );
    @p0 = 'ConnectPlus.ClientContact.SDM.Services.Commands.TierGroupCommand' [Type: String (4000)], @p1 = '3' [Type: String (4000)]
NHibernate: 
    INSERT 
    INTO
        dbo.CommandVersion
        ([Key], TypeName, VersionNumber) 
    VALUES
        (@p0, @p1, @p2);
    select
        SCOPE_IDENTITY();
    @p0 = '3' [Type: String (4000)],
    @p1 = 'ConnectPlus.ClientContact.SDM.Services.Commands.TierGroupCommand' [Type: String (4000)],
    @p2 = 1 [Type: Int32 (0)]
NHibernate: 
    SELECT
        this_.ClientPriorityGroupId as ClientPr1_260_0_,
        this_.SDMId as SDMId260_0_,
        this_.Description as Descript3_260_0_,
        this_.IsActive as IsActive260_0_ 
    FROM
        dbo.ClientPriorityGroup this_ 
    WHERE
        (
            this_.SDMId = @p0
        );
    @p0 = 3 [Type: Int64 (0)]
NHibernate: 
    SELECT
        this_.ClientPriorityListId as ClientPr1_261_0_,
        this_.SDMId as SDMId261_0_,
        this_.Description as Descript3_261_0_,
        this_.IsActive as IsActive261_0_,
        this_.ClientPriorityGroupId as ClientPr5_261_0_ 
    FROM
        dbo.ClientPriorityList this_ 
    WHERE
        (
            this_.SDMId = @p0
        );
    @p0 = 4 [Type: Int64 (0)]
NHibernate: 
    SELECT
        this_.ClientPriorityGroupId as ClientPr1_260_0_,
        this_.SDMId as SDMId260_0_,
        this_.Description as Descript3_260_0_,
        this_.IsActive as IsActive260_0_ 
    FROM
        dbo.ClientPriorityGroup this_ 
    WHERE
        (
            this_.SDMId = @p0
        );
    @p0 = 3 [Type: Int64 (0)]
NHibernate: 
    SELECT
        this_.ClientPriorityTierId as ClientPr1_262_0_,
        this_.SDMId as SDMId262_0_,
        this_.Description as Descript3_262_0_,
        this_.SortOrder as SortOrder262_0_,
        this_.IsActive as IsActive262_0_,
        this_.ClientPriorityListId as ClientPr6_262_0_ 
    FROM
        dbo.ClientPriorityTier this_ 
    WHERE
        (
            this_.SDMId = @p0
        );
    @p0 = 5 [Type: Int64 (0)]
NHibernate: 
    SELECT
        this_.ClientPriorityListId as ClientPr1_261_0_,
        this_.SDMId as SDMId261_0_,
        this_.Description as Descript3_261_0_,
        this_.IsActive as IsActive261_0_,
        this_.ClientPriorityGroupId as ClientPr5_261_0_ 
    FROM
        dbo.ClientPriorityList this_ 
    WHERE
        (
            this_.SDMId = @p0
        );
    @p0 = 4 [Type: Int64 (0)]
NHibernate: 
    SELECT
        this_.ClientPriorityTierId as ClientPr1_52_0_,
        this_.SDMId as SDMId52_0_,
        this_.Description as Descript3_52_0_,
        this_.SortOrder as SortOrder52_0_,
        this_.IsActive as IsActive52_0_,
        this_.ClientPriorityListId as ClientPr6_52_0_ 
    FROM
        dbo.ClientPriorityTier this_ 
    WHERE
        (
            this_.SDMId = @p0
        );
    @p0 = 5 [Type: Int64 (0)]</StdOut>
      </Output>
    </UnitTestResult>
    <UnitTestResult executionId="0c58d0f3-2ff5-4790-95e2-423afe45e4ea" testId="7be54144-daf8-708f-2283-450bfe7ad5ea" testName="It_shouldnt_do_anything" computerName="LONMW86693" duration="00:00:00.0006352" startTime="2011-09-14T16:00:10.0718400+01:00" endTime="2011-09-14T16:00:10.0718400+01:00" testType="13cdc9d9-ddb5-4fa4-a97d-d965ccfc6d4b" outcome="Passed" testListId="8c84fa94-04c1-424b-9868-57a2d4851a1d" relativeResultsDirectory="0c58d0f3-2ff5-4790-95e2-423afe45e4ea">
    </UnitTestResult>
    <UnitTestResult executionId="e77eaaa6-a037-46b7-a3d7-51d1458a3841" testId="7c3b7207-16a6-70d8-5fb7-8d7c0b6d8114" testName="Should_pass_validation_when_all_preconditions_are_met" computerName="LONMW86693" duration="00:00:00.0000993" startTime="2011-09-14T16:00:10.0718400+01:00" endTime="2011-09-14T16:00:10.0718400+01:00" testType="13cdc9d9-ddb5-4fa4-a97d-d965ccfc6d4b" outcome="Passed" testListId="8c84fa94-04c1-424b-9868-57a2d4851a1d" relativeResultsDirectory="e77eaaa6-a037-46b7-a3d7-51d1458a3841">
    </UnitTestResult>
    <UnitTestResult executionId="418ea9ee-58a5-489a-bafb-d319ebc9477b" testId="7c889577-b344-a4d3-ac4d-4b4c3f3978c2" testName="Should_require_description_shorter_than_256_chars" computerName="LONMW86693" duration="00:00:00.0004181" startTime="2011-09-14T16:00:10.0874655+01:00" endTime="2011-09-14T16:00:10.0874655+01:00" testType="13cdc9d9-ddb5-4fa4-a97d-d965ccfc6d4b" outcome="Passed" testListId="8c84fa94-04c1-424b-9868-57a2d4851a1d" relativeResultsDirectory="418ea9ee-58a5-489a-bafb-d319ebc9477b">
    </UnitTestResult>
    <UnitTestResult executionId="5c80b7ab-7c49-4cdf-8938-bd6c4bfcf116" testId="7d1f3d0f-5f7e-2f66-e99d-e0081b50f18a" testName="Can_find_user_by_logins" computerName="LONMW86693" duration="00:00:00.0063821" startTime="2011-09-14T16:00:10.1030910+01:00" endTime="2011-09-14T16:00:10.1030910+01:00" testType="13cdc9d9-ddb5-4fa4-a97d-d965ccfc6d4b" outcome="Passed" testListId="8c84fa94-04c1-424b-9868-57a2d4851a1d" relativeResultsDirectory="5c80b7ab-7c49-4cdf-8938-bd6c4bfcf116">
      <Output>
        <StdOut>NHibernate: 
    SELECT
        this_.UserId as UserId29_2_,
        this_.CreateUserId as CreateUs2_29_2_,
        this_.CreateDate as CreateDate29_2_,
        this_.UpdateUserId as UpdateUs4_29_2_,
        this_.UpdateDate as UpdateDate29_2_,
        this_.IsActive as IsActive29_2_,
        this_.JobTitle as JobTitle29_2_,
        this_.HasWorkflowEnabled as HasWorkf8_29_2_,
        this_.CSRListVisibility as CSRListV9_29_2_,
        this_.CanCSRBeCreatedForUser as CanCSRB10_29_2_,
        this_.SalesForceId as SalesFo11_29_2_,
        this_.BuildingNameScreen as Buildin12_29_2_,
        this_.CostCentre as CostCentre29_2_,
        this_.ECDEmployeeId as ECDEmpl14_29_2_,
        this_.PersonId as PersonId29_2_,
        this_.AssetClassRegionId as AssetCl16_29_2_,
        loginalias1_.UserLoginId as UserLogi1_28_0_,
        loginalias1_.CreateUserId as CreateUs2_28_0_,
        loginalias1_.CreateDate as CreateDate28_0_,
        loginalias1_.UpdateUserId as UpdateUs4_28_0_,
        loginalias1_.UpdateDate as UpdateDate28_0_,
        loginalias1_.UserName as UserName28_0_,
        loginalias1_.UserId as UserId28_0_,
        person4_.PersonId as PersonId19_1_,
        person4_.CreateUserId as CreateUs2_19_1_,
        person4_.CreateDate as CreateDate19_1_,
        person4_.UpdateUserId as UpdateUs4_19_1_,
        person4_.UpdateDate as UpdateDate19_1_,
        person4_.Title as Title19_1_,
        person4_.FirstName as FirstName19_1_,
        person4_.IsActive as IsActive19_1_,
        person4_.MiddleName as MiddleName19_1_,
        person4_.LastName as LastName19_1_,
        person4_.DoNotContact as DoNotCo11_19_1_ 
    FROM
        dbo.[User] this_ 
    inner join
        dbo.[UserLogin] loginalias1_ 
            on this_.UserId=loginalias1_.UserId 
    left outer join
        dbo.[Person] person4_ 
            on this_.PersonId=person4_.PersonId 
    WHERE
        loginalias1_.UserName in (
            @p0, @p1
        );
    ;
    @p0 = 'FrankBoff' [Type: String (4000)], @p1 = 'wagdog' [Type: String (4000)]</StdOut>
      </Output>
    </UnitTestResult>
    <UnitTestResult executionId="7dcbe5ac-17ce-46be-ab33-1ee7e02e5204" testId="7e3c535f-3e85-3007-c60e-880cd8e262a8" testName="Should_inactivate_the_Client" computerName="LONMW86693" duration="00:00:00.0009981" startTime="2011-09-14T16:00:10.1187165+01:00" endTime="2011-09-14T16:00:10.1343420+01:00" testType="13cdc9d9-ddb5-4fa4-a97d-d965ccfc6d4b" outcome="Passed" testListId="8c84fa94-04c1-424b-9868-57a2d4851a1d" relativeResultsDirectory="7dcbe5ac-17ce-46be-ab33-1ee7e02e5204">
    </UnitTestResult>
    <UnitTestResult executionId="ff53f2a8-b699-4552-9f1e-77fbfbedac5a" testId="7eed0702-6183-2da8-d77a-23151656013d" testName="CanCorrectlyMapPhoneType" computerName="LONMW86693" duration="00:00:00.0032860" startTime="2011-09-14T16:00:10.1343420+01:00" endTime="2011-09-14T16:00:10.1499675+01:00" testType="13cdc9d9-ddb5-4fa4-a97d-d965ccfc6d4b" outcome="Passed" testListId="8c84fa94-04c1-424b-9868-57a2d4851a1d" relativeResultsDirectory="ff53f2a8-b699-4552-9f1e-77fbfbedac5a">
      <Output>
        <StdOut>NHibernate: 
    SELECT
        phonetype0_.PhoneTypeId as PhoneTyp1_21_0_,
        phonetype0_.CreateUserId as CreateUs2_21_0_,
        phonetype0_.CreateDate as CreateDate21_0_,
        phonetype0_.UpdateUserId as UpdateUs4_21_0_,
        phonetype0_.UpdateDate as UpdateDate21_0_,
        phonetype0_.Name as Name21_0_,
        phonetype0_.Description as Descript7_21_0_,
        phonetype0_.SortOrder as SortOrder21_0_ 
    FROM
        dbo.[PhoneType] phonetype0_ 
    WHERE
        phonetype0_.PhoneTypeId=@p0;
    @p0 = 1415 [Type: Int32 (0)]</StdOut>
      </Output>
    </UnitTestResult>
    <UnitTestResult executionId="046f26ae-b6bb-453a-8501-70cc46d4dfbb" testId="7f88b677-908f-ffdc-f17f-7426fa08988c" testName="Should_create_an_upsert_command_processor" computerName="LONMW86693" duration="00:00:00.0003547" startTime="2011-09-14T16:00:10.1655930+01:00" endTime="2011-09-14T16:00:10.1655930+01:00" testType="13cdc9d9-ddb5-4fa4-a97d-d965ccfc6d4b" outcome="Passed" testListId="8c84fa94-04c1-424b-9868-57a2d4851a1d" relativeResultsDirectory="046f26ae-b6bb-453a-8501-70cc46d4dfbb">
    </UnitTestResult>
    <UnitTestResult executionId="acf7ee4d-35f0-4eda-9a8e-c7f9fd1944dc" testId="7fe08389-501f-fae8-92ad-42d4d2f7f107" testName="Should_throw_subsectornotfoundexception" computerName="LONMW86693" duration="00:00:00.0018524" startTime="2011-09-14T16:00:10.1812185+01:00" endTime="2011-09-14T16:00:10.1812185+01:00" testType="13cdc9d9-ddb5-4fa4-a97d-d965ccfc6d4b" outcome="Passed" testListId="8c84fa94-04c1-424b-9868-57a2d4851a1d" relativeResultsDirectory="acf7ee4d-35f0-4eda-9a8e-c7f9fd1944dc">
    </UnitTestResult>
    <UnitTestResult executionId="71faa39f-2287-4532-b19e-9cded9f92b99" testId="820f1eed-36f9-f5b7-2d1c-008bee5b8af5" testName="Should_not_allow_group_inactivation" computerName="LONMW86693" duration="00:00:00.0008805" startTime="2011-09-14T16:00:10.1968440+01:00" endTime="2011-09-14T16:00:10.1968440+01:00" testType="13cdc9d9-ddb5-4fa4-a97d-d965ccfc6d4b" outcome="Passed" testListId="8c84fa94-04c1-424b-9868-57a2d4851a1d" relativeResultsDirectory="71faa39f-2287-4532-b19e-9cded9f92b99">
    </UnitTestResult>
    <UnitTestResult executionId="8fa073f8-034a-40c3-8b1e-4d2fdf8f56ab" testId="82ba0583-e4ec-423f-2bfc-dfe21bf38a8e" testName="Normalises_numbers_local_name" computerName="LONMW86693" duration="00:00:00.0001845" startTime="2011-09-14T16:00:10.2124695+01:00" endTime="2011-09-14T16:00:10.2124695+01:00" testType="13cdc9d9-ddb5-4fa4-a97d-d965ccfc6d4b" outcome="Passed" testListId="8c84fa94-04c1-424b-9868-57a2d4851a1d" relativeResultsDirectory="8fa073f8-034a-40c3-8b1e-4d2fdf8f56ab">
    </UnitTestResult>
    <UnitTestResult executionId="47092991-0cb7-4dab-aa22-51763a6aa5b6" testId="82f3fa5f-9f25-0ab1-d461-08293a05c12f" testName="Can_map_tier_list" computerName="LONMW86693" duration="00:00:00.0136516" startTime="2011-09-14T16:00:10.2124695+01:00" endTime="2011-09-14T16:00:10.2280950+01:00" testType="13cdc9d9-ddb5-4fa4-a97d-d965ccfc6d4b" outcome="Passed" testListId="8c84fa94-04c1-424b-9868-57a2d4851a1d" relativeResultsDirectory="47092991-0cb7-4dab-aa22-51763a6aa5b6">
      <Output>
        <StdOut>NHibernate: 
    SELECT
        tierlist0_.ClientPriorityListId as ClientPr1_16_0_,
        tierlist0_.SDMId as SDMId16_0_,
        tierlist0_.Description as Descript3_16_0_,
        tierlist0_.IsActive as IsActive16_0_,
        tierlist0_.ClientPriorityGroupId as ClientPr5_16_0_ 
    FROM
        dbo.ClientPriorityList tierlist0_ 
    WHERE
        tierlist0_.ClientPriorityListId=@p0;
    @p0 = 880 [Type: Int32 (0)]
NHibernate: 
    SELECT
        tiergroup0_.ClientPriorityGroupId as ClientPr1_15_0_,
        tiergroup0_.SDMId as SDMId15_0_,
        tiergroup0_.Description as Descript3_15_0_,
        tiergroup0_.IsActive as IsActive15_0_ 
    FROM
        dbo.ClientPriorityGroup tiergroup0_ 
    WHERE
        tiergroup0_.ClientPriorityGroupId=@p0;
    @p0 = 880 [Type: Int32 (0)]
NHibernate: 
    SELECT
        (select
            case 
                when count(distinct t.ClientPriorityListId) = 0 then 0 
                else 1 
            end 
        from
            ClientPriorityTier t 
        where
            t.IsActive = 1 
            and t.ClientPriorityListId = tierlist_.ClientPriorityListId) as formula1_ 
    FROM
        dbo.ClientPriorityList tierlist_ 
    WHERE
        tierlist_.ClientPriorityListId=@p0;
    @p0 = 880 [Type: Int32 (0)]</StdOut>
      </Output>
    </UnitTestResult>
    <UnitTestResult executionId="cf73d306-0c59-478e-85a4-c02197875908" testId="837245f8-aa43-151a-592b-b1b9284dc494" testName="Can_map_sdmClient_with_no_parent" computerName="LONMW86693" duration="00:00:00.0060689" startTime="2011-09-14T16:00:10.2437205+01:00" endTime="2011-09-14T16:00:10.2593460+01:00" testType="13cdc9d9-ddb5-4fa4-a97d-d965ccfc6d4b" outcome="Passed" testListId="8c84fa94-04c1-424b-9868-57a2d4851a1d" relativeResultsDirectory="cf73d306-0c59-478e-85a4-c02197875908">
      <Output>
        <StdOut>NHibernate: 
    SELECT
        sdmclient0_.ClientId as ClientId13_0_,
        sdmclient0_.SDMId as SDMId13_0_,
        sdmclient0_.Name as Name13_0_,
        sdmclient0_.CisCode as CisCode13_0_,
        sdmclient0_.CountryId as CountryId13_0_,
        sdmclient0_.ClientSubsectorId as ClientSu6_13_0_,
        sdmclient0_.DefaultLevel as DefaultL7_13_0_,
        sdmclient0_.ParentClientId as ParentCl8_13_0_ 
    FROM
        dbo.Client sdmclient0_ 
    WHERE
        sdmclient0_.ClientId=@p0;
    @p0 = 10063056 [Type: Int32 (0)]
NHibernate: 
    SELECT
        country0_.CountryId as CountryId7_0_,
        country0_.ISO2 as ISO2_7_0_,
        country0_.CountryCode as CountryC3_7_0_,
        country0_.Name as Name7_0_,
        country0_.PrimaryCurrency as PrimaryC5_7_0_ 
    FROM
        dbo.[Country] country0_ 
    WHERE
        country0_.CountryId=@p0;
    @p0 = 2137 [Type: Int32 (0)]
NHibernate: 
    SELECT
        clientsubs0_.ClientSubsectorId as ClientSu1_2_0_,
        clientsubs0_.SDMId as SDMId2_0_,
        clientsubs0_.Description as Descript3_2_0_,
        clientsubs0_.ClientSectorId as ClientSe4_2_0_ 
    FROM
        dbo.[ClientSubsector] clientsubs0_ 
    WHERE
        clientsubs0_.ClientSubsectorId=@p0;
    @p0 = 1147 [Type: Int32 (0)]</StdOut>
      </Output>
    </UnitTestResult>
    <UnitTestResult executionId="e40b5b96-4e64-4814-9172-0e9e61dec71f" testId="840a17e2-3cbf-5e33-a07f-662acd7b4dbe" testName="Can_map_sdmClient_with_deleted_tiering_values" computerName="LONMW86693" duration="00:00:00.0216056" startTime="2011-09-14T16:00:10.2593460+01:00" endTime="2011-09-14T16:00:10.2905970+01:00" testType="13cdc9d9-ddb5-4fa4-a97d-d965ccfc6d4b" outcome="Passed" testListId="8c84fa94-04c1-424b-9868-57a2d4851a1d" relativeResultsDirectory="e40b5b96-4e64-4814-9172-0e9e61dec71f">
      <Output>
        <StdOut>NHibernate: 
    DELETE 
    FROM
        dbo.ClientTier 
    WHERE
        ClientId = @p0;
    @p0 = 10063057 [Type: Int32 (0)]
NHibernate: 
    SELECT
        this_.ClientId as ClientId13_0_,
        this_.SDMId as SDMId13_0_,
        this_.Name as Name13_0_,
        this_.CisCode as CisCode13_0_,
        this_.CountryId as CountryId13_0_,
        this_.ClientSubsectorId as ClientSu6_13_0_,
        this_.DefaultLevel as DefaultL7_13_0_,
        this_.ParentClientId as ParentCl8_13_0_ 
    FROM
        dbo.Client this_ 
    WHERE
        this_.SDMId = @p0;
    @p0 = 2 [Type: Int64 (0)]
NHibernate: 
    SELECT
        innertierv0_.ClientId as ClientId1_,
        innertierv0_.ClientPriorityTierId as ClientPr2_1_,
        tiervalue1_.ClientPriorityTierId as ClientPr1_17_0_,
        tiervalue1_.SDMId as SDMId17_0_,
        tiervalue1_.Description as Descript3_17_0_,
        tiervalue1_.SortOrder as SortOrder17_0_,
        tiervalue1_.IsActive as IsActive17_0_,
        tiervalue1_.ClientPriorityListId as ClientPr6_17_0_ 
    FROM
        dbo.ClientTier innertierv0_ 
    left outer join
        dbo.ClientPriorityTier tiervalue1_ 
            on innertierv0_.ClientPriorityTierId=tiervalue1_.ClientPriorityTierId 
    WHERE
        innertierv0_.ClientId=@p0;
    @p0 = 10063057 [Type: Int32 (0)]</StdOut>
      </Output>
    </UnitTestResult>
    <UnitTestResult executionId="4e667408-8933-4b99-b92a-7ee27c962814" testId="84421db4-c56f-3f3b-d998-cfca5ec3e710" testName="Should_set_the_isactive_flag_to_false" computerName="LONMW86693" duration="00:00:00.0004103" startTime="2011-09-14T16:00:10.2905970+01:00" endTime="2011-09-14T16:00:10.2905970+01:00" testType="13cdc9d9-ddb5-4fa4-a97d-d965ccfc6d4b" outcome="Passed" testListId="8c84fa94-04c1-424b-9868-57a2d4851a1d" relativeResultsDirectory="4e667408-8933-4b99-b92a-7ee27c962814">
    </UnitTestResult>
    <UnitTestResult executionId="e0bb49f8-284c-4fe3-a3af-95a0a2602259" testId="8477d00f-472c-921e-d1b1-02d3d3c93c30" testName="Should_retrieve_the_tier_value" computerName="LONMW86693" duration="00:00:00.0024295" startTime="2011-09-14T16:00:10.3062225+01:00" endTime="2011-09-14T16:00:10.3374735+01:00" testType="13cdc9d9-ddb5-4fa4-a97d-d965ccfc6d4b" outcome="Passed" testListId="8c84fa94-04c1-424b-9868-57a2d4851a1d" relativeResultsDirectory="e0bb49f8-284c-4fe3-a3af-95a0a2602259">
    </UnitTestResult>
    <UnitTestResult executionId="52b63e01-fa3d-4888-9667-ea20903ec65d" testId="84989b72-39ba-b83a-7af4-d121428d5f9f" testName="Should_create_an_upsert_command_processor" computerName="LONMW86693" duration="00:00:00.0004078" startTime="2011-09-14T16:00:10.3530990+01:00" endTime="2011-09-14T16:00:10.3530990+01:00" testType="13cdc9d9-ddb5-4fa4-a97d-d965ccfc6d4b" outcome="Passed" testListId="8c84fa94-04c1-424b-9868-57a2d4851a1d" relativeResultsDirectory="52b63e01-fa3d-4888-9667-ea20903ec65d">
    </UnitTestResult>
    <UnitTestResult executionId="33e0be44-922c-45cc-8090-ec9383e01e09" testId="8558744c-6407-68f9-2a4d-f807be6be016" testName="Should_require_first_name_under_50" computerName="LONMW86693" duration="00:00:00.0069114" startTime="2011-09-14T16:00:10.3530990+01:00" endTime="2011-09-14T16:00:10.3530990+01:00" testType="13cdc9d9-ddb5-4fa4-a97d-d965ccfc6d4b" outcome="Passed" testListId="8c84fa94-04c1-424b-9868-57a2d4851a1d" relativeResultsDirectory="33e0be44-922c-45cc-8090-ec9383e01e09">
    </UnitTestResult>
    <UnitTestResult executionId="1a255f8f-c0aa-4a68-a037-e370b2ff4010" testId="864dc740-ea03-d36f-8fae-2a8c47e8dd89" testName="If_Poller_Errors_Last_Poll_Time_Reset_And_Poll_Continues" computerName="LONMW86693" duration="00:00:04.0003332" startTime="2011-09-14T16:00:10.3687245+01:00" endTime="2011-09-14T16:00:14.3688525+01:00" testType="13cdc9d9-ddb5-4fa4-a97d-d965ccfc6d4b" outcome="Passed" testListId="8c84fa94-04c1-424b-9868-57a2d4851a1d" relativeResultsDirectory="1a255f8f-c0aa-4a68-a037-e370b2ff4010">
    </UnitTestResult>
    <UnitTestResult executionId="28a0b2de-b869-43f0-a019-ad02a6acd77a" testId="869d769b-7067-4079-7863-7d3024b08aeb" testName="When_GetUserByEcdId_ShouldReturn" computerName="LONMW86693" duration="00:00:00.2989705" startTime="2011-09-14T16:00:14.3844780+01:00" endTime="2011-09-14T16:00:14.6813625+01:00" testType="13cdc9d9-ddb5-4fa4-a97d-d965ccfc6d4b" outcome="Passed" testListId="8c84fa94-04c1-424b-9868-57a2d4851a1d" relativeResultsDirectory="28a0b2de-b869-43f0-a019-ad02a6acd77a">
      <Output>
        <StdOut>NHibernate: 
    SELECT
        this_.UserId as UserId29_1_,
        this_.CreateUserId as CreateUs2_29_1_,
        this_.CreateDate as CreateDate29_1_,
        this_.UpdateUserId as UpdateUs4_29_1_,
        this_.UpdateDate as UpdateDate29_1_,
        this_.IsActive as IsActive29_1_,
        this_.JobTitle as JobTitle29_1_,
        this_.HasWorkflowEnabled as HasWorkf8_29_1_,
        this_.CSRListVisibility as CSRListV9_29_1_,
        this_.CanCSRBeCreatedForUser as CanCSRB10_29_1_,
        this_.SalesForceId as SalesFo11_29_1_,
        this_.BuildingNameScreen as Buildin12_29_1_,
        this_.CostCentre as CostCentre29_1_,
        this_.ECDEmployeeId as ECDEmpl14_29_1_,
        this_.PersonId as PersonId29_1_,
        this_.AssetClassRegionId as AssetCl16_29_1_,
        person2_.PersonId as PersonId19_0_,
        person2_.CreateUserId as CreateUs2_19_0_,
        person2_.CreateDate as CreateDate19_0_,
        person2_.UpdateUserId as UpdateUs4_19_0_,
        person2_.UpdateDate as UpdateDate19_0_,
        person2_.Title as Title19_0_,
        person2_.FirstName as FirstName19_0_,
        person2_.IsActive as IsActive19_0_,
        person2_.MiddleName as MiddleName19_0_,
        person2_.LastName as LastName19_0_,
        person2_.DoNotContact as DoNotCo11_19_0_ 
    FROM
        dbo.[User] this_ 
    left outer join
        dbo.[Person] person2_ 
            on this_.PersonId=person2_.PersonId 
    WHERE
        this_.ECDEmployeeId = @p0;
    ;
    @p0 = '123456' [Type: String (4000)]</StdOut>
      </Output>
    </UnitTestResult>
    <UnitTestResult executionId="3403f503-46b5-43f0-a26e-69513fe1d857" testId="86d22862-3fe3-b1c6-26e4-e44092a48072" testName="Should_check_if_the_client_exists" computerName="LONMW86693" duration="00:00:00.0020338" startTime="2011-09-14T16:00:14.6969880+01:00" endTime="2011-09-14T16:00:14.6969880+01:00" testType="13cdc9d9-ddb5-4fa4-a97d-d965ccfc6d4b" outcome="Passed" testListId="8c84fa94-04c1-424b-9868-57a2d4851a1d" relativeResultsDirectory="3403f503-46b5-43f0-a26e-69513fe1d857">
    </UnitTestResult>
    <UnitTestResult executionId="a0ff459a-751a-4f4e-9a25-40b87a16e7d8" testId="883e3732-310c-6c18-dc86-7299e9d9a24f" testName="When_GetUserByUserName_ShouldReturn" computerName="LONMW86693" duration="00:00:00.0277338" startTime="2011-09-14T16:00:14.7126135+01:00" endTime="2011-09-14T16:00:14.7438645+01:00" testType="13cdc9d9-ddb5-4fa4-a97d-d965ccfc6d4b" outcome="Passed" testListId="8c84fa94-04c1-424b-9868-57a2d4851a1d" relativeResultsDirectory="a0ff459a-751a-4f4e-9a25-40b87a16e7d8">
      <Output>
        <StdOut>NHibernate: 
    select
        TOP (@p0) user1_.UserId as UserId29_,
        user1_.CreateUserId as CreateUs2_29_,
        user1_.CreateDate as CreateDate29_,
        user1_.UpdateUserId as UpdateUs4_29_,
        user1_.UpdateDate as UpdateDate29_,
        user1_.IsActive as IsActive29_,
        user1_.JobTitle as JobTitle29_,
        user1_.HasWorkflowEnabled as HasWorkf8_29_,
        user1_.CSRListVisibility as CSRListV9_29_,
        user1_.CanCSRBeCreatedForUser as CanCSRB10_29_,
        user1_.SalesForceId as SalesFo11_29_,
        user1_.BuildingNameScreen as Buildin12_29_,
        user1_.CostCentre as CostCentre29_,
        user1_.ECDEmployeeId as ECDEmpl14_29_,
        user1_.PersonId as PersonId29_,
        user1_.AssetClassRegionId as AssetCl16_29_ 
    from
        dbo.[UserLogin] userlogin0_ 
    left outer join
        dbo.[User] user1_ 
            on userlogin0_.UserId=user1_.UserId 
    where
        userlogin0_.UserName=@p1;
    @p0 = 1 [Type: Int32 (0)], @p1 = 'FrankBoff' [Type: String (4000)]</StdOut>
      </Output>
    </UnitTestResult>
    <UnitTestResult executionId="3ac5b65f-983d-4fe0-b68c-5d9fec4abe3f" testId="8a3162a3-df3a-ae10-f084-d1902c2c7d4f" testName="Tiering_Information_Not_Attached" computerName="LONMW86693" duration="00:00:00.0048424" startTime="2011-09-14T16:00:14.7438645+01:00" endTime="2011-09-14T16:00:14.7438645+01:00" testType="13cdc9d9-ddb5-4fa4-a97d-d965ccfc6d4b" outcome="Passed" testListId="8c84fa94-04c1-424b-9868-57a2d4851a1d" relativeResultsDirectory="3ac5b65f-983d-4fe0-b68c-5d9fec4abe3f">
    </UnitTestResult>
    <UnitTestResult executionId="ad0d21a5-4b89-4e3a-bef4-ebe622c1e413" testId="8ab28965-4f85-b0bf-95b0-08db53a0cbfc" testName="Should_inactivate_the_sector" computerName="LONMW86693" duration="00:00:00.0028320" startTime="2011-09-14T16:00:14.7594900+01:00" endTime="2011-09-14T16:00:14.7594900+01:00" testType="13cdc9d9-ddb5-4fa4-a97d-d965ccfc6d4b" outcome="Passed" testListId="8c84fa94-04c1-424b-9868-57a2d4851a1d" relativeResultsDirectory="ad0d21a5-4b89-4e3a-bef4-ebe622c1e413">
    </UnitTestResult>
    <UnitTestResult executionId="e0edd671-2484-4263-8b0b-38b3cdc71db4" testId="8c3d03b3-b01a-5019-8e7a-2d07edc2e698" testName="Should_execute_the_resolved_processor" computerName="LONMW86693" duration="00:00:00.0009767" startTime="2011-09-14T16:00:14.7751155+01:00" endTime="2011-09-14T16:00:14.7751155+01:00" testType="13cdc9d9-ddb5-4fa4-a97d-d965ccfc6d4b" outcome="Passed" testListId="8c84fa94-04c1-424b-9868-57a2d4851a1d" relativeResultsDirectory="e0edd671-2484-4263-8b0b-38b3cdc71db4">
    </UnitTestResult>
    <UnitTestResult executionId="0bed56c5-c6ff-496a-81bb-792915481354" testId="8c58c370-5e1e-caef-6c8e-a483f7254239" testName="Should_change_the_description_to_the_given_value" computerName="LONMW86693" duration="00:00:00.0001434" startTime="2011-09-14T16:00:14.7907410+01:00" endTime="2011-09-14T16:00:14.7907410+01:00" testType="13cdc9d9-ddb5-4fa4-a97d-d965ccfc6d4b" outcome="Passed" testListId="8c84fa94-04c1-424b-9868-57a2d4851a1d" relativeResultsDirectory="0bed56c5-c6ff-496a-81bb-792915481354">
    </UnitTestResult>
    <UnitTestResult executionId="7efe3058-4e49-45b8-ae52-a0fb9a570906" testId="8c8515df-8ca2-8894-ac12-d486e095df1b" testName="It_shouldnt_do_anything" computerName="LONMW86693" duration="00:00:00.0005637" startTime="2011-09-14T16:00:14.8063665+01:00" endTime="2011-09-14T16:00:14.8063665+01:00" testType="13cdc9d9-ddb5-4fa4-a97d-d965ccfc6d4b" outcome="Passed" testListId="8c84fa94-04c1-424b-9868-57a2d4851a1d" relativeResultsDirectory="7efe3058-4e49-45b8-ae52-a0fb9a570906">
    </UnitTestResult>
    <UnitTestResult executionId="17286d1f-c0c5-4e6e-88ed-7f47b8e024f1" testId="8da8f766-4759-e0f2-2172-570630ed3cf1" testName="Should_resolve_the_concrete_processor" computerName="LONMW86693" duration="00:00:00.0022903" startTime="2011-09-14T16:00:14.8063665+01:00" endTime="2011-09-14T16:00:14.8219920+01:00" testType="13cdc9d9-ddb5-4fa4-a97d-d965ccfc6d4b" outcome="Passed" testListId="8c84fa94-04c1-424b-9868-57a2d4851a1d" relativeResultsDirectory="17286d1f-c0c5-4e6e-88ed-7f47b8e024f1">
    </UnitTestResult>
    <UnitTestResult executionId="16bb7ae5-5768-4702-b83f-a572aa55de2c" testId="8df1524a-1a9d-9f2b-bd0b-15353c556a4d" testName="Constructor_should_require_non_empty_description" computerName="LONMW86693" duration="00:00:00.0003177" startTime="2011-09-14T16:00:14.8219920+01:00" endTime="2011-09-14T16:00:14.8219920+01:00" testType="13cdc9d9-ddb5-4fa4-a97d-d965ccfc6d4b" outcome="Passed" testListId="8c84fa94-04c1-424b-9868-57a2d4851a1d" relativeResultsDirectory="16bb7ae5-5768-4702-b83f-a572aa55de2c">
    </UnitTestResult>
    <UnitTestResult executionId="903eea74-3e92-4812-b96c-a8f3396bb851" testId="8f67a88b-481d-3fa3-8a5e-0aee30dc1d25" testName="Should_retrieve_the_client" computerName="LONMW86693" duration="00:00:00.0011217" startTime="2011-09-14T16:00:14.8376175+01:00" endTime="2011-09-14T16:00:14.8376175+01:00" testType="13cdc9d9-ddb5-4fa4-a97d-d965ccfc6d4b" outcome="Passed" testListId="8c84fa94-04c1-424b-9868-57a2d4851a1d" relativeResultsDirectory="903eea74-3e92-4812-b96c-a8f3396bb851">
    </UnitTestResult>
    <UnitTestResult executionId="a4725962-a02c-4fe4-b20c-b68d45014914" testId="91bcd40c-f291-da1b-c22f-ebcc479c3dc8" testName="Should_match_all_relevant" computerName="LONMW86693" duration="00:00:00.0087132" startTime="2011-09-14T16:00:14.8532430+01:00" endTime="2011-09-14T16:00:14.8532430+01:00" testType="13cdc9d9-ddb5-4fa4-a97d-d965ccfc6d4b" outcome="Passed" testListId="8c84fa94-04c1-424b-9868-57a2d4851a1d" relativeResultsDirectory="a4725962-a02c-4fe4-b20c-b68d45014914">
    </UnitTestResult>
    <UnitTestResult executionId="82bb013f-e7ae-487a-b3af-8524147f0e41" testId="91c88b1c-b98a-626c-85b3-dde38424be13" testName="Should_Get_User_By_UserName" computerName="LONMW86693" duration="00:00:00.0277709" startTime="2011-09-14T16:00:14.8532430+01:00" endTime="2011-09-14T16:00:14.8844940+01:00" testType="13cdc9d9-ddb5-4fa4-a97d-d965ccfc6d4b" outcome="Passed" testListId="8c84fa94-04c1-424b-9868-57a2d4851a1d" relativeResultsDirectory="82bb013f-e7ae-487a-b3af-8524147f0e41">
      <Output>
        <StdOut>NHibernate: 
    select
        TOP (@p0) user0_.UserId as UserId29_,
        user0_.CreateUserId as CreateUs2_29_,
        user0_.CreateDate as CreateDate29_,
        user0_.UpdateUserId as UpdateUs4_29_,
        user0_.UpdateDate as UpdateDate29_,
        user0_.IsActive as IsActive29_,
        user0_.JobTitle as JobTitle29_,
        user0_.HasWorkflowEnabled as HasWorkf8_29_,
        user0_.CSRListVisibility as CSRListV9_29_,
        user0_.CanCSRBeCreatedForUser as CanCSRB10_29_,
        user0_.SalesForceId as SalesFo11_29_,
        user0_.BuildingNameScreen as Buildin12_29_,
        user0_.CostCentre as CostCentre29_,
        user0_.ECDEmployeeId as ECDEmpl14_29_,
        user0_.PersonId as PersonId29_,
        user0_.AssetClassRegionId as AssetCl16_29_ 
    from
        dbo.[User] user0_ 
    where
        user0_.IsActive=1 
        and (
            exists (
                select
                    logins1_.UserLoginId 
                from
                    dbo.[UserLogin] logins1_ 
                where
                    user0_.UserId=logins1_.UserId 
                    and logins1_.UserName=@p1
            )
        );
    @p0 = 1 [Type: Int32 (0)], @p1 = '7787099fae8f40efa55d2c7479725cdb' [Type: String (4000)]</StdOut>
      </Output>
    </UnitTestResult>
    <UnitTestResult executionId="063c2f5d-121a-48a7-bbe0-3857d6cd388a" testId="91ecc707-13c2-4dae-8e5a-6bff99fcfe87" testName="Should_persist_the_reacted_tier_value" computerName="LONMW86693" duration="00:00:00.0033861" startTime="2011-09-14T16:00:14.9001195+01:00" endTime="2011-09-14T16:00:14.9001195+01:00" testType="13cdc9d9-ddb5-4fa4-a97d-d965ccfc6d4b" outcome="Passed" testListId="8c84fa94-04c1-424b-9868-57a2d4851a1d" relativeResultsDirectory="063c2f5d-121a-48a7-bbe0-3857d6cd388a">
    </UnitTestResult>
    <UnitTestResult executionId="9ab27813-fda3-4c16-b00d-9d15d1d76ba6" testId="92665085-b299-b48a-bc2c-1efda6032b04" testName="Should_throw_notsupportedexcetpion" computerName="LONMW86693" duration="00:00:00.0013439" startTime="2011-09-14T16:00:14.9157450+01:00" endTime="2011-09-14T16:00:14.9313705+01:00" testType="13cdc9d9-ddb5-4fa4-a97d-d965ccfc6d4b" outcome="Passed" testListId="8c84fa94-04c1-424b-9868-57a2d4851a1d" relativeResultsDirectory="9ab27813-fda3-4c16-b00d-9d15d1d76ba6">
    </UnitTestResult>
    <UnitTestResult executionId="1a42c4d0-7220-4e5a-9018-d0ccc223c20e" testId="9409edab-4685-7666-abb8-365a78c465bf" testName="Should_check_if_the_sector_exists" computerName="LONMW86693" duration="00:00:00.0010708" startTime="2011-09-14T16:00:14.9313705+01:00" endTime="2011-09-14T16:00:14.9469960+01:00" testType="13cdc9d9-ddb5-4fa4-a97d-d965ccfc6d4b" outcome="Passed" testListId="8c84fa94-04c1-424b-9868-57a2d4851a1d" relativeResultsDirectory="1a42c4d0-7220-4e5a-9018-d0ccc223c20e">
    </UnitTestResult>
    <UnitTestResult executionId="3650d3a2-4a6a-41f7-b99e-deed0cb22f11" testId="9413659e-2d18-9778-af38-dbdef1f07605" testName="Should_throw_invalidoperationexception" computerName="LONMW86693" duration="00:00:00.0012101" startTime="2011-09-14T16:00:14.9469960+01:00" endTime="2011-09-14T16:00:14.9469960+01:00" testType="13cdc9d9-ddb5-4fa4-a97d-d965ccfc6d4b" outcome="Passed" testListId="8c84fa94-04c1-424b-9868-57a2d4851a1d" relativeResultsDirectory="3650d3a2-4a6a-41f7-b99e-deed0cb22f11">
    </UnitTestResult>
    <UnitTestResult executionId="2fde3312-0bec-4e2a-864a-45536738158b" testId="9609b7f5-87b1-f9f9-e215-16c789eb842d" testName="Should_require_description_shorter_than_256_chars" computerName="LONMW86693" duration="00:00:00.0004387" startTime="2011-09-14T16:00:14.9469960+01:00" endTime="2011-09-14T16:00:14.9469960+01:00" testType="13cdc9d9-ddb5-4fa4-a97d-d965ccfc6d4b" outcome="Passed" testListId="8c84fa94-04c1-424b-9868-57a2d4851a1d" relativeResultsDirectory="2fde3312-0bec-4e2a-864a-45536738158b">
    </UnitTestResult>
    <UnitTestResult executionId="5c28fbef-37e5-49b2-8a42-15de00854c44" testId="9787e624-e070-723d-fd24-16e8ff0d8d0a" testName="Should_throw_notsupportedexcetpion" computerName="LONMW86693" duration="00:00:00.0005444" startTime="2011-09-14T16:00:14.9626215+01:00" endTime="2011-09-14T16:00:14.9626215+01:00" testType="13cdc9d9-ddb5-4fa4-a97d-d965ccfc6d4b" outcome="Passed" testListId="8c84fa94-04c1-424b-9868-57a2d4851a1d" relativeResultsDirectory="5c28fbef-37e5-49b2-8a42-15de00854c44">
    </UnitTestResult>
    <UnitTestResult executionId="4085bcbe-8b34-41ad-a30d-40160dccd652" testId="97e5e7d4-ac54-cebe-86b4-00d02e6561cd" testName="Ctor_should_require_non_null_addresses" computerName="LONMW86693" duration="00:00:00.0009984" startTime="2011-09-14T16:00:14.9782470+01:00" endTime="2011-09-14T16:00:14.9782470+01:00" testType="13cdc9d9-ddb5-4fa4-a97d-d965ccfc6d4b" outcome="Passed" testListId="8c84fa94-04c1-424b-9868-57a2d4851a1d" relativeResultsDirectory="4085bcbe-8b34-41ad-a30d-40160dccd652">
    </UnitTestResult>
    <UnitTestResult executionId="5195202e-5b2d-456d-a72a-ebcf1e1a02c0" testId="9884b188-ec55-3cc9-48ff-b672811aa47c" testName="Should_create_a_delete_command_processor" computerName="LONMW86693" duration="00:00:00.0003327" startTime="2011-09-14T16:00:15.0094980+01:00" endTime="2011-09-14T16:00:15.0094980+01:00" testType="13cdc9d9-ddb5-4fa4-a97d-d965ccfc6d4b" outcome="Passed" testListId="8c84fa94-04c1-424b-9868-57a2d4851a1d" relativeResultsDirectory="5195202e-5b2d-456d-a72a-ebcf1e1a02c0">
    </UnitTestResult>
    <UnitTestResult executionId="462a5ac4-607b-4d5b-8847-ec2ddf673a49" testId="98dd6185-24d5-2a62-cefd-f9aa656dc6ef" testName="Should_persist_the_subsector" computerName="LONMW86693" duration="00:00:00.0018839" startTime="2011-09-14T16:00:15.0094980+01:00" endTime="2011-09-14T16:00:15.0094980+01:00" testType="13cdc9d9-ddb5-4fa4-a97d-d965ccfc6d4b" outcome="Passed" testListId="8c84fa94-04c1-424b-9868-57a2d4851a1d" relativeResultsDirectory="462a5ac4-607b-4d5b-8847-ec2ddf673a49">
    </UnitTestResult>
    <UnitTestResult executionId="257fc9e3-e28b-4809-83b7-ce53aa236ee1" testId="98e96e67-f171-5357-aac3-6028cfc9ae79" testName="Query_Can_Execute" computerName="LONMW86693" duration="00:00:00.0097904" startTime="2011-09-14T16:00:15.0251235+01:00" endTime="2011-09-14T16:00:15.0251235+01:00" testType="13cdc9d9-ddb5-4fa4-a97d-d965ccfc6d4b" outcome="Passed" testListId="8c84fa94-04c1-424b-9868-57a2d4851a1d" relativeResultsDirectory="257fc9e3-e28b-4809-83b7-ce53aa236ee1">
      <Output>
        <StdOut>NHibernate: 
    SELECT
        this_.ClientContactListId as ClientCo1_2_0_,
        this_.CreateUserId as CreateUs2_2_0_,
        this_.CreateDate as CreateDate2_0_,
        this_.UpdateUserId as UpdateUs4_2_0_,
        this_.UpdateDate as UpdateDate2_0_,
        this_.Name as Name2_0_,
        this_.IsBusiness as IsBusiness2_0_,
        this_.OwnerUserId as OwnerUse8_2_0_,
        this_.ClientContactListTypeId as ClientCo9_2_0_ 
    FROM
        dbo.[ClientContactList] this_ 
    WHERE
        (
            this_.Name = @p0 
            and this_.OwnerUserId = @p1
        );
    ;
    @p0 = 'some list' [Type: String (4000)], @p1 = 1012 [Type: Int32 (0)]</StdOut>
      </Output>
    </UnitTestResult>
    <UnitTestResult executionId="f582cf3c-ea33-472a-9836-1682c6993b32" testId="98fe25ea-cf64-00c5-54a8-2d598c352399" testName="Should_inactivate_the_tier_group" computerName="LONMW86693" duration="00:00:00.0018920" startTime="2011-09-14T16:00:15.0251235+01:00" endTime="2011-09-14T16:00:15.0407490+01:00" testType="13cdc9d9-ddb5-4fa4-a97d-d965ccfc6d4b" outcome="Passed" testListId="8c84fa94-04c1-424b-9868-57a2d4851a1d" relativeResultsDirectory="f582cf3c-ea33-472a-9836-1682c6993b32">
    </UnitTestResult>
    <UnitTestResult executionId="4eaf6e6b-60ce-43b1-aa85-7f2b6f91d369" testId="9923c427-5e36-ca1e-af00-6b03d4330e17" testName="Should_create_an_upsert_command_processor" computerName="LONMW86693" duration="00:00:00.0003929" startTime="2011-09-14T16:00:15.0407490+01:00" endTime="2011-09-14T16:00:15.0563745+01:00" testType="13cdc9d9-ddb5-4fa4-a97d-d965ccfc6d4b" outcome="Passed" testListId="8c84fa94-04c1-424b-9868-57a2d4851a1d" relativeResultsDirectory="4eaf6e6b-60ce-43b1-aa85-7f2b6f91d369">
    </UnitTestResult>
    <UnitTestResult executionId="7a6f31e1-cc00-496a-b6da-f79754cfcbb0" testId="99352f3f-d9a1-a1b0-057e-b9721c1837c9" testName="Should_throw_notsupportedexception" computerName="LONMW86693" duration="00:00:00.0005563" startTime="2011-09-14T16:00:15.0563745+01:00" endTime="2011-09-14T16:00:15.0563745+01:00" testType="13cdc9d9-ddb5-4fa4-a97d-d965ccfc6d4b" outcome="Passed" testListId="8c84fa94-04c1-424b-9868-57a2d4851a1d" relativeResultsDirectory="7a6f31e1-cc00-496a-b6da-f79754cfcbb0">
    </UnitTestResult>
    <UnitTestResult executionId="841e3c30-535b-4d50-a41c-03c2f4d6a3e1" testId="9944c00d-3302-38b8-7a71-4814942dc19a" testName="Constructor_should_require_clientsaleshierarchy" computerName="LONMW86693" duration="00:00:00.0003848" startTime="2011-09-14T16:00:15.0563745+01:00" endTime="2011-09-14T16:00:15.0563745+01:00" testType="13cdc9d9-ddb5-4fa4-a97d-d965ccfc6d4b" outcome="Passed" testListId="8c84fa94-04c1-424b-9868-57a2d4851a1d" relativeResultsDirectory="841e3c30-535b-4d50-a41c-03c2f4d6a3e1">
    </UnitTestResult>
    <UnitTestResult executionId="16a615e5-da47-4b89-a919-c9f20b1c1454" testId="9959b482-d25f-bb10-e15e-e9223cf53a9d" testName="Should_require_tier_group_id" computerName="LONMW86693" duration="00:00:00.0003697" startTime="2011-09-14T16:00:15.0720000+01:00" endTime="2011-09-14T16:00:15.0720000+01:00" testType="13cdc9d9-ddb5-4fa4-a97d-d965ccfc6d4b" outcome="Passed" testListId="8c84fa94-04c1-424b-9868-57a2d4851a1d" relativeResultsDirectory="16a615e5-da47-4b89-a919-c9f20b1c1454">
    </UnitTestResult>
    <UnitTestResult executionId="e8182d73-7bfc-4e49-94bf-6fdbc5a36a69" testId="9963af05-4a0e-ccea-1f30-ddf79f637d89" testName="Normalises_with_multiple_TLD" computerName="LONMW86693" duration="00:00:00.0001832" startTime="2011-09-14T16:00:15.0720000+01:00" endTime="2011-09-14T16:00:15.0720000+01:00" testType="13cdc9d9-ddb5-4fa4-a97d-d965ccfc6d4b" outcome="Passed" testListId="8c84fa94-04c1-424b-9868-57a2d4851a1d" relativeResultsDirectory="e8182d73-7bfc-4e49-94bf-6fdbc5a36a69">
    </UnitTestResult>
    <UnitTestResult executionId="81eb23ca-fe31-4b57-9dd7-33efd3c2d5d2" testId="9ce2fff1-57bd-beee-e501-36642c31a881" testName="Should_return_the_created_contact" computerName="LONMW86693" duration="00:00:00.0043868" startTime="2011-09-14T16:00:15.0720000+01:00" endTime="2011-09-14T16:00:15.0876255+01:00" testType="13cdc9d9-ddb5-4fa4-a97d-d965ccfc6d4b" outcome="Passed" testListId="8c84fa94-04c1-424b-9868-57a2d4851a1d" relativeResultsDirectory="81eb23ca-fe31-4b57-9dd7-33efd3c2d5d2">
    </UnitTestResult>
    <UnitTestResult executionId="f09d5a4c-a733-43be-887d-6eeaaa5539b5" testId="9da17917-8ac8-0e96-0cfc-7587d8733916" testName="CanCorrectlyMapAddress" computerName="LONMW86693" duration="00:00:00.0406867" startTime="2011-09-14T16:00:15.0876255+01:00" endTime="2011-09-14T16:00:15.1188765+01:00" testType="13cdc9d9-ddb5-4fa4-a97d-d965ccfc6d4b" outcome="Passed" testListId="8c84fa94-04c1-424b-9868-57a2d4851a1d" relativeResultsDirectory="f09d5a4c-a733-43be-887d-6eeaaa5539b5">
      <Output>
        <StdOut>NHibernate: 
    select
        TOP (@p0) address0_.AddressId as AddressId0_,
        address0_.CreateUserId as CreateUs2_0_,
        address0_.CreateDate as CreateDate0_,
        address0_.UpdateUserId as UpdateUs4_0_,
        address0_.UpdateDate as UpdateDate0_,
        address0_.AddressLine1 as AddressL6_0_,
        address0_.AddressLine2 as AddressL7_0_,
        address0_.AddressLine3 as AddressL8_0_,
        address0_.AddressLine4 as AddressL9_0_,
        address0_.City as City0_,
        address0_.PostCode as PostCode0_,
        address0_.County as County0_,
        address0_.IsActive as IsActive0_,
        address0_.SalesForceId as SalesFo14_0_,
        address0_.CountryId as CountryId0_,
        address0_.ClientId as ClientId0_ 
    from
        dbo.Address address0_ 
    where
        address0_.AddressId=@p1;
    @p0 = 1 [Type: Int32 (0)], @p1 = 1326940 [Type: Int32 (0)]</StdOut>
      </Output>
    </UnitTestResult>
    <UnitTestResult executionId="15c59ea5-b966-45b3-bc4e-3a82d787140b" testId="9e631927-2b93-a70c-80a1-399cdb76276a" testName="CanCorrectlyMapClientContactListType" computerName="LONMW86693" duration="00:00:00.0116068" startTime="2011-09-14T16:00:15.1345020+01:00" endTime="2011-09-14T16:00:15.1345020+01:00" testType="13cdc9d9-ddb5-4fa4-a97d-d965ccfc6d4b" outcome="Passed" testListId="8c84fa94-04c1-424b-9868-57a2d4851a1d" relativeResultsDirectory="15c59ea5-b966-45b3-bc4e-3a82d787140b">
      <Output>
        <StdOut>NHibernate: 
    SELECT
        clientcont0_.ClientContactListTypeId as ClientCo1_4_0_,
        clientcont0_.CreateUserId as CreateUs2_4_0_,
        clientcont0_.CreateDate as CreateDate4_0_,
        clientcont0_.UpdateUserId as UpdateUs4_4_0_,
        clientcont0_.UpdateDate as UpdateDate4_0_,
        clientcont0_.Name as Name4_0_ 
    FROM
        dbo.[ClientContactListType] clientcont0_ 
    WHERE
        clientcont0_.ClientContactListTypeId=@p0;
    @p0 = 424 [Type: Int32 (0)]</StdOut>
      </Output>
    </UnitTestResult>
    <UnitTestResult executionId="9d8fb339-7717-4f1d-a363-2a6e04421b20" testId="9f34959c-efbe-8b2e-6b9d-f5599bb6b78b" testName="Can_map_person" computerName="LONMW86693" duration="00:00:00.0220040" startTime="2011-09-14T16:00:15.1501275+01:00" endTime="2011-09-14T16:00:15.1813785+01:00" testType="13cdc9d9-ddb5-4fa4-a97d-d965ccfc6d4b" outcome="Passed" testListId="8c84fa94-04c1-424b-9868-57a2d4851a1d" relativeResultsDirectory="9d8fb339-7717-4f1d-a363-2a6e04421b20">
      <Output>
        <StdOut>NHibernate: 
    SELECT
        person0_.PersonId as PersonId10_0_,
        person0_.CreateUserId as CreateUs2_10_0_,
        person0_.CreateDate as CreateDate10_0_,
        person0_.UpdateUserId as UpdateUs4_10_0_,
        person0_.UpdateDate as UpdateDate10_0_,
        person0_.Title as Title10_0_,
        person0_.FirstName as FirstName10_0_,
        person0_.MiddleName as MiddleName10_0_,
        person0_.Lastname as Lastname10_0_,
        person0_.IsUSCitizen as IsUSCit10_10_0_ 
    FROM
        dbo.Person person0_ 
    WHERE
        person0_.PersonId=@p0;
    @p0 = 2190938 [Type: Int32 (0)]</StdOut>
      </Output>
    </UnitTestResult>
    <UnitTestResult executionId="315216f6-9fe8-4df9-a30e-bab51f3b95b0" testId="a02f94c3-fe6b-262e-8fe6-4e00359466b2" testName="When_Changes_Requested_After_Poll_Period_Poll_Is_Kicked_Off" computerName="LONMW86693" duration="00:00:01.9998368" startTime="2011-09-14T16:00:15.1813785+01:00" endTime="2011-09-14T16:00:17.1814425+01:00" testType="13cdc9d9-ddb5-4fa4-a97d-d965ccfc6d4b" outcome="Passed" testListId="8c84fa94-04c1-424b-9868-57a2d4851a1d" relativeResultsDirectory="315216f6-9fe8-4df9-a30e-bab51f3b95b0">
    </UnitTestResult>
    <UnitTestResult executionId="935be303-31e0-4a32-9367-ae3d50874e01" testId="a04e8dfb-81e2-eb1f-cbcb-0a1e54355404" testName="Should_update_the_subsectors_description" computerName="LONMW86693" duration="00:00:00.0209975" startTime="2011-09-14T16:00:17.1970680+01:00" endTime="2011-09-14T16:00:17.2126935+01:00" testType="13cdc9d9-ddb5-4fa4-a97d-d965ccfc6d4b" outcome="Passed" testListId="8c84fa94-04c1-424b-9868-57a2d4851a1d" relativeResultsDirectory="935be303-31e0-4a32-9367-ae3d50874e01">
    </UnitTestResult>
    <UnitTestResult executionId="b05dbfca-02e6-4d37-96f7-4298d2a951be" testId="a12f90d0-23ef-e0b0-26d2-1b06fdc8c300" testName="Should_update_the_clients_country" computerName="LONMW86693" duration="00:00:00.0021946" startTime="2011-09-14T16:00:17.2126935+01:00" endTime="2011-09-14T16:00:17.2283190+01:00" testType="13cdc9d9-ddb5-4fa4-a97d-d965ccfc6d4b" outcome="Passed" testListId="8c84fa94-04c1-424b-9868-57a2d4851a1d" relativeResultsDirectory="b05dbfca-02e6-4d37-96f7-4298d2a951be">
    </UnitTestResult>
    <UnitTestResult executionId="2f7d97cf-e0c3-4ab1-9d69-e2cfd33615b0" testId="a30e29d2-e6f9-faae-4bcd-f679dbaab158" testName="CanCorrectlyMapEmailType" computerName="LONMW86693" duration="00:00:00.0040642" startTime="2011-09-14T16:00:17.2283190+01:00" endTime="2011-09-14T16:00:17.2283190+01:00" testType="13cdc9d9-ddb5-4fa4-a97d-d965ccfc6d4b" outcome="Passed" testListId="8c84fa94-04c1-424b-9868-57a2d4851a1d" relativeResultsDirectory="2f7d97cf-e0c3-4ab1-9d69-e2cfd33615b0">
      <Output>
        <StdOut>NHibernate: 
    SELECT
        emailtype0_.EmailTypeId as EmailTyp1_17_0_,
        emailtype0_.CreateUserId as CreateUs2_17_0_,
        emailtype0_.CreateDate as CreateDate17_0_,
        emailtype0_.UpdateUserId as UpdateUs4_17_0_,
        emailtype0_.UpdateDate as UpdateDate17_0_,
        emailtype0_.Name as Name17_0_,
        emailtype0_.Description as Descript7_17_0_,
        emailtype0_.SortOrder as SortOrder17_0_ 
    FROM
        dbo.[EmailType] emailtype0_ 
    WHERE
        emailtype0_.EmailTypeId=@p0;
    @p0 = 1415 [Type: Int32 (0)]</StdOut>
      </Output>
    </UnitTestResult>
    <UnitTestResult executionId="e758ad82-6a7c-4a90-90c8-d011ea71e2b1" testId="a619cf25-a4ba-4486-1ddb-d19b818f9e7d" testName="Should_require_description_shorter_than_256_chars" computerName="LONMW86693" duration="00:00:00.0004315" startTime="2011-09-14T16:00:17.2439445+01:00" endTime="2011-09-14T16:00:17.2439445+01:00" testType="13cdc9d9-ddb5-4fa4-a97d-d965ccfc6d4b" outcome="Passed" testListId="8c84fa94-04c1-424b-9868-57a2d4851a1d" relativeResultsDirectory="e758ad82-6a7c-4a90-90c8-d011ea71e2b1">
    </UnitTestResult>
    <UnitTestResult executionId="b1de0629-93dc-4bfe-a83f-2133604d521f" testId="a674ba5c-af39-5663-d8ec-d75ed51d813b" testName="Can_create_client_with_invalid_country" computerName="LONMW86693" duration="00:00:00.1888623" startTime="2011-09-14T16:00:17.2595700+01:00" endTime="2011-09-14T16:00:17.4470760+01:00" testType="13cdc9d9-ddb5-4fa4-a97d-d965ccfc6d4b" outcome="Passed" testListId="8c84fa94-04c1-424b-9868-57a2d4851a1d" relativeResultsDirectory="b1de0629-93dc-4bfe-a83f-2133604d521f">
      <Output>
        <StdOut>NHibernate: 
    SELECT
        this_.CommandVersionId as CommandV1_298_0_,
        this_.[Key] as column2_298_0_,
        this_.TypeName as TypeName298_0_,
        this_.VersionNumber as VersionN4_298_0_ 
    FROM
        dbo.CommandVersion this_ 
    WHERE
        (
            this_.TypeName = @p0 
            and this_.[Key] = @p1
        );
    @p0 = 'ConnectPlus.ClientContact.SDM.Services.Commands.SectorCommand' [Type: String (4000)], @p1 = '1' [Type: String (4000)]
NHibernate: 
    INSERT 
    INTO
        dbo.CommandVersion
        ([Key], TypeName, VersionNumber) 
    VALUES
        (@p0, @p1, @p2);
    select
        SCOPE_IDENTITY();
    @p0 = '1' [Type: String (4000)],
    @p1 = 'ConnectPlus.ClientContact.SDM.Services.Commands.SectorCommand' [Type: String (4000)],
    @p2 = 1 [Type: Int32 (0)]
NHibernate: 
    SELECT
        this_.ClientSectorId as ClientSe1_281_0_,
        this_.SDMId as SDMId281_0_,
        this_.Description as Descript3_281_0_,
        this_.IsActive as IsActive281_0_ 
    FROM
        dbo.[ClientSector] this_ 
    WHERE
        (
            this_.SDMId = @p0
        );
    @p0 = 1 [Type: Int64 (0)]
NHibernate: 
    SELECT
        this_.CommandVersionId as CommandV1_298_0_,
        this_.[Key] as column2_298_0_,
        this_.TypeName as TypeName298_0_,
        this_.VersionNumber as VersionN4_298_0_ 
    FROM
        dbo.CommandVersion this_ 
    WHERE
        (
            this_.TypeName = @p0 
            and this_.[Key] = @p1
        );
    @p0 = 'ConnectPlus.ClientContact.SDM.Services.Commands.SubsectorCommand' [Type: String (4000)], @p1 = '2' [Type: String (4000)]
NHibernate: 
    INSERT 
    INTO
        dbo.CommandVersion
        ([Key], TypeName, VersionNumber) 
    VALUES
        (@p0, @p1, @p2);
    select
        SCOPE_IDENTITY();
    @p0 = '2' [Type: String (4000)],
    @p1 = 'ConnectPlus.ClientContact.SDM.Services.Commands.SubsectorCommand' [Type: String (4000)],
    @p2 = 1 [Type: Int32 (0)]
NHibernate: 
    SELECT
        this_.ClientSubsectorId as ClientSu1_282_0_,
        this_.SDMId as SDMId282_0_,
        this_.Description as Descript3_282_0_,
        this_.ClientSectorId as ClientSe4_282_0_ 
    FROM
        dbo.[ClientSubsector] this_ 
    WHERE
        (
            this_.SDMId = @p0
        );
    @p0 = 2 [Type: Int64 (0)]
NHibernate: 
    SELECT
        this_.ClientSectorId as ClientSe1_281_0_,
        this_.SDMId as SDMId281_0_,
        this_.Description as Descript3_281_0_,
        this_.IsActive as IsActive281_0_ 
    FROM
        dbo.[ClientSector] this_ 
    WHERE
        (
            this_.SDMId = @p0
        );
    @p0 = 1 [Type: Int64 (0)]
NHibernate: 
    SELECT
        this_.CommandVersionId as CommandV1_298_0_,
        this_.[Key] as column2_298_0_,
        this_.TypeName as TypeName298_0_,
        this_.VersionNumber as VersionN4_298_0_ 
    FROM
        dbo.CommandVersion this_ 
    WHERE
        (
            this_.TypeName = @p0 
            and this_.[Key] = @p1
        );
    @p0 = 'ConnectPlus.ClientContact.SDM.Services.Commands.ClientCommand' [Type: String (4000)], @p1 = '6' [Type: String (4000)]
NHibernate: 
    INSERT 
    INTO
        dbo.CommandVersion
        ([Key], TypeName, VersionNumber) 
    VALUES
        (@p0, @p1, @p2);
    select
        SCOPE_IDENTITY();
    @p0 = '6' [Type: String (4000)],
    @p1 = 'ConnectPlus.ClientContact.SDM.Services.Commands.ClientCommand' [Type: String (4000)],
    @p2 = 1 [Type: Int32 (0)]
NHibernate: 
    SELECT
        this_.ClientId as ClientId293_0_,
        this_.SDMId as SDMId293_0_,
        this_.Name as Name293_0_,
        this_.CisCode as CisCode293_0_,
        this_.CountryId as CountryId293_0_,
        this_.ClientSubsectorId as ClientSu6_293_0_,
        this_.DefaultLevel as DefaultL7_293_0_,
        this_.ParentClientId as ParentCl8_293_0_ 
    FROM
        dbo.Client this_ 
    WHERE
        (
            this_.SDMId = @p0
        );
    @p0 = 6 [Type: Int64 (0)]
NHibernate: 
    SELECT
        this_.ClientSubsectorId as ClientSu1_282_0_,
        this_.SDMId as SDMId282_0_,
        this_.Description as Descript3_282_0_,
        this_.ClientSectorId as ClientSe4_282_0_ 
    FROM
        dbo.[ClientSubsector] this_ 
    WHERE
        (
            this_.SDMId = @p0
        );
    @p0 = 2 [Type: Int64 (0)]
NHibernate: 
    SELECT
        this_.ClientId as ClientId48_0_,
        this_.SDMId as SDMId48_0_,
        this_.Name as Name48_0_,
        this_.CisCode as CisCode48_0_,
        this_.CountryId as CountryId48_0_,
        this_.ClientSubsectorId as ClientSu6_48_0_,
        this_.DefaultLevel as DefaultL7_48_0_,
        this_.ParentClientId as ParentCl8_48_0_ 
    FROM
        dbo.Client this_ 
    WHERE
        (
            this_.SDMId = @p0
        );
    @p0 = 6 [Type: Int64 (0)]</StdOut>
      </Output>
    </UnitTestResult>
    <UnitTestResult executionId="617908bd-4fe4-4a3d-b700-827cf07ae18c" testId="a77574c7-282f-14ca-d4c7-d8262a241077" testName="Should_update_the_clients_cis_code" computerName="LONMW86693" duration="00:00:00.0017853" startTime="2011-09-14T16:00:17.4470760+01:00" endTime="2011-09-14T16:00:17.4470760+01:00" testType="13cdc9d9-ddb5-4fa4-a97d-d965ccfc6d4b" outcome="Passed" testListId="8c84fa94-04c1-424b-9868-57a2d4851a1d" relativeResultsDirectory="617908bd-4fe4-4a3d-b700-827cf07ae18c">
    </UnitTestResult>
    <UnitTestResult executionId="a193c11d-a420-4dcb-9ce5-6a956d697799" testId="a8075f9e-50c1-dcd8-bf4f-c1e29c90ef29" testName="Should_check_if_the_tier_value_exists" computerName="LONMW86693" duration="00:00:00.0008968" startTime="2011-09-14T16:00:17.4627015+01:00" endTime="2011-09-14T16:00:17.4627015+01:00" testType="13cdc9d9-ddb5-4fa4-a97d-d965ccfc6d4b" outcome="Passed" testListId="8c84fa94-04c1-424b-9868-57a2d4851a1d" relativeResultsDirectory="a193c11d-a420-4dcb-9ce5-6a956d697799">
    </UnitTestResult>
    <UnitTestResult executionId="2102a5e8-1971-4778-9374-dcef4ac15ce5" testId="a8740ffd-6f63-33f1-72b0-c2bf00c40411" testName="Should_rank_as_1" computerName="LONMW86693" duration="00:00:00.0058678" startTime="2011-09-14T16:00:17.4627015+01:00" endTime="2011-09-14T16:00:17.4627015+01:00" testType="13cdc9d9-ddb5-4fa4-a97d-d965ccfc6d4b" outcome="Passed" testListId="8c84fa94-04c1-424b-9868-57a2d4851a1d" relativeResultsDirectory="2102a5e8-1971-4778-9374-dcef4ac15ce5">
    </UnitTestResult>
    <UnitTestResult executionId="73246408-427f-4d68-940d-937d0b39a1fe" testId="aa5599a2-705e-8176-ae21-51d89f7f95bf" testName="Can_map_address" computerName="LONMW86693" duration="00:00:00.0153734" startTime="2011-09-14T16:00:17.4783270+01:00" endTime="2011-09-14T16:00:17.4939525+01:00" testType="13cdc9d9-ddb5-4fa4-a97d-d965ccfc6d4b" outcome="Passed" testListId="8c84fa94-04c1-424b-9868-57a2d4851a1d" relativeResultsDirectory="73246408-427f-4d68-940d-937d0b39a1fe">
      <Output>
        <StdOut>NHibernate: 
    SELECT
        sdmclient0_.ClientId as ClientId13_0_,
        sdmclient0_.SDMId as SDMId13_0_,
        sdmclient0_.Name as Name13_0_,
        sdmclient0_.CisCode as CisCode13_0_,
        sdmclient0_.CountryId as CountryId13_0_,
        sdmclient0_.ClientSubsectorId as ClientSu6_13_0_,
        sdmclient0_.DefaultLevel as DefaultL7_13_0_,
        sdmclient0_.ParentClientId as ParentCl8_13_0_ 
    FROM
        dbo.Client sdmclient0_ 
    WHERE
        sdmclient0_.ClientId=@p0;
    @p0 = 10003111 [Type: Int32 (0)]
NHibernate: 
    SELECT
        address0_.AddressId as AddressId0_0_,
        address0_.CreateUserId as CreateUs2_0_0_,
        address0_.CreateDate as CreateDate0_0_,
        address0_.UpdateUserId as UpdateUs4_0_0_,
        address0_.UpdateDate as UpdateDate0_0_,
        address0_.AddressLine1 as AddressL6_0_0_,
        address0_.AddressLine2 as AddressL7_0_0_,
        address0_.AddressLine3 as AddressL8_0_0_,
        address0_.AddressLine4 as AddressL9_0_0_,
        address0_.City as City0_0_,
        address0_.County as County0_0_,
        address0_.Postcode as Postcode0_0_,
        address0_.ClientId as ClientId0_0_,
        address0_.CountryId as CountryId0_0_ 
    FROM
        dbo.Address address0_ 
    WHERE
        address0_.AddressId=@p0;
    @p0 = 1327030 [Type: Int32 (0)]
NHibernate: 
    SELECT
        country0_.CountryId as CountryId7_0_,
        country0_.ISO2 as ISO2_7_0_,
        country0_.CountryCode as CountryC3_7_0_,
        country0_.Name as Name7_0_,
        country0_.PrimaryCurrency as PrimaryC5_7_0_ 
    FROM
        dbo.[Country] country0_ 
    WHERE
        country0_.CountryId=@p0;
    @p0 = 2139 [Type: Int32 (0)]</StdOut>
      </Output>
    </UnitTestResult>
    <UnitTestResult executionId="418ff5f9-ec5f-413d-9d5a-506577b99668" testId="aaae6628-fb9a-345d-d87b-676d891e4b7a" testName="Constructor_should_require_group" computerName="LONMW86693" duration="00:00:00.0002867" startTime="2011-09-14T16:00:17.4939525+01:00" endTime="2011-09-14T16:00:17.4939525+01:00" testType="13cdc9d9-ddb5-4fa4-a97d-d965ccfc6d4b" outcome="Passed" testListId="8c84fa94-04c1-424b-9868-57a2d4851a1d" relativeResultsDirectory="418ff5f9-ec5f-413d-9d5a-506577b99668">
    </UnitTestResult>
    <UnitTestResult executionId="b80985b2-2b79-4771-823f-964bb3ee6eb5" testId="ac73f21f-a23d-2544-a295-5fb6a1dda17d" testName="Should_issue_a_mapped_sector_command" computerName="LONMW86693" duration="00:00:00.0235735" startTime="2011-09-14T16:00:17.5095780+01:00" endTime="2011-09-14T16:00:17.5408290+01:00" testType="13cdc9d9-ddb5-4fa4-a97d-d965ccfc6d4b" outcome="Passed" testListId="8c84fa94-04c1-424b-9868-57a2d4851a1d" relativeResultsDirectory="b80985b2-2b79-4771-823f-964bb3ee6eb5">
    </UnitTestResult>
    <UnitTestResult executionId="e5a3128d-733a-4fb7-ba68-b307f904ea52" testId="acca2b94-4c34-adfe-5df0-31a73b5adf67" testName="Should_update_the_tier_list" computerName="LONMW86693" duration="00:00:00.0021267" startTime="2011-09-14T16:00:17.5408290+01:00" endTime="2011-09-14T16:00:17.5564545+01:00" testType="13cdc9d9-ddb5-4fa4-a97d-d965ccfc6d4b" outcome="Passed" testListId="8c84fa94-04c1-424b-9868-57a2d4851a1d" relativeResultsDirectory="e5a3128d-733a-4fb7-ba68-b307f904ea52">
    </UnitTestResult>
    <UnitTestResult executionId="ab775142-60ad-47dd-bd9d-a8d441996c2a" testId="acf8987a-3adb-9e28-763d-c5bb261a5e62" testName="Should_match_person" computerName="LONMW86693" duration="00:00:00.0059735" startTime="2011-09-14T16:00:17.5564545+01:00" endTime="2011-09-14T16:00:17.5564545+01:00" testType="13cdc9d9-ddb5-4fa4-a97d-d965ccfc6d4b" outcome="Passed" testListId="8c84fa94-04c1-424b-9868-57a2d4851a1d" relativeResultsDirectory="ab775142-60ad-47dd-bd9d-a8d441996c2a">
    </UnitTestResult>
    <UnitTestResult executionId="5dd6924a-3123-498a-827a-045501ec5274" testId="ad7b04ae-ad62-b31b-3773-9ff850d7fd02" testName="CanCorrectlyMapRegion" computerName="LONMW86693" duration="00:00:00.0344441" startTime="2011-09-14T16:00:17.5720800+01:00" endTime="2011-09-14T16:00:17.6033310+01:00" testType="13cdc9d9-ddb5-4fa4-a97d-d965ccfc6d4b" outcome="Passed" testListId="8c84fa94-04c1-424b-9868-57a2d4851a1d" relativeResultsDirectory="5dd6924a-3123-498a-827a-045501ec5274">
      <Output>
        <StdOut>NHibernate: 
    SELECT
        region0_.RegionId as RegionId22_0_,
        region0_.CreateUserId as CreateUs2_22_0_,
        region0_.CreateDate as CreateDate22_0_,
        region0_.UpdateUserId as UpdateUs4_22_0_,
        region0_.UpdateDate as UpdateDate22_0_,
        region0_.Source as Source22_0_,
        region0_.Description as Descript7_22_0_,
        region0_.IsActive as IsActive22_0_,
        region0_.IncludeTeamActivitiesForRAG as IncludeT9_22_0_,
        region0_.ParentRegionId as ParentR10_22_0_ 
    FROM
        dbo.[Region] region0_ 
    WHERE
        region0_.RegionId=@p0;
    @p0 = 788 [Type: Int32 (0)]</StdOut>
      </Output>
    </UnitTestResult>
    <UnitTestResult executionId="16f4a4df-7813-4077-a57d-cc9cf54233c6" testId="adb1c491-269b-d36d-0c67-70cc98d67f9c" testName="Should_persist_the_created_tier_list" computerName="LONMW86693" duration="00:00:00.0011993" startTime="2011-09-14T16:00:17.6033310+01:00" endTime="2011-09-14T16:00:17.6189565+01:00" testType="13cdc9d9-ddb5-4fa4-a97d-d965ccfc6d4b" outcome="Passed" testListId="8c84fa94-04c1-424b-9868-57a2d4851a1d" relativeResultsDirectory="16f4a4df-7813-4077-a57d-cc9cf54233c6">
    </UnitTestResult>
    <UnitTestResult executionId="0e1da0ee-ebed-464c-95e3-760afdd90917" testId="aed8ce66-9ccd-d5e8-1357-c96708948f72" testName="Should_retrieve_the_subsector" computerName="LONMW86693" duration="00:00:00.0028807" startTime="2011-09-14T16:00:17.6345820+01:00" endTime="2011-09-14T16:00:17.6345820+01:00" testType="13cdc9d9-ddb5-4fa4-a97d-d965ccfc6d4b" outcome="Passed" testListId="8c84fa94-04c1-424b-9868-57a2d4851a1d" relativeResultsDirectory="0e1da0ee-ebed-464c-95e3-760afdd90917">
    </UnitTestResult>
    <UnitTestResult executionId="74b876fc-7a3d-4d37-a801-8681babcba16" testId="af0efbb6-8d8e-6a08-7d24-134f832394cb" testName="Should_pass_validation_when_all_preconditions_are_met" computerName="LONMW86693" duration="00:00:00.0000907" startTime="2011-09-14T16:00:17.6502075+01:00" endTime="2011-09-14T16:00:17.6502075+01:00" testType="13cdc9d9-ddb5-4fa4-a97d-d965ccfc6d4b" outcome="Passed" testListId="8c84fa94-04c1-424b-9868-57a2d4851a1d" relativeResultsDirectory="74b876fc-7a3d-4d37-a801-8681babcba16">
    </UnitTestResult>
    <UnitTestResult executionId="965d0552-fb0c-4f2c-adee-faa57b49e8e5" testId="afadb058-1a64-056d-1ba0-85d5bbb66d45" testName="Should_pass_validation_when_all_preconditions_are_met" computerName="LONMW86693" duration="00:00:00.0000954" startTime="2011-09-14T16:00:17.6658330+01:00" endTime="2011-09-14T16:00:17.6658330+01:00" testType="13cdc9d9-ddb5-4fa4-a97d-d965ccfc6d4b" outcome="Passed" testListId="8c84fa94-04c1-424b-9868-57a2d4851a1d" relativeResultsDirectory="965d0552-fb0c-4f2c-adee-faa57b49e8e5">
    </UnitTestResult>
    <UnitTestResult executionId="d5af6b7a-7d5b-4550-93b3-583f9e738344" testId="afea6d45-896c-69b5-d803-7bec12379353" testName="Should_check_if_the_client_exists" computerName="LONMW86693" duration="00:00:00.0012807" startTime="2011-09-14T16:00:17.6658330+01:00" endTime="2011-09-14T16:00:17.6658330+01:00" testType="13cdc9d9-ddb5-4fa4-a97d-d965ccfc6d4b" outcome="Passed" testListId="8c84fa94-04c1-424b-9868-57a2d4851a1d" relativeResultsDirectory="d5af6b7a-7d5b-4550-93b3-583f9e738344">
    </UnitTestResult>
    <UnitTestResult executionId="5a61f802-7b18-4b38-8b77-97c64b933ecf" testId="afed51c4-f47b-41cf-d9f9-97b25590b957" testName="Should_require_cis_code_less_than_31_chars" computerName="LONMW86693" duration="00:00:00.0005124" startTime="2011-09-14T16:00:17.6814585+01:00" endTime="2011-09-14T16:00:17.6814585+01:00" testType="13cdc9d9-ddb5-4fa4-a97d-d965ccfc6d4b" outcome="Passed" testListId="8c84fa94-04c1-424b-9868-57a2d4851a1d" relativeResultsDirectory="5a61f802-7b18-4b38-8b77-97c64b933ecf">
    </UnitTestResult>
    <UnitTestResult executionId="40ee609c-3e60-4da4-b72d-4c9d45b6c4b4" testId="b00d1857-b830-c869-fe26-47cfa871406e" testName="Should_update_revision" computerName="LONMW86693" duration="00:00:00.0007677" startTime="2011-09-14T16:00:17.6970840+01:00" endTime="2011-09-14T16:00:17.6970840+01:00" testType="13cdc9d9-ddb5-4fa4-a97d-d965ccfc6d4b" outcome="Passed" testListId="8c84fa94-04c1-424b-9868-57a2d4851a1d" relativeResultsDirectory="40ee609c-3e60-4da4-b72d-4c9d45b6c4b4">
    </UnitTestResult>
    <UnitTestResult executionId="5dc02f17-443f-42f0-af41-167cc5709cf7" testId="b179d887-ff4e-3a7f-456f-e8ebf4123822" testName="Should_create_a_delete_tier_list_command_processor" computerName="LONMW86693" duration="00:00:00.0003529" startTime="2011-09-14T16:00:17.6970840+01:00" endTime="2011-09-14T16:00:17.7127095+01:00" testType="13cdc9d9-ddb5-4fa4-a97d-d965ccfc6d4b" outcome="Passed" testListId="8c84fa94-04c1-424b-9868-57a2d4851a1d" relativeResultsDirectory="5dc02f17-443f-42f0-af41-167cc5709cf7">
    </UnitTestResult>
    <UnitTestResult executionId="107796d7-4ed3-4072-bcc2-3e0b9233ce87" testId="b1f52356-e6e5-7e98-cf11-13907305f211" testName="Should_update_the_tiers_sort_order" computerName="LONMW86693" duration="00:00:00.0014283" startTime="2011-09-14T16:00:17.7127095+01:00" endTime="2011-09-14T16:00:17.7127095+01:00" testType="13cdc9d9-ddb5-4fa4-a97d-d965ccfc6d4b" outcome="Passed" testListId="8c84fa94-04c1-424b-9868-57a2d4851a1d" relativeResultsDirectory="107796d7-4ed3-4072-bcc2-3e0b9233ce87">
    </UnitTestResult>
    <UnitTestResult executionId="0dd4f260-6687-4d84-a134-0ce8757d5090" testId="b32c4012-b8c3-3fc4-0d4c-b6883abfecb3" testName="SortBy_And_GroupBy_Fields_Are_Not_Populated_From_List_Preference" computerName="LONMW86693" duration="00:00:00.0024767" startTime="2011-09-14T16:00:17.7127095+01:00" endTime="2011-09-14T16:00:17.7127095+01:00" testType="13cdc9d9-ddb5-4fa4-a97d-d965ccfc6d4b" outcome="Passed" testListId="8c84fa94-04c1-424b-9868-57a2d4851a1d" relativeResultsDirectory="0dd4f260-6687-4d84-a134-0ce8757d5090">
    </UnitTestResult>
    <UnitTestResult executionId="6b5c8b1c-619c-40d3-b717-bcff67c4d072" testId="b38bd31a-8759-8e39-9db6-5b72650e4cc0" testName="Should_retrieve_the_tier_value" computerName="LONMW86693" duration="00:00:00.0010235" startTime="2011-09-14T16:00:17.7283350+01:00" endTime="2011-09-14T16:00:17.7283350+01:00" testType="13cdc9d9-ddb5-4fa4-a97d-d965ccfc6d4b" outcome="Passed" testListId="8c84fa94-04c1-424b-9868-57a2d4851a1d" relativeResultsDirectory="6b5c8b1c-619c-40d3-b717-bcff67c4d072">
    </UnitTestResult>
    <UnitTestResult executionId="9d275b7b-71c2-498b-9f72-d6538e1bc820" testId="b4138e3e-ae4d-bd71-a7e9-bb4800474a5a" testName="Should_fail_validation" computerName="LONMW86693" duration="00:00:00.0012260" startTime="2011-09-14T16:00:17.7439605+01:00" endTime="2011-09-14T16:00:17.7439605+01:00" testType="13cdc9d9-ddb5-4fa4-a97d-d965ccfc6d4b" outcome="Passed" testListId="8c84fa94-04c1-424b-9868-57a2d4851a1d" relativeResultsDirectory="9d275b7b-71c2-498b-9f72-d6538e1bc820">
    </UnitTestResult>
    <UnitTestResult executionId="877b1f09-be42-46f1-8049-d69881963e6f" testId="b4523e82-c6b2-8ead-2dc8-3f1e7c6cd261" testName="Should_create_and_persist_the_tier_group" computerName="LONMW86693" duration="00:00:00.0016852" startTime="2011-09-14T16:00:17.7595860+01:00" endTime="2011-09-14T16:00:17.7595860+01:00" testType="13cdc9d9-ddb5-4fa4-a97d-d965ccfc6d4b" outcome="Passed" testListId="8c84fa94-04c1-424b-9868-57a2d4851a1d" relativeResultsDirectory="877b1f09-be42-46f1-8049-d69881963e6f">
    </UnitTestResult>
    <UnitTestResult executionId="3161f0d4-da27-41c9-9703-ab2afb58936a" testId="b5dad8cf-3030-b897-11b9-a712b07bcf6b" testName="Should_rank_as_2" computerName="LONMW86693" duration="00:00:00.0058914" startTime="2011-09-14T16:00:17.7595860+01:00" endTime="2011-09-14T16:00:17.7752115+01:00" testType="13cdc9d9-ddb5-4fa4-a97d-d965ccfc6d4b" outcome="Passed" testListId="8c84fa94-04c1-424b-9868-57a2d4851a1d" relativeResultsDirectory="3161f0d4-da27-41c9-9703-ab2afb58936a">
    </UnitTestResult>
    <UnitTestResult executionId="a4d990c0-290a-4fd7-b604-19c5fe35dc36" testId="b6e36ae2-b75c-f3d8-8c8f-f990ce7d7492" testName="When_client_is_created_existing_country_is_used" computerName="LONMW86693" duration="00:00:00.1711440" startTime="2011-09-14T16:00:17.7908370+01:00" endTime="2011-09-14T16:00:17.9627175+01:00" testType="13cdc9d9-ddb5-4fa4-a97d-d965ccfc6d4b" outcome="Passed" testListId="8c84fa94-04c1-424b-9868-57a2d4851a1d" relativeResultsDirectory="a4d990c0-290a-4fd7-b604-19c5fe35dc36">
      <Output>
        <StdOut>NHibernate: 
    SELECT
        this_.CommandVersionId as CommandV1_333_0_,
        this_.[Key] as column2_333_0_,
        this_.TypeName as TypeName333_0_,
        this_.VersionNumber as VersionN4_333_0_ 
    FROM
        dbo.CommandVersion this_ 
    WHERE
        (
            this_.TypeName = @p0 
            and this_.[Key] = @p1
        );
    @p0 = 'ConnectPlus.ClientContact.SDM.Services.Commands.SectorCommand' [Type: String (4000)], @p1 = '1' [Type: String (4000)]
NHibernate: 
    INSERT 
    INTO
        dbo.CommandVersion
        ([Key], TypeName, VersionNumber) 
    VALUES
        (@p0, @p1, @p2);
    select
        SCOPE_IDENTITY();
    @p0 = '1' [Type: String (4000)],
    @p1 = 'ConnectPlus.ClientContact.SDM.Services.Commands.SectorCommand' [Type: String (4000)],
    @p2 = 1 [Type: Int32 (0)]
NHibernate: 
    SELECT
        this_.ClientSectorId as ClientSe1_316_0_,
        this_.SDMId as SDMId316_0_,
        this_.Description as Descript3_316_0_,
        this_.IsActive as IsActive316_0_ 
    FROM
        dbo.[ClientSector] this_ 
    WHERE
        (
            this_.SDMId = @p0
        );
    @p0 = 1 [Type: Int64 (0)]
NHibernate: 
    SELECT
        this_.CommandVersionId as CommandV1_333_0_,
        this_.[Key] as column2_333_0_,
        this_.TypeName as TypeName333_0_,
        this_.VersionNumber as VersionN4_333_0_ 
    FROM
        dbo.CommandVersion this_ 
    WHERE
        (
            this_.TypeName = @p0 
            and this_.[Key] = @p1
        );
    @p0 = 'ConnectPlus.ClientContact.SDM.Services.Commands.SubsectorCommand' [Type: String (4000)], @p1 = '2' [Type: String (4000)]
NHibernate: 
    INSERT 
    INTO
        dbo.CommandVersion
        ([Key], TypeName, VersionNumber) 
    VALUES
        (@p0, @p1, @p2);
    select
        SCOPE_IDENTITY();
    @p0 = '2' [Type: String (4000)],
    @p1 = 'ConnectPlus.ClientContact.SDM.Services.Commands.SubsectorCommand' [Type: String (4000)],
    @p2 = 1 [Type: Int32 (0)]
NHibernate: 
    SELECT
        this_.ClientSubsectorId as ClientSu1_317_0_,
        this_.SDMId as SDMId317_0_,
        this_.Description as Descript3_317_0_,
        this_.ClientSectorId as ClientSe4_317_0_ 
    FROM
        dbo.[ClientSubsector] this_ 
    WHERE
        (
            this_.SDMId = @p0
        );
    @p0 = 2 [Type: Int64 (0)]
NHibernate: 
    SELECT
        this_.ClientSectorId as ClientSe1_316_0_,
        this_.SDMId as SDMId316_0_,
        this_.Description as Descript3_316_0_,
        this_.IsActive as IsActive316_0_ 
    FROM
        dbo.[ClientSector] this_ 
    WHERE
        (
            this_.SDMId = @p0
        );
    @p0 = 1 [Type: Int64 (0)]
NHibernate: 
    SELECT
        this_.CommandVersionId as CommandV1_333_0_,
        this_.[Key] as column2_333_0_,
        this_.TypeName as TypeName333_0_,
        this_.VersionNumber as VersionN4_333_0_ 
    FROM
        dbo.CommandVersion this_ 
    WHERE
        (
            this_.TypeName = @p0 
            and this_.[Key] = @p1
        );
    @p0 = 'ConnectPlus.ClientContact.SDM.Services.Commands.ClientCommand' [Type: String (4000)], @p1 = '6' [Type: String (4000)]
NHibernate: 
    INSERT 
    INTO
        dbo.CommandVersion
        ([Key], TypeName, VersionNumber) 
    VALUES
        (@p0, @p1, @p2);
    select
        SCOPE_IDENTITY();
    @p0 = '6' [Type: String (4000)],
    @p1 = 'ConnectPlus.ClientContact.SDM.Services.Commands.ClientCommand' [Type: String (4000)],
    @p2 = 1 [Type: Int32 (0)]
NHibernate: 
    SELECT
        this_.ClientId as ClientId328_0_,
        this_.SDMId as SDMId328_0_,
        this_.Name as Name328_0_,
        this_.CisCode as CisCode328_0_,
        this_.CountryId as CountryId328_0_,
        this_.ClientSubsectorId as ClientSu6_328_0_,
        this_.DefaultLevel as DefaultL7_328_0_,
        this_.ParentClientId as ParentCl8_328_0_ 
    FROM
        dbo.Client this_ 
    WHERE
        (
            this_.SDMId = @p0
        );
    @p0 = 6 [Type: Int64 (0)]
NHibernate: 
    SELECT
        this_.CountryId as CountryId322_0_,
        this_.ISO2 as ISO2_322_0_,
        this_.CountryCode as CountryC3_322_0_,
        this_.Name as Name322_0_,
        this_.PrimaryCurrency as PrimaryC5_322_0_ 
    FROM
        dbo.[Country] this_ 
    WHERE
        (
            this_.ISO2 = @p0
        );
    @p0 = 'GB' [Type: String (4000)]
NHibernate: 
    SELECT
        this_.ClientSubsectorId as ClientSu1_317_0_,
        this_.SDMId as SDMId317_0_,
        this_.Description as Descript3_317_0_,
        this_.ClientSectorId as ClientSe4_317_0_ 
    FROM
        dbo.[ClientSubsector] this_ 
    WHERE
        (
            this_.SDMId = @p0
        );
    @p0 = 2 [Type: Int64 (0)]
NHibernate: 
    SELECT
        this_.ClientId as ClientId48_0_,
        this_.SDMId as SDMId48_0_,
        this_.Name as Name48_0_,
        this_.CisCode as CisCode48_0_,
        this_.CountryId as CountryId48_0_,
        this_.ClientSubsectorId as ClientSu6_48_0_,
        this_.DefaultLevel as DefaultL7_48_0_,
        this_.ParentClientId as ParentCl8_48_0_ 
    FROM
        dbo.Client this_ 
    WHERE
        (
            this_.SDMId = @p0
        );
    @p0 = 6 [Type: Int64 (0)]
NHibernate: 
    SELECT
        this_.CommandVersionId as CommandV1_333_0_,
        this_.[Key] as column2_333_0_,
        this_.TypeName as TypeName333_0_,
        this_.VersionNumber as VersionN4_333_0_ 
    FROM
        dbo.CommandVersion this_ 
    WHERE
        (
            this_.TypeName = @p0 
            and this_.[Key] = @p1
        );
    @p0 = 'ConnectPlus.ClientContact.SDM.Services.Commands.ClientCommand' [Type: String (4000)], @p1 = '7' [Type: String (4000)]
NHibernate: 
    INSERT 
    INTO
        dbo.CommandVersion
        ([Key], TypeName, VersionNumber) 
    VALUES
        (@p0, @p1, @p2);
    select
        SCOPE_IDENTITY();
    @p0 = '7' [Type: String (4000)],
    @p1 = 'ConnectPlus.ClientContact.SDM.Services.Commands.ClientCommand' [Type: String (4000)],
    @p2 = 1 [Type: Int32 (0)]
NHibernate: 
    SELECT
        this_.ClientId as ClientId328_0_,
        this_.SDMId as SDMId328_0_,
        this_.Name as Name328_0_,
        this_.CisCode as CisCode328_0_,
        this_.CountryId as CountryId328_0_,
        this_.ClientSubsectorId as ClientSu6_328_0_,
        this_.DefaultLevel as DefaultL7_328_0_,
        this_.ParentClientId as ParentCl8_328_0_ 
    FROM
        dbo.Client this_ 
    WHERE
        (
            this_.SDMId = @p0
        );
    @p0 = 7 [Type: Int64 (0)]
NHibernate: 
    SELECT
        this_.CountryId as CountryId322_0_,
        this_.ISO2 as ISO2_322_0_,
        this_.CountryCode as CountryC3_322_0_,
        this_.Name as Name322_0_,
        this_.PrimaryCurrency as PrimaryC5_322_0_ 
    FROM
        dbo.[Country] this_ 
    WHERE
        (
            this_.ISO2 = @p0
        );
    @p0 = 'GB' [Type: String (4000)]
NHibernate: 
    SELECT
        this_.ClientSubsectorId as ClientSu1_317_0_,
        this_.SDMId as SDMId317_0_,
        this_.Description as Descript3_317_0_,
        this_.ClientSectorId as ClientSe4_317_0_ 
    FROM
        dbo.[ClientSubsector] this_ 
    WHERE
        (
            this_.SDMId = @p0
        );
    @p0 = 2 [Type: Int64 (0)]
NHibernate: 
    SELECT
        this_.ClientId as ClientId48_0_,
        this_.SDMId as SDMId48_0_,
        this_.Name as Name48_0_,
        this_.CisCode as CisCode48_0_,
        this_.CountryId as CountryId48_0_,
        this_.ClientSubsectorId as ClientSu6_48_0_,
        this_.DefaultLevel as DefaultL7_48_0_,
        this_.ParentClientId as ParentCl8_48_0_ 
    FROM
        dbo.Client this_ 
    WHERE
        (
            this_.SDMId = @p0
        );
    @p0 = 7 [Type: Int64 (0)]
NHibernate: 
    SELECT
        country0_.CountryId as CountryId42_0_,
        country0_.ISO2 as ISO2_42_0_,
        country0_.CountryCode as CountryC3_42_0_,
        country0_.Name as Name42_0_,
        country0_.PrimaryCurrency as PrimaryC5_42_0_ 
    FROM
        dbo.[Country] country0_ 
    WHERE
        country0_.CountryId=@p0;
    @p0 = 94 [Type: Int32 (0)]
NHibernate: 
    SELECT
        this_.CountryId as CountryId42_0_,
        this_.ISO2 as ISO2_42_0_,
        this_.CountryCode as CountryC3_42_0_,
        this_.Name as Name42_0_,
        this_.PrimaryCurrency as PrimaryC5_42_0_ 
    FROM
        dbo.[Country] this_ 
    WHERE
        this_.ISO2 = @p0;
    @p0 = 'GB' [Type: String (4000)]</StdOut>
      </Output>
    </UnitTestResult>
    <UnitTestResult executionId="e38b86d3-85dd-4b34-a2c1-28468a099835" testId="b722006c-18f9-c59d-eabc-8169b368dd02" testName="Should_require_non_numeric_first_name" computerName="LONMW86693" duration="00:00:00.0037271" startTime="2011-09-14T16:00:17.9783430+01:00" endTime="2011-09-14T16:00:17.9939685+01:00" testType="13cdc9d9-ddb5-4fa4-a97d-d965ccfc6d4b" outcome="Passed" testListId="8c84fa94-04c1-424b-9868-57a2d4851a1d" relativeResultsDirectory="e38b86d3-85dd-4b34-a2c1-28468a099835">
    </UnitTestResult>
    <UnitTestResult executionId="f512aa92-c2b8-4608-b45a-bc5de50989ee" testId="b766414d-ee0c-c7ac-6c48-f4d7a1c472b5" testName="Can_create_sector" computerName="LONMW86693" duration="00:00:00.1620349" startTime="2011-09-14T16:00:17.9939685+01:00" endTime="2011-09-14T16:00:18.1658490+01:00" testType="13cdc9d9-ddb5-4fa4-a97d-d965ccfc6d4b" outcome="Passed" testListId="8c84fa94-04c1-424b-9868-57a2d4851a1d" relativeResultsDirectory="f512aa92-c2b8-4608-b45a-bc5de50989ee">
      <Output>
        <StdOut>NHibernate: 
    SELECT
        this_.CommandVersionId as CommandV1_368_0_,
        this_.[Key] as column2_368_0_,
        this_.TypeName as TypeName368_0_,
        this_.VersionNumber as VersionN4_368_0_ 
    FROM
        dbo.CommandVersion this_ 
    WHERE
        (
            this_.TypeName = @p0 
            and this_.[Key] = @p1
        );
    @p0 = 'ConnectPlus.ClientContact.SDM.Services.Commands.SectorCommand' [Type: String (4000)], @p1 = '1' [Type: String (4000)]
NHibernate: 
    INSERT 
    INTO
        dbo.CommandVersion
        ([Key], TypeName, VersionNumber) 
    VALUES
        (@p0, @p1, @p2);
    select
        SCOPE_IDENTITY();
    @p0 = '1' [Type: String (4000)],
    @p1 = 'ConnectPlus.ClientContact.SDM.Services.Commands.SectorCommand' [Type: String (4000)],
    @p2 = 1 [Type: Int32 (0)]
NHibernate: 
    SELECT
        this_.ClientSectorId as ClientSe1_351_0_,
        this_.SDMId as SDMId351_0_,
        this_.Description as Descript3_351_0_,
        this_.IsActive as IsActive351_0_ 
    FROM
        dbo.[ClientSector] this_ 
    WHERE
        (
            this_.SDMId = @p0
        );
    @p0 = 1 [Type: Int64 (0)]
NHibernate: 
    SELECT
        this_.ClientSectorId as ClientSe1_36_0_,
        this_.SDMId as SDMId36_0_,
        this_.Description as Descript3_36_0_,
        this_.IsActive as IsActive36_0_ 
    FROM
        dbo.[ClientSector] this_ 
    WHERE
        (
            this_.SDMId = @p0
        );
    @p0 = 1 [Type: Int64 (0)]</StdOut>
      </Output>
    </UnitTestResult>
    <UnitTestResult executionId="dd12202f-9d5a-484a-b433-63f28159f62a" testId="b99f0b78-bde0-f52a-e989-17097e6e475a" testName="Should_remove_the_tier_from_the_tiervalue_collection" computerName="LONMW86693" duration="00:00:00.0006707" startTime="2011-09-14T16:00:18.1658490+01:00" endTime="2011-09-14T16:00:18.1658490+01:00" testType="13cdc9d9-ddb5-4fa4-a97d-d965ccfc6d4b" outcome="Passed" testListId="8c84fa94-04c1-424b-9868-57a2d4851a1d" relativeResultsDirectory="dd12202f-9d5a-484a-b433-63f28159f62a">
    </UnitTestResult>
    <UnitTestResult executionId="26b7cefe-c7e9-458a-bcad-0c60c9f2a81a" testId="b9cfc8f6-a68b-cd7a-f18c-e7e008c08030" testName="Should_require_tier_list_id" computerName="LONMW86693" duration="00:00:00.0003820" startTime="2011-09-14T16:00:18.1814745+01:00" endTime="2011-09-14T16:00:18.1814745+01:00" testType="13cdc9d9-ddb5-4fa4-a97d-d965ccfc6d4b" outcome="Passed" testListId="8c84fa94-04c1-424b-9868-57a2d4851a1d" relativeResultsDirectory="26b7cefe-c7e9-458a-bcad-0c60c9f2a81a">
    </UnitTestResult>
    <UnitTestResult executionId="f1e8d936-07c6-43ff-b191-374d291ae48f" testId="bb761540-ffc9-4620-9166-fba6808f4548" testName="Constructor_should_require_non_null_description" computerName="LONMW86693" duration="00:00:00.0002524" startTime="2011-09-14T16:00:18.1971000+01:00" endTime="2011-09-14T16:00:18.1971000+01:00" testType="13cdc9d9-ddb5-4fa4-a97d-d965ccfc6d4b" outcome="Passed" testListId="8c84fa94-04c1-424b-9868-57a2d4851a1d" relativeResultsDirectory="f1e8d936-07c6-43ff-b191-374d291ae48f">
    </UnitTestResult>
    <UnitTestResult executionId="4317de43-299e-468f-ba33-268e5228866a" testId="bb88cb4e-8c52-f9e7-851e-70644c87bfa7" testName="Should_require_a_nonempty_description" computerName="LONMW86693" duration="00:00:00.0004846" startTime="2011-09-14T16:00:18.2127255+01:00" endTime="2011-09-14T16:00:18.2127255+01:00" testType="13cdc9d9-ddb5-4fa4-a97d-d965ccfc6d4b" outcome="Passed" testListId="8c84fa94-04c1-424b-9868-57a2d4851a1d" relativeResultsDirectory="4317de43-299e-468f-ba33-268e5228866a">
    </UnitTestResult>
    <UnitTestResult executionId="66c3f335-a68e-4229-a89f-d89c6137ddfb" testId="bca4159d-90a7-39b7-873c-7d3db5beae86" testName="Can_create_subsector" computerName="LONMW86693" duration="00:00:00.1645794" startTime="2011-09-14T16:00:18.2127255+01:00" endTime="2011-09-14T16:00:18.3846060+01:00" testType="13cdc9d9-ddb5-4fa4-a97d-d965ccfc6d4b" outcome="Passed" testListId="8c84fa94-04c1-424b-9868-57a2d4851a1d" relativeResultsDirectory="66c3f335-a68e-4229-a89f-d89c6137ddfb">
      <Output>
        <StdOut>NHibernate: 
    SELECT
        this_.CommandVersionId as CommandV1_403_0_,
        this_.[Key] as column2_403_0_,
        this_.TypeName as TypeName403_0_,
        this_.VersionNumber as VersionN4_403_0_ 
    FROM
        dbo.CommandVersion this_ 
    WHERE
        (
            this_.TypeName = @p0 
            and this_.[Key] = @p1
        );
    @p0 = 'ConnectPlus.ClientContact.SDM.Services.Commands.SectorCommand' [Type: String (4000)], @p1 = '1' [Type: String (4000)]
NHibernate: 
    INSERT 
    INTO
        dbo.CommandVersion
        ([Key], TypeName, VersionNumber) 
    VALUES
        (@p0, @p1, @p2);
    select
        SCOPE_IDENTITY();
    @p0 = '1' [Type: String (4000)],
    @p1 = 'ConnectPlus.ClientContact.SDM.Services.Commands.SectorCommand' [Type: String (4000)],
    @p2 = 1 [Type: Int32 (0)]
NHibernate: 
    SELECT
        this_.ClientSectorId as ClientSe1_386_0_,
        this_.SDMId as SDMId386_0_,
        this_.Description as Descript3_386_0_,
        this_.IsActive as IsActive386_0_ 
    FROM
        dbo.[ClientSector] this_ 
    WHERE
        (
            this_.SDMId = @p0
        );
    @p0 = 1 [Type: Int64 (0)]
NHibernate: 
    SELECT
        this_.CommandVersionId as CommandV1_403_0_,
        this_.[Key] as column2_403_0_,
        this_.TypeName as TypeName403_0_,
        this_.VersionNumber as VersionN4_403_0_ 
    FROM
        dbo.CommandVersion this_ 
    WHERE
        (
            this_.TypeName = @p0 
            and this_.[Key] = @p1
        );
    @p0 = 'ConnectPlus.ClientContact.SDM.Services.Commands.SubsectorCommand' [Type: String (4000)], @p1 = '2' [Type: String (4000)]
NHibernate: 
    INSERT 
    INTO
        dbo.CommandVersion
        ([Key], TypeName, VersionNumber) 
    VALUES
        (@p0, @p1, @p2);
    select
        SCOPE_IDENTITY();
    @p0 = '2' [Type: String (4000)],
    @p1 = 'ConnectPlus.ClientContact.SDM.Services.Commands.SubsectorCommand' [Type: String (4000)],
    @p2 = 1 [Type: Int32 (0)]
NHibernate: 
    SELECT
        this_.ClientSubsectorId as ClientSu1_387_0_,
        this_.SDMId as SDMId387_0_,
        this_.Description as Descript3_387_0_,
        this_.ClientSectorId as ClientSe4_387_0_ 
    FROM
        dbo.[ClientSubsector] this_ 
    WHERE
        (
            this_.SDMId = @p0
        );
    @p0 = 2 [Type: Int64 (0)]
NHibernate: 
    SELECT
        this_.ClientSectorId as ClientSe1_386_0_,
        this_.SDMId as SDMId386_0_,
        this_.Description as Descript3_386_0_,
        this_.IsActive as IsActive386_0_ 
    FROM
        dbo.[ClientSector] this_ 
    WHERE
        (
            this_.SDMId = @p0
        );
    @p0 = 1 [Type: Int64 (0)]
NHibernate: 
    SELECT
        this_.ClientSubsectorId as ClientSu1_37_0_,
        this_.SDMId as SDMId37_0_,
        this_.Description as Descript3_37_0_,
        this_.ClientSectorId as ClientSe4_37_0_ 
    FROM
        dbo.[ClientSubsector] this_ 
    WHERE
        (
            this_.SDMId = @p0
        );
    @p0 = 2 [Type: Int64 (0)]</StdOut>
      </Output>
    </UnitTestResult>
    <UnitTestResult executionId="d80b6ffa-5bca-4d46-abb9-d638bc71894a" testId="bd0b67bc-8496-3ad1-e071-155843612955" testName="It_shouldnt_do_anything" computerName="LONMW86693" duration="00:00:00.0006624" startTime="2011-09-14T16:00:18.3846060+01:00" endTime="2011-09-14T16:00:18.3846060+01:00" testType="13cdc9d9-ddb5-4fa4-a97d-d965ccfc6d4b" outcome="Passed" testListId="8c84fa94-04c1-424b-9868-57a2d4851a1d" relativeResultsDirectory="d80b6ffa-5bca-4d46-abb9-d638bc71894a">
    </UnitTestResult>
    <UnitTestResult executionId="95dd9dcf-8be3-4317-86ef-15bc4e407c1e" testId="bd148b8b-f345-333e-22d2-9b28c12530b6" testName="Should_create_the_contact_created_event" computerName="LONMW86693" duration="00:00:00.0172961" startTime="2011-09-14T16:00:18.3846060+01:00" endTime="2011-09-14T16:00:18.4158570+01:00" testType="13cdc9d9-ddb5-4fa4-a97d-d965ccfc6d4b" outcome="Passed" testListId="8c84fa94-04c1-424b-9868-57a2d4851a1d" relativeResultsDirectory="95dd9dcf-8be3-4317-86ef-15bc4e407c1e">
    </UnitTestResult>
    <UnitTestResult executionId="6ad77af9-a6e2-44b8-bb45-e288f03e221f" testId="bd9c802b-a323-6756-3615-e0a53cd3c190" testName="Should_require_description" computerName="LONMW86693" duration="00:00:00.0003515" startTime="2011-09-14T16:00:18.4158570+01:00" endTime="2011-09-14T16:00:18.4158570+01:00" testType="13cdc9d9-ddb5-4fa4-a97d-d965ccfc6d4b" outcome="Passed" testListId="8c84fa94-04c1-424b-9868-57a2d4851a1d" relativeResultsDirectory="6ad77af9-a6e2-44b8-bb45-e288f03e221f">
    </UnitTestResult>
    <UnitTestResult executionId="e40d6c96-9f9c-40c9-b62b-890812130d61" testId="be209e92-294e-6d58-6ff7-4526a01ac914" testName="Should_retrieve_the_tier_value" computerName="LONMW86693" duration="00:00:00.0011772" startTime="2011-09-14T16:00:18.4158570+01:00" endTime="2011-09-14T16:00:18.4158570+01:00" testType="13cdc9d9-ddb5-4fa4-a97d-d965ccfc6d4b" outcome="Passed" testListId="8c84fa94-04c1-424b-9868-57a2d4851a1d" relativeResultsDirectory="e40d6c96-9f9c-40c9-b62b-890812130d61">
    </UnitTestResult>
    <UnitTestResult executionId="72f3c8d3-3eba-4c69-a281-06ee38a98800" testId="be9b646d-7127-728b-f373-0e122c6c1abd" testName="Should_change_the_description_to_the_given_value" computerName="LONMW86693" duration="00:00:00.0001429" startTime="2011-09-14T16:00:18.4314825+01:00" endTime="2011-09-14T16:00:18.4314825+01:00" testType="13cdc9d9-ddb5-4fa4-a97d-d965ccfc6d4b" outcome="Passed" testListId="8c84fa94-04c1-424b-9868-57a2d4851a1d" relativeResultsDirectory="72f3c8d3-3eba-4c69-a281-06ee38a98800">
    </UnitTestResult>
    <UnitTestResult executionId="f2afc257-59e8-4362-ae92-bb078df50057" testId="bf6fbdcd-62f2-20bc-73b0-533579017f91" testName="Should_not_allow_inactivation" computerName="LONMW86693" duration="00:00:00.0007433" startTime="2011-09-14T16:00:18.4314825+01:00" endTime="2011-09-14T16:00:18.4471080+01:00" testType="13cdc9d9-ddb5-4fa4-a97d-d965ccfc6d4b" outcome="Passed" testListId="8c84fa94-04c1-424b-9868-57a2d4851a1d" relativeResultsDirectory="f2afc257-59e8-4362-ae92-bb078df50057">
    </UnitTestResult>
    <UnitTestResult executionId="c99fdb33-9a56-403e-97b3-058a5b31bd73" testId="c2f1a978-196e-d090-c3d8-ffa959c0cb9a" testName="Should_change_the_description_to_the_given_value" computerName="LONMW86693" duration="00:00:00.0001773" startTime="2011-09-14T16:00:18.4471080+01:00" endTime="2011-09-14T16:00:18.4471080+01:00" testType="13cdc9d9-ddb5-4fa4-a97d-d965ccfc6d4b" outcome="Passed" testListId="8c84fa94-04c1-424b-9868-57a2d4851a1d" relativeResultsDirectory="c99fdb33-9a56-403e-97b3-058a5b31bd73">
    </UnitTestResult>
    <UnitTestResult executionId="a0a4e799-1366-4eb0-8d84-b37bd8f7f10a" testId="c4df39e9-1bcd-84d9-4520-201e34c0b7c3" testName="Should_create_and_persist_the_sector" computerName="LONMW86693" duration="00:00:00.0017731" startTime="2011-09-14T16:00:18.4471080+01:00" endTime="2011-09-14T16:00:18.4627335+01:00" testType="13cdc9d9-ddb5-4fa4-a97d-d965ccfc6d4b" outcome="Passed" testListId="8c84fa94-04c1-424b-9868-57a2d4851a1d" relativeResultsDirectory="a0a4e799-1366-4eb0-8d84-b37bd8f7f10a">
    </UnitTestResult>
    <UnitTestResult executionId="94a5fe7d-6ecb-44b4-930b-8d6cfa663ff8" testId="c6765f05-daaa-acbe-3c14-06cd3093a036" testName="Should_create_the_appropriate_event" computerName="LONMW86693" duration="00:00:00.1897914" startTime="2011-09-14T16:00:18.4783590+01:00" endTime="2011-09-14T16:00:18.6658650+01:00" testType="13cdc9d9-ddb5-4fa4-a97d-d965ccfc6d4b" outcome="Passed" testListId="8c84fa94-04c1-424b-9868-57a2d4851a1d" relativeResultsDirectory="94a5fe7d-6ecb-44b4-930b-8d6cfa663ff8">
    </UnitTestResult>
    <UnitTestResult executionId="f26c4044-02b4-4c26-b14a-1b45cfe73863" testId="c7a047cd-0a4c-d2dc-a511-5faf88ae8552" testName="Should_retrieve_the_current_version" computerName="LONMW86693" duration="00:00:00.0006535" startTime="2011-09-14T16:00:18.6658650+01:00" endTime="2011-09-14T16:00:18.6658650+01:00" testType="13cdc9d9-ddb5-4fa4-a97d-d965ccfc6d4b" outcome="Passed" testListId="8c84fa94-04c1-424b-9868-57a2d4851a1d" relativeResultsDirectory="f26c4044-02b4-4c26-b14a-1b45cfe73863">
    </UnitTestResult>
    <UnitTestResult executionId="83a77839-1947-4dd0-8b0b-3c5c9ce785bb" testId="c980ab97-2215-dab8-d790-437958c9e42f" testName="Should_check_if_the_tier_value_exists" computerName="LONMW86693" duration="00:00:00.0008907" startTime="2011-09-14T16:00:18.6814905+01:00" endTime="2011-09-14T16:00:18.6814905+01:00" testType="13cdc9d9-ddb5-4fa4-a97d-d965ccfc6d4b" outcome="Passed" testListId="8c84fa94-04c1-424b-9868-57a2d4851a1d" relativeResultsDirectory="83a77839-1947-4dd0-8b0b-3c5c9ce785bb">
    </UnitTestResult>
    <UnitTestResult executionId="2aa0cfd8-859b-42f1-8dbb-20a04a3d6968" testId="ca3c86f3-2bd1-6786-3776-f1cb040af037" testName="When_Search_Matches_ClientName_And_FirstName_And_LastName_Should_Find" computerName="LONMW86693" duration="00:00:00.0625064" startTime="2011-09-14T16:00:18.6971160+01:00" endTime="2011-09-14T16:00:18.7596180+01:00" testType="13cdc9d9-ddb5-4fa4-a97d-d965ccfc6d4b" outcome="Passed" testListId="8c84fa94-04c1-424b-9868-57a2d4851a1d" relativeResultsDirectory="2aa0cfd8-859b-42f1-8dbb-20a04a3d6968">
      <Output>
        <StdOut>NHibernate: 
    DECLARE @textSearch NVARCHAR(4000), @modSince DATETIME    SELECT
        @textSearch = @p0,
        @modSince = @p1    SELECT
            cc.ContactId as ContactId8_0_,
            cc.ClientName as ClientName8_0_,
            cc.ClientSalesForceId as ClientSa3_8_0_,
            cc.ClientSDMId as ClientSD4_8_0_,
            cc.FirstName as FirstName8_0_,
            cc.LastName as LastName8_0_,
            cc.Role as Role8_0_,
            cc.SalesForceId as SalesFor8_8_0_,
            cc.ClientTier as ClientTier8_0_,
            cc.AccountManagers as Account10_8_0_,
            cc.UserLastContactedDate as UserLas11_8_0_,
            cc.TeamLastContactedDate as TeamLas12_8_0_,
            cc.HasPendingCSR as HasPend13_8_0_,
            cc.UpdateDate as UpdateDate8_0_  
        FROM
            v_ContactSearch cs   
        JOIN
            CONTAINSTABLE(dbo.v_ContactSearch, Searchtext, @textSearch) t 
                ON cs.ContactId = t.[KEY]   
        JOIN
            v_ContactCard cc 
                on CS.ContactId = cc.ContactId     
        WHERE
            cs.IsActive = 1                
        ORDER BY
            cc.LastName;
    @p0 = '"Bank*" AND "Royal*" AND "John*" AND "Milton*"' [Type: String (4000)],
    @p1 = NULL [Type: DateTime (0)]</StdOut>
      </Output>
    </UnitTestResult>
    <UnitTestResult executionId="38467110-152c-4cad-bba3-d9bafd9c024d" testId="ca5fa49d-7f57-0401-f31d-539915ab9902" testName="Should_set_the_isactive_flag_to_false" computerName="LONMW86693" duration="00:00:00.0009501" startTime="2011-09-14T16:00:18.7596180+01:00" endTime="2011-09-14T16:00:18.7596180+01:00" testType="13cdc9d9-ddb5-4fa4-a97d-d965ccfc6d4b" outcome="Passed" testListId="8c84fa94-04c1-424b-9868-57a2d4851a1d" relativeResultsDirectory="38467110-152c-4cad-bba3-d9bafd9c024d">
    </UnitTestResult>
    <UnitTestResult executionId="b2787597-2a62-4e22-bb76-5e3c3b282ba8" testId="cb25deab-cf45-b695-0c44-ad948d14d876" testName="Should_require_a_nonempty_description" computerName="LONMW86693" duration="00:00:00.0005088" startTime="2011-09-14T16:00:18.7752435+01:00" endTime="2011-09-14T16:00:18.7752435+01:00" testType="13cdc9d9-ddb5-4fa4-a97d-d965ccfc6d4b" outcome="Passed" testListId="8c84fa94-04c1-424b-9868-57a2d4851a1d" relativeResultsDirectory="b2787597-2a62-4e22-bb76-5e3c3b282ba8">
    </UnitTestResult>
    <UnitTestResult executionId="8b3bd988-c26c-4c6d-8c2e-2d565bfc0af4" testId="cb64aa0a-a84b-5d42-4ed1-c64dc9250012" testName="Should_change_the_description_to_the_given_value" computerName="LONMW86693" duration="00:00:00.0001332" startTime="2011-09-14T16:00:18.7908690+01:00" endTime="2011-09-14T16:00:18.7908690+01:00" testType="13cdc9d9-ddb5-4fa4-a97d-d965ccfc6d4b" outcome="Passed" testListId="8c84fa94-04c1-424b-9868-57a2d4851a1d" relativeResultsDirectory="8b3bd988-c26c-4c6d-8c2e-2d565bfc0af4">
    </UnitTestResult>
    <UnitTestResult executionId="9dc60891-9b25-4488-9065-ad82be63153f" testId="cb6b8cfe-e0b9-9b21-3dc9-12b455aa228f" testName="Should_not_execute_the_resolved_processor" computerName="LONMW86693" duration="00:00:00.0020791" startTime="2011-09-14T16:00:18.8064945+01:00" endTime="2011-09-14T16:00:18.8064945+01:00" testType="13cdc9d9-ddb5-4fa4-a97d-d965ccfc6d4b" outcome="Passed" testListId="8c84fa94-04c1-424b-9868-57a2d4851a1d" relativeResultsDirectory="9dc60891-9b25-4488-9065-ad82be63153f">
    </UnitTestResult>
    <UnitTestResult executionId="0d7d4644-7ac7-4dd9-bd25-766568f02873" testId="cbbb308b-9b32-97f5-4e7e-75cb3790a4f7" testName="Should_require_a_valid_iso_region_code" computerName="LONMW86693" duration="00:00:00.0041583" startTime="2011-09-14T16:00:18.8221200+01:00" endTime="2011-09-14T16:00:18.8221200+01:00" testType="13cdc9d9-ddb5-4fa4-a97d-d965ccfc6d4b" outcome="Passed" testListId="8c84fa94-04c1-424b-9868-57a2d4851a1d" relativeResultsDirectory="0d7d4644-7ac7-4dd9-bd25-766568f02873">
    </UnitTestResult>
    <UnitTestResult executionId="6ac3480a-e79c-4b34-83c2-6958855a5ceb" testId="cbcff723-8bda-5d29-8130-f5209875fc82" testName="Should_check_if_the_tier_group_exists" computerName="LONMW86693" duration="00:00:00.0006764" startTime="2011-09-14T16:00:18.8221200+01:00" endTime="2011-09-14T16:00:18.8377455+01:00" testType="13cdc9d9-ddb5-4fa4-a97d-d965ccfc6d4b" outcome="Passed" testListId="8c84fa94-04c1-424b-9868-57a2d4851a1d" relativeResultsDirectory="6ac3480a-e79c-4b34-83c2-6958855a5ceb">
    </UnitTestResult>
    <UnitTestResult executionId="2bf70eb8-5c3e-4568-8336-888cc584c025" testId="cd3083bb-5d2b-aada-3010-1cd58c3b2811" testName="Should_set_the_isactive_flag_to_false" computerName="LONMW86693" duration="00:00:00.0003901" startTime="2011-09-14T16:00:18.8377455+01:00" endTime="2011-09-14T16:00:18.8377455+01:00" testType="13cdc9d9-ddb5-4fa4-a97d-d965ccfc6d4b" outcome="Passed" testListId="8c84fa94-04c1-424b-9868-57a2d4851a1d" relativeResultsDirectory="2bf70eb8-5c3e-4568-8336-888cc584c025">
    </UnitTestResult>
    <UnitTestResult executionId="ce6c2ee0-2109-4604-aed3-4c824c4fbb50" testId="ce3b5ec9-f479-373d-8e33-639a4f32ef5b" testName="Can_update_root_sdmClient" computerName="LONMW86693" duration="00:00:00.0156572" startTime="2011-09-14T16:00:18.8377455+01:00" endTime="2011-09-14T16:00:18.8533710+01:00" testType="13cdc9d9-ddb5-4fa4-a97d-d965ccfc6d4b" outcome="Passed" testListId="8c84fa94-04c1-424b-9868-57a2d4851a1d" relativeResultsDirectory="ce6c2ee0-2109-4604-aed3-4c824c4fbb50">
      <Output>
        <StdOut>NHibernate: 
    SELECT
        sdmclient0_.ClientId as ClientId13_0_,
        sdmclient0_.SDMId as SDMId13_0_,
        sdmclient0_.Name as Name13_0_,
        sdmclient0_.CisCode as CisCode13_0_,
        sdmclient0_.CountryId as CountryId13_0_,
        sdmclient0_.ClientSubsectorId as ClientSu6_13_0_,
        sdmclient0_.DefaultLevel as DefaultL7_13_0_,
        sdmclient0_.ParentClientId as ParentCl8_13_0_ 
    FROM
        dbo.Client sdmclient0_ 
    WHERE
        sdmclient0_.ClientId=@p0;
    @p0 = 10063148 [Type: Int32 (0)]
NHibernate: 
    SELECT
        country0_.CountryId as CountryId7_0_,
        country0_.ISO2 as ISO2_7_0_,
        country0_.CountryCode as CountryC3_7_0_,
        country0_.Name as Name7_0_,
        country0_.PrimaryCurrency as PrimaryC5_7_0_ 
    FROM
        dbo.[Country] country0_ 
    WHERE
        country0_.CountryId=@p0;
    @p0 = 2311 [Type: Int32 (0)]
NHibernate: 
    SELECT
        clientsubs0_.ClientSubsectorId as ClientSu1_2_0_,
        clientsubs0_.SDMId as SDMId2_0_,
        clientsubs0_.Description as Descript3_2_0_,
        clientsubs0_.ClientSectorId as ClientSe4_2_0_ 
    FROM
        dbo.[ClientSubsector] clientsubs0_ 
    WHERE
        clientsubs0_.ClientSubsectorId=@p0;
    @p0 = 1150 [Type: Int32 (0)]</StdOut>
      </Output>
    </UnitTestResult>
    <UnitTestResult executionId="69b3cd1d-7c59-417e-b8e8-257519927932" testId="ce5ae677-218e-d1c7-6f73-a1fb2929a644" testName="Should_execute_the_resolved_processor" computerName="LONMW86693" duration="00:00:00.0010310" startTime="2011-09-14T16:00:18.8689965+01:00" endTime="2011-09-14T16:00:18.8689965+01:00" testType="13cdc9d9-ddb5-4fa4-a97d-d965ccfc6d4b" outcome="Passed" testListId="8c84fa94-04c1-424b-9868-57a2d4851a1d" relativeResultsDirectory="69b3cd1d-7c59-417e-b8e8-257519927932">
    </UnitTestResult>
    <UnitTestResult executionId="ad41d32e-628a-471a-9839-cb2008dd0d70" testId="cfb15dca-147e-de41-9f19-cd2177098c8b" testName="CanCorrectlyMapUserLogin" computerName="LONMW86693" duration="00:00:00.0373257" startTime="2011-09-14T16:00:18.8689965+01:00" endTime="2011-09-14T16:00:18.9158730+01:00" testType="13cdc9d9-ddb5-4fa4-a97d-d965ccfc6d4b" outcome="Passed" testListId="8c84fa94-04c1-424b-9868-57a2d4851a1d" relativeResultsDirectory="ad41d32e-628a-471a-9839-cb2008dd0d70">
      <Output>
        <StdOut>NHibernate: 
    SELECT
        userlogin0_.UserLoginId as UserLogi1_28_0_,
        userlogin0_.CreateUserId as CreateUs2_28_0_,
        userlogin0_.CreateDate as CreateDate28_0_,
        userlogin0_.UpdateUserId as UpdateUs4_28_0_,
        userlogin0_.UpdateDate as UpdateDate28_0_,
        userlogin0_.UserName as UserName28_0_,
        userlogin0_.UserId as UserId28_0_ 
    FROM
        dbo.[UserLogin] userlogin0_ 
    WHERE
        userlogin0_.UserLoginId=@p0;
    @p0 = 1045054 [Type: Int32 (0)]</StdOut>
      </Output>
    </UnitTestResult>
    <UnitTestResult executionId="5251de14-4b9d-4a04-90dc-ea33ca70d442" testId="d02b73e1-ffe3-d811-a911-26512d7645a7" testName="Constructor_should_require_non_empty_description" computerName="LONMW86693" duration="00:00:00.0003762" startTime="2011-09-14T16:00:18.9158730+01:00" endTime="2011-09-14T16:00:18.9158730+01:00" testType="13cdc9d9-ddb5-4fa4-a97d-d965ccfc6d4b" outcome="Passed" testListId="8c84fa94-04c1-424b-9868-57a2d4851a1d" relativeResultsDirectory="5251de14-4b9d-4a04-90dc-ea33ca70d442">
    </UnitTestResult>
    <UnitTestResult executionId="e66cc148-5c03-4735-86f2-80084fff3030" testId="d04c31c0-dd8d-1ac7-58cd-78ab5221807a" testName="When_Search_Matches_FirstName_Should_Find" computerName="LONMW86693" duration="00:00:00.4541600" startTime="2011-09-14T16:00:18.9158730+01:00" endTime="2011-09-14T16:00:19.3690125+01:00" testType="13cdc9d9-ddb5-4fa4-a97d-d965ccfc6d4b" outcome="Passed" testListId="8c84fa94-04c1-424b-9868-57a2d4851a1d" relativeResultsDirectory="e66cc148-5c03-4735-86f2-80084fff3030">
      <Output>
        <StdOut>NHibernate: 
    DECLARE @textSearch NVARCHAR(4000), @modSince DATETIME    SELECT
        @textSearch = @p0,
        @modSince = @p1    SELECT
            cc.ContactId as ContactId8_0_,
            cc.ClientName as ClientName8_0_,
            cc.ClientSalesForceId as ClientSa3_8_0_,
            cc.ClientSDMId as ClientSD4_8_0_,
            cc.FirstName as FirstName8_0_,
            cc.LastName as LastName8_0_,
            cc.Role as Role8_0_,
            cc.SalesForceId as SalesFor8_8_0_,
            cc.ClientTier as ClientTier8_0_,
            cc.AccountManagers as Account10_8_0_,
            cc.UserLastContactedDate as UserLas11_8_0_,
            cc.TeamLastContactedDate as TeamLas12_8_0_,
            cc.HasPendingCSR as HasPend13_8_0_,
            cc.UpdateDate as UpdateDate8_0_  
        FROM
            v_ContactSearch cs   
        JOIN
            CONTAINSTABLE(dbo.v_ContactSearch, Searchtext, @textSearch) t 
                ON cs.ContactId = t.[KEY]   
        JOIN
            v_ContactCard cc 
                on CS.ContactId = cc.ContactId     
        WHERE
            cs.IsActive = 1                
        ORDER BY
            cc.LastName;
    @p0 = '"John*"' [Type: String (4000)],
    @p1 = NULL [Type: DateTime (0)]</StdOut>
      </Output>
    </UnitTestResult>
    <UnitTestResult executionId="05cbd21e-f6b5-4d45-acc4-cfce9d7f13b9" testId="d15779bf-7f91-05a7-6456-08470891dcca" testName="Should_require_sales_hierarchy_less_than_6" computerName="LONMW86693" duration="00:00:00.0004435" startTime="2011-09-14T16:00:19.3846380+01:00" endTime="2011-09-14T16:00:19.3846380+01:00" testType="13cdc9d9-ddb5-4fa4-a97d-d965ccfc6d4b" outcome="Passed" testListId="8c84fa94-04c1-424b-9868-57a2d4851a1d" relativeResultsDirectory="05cbd21e-f6b5-4d45-acc4-cfce9d7f13b9">
    </UnitTestResult>
    <UnitTestResult executionId="361aebe9-252c-4dc5-afda-4cf2533bced4" testId="d1ad1302-4701-179f-f5bf-426b22d99dc7" testName="ReturnsCorrectTierListValueForContacts" computerName="LONMW86693" duration="00:00:00.0383240" startTime="2011-09-14T16:00:19.3846380+01:00" endTime="2011-09-14T16:00:19.4315145+01:00" testType="13cdc9d9-ddb5-4fa4-a97d-d965ccfc6d4b" outcome="Passed" testListId="8c84fa94-04c1-424b-9868-57a2d4851a1d" relativeResultsDirectory="361aebe9-252c-4dc5-afda-4cf2533bced4">
    </UnitTestResult>
    <UnitTestResult executionId="fee6bee7-954f-40ae-9a10-a294dab95bdd" testId="d22b6b8d-2bb2-eb24-30e0-98862d0d2606" testName="Should_accept_invalid_iso3166_country_code" computerName="LONMW86693" duration="00:00:00.0002338" startTime="2011-09-14T16:00:19.4315145+01:00" endTime="2011-09-14T16:00:19.4315145+01:00" testType="13cdc9d9-ddb5-4fa4-a97d-d965ccfc6d4b" outcome="Passed" testListId="8c84fa94-04c1-424b-9868-57a2d4851a1d" relativeResultsDirectory="fee6bee7-954f-40ae-9a10-a294dab95bdd">
    </UnitTestResult>
    <UnitTestResult executionId="53b700d0-dda7-4c6c-98b2-6a513cf12719" testId="d2bb5434-abf7-b511-3279-e582bcb339ae" testName="CanCorrectlyMapContact" computerName="LONMW86693" duration="00:00:00.0663263" startTime="2011-09-14T16:00:19.4471400+01:00" endTime="2011-09-14T16:00:19.5096420+01:00" testType="13cdc9d9-ddb5-4fa4-a97d-d965ccfc6d4b" outcome="Passed" testListId="8c84fa94-04c1-424b-9868-57a2d4851a1d" relativeResultsDirectory="53b700d0-dda7-4c6c-98b2-6a513cf12719">
      <Output>
        <StdOut>NHibernate: 
    SELECT
        contact0_.ContactId as ContactId13_0_,
        contact0_.CreateUserId as CreateUs2_13_0_,
        contact0_.CreateDate as CreateDate13_0_,
        contact0_.UpdateUserId as UpdateUs4_13_0_,
        contact0_.UpdateDate as UpdateDate13_0_,
        contact0_.JobTitle as JobTitle13_0_,
        contact0_.IsInternal as IsInternal13_0_,
        contact0_.SalesForceId as SalesFor8_13_0_,
        contact0_.ClientId as ClientId13_0_,
        contact0_.PersonId as PersonId13_0_,
        contact0_.ContactRoleId as Contact11_13_0_ 
    FROM
        dbo.[Contact] contact0_ 
    WHERE
        contact0_.ContactId=@p0;
    @p0 = 10311181 [Type: Int32 (0)]
NHibernate: 
    SELECT
        phones0_.ContactId as ContactId1_,
        phones0_.ContactPhoneId as ContactP1_1_,
        phones0_.ContactPhoneId as ContactP1_9_0_,
        phones0_.CreateUserId as CreateUs2_9_0_,
        phones0_.CreateDate as CreateDate9_0_,
        phones0_.UpdateUserId as UpdateUs4_9_0_,
        phones0_.UpdateDate as UpdateDate9_0_,
        phones0_.Number as Number9_0_,
        phones0_.IsPreferred as IsPrefer7_9_0_,
        phones0_.PhoneTypeId as PhoneTyp8_9_0_,
        phones0_.ContactId as ContactId9_0_ 
    FROM
        dbo.ContactPhone phones0_ 
    WHERE
        phones0_.ContactId=@p0;
    @p0 = 10311181 [Type: Int32 (0)]
NHibernate: 
    SELECT
        emails0_.ContactId as ContactId1_,
        emails0_.ContactEmailId as ContactE1_1_,
        emails0_.ContactEmailId as ContactE1_10_0_,
        emails0_.CreateUserId as CreateUs2_10_0_,
        emails0_.CreateDate as CreateDate10_0_,
        emails0_.UpdateUserId as UpdateUs4_10_0_,
        emails0_.UpdateDate as UpdateDate10_0_,
        emails0_.Email as Email10_0_,
        emails0_.IsPreferred as IsPrefer7_10_0_,
        emails0_.EmailTypeId as EmailTyp8_10_0_,
        emails0_.ContactId as ContactId10_0_ 
    FROM
        dbo.ContactEmail emails0_ 
    WHERE
        emails0_.ContactId=@p0;
    @p0 = 10311181 [Type: Int32 (0)]</StdOut>
      </Output>
    </UnitTestResult>
    <UnitTestResult executionId="13b55410-dc9f-4964-8626-c6eaa65e1193" testId="d41accc8-8ac7-5fab-d4a6-7ed436c4163b" testName="CanCorrectlyMapPersonPhone" computerName="LONMW86693" duration="00:00:00.0068170" startTime="2011-09-14T16:00:19.5252675+01:00" endTime="2011-09-14T16:00:19.5252675+01:00" testType="13cdc9d9-ddb5-4fa4-a97d-d965ccfc6d4b" outcome="Passed" testListId="8c84fa94-04c1-424b-9868-57a2d4851a1d" relativeResultsDirectory="13b55410-dc9f-4964-8626-c6eaa65e1193">
      <Output>
        <StdOut>NHibernate: 
    SELECT
        personphon0_.PersonPhoneId as PersonPh1_20_0_,
        personphon0_.CreateUserId as CreateUs2_20_0_,
        personphon0_.CreateDate as CreateDate20_0_,
        personphon0_.UpdateUserId as UpdateUs4_20_0_,
        personphon0_.UpdateDate as UpdateDate20_0_,
        personphon0_.Number as Number20_0_,
        personphon0_.IsPreferred as IsPrefer7_20_0_,
        personphon0_.Extension as Extension20_0_,
        personphon0_.PhoneTypeId as PhoneTyp9_20_0_,
        personphon0_.PersonId as PersonId20_0_ 
    FROM
        dbo.PersonPhone personphon0_ 
    WHERE
        personphon0_.PersonPhoneId=@p0;
    @p0 = 2035775 [Type: Int32 (0)]</StdOut>
      </Output>
    </UnitTestResult>
    <UnitTestResult executionId="ca0347a1-aa54-494a-b9d3-0d6d46e6ff61" testId="d44d7554-ede1-ed43-b2f8-3925fc0249f0" testName="Should_create_an_upsert_tier_list_command_processor" computerName="LONMW86693" duration="00:00:00.0003826" startTime="2011-09-14T16:00:19.5252675+01:00" endTime="2011-09-14T16:00:19.5252675+01:00" testType="13cdc9d9-ddb5-4fa4-a97d-d965ccfc6d4b" outcome="Passed" testListId="8c84fa94-04c1-424b-9868-57a2d4851a1d" relativeResultsDirectory="ca0347a1-aa54-494a-b9d3-0d6d46e6ff61">
    </UnitTestResult>
    <UnitTestResult executionId="c370fc24-c34b-4516-a684-b17a93eab6a7" testId="d45c22d8-a9e9-7c6e-eb04-a0cabb214e02" testName="Should_require_description" computerName="LONMW86693" duration="00:00:00.0003667" startTime="2011-09-14T16:00:19.5565185+01:00" endTime="2011-09-14T16:00:19.5565185+01:00" testType="13cdc9d9-ddb5-4fa4-a97d-d965ccfc6d4b" outcome="Passed" testListId="8c84fa94-04c1-424b-9868-57a2d4851a1d" relativeResultsDirectory="c370fc24-c34b-4516-a684-b17a93eab6a7">
    </UnitTestResult>
    <UnitTestResult executionId="0d004695-f4f5-4501-934f-479a0793037f" testId="d4ece765-93de-ec6a-2f46-3245d3d6a8ee" testName="CanExecute" computerName="LONMW86693" duration="00:00:00.0016169" startTime="2011-09-14T16:00:19.5721440+01:00" endTime="2011-09-14T16:00:19.5721440+01:00" testType="13cdc9d9-ddb5-4fa4-a97d-d965ccfc6d4b" outcome="Passed" testListId="8c84fa94-04c1-424b-9868-57a2d4851a1d" relativeResultsDirectory="0d004695-f4f5-4501-934f-479a0793037f">
    </UnitTestResult>
    <UnitTestResult executionId="a776fb7e-0a61-4980-a61f-3c5050ec531d" testId="d5188fd8-be0e-a068-6524-7aac70f5afee" testName="Should_create_a_delete_tier_value_command_processor" computerName="LONMW86693" duration="00:00:00.0004403" startTime="2011-09-14T16:00:19.5877695+01:00" endTime="2011-09-14T16:00:19.5877695+01:00" testType="13cdc9d9-ddb5-4fa4-a97d-d965ccfc6d4b" outcome="Passed" testListId="8c84fa94-04c1-424b-9868-57a2d4851a1d" relativeResultsDirectory="a776fb7e-0a61-4980-a61f-3c5050ec531d">
    </UnitTestResult>
    <UnitTestResult executionId="bbdb96e0-cae0-4d48-a30d-075ee26e65c4" testId="d55edbc2-263a-1d37-edec-75c74e946897" testName="Should_set_the_isactive_flag_to_false" computerName="LONMW86693" duration="00:00:00.0004289" startTime="2011-09-14T16:00:19.6033950+01:00" endTime="2011-09-14T16:00:19.6190205+01:00" testType="13cdc9d9-ddb5-4fa4-a97d-d965ccfc6d4b" outcome="Passed" testListId="8c84fa94-04c1-424b-9868-57a2d4851a1d" relativeResultsDirectory="bbdb96e0-cae0-4d48-a30d-075ee26e65c4">
    </UnitTestResult>
    <UnitTestResult executionId="ca33eb39-7833-41e9-918f-1ada912a74f5" testId="d5644ed0-7c6b-1714-5479-0fe94520eaa1" testName="Should_throw_clientnotfoundexception" computerName="LONMW86693" duration="00:00:00.0017944" startTime="2011-09-14T16:00:19.6190205+01:00" endTime="2011-09-14T16:00:19.6190205+01:00" testType="13cdc9d9-ddb5-4fa4-a97d-d965ccfc6d4b" outcome="Passed" testListId="8c84fa94-04c1-424b-9868-57a2d4851a1d" relativeResultsDirectory="ca33eb39-7833-41e9-918f-1ada912a74f5">
    </UnitTestResult>
    <UnitTestResult executionId="9b54a414-42d6-408d-a4cc-e3d22ed07137" testId="d583a40e-1921-6734-1fbd-3f1e6262adc8" testName="Should_issue_a_mapped_client_command" computerName="LONMW86693" duration="00:00:00.0250001" startTime="2011-09-14T16:00:19.6346460+01:00" endTime="2011-09-14T16:00:19.6502715+01:00" testType="13cdc9d9-ddb5-4fa4-a97d-d965ccfc6d4b" outcome="Passed" testListId="8c84fa94-04c1-424b-9868-57a2d4851a1d" relativeResultsDirectory="9b54a414-42d6-408d-a4cc-e3d22ed07137">
    </UnitTestResult>
    <UnitTestResult executionId="fa2fc87c-0a10-46f0-870c-90661778afec" testId="d6e596a3-5145-0032-0134-1468e1b8b59f" testName="Should_update_the_parent" computerName="LONMW86693" duration="00:00:00.0027184" startTime="2011-09-14T16:00:19.6658970+01:00" endTime="2011-09-14T16:00:19.6658970+01:00" testType="13cdc9d9-ddb5-4fa4-a97d-d965ccfc6d4b" outcome="Passed" testListId="8c84fa94-04c1-424b-9868-57a2d4851a1d" relativeResultsDirectory="fa2fc87c-0a10-46f0-870c-90661778afec">
    </UnitTestResult>
    <UnitTestResult executionId="2b189cec-9d8b-4df2-9609-41f3d17321cf" testId="d7a0d135-ec4c-687a-33c9-69629e60e919" testName="Should_accept_name_of_3_chars" computerName="LONMW86693" duration="00:00:00.0001796" startTime="2011-09-14T16:00:19.6815225+01:00" endTime="2011-09-14T16:00:19.6815225+01:00" testType="13cdc9d9-ddb5-4fa4-a97d-d965ccfc6d4b" outcome="Passed" testListId="8c84fa94-04c1-424b-9868-57a2d4851a1d" relativeResultsDirectory="2b189cec-9d8b-4df2-9609-41f3d17321cf">
    </UnitTestResult>
    <UnitTestResult executionId="9cee6057-700f-4fc6-bb8a-80224249946e" testId="d8cacfa1-72c6-26d0-8722-d1428de745fe" testName="Should_require_description" computerName="LONMW86693" duration="00:00:00.0003437" startTime="2011-09-14T16:00:19.6815225+01:00" endTime="2011-09-14T16:00:19.6815225+01:00" testType="13cdc9d9-ddb5-4fa4-a97d-d965ccfc6d4b" outcome="Passed" testListId="8c84fa94-04c1-424b-9868-57a2d4851a1d" relativeResultsDirectory="9cee6057-700f-4fc6-bb8a-80224249946e">
    </UnitTestResult>
    <UnitTestResult executionId="1a1497d4-891e-4644-8740-d63dddc5ec1f" testId="d9914625-4f37-db5c-eca4-0d5fd5a9b942" testName="CanDeleteLoginForuser" computerName="LONMW86693" duration="00:00:00.0123883" startTime="2011-09-14T16:00:19.6815225+01:00" endTime="2011-09-14T16:00:19.6971480+01:00" testType="13cdc9d9-ddb5-4fa4-a97d-d965ccfc6d4b" outcome="Passed" testListId="8c84fa94-04c1-424b-9868-57a2d4851a1d" relativeResultsDirectory="1a1497d4-891e-4644-8740-d63dddc5ec1f">
      <Output>
        <StdOut>NHibernate: 
    SELECT
        user0_.UserId as UserId29_1_,
        user0_.CreateUserId as CreateUs2_29_1_,
        user0_.CreateDate as CreateDate29_1_,
        user0_.UpdateUserId as UpdateUs4_29_1_,
        user0_.UpdateDate as UpdateDate29_1_,
        user0_.IsActive as IsActive29_1_,
        user0_.JobTitle as JobTitle29_1_,
        user0_.HasWorkflowEnabled as HasWorkf8_29_1_,
        user0_.CSRListVisibility as CSRListV9_29_1_,
        user0_.CanCSRBeCreatedForUser as CanCSRB10_29_1_,
        user0_.SalesForceId as SalesFo11_29_1_,
        user0_.BuildingNameScreen as Buildin12_29_1_,
        user0_.CostCentre as CostCentre29_1_,
        user0_.ECDEmployeeId as ECDEmpl14_29_1_,
        user0_.PersonId as PersonId29_1_,
        user0_.AssetClassRegionId as AssetCl16_29_1_,
        person1_.PersonId as PersonId19_0_,
        person1_.CreateUserId as CreateUs2_19_0_,
        person1_.CreateDate as CreateDate19_0_,
        person1_.UpdateUserId as UpdateUs4_19_0_,
        person1_.UpdateDate as UpdateDate19_0_,
        person1_.Title as Title19_0_,
        person1_.FirstName as FirstName19_0_,
        person1_.IsActive as IsActive19_0_,
        person1_.MiddleName as MiddleName19_0_,
        person1_.LastName as LastName19_0_,
        person1_.DoNotContact as DoNotCo11_19_0_ 
    FROM
        dbo.[User] user0_ 
    left outer join
        dbo.[Person] person1_ 
            on user0_.PersonId=person1_.PersonId 
    WHERE
        user0_.UserId=@p0;
    @p0 = 1888269 [Type: Int32 (0)]
NHibernate: 
    SELECT
        logins0_.UserId as UserId1_,
        logins0_.UserLoginId as UserLogi1_1_,
        logins0_.UserLoginId as UserLogi1_28_0_,
        logins0_.CreateUserId as CreateUs2_28_0_,
        logins0_.CreateDate as CreateDate28_0_,
        logins0_.UpdateUserId as UpdateUs4_28_0_,
        logins0_.UpdateDate as UpdateDate28_0_,
        logins0_.UserName as UserName28_0_,
        logins0_.UserId as UserId28_0_ 
    FROM
        dbo.[UserLogin] logins0_ 
    WHERE
        logins0_.UserId=@p0;
    @p0 = 1888269 [Type: Int32 (0)]
NHibernate: 
    SELECT
        user0_.UserId as UserId29_1_,
        user0_.CreateUserId as CreateUs2_29_1_,
        user0_.CreateDate as CreateDate29_1_,
        user0_.UpdateUserId as UpdateUs4_29_1_,
        user0_.UpdateDate as UpdateDate29_1_,
        user0_.IsActive as IsActive29_1_,
        user0_.JobTitle as JobTitle29_1_,
        user0_.HasWorkflowEnabled as HasWorkf8_29_1_,
        user0_.CSRListVisibility as CSRListV9_29_1_,
        user0_.CanCSRBeCreatedForUser as CanCSRB10_29_1_,
        user0_.SalesForceId as SalesFo11_29_1_,
        user0_.BuildingNameScreen as Buildin12_29_1_,
        user0_.CostCentre as CostCentre29_1_,
        user0_.ECDEmployeeId as ECDEmpl14_29_1_,
        user0_.PersonId as PersonId29_1_,
        user0_.AssetClassRegionId as AssetCl16_29_1_,
        person1_.PersonId as PersonId19_0_,
        person1_.CreateUserId as CreateUs2_19_0_,
        person1_.CreateDate as CreateDate19_0_,
        person1_.UpdateUserId as UpdateUs4_19_0_,
        person1_.UpdateDate as UpdateDate19_0_,
        person1_.Title as Title19_0_,
        person1_.FirstName as FirstName19_0_,
        person1_.IsActive as IsActive19_0_,
        person1_.MiddleName as MiddleName19_0_,
        person1_.LastName as LastName19_0_,
        person1_.DoNotContact as DoNotCo11_19_0_ 
    FROM
        dbo.[User] user0_ 
    left outer join
        dbo.[Person] person1_ 
            on user0_.PersonId=person1_.PersonId 
    WHERE
        user0_.UserId=@p0;
    @p0 = 1888269 [Type: Int32 (0)]
NHibernate: 
    SELECT
        logins0_.UserId as UserId1_,
        logins0_.UserLoginId as UserLogi1_1_,
        logins0_.UserLoginId as UserLogi1_28_0_,
        logins0_.CreateUserId as CreateUs2_28_0_,
        logins0_.CreateDate as CreateDate28_0_,
        logins0_.UpdateUserId as UpdateUs4_28_0_,
        logins0_.UpdateDate as UpdateDate28_0_,
        logins0_.UserName as UserName28_0_,
        logins0_.UserId as UserId28_0_ 
    FROM
        dbo.[UserLogin] logins0_ 
    WHERE
        logins0_.UserId=@p0;
    @p0 = 1888269 [Type: Int32 (0)]</StdOut>
      </Output>
    </UnitTestResult>
    <UnitTestResult executionId="d2edcba5-6f93-41ab-8abc-b902a31676c9" testId="d9b0ec13-2d01-9f0d-a09a-721044f523d7" testName="Should_retrieve_address_and_client" computerName="LONMW86693" duration="00:00:00.0045721" startTime="2011-09-14T16:00:19.7127735+01:00" endTime="2011-09-14T16:00:19.7127735+01:00" testType="13cdc9d9-ddb5-4fa4-a97d-d965ccfc6d4b" outcome="Passed" testListId="8c84fa94-04c1-424b-9868-57a2d4851a1d" relativeResultsDirectory="d2edcba5-6f93-41ab-8abc-b902a31676c9">
    </UnitTestResult>
    <UnitTestResult executionId="48a92aa8-9145-400e-9e6f-48f8d6879b79" testId="dab5e043-9ba2-7f72-91a5-38a9be065ff3" testName="Should_complete_the_unit_of_work_after_persisting_the_contact" computerName="LONMW86693" duration="00:00:00.0052825" startTime="2011-09-14T16:00:19.7283990+01:00" endTime="2011-09-14T16:00:19.7283990+01:00" testType="13cdc9d9-ddb5-4fa4-a97d-d965ccfc6d4b" outcome="Passed" testListId="8c84fa94-04c1-424b-9868-57a2d4851a1d" relativeResultsDirectory="48a92aa8-9145-400e-9e6f-48f8d6879b79">
    </UnitTestResult>
    <UnitTestResult executionId="ddd4062d-b218-4b4e-8268-d52b591ced53" testId="db16e2a7-abd4-1715-6960-600a9a17cead" testName="Should_update_revision" computerName="LONMW86693" duration="00:00:00.0006676" startTime="2011-09-14T16:00:19.7440245+01:00" endTime="2011-09-14T16:00:19.7440245+01:00" testType="13cdc9d9-ddb5-4fa4-a97d-d965ccfc6d4b" outcome="Passed" testListId="8c84fa94-04c1-424b-9868-57a2d4851a1d" relativeResultsDirectory="ddd4062d-b218-4b4e-8268-d52b591ced53">
    </UnitTestResult>
    <UnitTestResult executionId="eddecda2-64a5-4163-8a65-b1401b5fc824" testId="dd37c2a0-a905-1072-5cdf-0fcc9fa67f5a" testName="Should_require_sector_id" computerName="LONMW86693" duration="00:00:00.0004029" startTime="2011-09-14T16:00:19.7596500+01:00" endTime="2011-09-14T16:00:19.7596500+01:00" testType="13cdc9d9-ddb5-4fa4-a97d-d965ccfc6d4b" outcome="Passed" testListId="8c84fa94-04c1-424b-9868-57a2d4851a1d" relativeResultsDirectory="eddecda2-64a5-4163-8a65-b1401b5fc824">
    </UnitTestResult>
    <UnitTestResult executionId="35cef861-5cd3-41ad-b7cc-3a8f29f8489b" testId="ddf2352e-c21e-b979-ee17-1306893d65a6" testName="Should_retrieve_the_client" computerName="LONMW86693" duration="00:00:00.0008904" startTime="2011-09-14T16:00:19.7596500+01:00" endTime="2011-09-14T16:00:19.7596500+01:00" testType="13cdc9d9-ddb5-4fa4-a97d-d965ccfc6d4b" outcome="Passed" testListId="8c84fa94-04c1-424b-9868-57a2d4851a1d" relativeResultsDirectory="35cef861-5cd3-41ad-b7cc-3a8f29f8489b">
    </UnitTestResult>
    <UnitTestResult executionId="9c2860e0-4f27-4a75-a819-9be1a5c898a3" testId="deb442b9-77e1-22e0-d1f7-cd040ba70813" testName="Should_check_if_the_subsector_exists" computerName="LONMW86693" duration="00:00:00.0007305" startTime="2011-09-14T16:00:19.7752755+01:00" endTime="2011-09-14T16:00:19.7752755+01:00" testType="13cdc9d9-ddb5-4fa4-a97d-d965ccfc6d4b" outcome="Passed" testListId="8c84fa94-04c1-424b-9868-57a2d4851a1d" relativeResultsDirectory="9c2860e0-4f27-4a75-a819-9be1a5c898a3">
    </UnitTestResult>
    <UnitTestResult executionId="4840cdc8-32d0-413f-bd3a-23b3f0d02959" testId="deb4455b-8f82-7ad4-d42c-2a16fa73bcb7" testName="Should_throw_invalidoperationexception" computerName="LONMW86693" duration="00:00:00.0005544" startTime="2011-09-14T16:00:19.7909010+01:00" endTime="2011-09-14T16:00:19.7909010+01:00" testType="13cdc9d9-ddb5-4fa4-a97d-d965ccfc6d4b" outcome="Passed" testListId="8c84fa94-04c1-424b-9868-57a2d4851a1d" relativeResultsDirectory="4840cdc8-32d0-413f-bd3a-23b3f0d02959">
    </UnitTestResult>
    <UnitTestResult executionId="acc8aaaa-dcda-4efa-bd25-ae6b826aff42" testId="df987706-6f3a-29c9-29b6-542510698eae" testName="Should_issue_a_mapped_subsector_command" computerName="LONMW86693" duration="00:00:00.0232168" startTime="2011-09-14T16:00:19.7909010+01:00" endTime="2011-09-14T16:00:19.8221520+01:00" testType="13cdc9d9-ddb5-4fa4-a97d-d965ccfc6d4b" outcome="Passed" testListId="8c84fa94-04c1-424b-9868-57a2d4851a1d" relativeResultsDirectory="acc8aaaa-dcda-4efa-bd25-ae6b826aff42">
    </UnitTestResult>
    <UnitTestResult executionId="9b6cadc1-bd3c-4e89-89bd-0c8a06951fc9" testId="dfad1f65-3178-f75a-56b5-4bd2476c70a7" testName="WhenGetContacts_ShouldReturnMatchingRecord" computerName="LONMW86693" duration="00:00:00.0115829" startTime="2011-09-14T16:00:19.8377775+01:00" endTime="2011-09-14T16:00:19.8534030+01:00" testType="13cdc9d9-ddb5-4fa4-a97d-d965ccfc6d4b" outcome="Passed" testListId="8c84fa94-04c1-424b-9868-57a2d4851a1d" relativeResultsDirectory="9b6cadc1-bd3c-4e89-89bd-0c8a06951fc9">
      <Output>
        <StdOut>NHibernate: 
    select
        c.ContactId as ContactId8_0_,
        c.ClientName as ClientName8_0_,
        c.ClientSalesForceId as ClientSa3_8_0_,
        c.ClientSDMId as ClientSD4_8_0_,
        c.FirstName as FirstName8_0_,
        c.LastName as LastName8_0_,
        c.Role as Role8_0_,
        c.SalesForceId as SalesFor8_8_0_,
        c.ClientTier as ClientTier8_0_,
        c.AccountManagers as Account10_8_0_,
        c.UserLastContactedDate as UserLas11_8_0_,
        c.TeamLastContactedDate as TeamLas12_8_0_,
        c.HasPendingCSR as HasPend13_8_0_,
        c.UpdateDate as UpdateDate8_0_ 
    from
        dbo.v_ContactCard c                          
    join
        dbo.f_Split(@p0, ',') f  
            on  f.SplitValue = c.ContactId;
    @p0 = '10311095' [Type: String (1073741823)]</StdOut>
      </Output>
    </UnitTestResult>
    <UnitTestResult executionId="270d1d66-1ad2-4e21-8a96-228fd1d5bad7" testId="e002a504-a82b-2514-61ed-61b5688e582e" testName="When_Newly_Created_Should_Poll_Straight_Away" computerName="LONMW86693" duration="00:00:00.0006954" startTime="2011-09-14T16:00:19.8534030+01:00" endTime="2011-09-14T16:00:19.8534030+01:00" testType="13cdc9d9-ddb5-4fa4-a97d-d965ccfc6d4b" outcome="Passed" testListId="8c84fa94-04c1-424b-9868-57a2d4851a1d" relativeResultsDirectory="270d1d66-1ad2-4e21-8a96-228fd1d5bad7">
    </UnitTestResult>
    <UnitTestResult executionId="3b1d5a46-8aa3-4131-b0c0-9afecbddb86a" testId="e0fbb138-ec02-5322-c1a3-907a81de8d65" testName="Should_require_subsector" computerName="LONMW86693" duration="00:00:00.0004089" startTime="2011-09-14T16:00:19.8690285+01:00" endTime="2011-09-14T16:00:19.8690285+01:00" testType="13cdc9d9-ddb5-4fa4-a97d-d965ccfc6d4b" outcome="Passed" testListId="8c84fa94-04c1-424b-9868-57a2d4851a1d" relativeResultsDirectory="3b1d5a46-8aa3-4131-b0c0-9afecbddb86a">
    </UnitTestResult>
    <UnitTestResult executionId="af7f664e-2647-464a-9b8c-e9d336f6543b" testId="e12d1da2-5932-38e5-49e5-912e2c879055" testName="Should_update_subsector" computerName="LONMW86693" duration="00:00:00.0024019" startTime="2011-09-14T16:00:19.8690285+01:00" endTime="2011-09-14T16:00:19.8846540+01:00" testType="13cdc9d9-ddb5-4fa4-a97d-d965ccfc6d4b" outcome="Passed" testListId="8c84fa94-04c1-424b-9868-57a2d4851a1d" relativeResultsDirectory="af7f664e-2647-464a-9b8c-e9d336f6543b">
    </UnitTestResult>
    <UnitTestResult executionId="a63ccc11-5ce9-40a7-a9d1-7eb8de0e3824" testId="e16ed279-9246-72a2-2c02-8b8cbf5ff9bf" testName="Should_resolve_the_specific_processor" computerName="LONMW86693" duration="00:00:00.0017210" startTime="2011-09-14T16:00:19.8846540+01:00" endTime="2011-09-14T16:00:19.8846540+01:00" testType="13cdc9d9-ddb5-4fa4-a97d-d965ccfc6d4b" outcome="Passed" testListId="8c84fa94-04c1-424b-9868-57a2d4851a1d" relativeResultsDirectory="a63ccc11-5ce9-40a7-a9d1-7eb8de0e3824">
    </UnitTestResult>
    <UnitTestResult executionId="459b4fe1-4c95-4625-8b3a-0ef3c5fdfc24" testId="e181fac9-7839-b6b1-45e1-1bf8530ff26f" testName="Should_create_and_persist_the_client" computerName="LONMW86693" duration="00:00:00.0038674" startTime="2011-09-14T16:00:19.8846540+01:00" endTime="2011-09-14T16:00:19.9002795+01:00" testType="13cdc9d9-ddb5-4fa4-a97d-d965ccfc6d4b" outcome="Passed" testListId="8c84fa94-04c1-424b-9868-57a2d4851a1d" relativeResultsDirectory="459b4fe1-4c95-4625-8b3a-0ef3c5fdfc24">
    </UnitTestResult>
    <UnitTestResult executionId="eca3a362-ad9c-4ecc-b88f-3d6dab14b261" testId="e27faa22-60c7-1b4c-a47a-e8e52ddf857d" testName="Normalises_hyphen_local_name" computerName="LONMW86693" duration="00:00:00.0001846" startTime="2011-09-14T16:00:19.9002795+01:00" endTime="2011-09-14T16:00:19.9002795+01:00" testType="13cdc9d9-ddb5-4fa4-a97d-d965ccfc6d4b" outcome="Passed" testListId="8c84fa94-04c1-424b-9868-57a2d4851a1d" relativeResultsDirectory="eca3a362-ad9c-4ecc-b88f-3d6dab14b261">
    </UnitTestResult>
    <UnitTestResult executionId="e7863d1e-181a-4c17-9ac5-0e60777e9544" testId="e33e783f-67a8-68c9-865c-b00138590e3a" testName="Can_map_tier_group" computerName="LONMW86693" duration="00:00:00.0078187" startTime="2011-09-14T16:00:19.9002795+01:00" endTime="2011-09-14T16:00:19.9159050+01:00" testType="13cdc9d9-ddb5-4fa4-a97d-d965ccfc6d4b" outcome="Passed" testListId="8c84fa94-04c1-424b-9868-57a2d4851a1d" relativeResultsDirectory="e7863d1e-181a-4c17-9ac5-0e60777e9544">
      <Output>
        <StdOut>NHibernate: 
    SELECT
        tiergroup0_.ClientPriorityGroupId as ClientPr1_15_0_,
        tiergroup0_.SDMId as SDMId15_0_,
        tiergroup0_.Description as Descript3_15_0_,
        tiergroup0_.IsActive as IsActive15_0_ 
    FROM
        dbo.ClientPriorityGroup tiergroup0_ 
    WHERE
        tiergroup0_.ClientPriorityGroupId=@p0;
    @p0 = 962 [Type: Int32 (0)]
NHibernate: 
    SELECT
        (select
            case 
                when count(distinct t.ClientPriorityGroupId) = 0 then 0 
                else 1 
            end 
        from
            ClientPriorityList t 
        where
            t.IsActive = 1 
            and t.ClientPriorityGroupId = tiergroup_.ClientPriorityGroupId) as formula0_ 
    FROM
        dbo.ClientPriorityGroup tiergroup_ 
    WHERE
        tiergroup_.ClientPriorityGroupId=@p0;
    @p0 = 962 [Type: Int32 (0)]</StdOut>
      </Output>
    </UnitTestResult>
    <UnitTestResult executionId="3d42bbe5-199f-4b37-bce7-749b6fa4a1c8" testId="e44437da-fbeb-6c74-a9da-66bd71d6a387" testName="Should_update_revision" computerName="LONMW86693" duration="00:00:00.0009404" startTime="2011-09-14T16:00:19.9159050+01:00" endTime="2011-09-14T16:00:19.9159050+01:00" testType="13cdc9d9-ddb5-4fa4-a97d-d965ccfc6d4b" outcome="Passed" testListId="8c84fa94-04c1-424b-9868-57a2d4851a1d" relativeResultsDirectory="3d42bbe5-199f-4b37-bce7-749b6fa4a1c8">
    </UnitTestResult>
    <UnitTestResult executionId="b8571b7e-a317-4ee2-85fe-1f2ad0d48f9a" testId="e445d606-d6a1-335e-dea4-dd1b92e785a2" testName="Should_update_the_revision_number" computerName="LONMW86693" duration="00:00:00.0005599" startTime="2011-09-14T16:00:19.9315305+01:00" endTime="2011-09-14T16:00:19.9315305+01:00" testType="13cdc9d9-ddb5-4fa4-a97d-d965ccfc6d4b" outcome="Passed" testListId="8c84fa94-04c1-424b-9868-57a2d4851a1d" relativeResultsDirectory="b8571b7e-a317-4ee2-85fe-1f2ad0d48f9a">
    </UnitTestResult>
    <UnitTestResult executionId="30936d1d-64ab-4f01-8ec3-7a6be11d35c7" testId="e44bda4a-414d-d15d-f590-3817c639fbc0" testName="Should_execute_the_resolved_processor" computerName="LONMW86693" duration="00:00:00.0018318" startTime="2011-09-14T16:00:19.9471560+01:00" endTime="2011-09-14T16:00:19.9471560+01:00" testType="13cdc9d9-ddb5-4fa4-a97d-d965ccfc6d4b" outcome="Passed" testListId="8c84fa94-04c1-424b-9868-57a2d4851a1d" relativeResultsDirectory="30936d1d-64ab-4f01-8ec3-7a6be11d35c7">
    </UnitTestResult>
    <UnitTestResult executionId="c6531d12-91ec-4904-a443-027a269afd62" testId="e5180b5c-100a-5fa8-da20-b706a02ebd63" testName="Ctor_should_require_person" computerName="LONMW86693" duration="00:00:00.0004159" startTime="2011-09-14T16:00:19.9627815+01:00" endTime="2011-09-14T16:00:19.9627815+01:00" testType="13cdc9d9-ddb5-4fa4-a97d-d965ccfc6d4b" outcome="Passed" testListId="8c84fa94-04c1-424b-9868-57a2d4851a1d" relativeResultsDirectory="c6531d12-91ec-4904-a443-027a269afd62">
    </UnitTestResult>
    <UnitTestResult executionId="5f87f9aa-3db5-43f2-88b4-3b6bfa055093" testId="e59ddaf4-819c-45fc-7555-a23840548bbd" testName="Normalises_with_dot_in_local_name" computerName="LONMW86693" duration="00:00:00.0001810" startTime="2011-09-14T16:00:19.9627815+01:00" endTime="2011-09-14T16:00:19.9627815+01:00" testType="13cdc9d9-ddb5-4fa4-a97d-d965ccfc6d4b" outcome="Passed" testListId="8c84fa94-04c1-424b-9868-57a2d4851a1d" relativeResultsDirectory="5f87f9aa-3db5-43f2-88b4-3b6bfa055093">
    </UnitTestResult>
    <UnitTestResult executionId="2c930e4a-13b4-4ea4-9197-6be3ed20097e" testId="e5d9810c-932a-e022-6ff8-2c369110a9a5" testName="Should_create_an_upsert_command_processor" computerName="LONMW86693" duration="00:00:00.0003417" startTime="2011-09-14T16:00:19.9627815+01:00" endTime="2011-09-14T16:00:19.9784070+01:00" testType="13cdc9d9-ddb5-4fa4-a97d-d965ccfc6d4b" outcome="Passed" testListId="8c84fa94-04c1-424b-9868-57a2d4851a1d" relativeResultsDirectory="2c930e4a-13b4-4ea4-9197-6be3ed20097e">
    </UnitTestResult>
    <UnitTestResult executionId="82e59c9e-9fdc-4ff6-8b0c-293f96047f16" testId="e5edb6db-60de-d69d-271b-1f2103f94edf" testName="Should_retrieve_the_current_version" computerName="LONMW86693" duration="00:00:00.0004869" startTime="2011-09-14T16:00:19.9784070+01:00" endTime="2011-09-14T16:00:19.9940325+01:00" testType="13cdc9d9-ddb5-4fa4-a97d-d965ccfc6d4b" outcome="Passed" testListId="8c84fa94-04c1-424b-9868-57a2d4851a1d" relativeResultsDirectory="82e59c9e-9fdc-4ff6-8b0c-293f96047f16">
    </UnitTestResult>
    <UnitTestResult executionId="90483f66-2e1e-414f-a972-2cffbbc7549b" testId="e63ca40b-abca-79f7-7ac9-f89f5cfdf65f" testName="CanExecute" computerName="LONMW86693" duration="00:00:00.0041257" startTime="2011-09-14T16:00:19.9940325+01:00" endTime="2011-09-14T16:00:19.9940325+01:00" testType="13cdc9d9-ddb5-4fa4-a97d-d965ccfc6d4b" outcome="Passed" testListId="8c84fa94-04c1-424b-9868-57a2d4851a1d" relativeResultsDirectory="90483f66-2e1e-414f-a972-2cffbbc7549b">
    </UnitTestResult>
    <UnitTestResult executionId="7bdfc662-618d-4f2b-b104-89d460b131bb" testId="e68d165e-c657-7010-7764-de219ee96c63" testName="It_shouldnt_do_anything" computerName="LONMW86693" duration="00:00:00.0005808" startTime="2011-09-14T16:00:20.0096580+01:00" endTime="2011-09-14T16:00:20.0096580+01:00" testType="13cdc9d9-ddb5-4fa4-a97d-d965ccfc6d4b" outcome="Passed" testListId="8c84fa94-04c1-424b-9868-57a2d4851a1d" relativeResultsDirectory="7bdfc662-618d-4f2b-b104-89d460b131bb">
    </UnitTestResult>
    <UnitTestResult executionId="339acd4a-00e8-459e-bdde-c3e1ec981c97" testId="e7d8442c-9bf4-00cb-4194-3608604b4641" testName="When_Search_Matches_LastName_Should_Find" computerName="LONMW86693" duration="00:00:00.0433903" startTime="2011-09-14T16:00:20.0252835+01:00" endTime="2011-09-14T16:00:20.0721600+01:00" testType="13cdc9d9-ddb5-4fa4-a97d-d965ccfc6d4b" outcome="Passed" testListId="8c84fa94-04c1-424b-9868-57a2d4851a1d" relativeResultsDirectory="339acd4a-00e8-459e-bdde-c3e1ec981c97">
      <Output>
        <StdOut>NHibernate: 
    DECLARE @textSearch NVARCHAR(4000), @modSince DATETIME    SELECT
        @textSearch = @p0,
        @modSince = @p1    SELECT
            cc.ContactId as ContactId8_0_,
            cc.ClientName as ClientName8_0_,
            cc.ClientSalesForceId as ClientSa3_8_0_,
            cc.ClientSDMId as ClientSD4_8_0_,
            cc.FirstName as FirstName8_0_,
            cc.LastName as LastName8_0_,
            cc.Role as Role8_0_,
            cc.SalesForceId as SalesFor8_8_0_,
            cc.ClientTier as ClientTier8_0_,
            cc.AccountManagers as Account10_8_0_,
            cc.UserLastContactedDate as UserLas11_8_0_,
            cc.TeamLastContactedDate as TeamLas12_8_0_,
            cc.HasPendingCSR as HasPend13_8_0_,
            cc.UpdateDate as UpdateDate8_0_  
        FROM
            v_ContactSearch cs   
        JOIN
            CONTAINSTABLE(dbo.v_ContactSearch, Searchtext, @textSearch) t 
                ON cs.ContactId = t.[KEY]   
        JOIN
            v_ContactCard cc 
                on CS.ContactId = cc.ContactId     
        WHERE
            cs.IsActive = 1                
        ORDER BY
            cc.LastName;
    @p0 = '"Milton*"' [Type: String (4000)],
    @p1 = NULL [Type: DateTime (0)]</StdOut>
      </Output>
    </UnitTestResult>
    <UnitTestResult executionId="fe9d9c86-64f0-4fd0-804b-d6c17650a2e5" testId="e7e1c4a2-4d38-2249-c609-4baaa38f510a" testName="When_tier_group_has_lists_has_lists_is_true" computerName="LONMW86693" duration="00:00:00.0249883" startTime="2011-09-14T16:00:20.0877855+01:00" endTime="2011-09-14T16:00:20.1190365+01:00" testType="13cdc9d9-ddb5-4fa4-a97d-d965ccfc6d4b" outcome="Passed" testListId="8c84fa94-04c1-424b-9868-57a2d4851a1d" relativeResultsDirectory="fe9d9c86-64f0-4fd0-804b-d6c17650a2e5">
      <Output>
        <StdOut>NHibernate: 
    SELECT
        this_.ClientPriorityGroupId as ClientPr1_15_0_,
        this_.SDMId as SDMId15_0_,
        this_.Description as Descript3_15_0_,
        this_.IsActive as IsActive15_0_ 
    FROM
        dbo.ClientPriorityGroup this_ 
    WHERE
        this_.SDMId = @p0;
    @p0 = 2 [Type: Int64 (0)]
NHibernate: 
    SELECT
        (select
            case 
                when count(distinct t.ClientPriorityGroupId) = 0 then 0 
                else 1 
            end 
        from
            ClientPriorityList t 
        where
            t.IsActive = 1 
            and t.ClientPriorityGroupId = tiergroup_.ClientPriorityGroupId) as formula0_ 
    FROM
        dbo.ClientPriorityGroup tiergroup_ 
    WHERE
        tiergroup_.ClientPriorityGroupId=@p0;
    @p0 = 963 [Type: Int32 (0)]</StdOut>
      </Output>
    </UnitTestResult>
    <UnitTestResult executionId="2406f3d5-818f-4da6-a488-848dc8083099" testId="e8c026b6-e73d-8d2c-c893-4059723e6b20" testName="Should_throw_invalidoperationexception" computerName="LONMW86693" duration="00:00:00.0007641" startTime="2011-09-14T16:00:20.1346620+01:00" endTime="2011-09-14T16:00:20.1346620+01:00" testType="13cdc9d9-ddb5-4fa4-a97d-d965ccfc6d4b" outcome="Passed" testListId="8c84fa94-04c1-424b-9868-57a2d4851a1d" relativeResultsDirectory="2406f3d5-818f-4da6-a488-848dc8083099">
    </UnitTestResult>
    <UnitTestResult executionId="9f82b3af-cdaf-44fc-bac6-b1586de49766" testId="e8dd8e7a-1ca0-d4c1-c638-e05102ff5f85" testName="Ctor_should_require_contact" computerName="LONMW86693" duration="00:00:00.0004752" startTime="2011-09-14T16:00:20.1502875+01:00" endTime="2011-09-14T16:00:20.1502875+01:00" testType="13cdc9d9-ddb5-4fa4-a97d-d965ccfc6d4b" outcome="Passed" testListId="8c84fa94-04c1-424b-9868-57a2d4851a1d" relativeResultsDirectory="9f82b3af-cdaf-44fc-bac6-b1586de49766">
    </UnitTestResult>
    <UnitTestResult executionId="c67769b7-8824-4455-a991-c6194cec99c4" testId="e982eaf7-eca9-3a9a-a99b-785125ffbac6" testName="When_Changes_Returned_From_Poll_They_Are_Available_To_Callers" computerName="LONMW86693" duration="00:00:03.9998466" startTime="2011-09-14T16:00:20.1502875+01:00" endTime="2011-09-14T16:00:24.1504155+01:00" testType="13cdc9d9-ddb5-4fa4-a97d-d965ccfc6d4b" outcome="Passed" testListId="8c84fa94-04c1-424b-9868-57a2d4851a1d" relativeResultsDirectory="c67769b7-8824-4455-a991-c6194cec99c4">
    </UnitTestResult>
    <UnitTestResult executionId="961b7e41-280a-48e7-b881-cf2b3eb370c7" testId="e9a02397-6a31-9eea-a3d6-e7e9124bad92" testName="CanCorrectlyMapClient" computerName="LONMW86693" duration="00:00:00.0056704" startTime="2011-09-14T16:00:24.1504155+01:00" endTime="2011-09-14T16:00:24.1660410+01:00" testType="13cdc9d9-ddb5-4fa4-a97d-d965ccfc6d4b" outcome="Passed" testListId="8c84fa94-04c1-424b-9868-57a2d4851a1d" relativeResultsDirectory="961b7e41-280a-48e7-b881-cf2b3eb370c7">
      <Output>
        <StdOut>NHibernate: 
    SELECT
        client0_.ClientId as ClientId5_0_,
        client0_.CreateUserId as CreateUs2_5_0_,
        client0_.CreateDate as CreateDate5_0_,
        client0_.UpdateUserId as UpdateUs4_5_0_,
        client0_.UpdateDate as UpdateDate5_0_,
        client0_.Name as Name5_0_,
        client0_.SalesForceId as SalesFor7_5_0_ 
    FROM
        dbo.[Client] client0_ 
    WHERE
        client0_.ClientId=@p0;
    @p0 = 10062877 [Type: Int32 (0)]</StdOut>
      </Output>
    </UnitTestResult>
    <UnitTestResult executionId="50980f6f-fddb-4785-8395-ed279abf89ef" testId="eaad255e-963e-ef2b-ed8e-83ec6fefba83" testName="Should_check_if_the_sector_exists" computerName="LONMW86693" duration="00:00:00.0004000" startTime="2011-09-14T16:00:24.1660410+01:00" endTime="2011-09-14T16:00:24.1816665+01:00" testType="13cdc9d9-ddb5-4fa4-a97d-d965ccfc6d4b" outcome="Passed" testListId="8c84fa94-04c1-424b-9868-57a2d4851a1d" relativeResultsDirectory="50980f6f-fddb-4785-8395-ed279abf89ef">
    </UnitTestResult>
    <UnitTestResult executionId="a29387e4-9364-4495-991a-2bfe298b782a" testId="eb00b1b0-87f8-6124-c9a0-b7ad5661af2b" testName="Should_update_the_clients_country" computerName="LONMW86693" duration="00:00:00.0023814" startTime="2011-09-14T16:00:24.1816665+01:00" endTime="2011-09-14T16:00:24.1972920+01:00" testType="13cdc9d9-ddb5-4fa4-a97d-d965ccfc6d4b" outcome="Passed" testListId="8c84fa94-04c1-424b-9868-57a2d4851a1d" relativeResultsDirectory="a29387e4-9364-4495-991a-2bfe298b782a">
    </UnitTestResult>
    <UnitTestResult executionId="adf67fe7-ced3-492f-8956-bc135b660f0e" testId="ec518a28-a95d-f409-aea4-d6c2a53d207a" testName="CanDeleteEmailAddressFromUser" computerName="LONMW86693" duration="00:00:00.0128818" startTime="2011-09-14T16:00:24.1972920+01:00" endTime="2011-09-14T16:00:24.2129175+01:00" testType="13cdc9d9-ddb5-4fa4-a97d-d965ccfc6d4b" outcome="Passed" testListId="8c84fa94-04c1-424b-9868-57a2d4851a1d" relativeResultsDirectory="adf67fe7-ced3-492f-8956-bc135b660f0e">
      <Output>
        <StdOut>NHibernate: 
    SELECT
        user0_.UserId as UserId29_1_,
        user0_.CreateUserId as CreateUs2_29_1_,
        user0_.CreateDate as CreateDate29_1_,
        user0_.UpdateUserId as UpdateUs4_29_1_,
        user0_.UpdateDate as UpdateDate29_1_,
        user0_.IsActive as IsActive29_1_,
        user0_.JobTitle as JobTitle29_1_,
        user0_.HasWorkflowEnabled as HasWorkf8_29_1_,
        user0_.CSRListVisibility as CSRListV9_29_1_,
        user0_.CanCSRBeCreatedForUser as CanCSRB10_29_1_,
        user0_.SalesForceId as SalesFo11_29_1_,
        user0_.BuildingNameScreen as Buildin12_29_1_,
        user0_.CostCentre as CostCentre29_1_,
        user0_.ECDEmployeeId as ECDEmpl14_29_1_,
        user0_.PersonId as PersonId29_1_,
        user0_.AssetClassRegionId as AssetCl16_29_1_,
        person1_.PersonId as PersonId19_0_,
        person1_.CreateUserId as CreateUs2_19_0_,
        person1_.CreateDate as CreateDate19_0_,
        person1_.UpdateUserId as UpdateUs4_19_0_,
        person1_.UpdateDate as UpdateDate19_0_,
        person1_.Title as Title19_0_,
        person1_.FirstName as FirstName19_0_,
        person1_.IsActive as IsActive19_0_,
        person1_.MiddleName as MiddleName19_0_,
        person1_.LastName as LastName19_0_,
        person1_.DoNotContact as DoNotCo11_19_0_ 
    FROM
        dbo.[User] user0_ 
    left outer join
        dbo.[Person] person1_ 
            on user0_.PersonId=person1_.PersonId 
    WHERE
        user0_.UserId=@p0;
    @p0 = 1888270 [Type: Int32 (0)]
NHibernate: 
    SELECT
        emails0_.PersonId as PersonId1_,
        emails0_.PersonEmailId as PersonEm1_1_,
        emails0_.PersonEmailId as PersonEm1_18_0_,
        emails0_.CreateUserId as CreateUs2_18_0_,
        emails0_.CreateDate as CreateDate18_0_,
        emails0_.UpdateUserId as UpdateUs4_18_0_,
        emails0_.UpdateDate as UpdateDate18_0_,
        emails0_.Email as Email18_0_,
        emails0_.IsPreferred as IsPrefer7_18_0_,
        emails0_.EmailTypeId as EmailTyp8_18_0_,
        emails0_.PersonId as PersonId18_0_ 
    FROM
        dbo.PersonEmail emails0_ 
    WHERE
        emails0_.PersonId=@p0;
    @p0 = 2191471 [Type: Int32 (0)]
NHibernate: 
    SELECT
        user0_.UserId as UserId29_1_,
        user0_.CreateUserId as CreateUs2_29_1_,
        user0_.CreateDate as CreateDate29_1_,
        user0_.UpdateUserId as UpdateUs4_29_1_,
        user0_.UpdateDate as UpdateDate29_1_,
        user0_.IsActive as IsActive29_1_,
        user0_.JobTitle as JobTitle29_1_,
        user0_.HasWorkflowEnabled as HasWorkf8_29_1_,
        user0_.CSRListVisibility as CSRListV9_29_1_,
        user0_.CanCSRBeCreatedForUser as CanCSRB10_29_1_,
        user0_.SalesForceId as SalesFo11_29_1_,
        user0_.BuildingNameScreen as Buildin12_29_1_,
        user0_.CostCentre as CostCentre29_1_,
        user0_.ECDEmployeeId as ECDEmpl14_29_1_,
        user0_.PersonId as PersonId29_1_,
        user0_.AssetClassRegionId as AssetCl16_29_1_,
        person1_.PersonId as PersonId19_0_,
        person1_.CreateUserId as CreateUs2_19_0_,
        person1_.CreateDate as CreateDate19_0_,
        person1_.UpdateUserId as UpdateUs4_19_0_,
        person1_.UpdateDate as UpdateDate19_0_,
        person1_.Title as Title19_0_,
        person1_.FirstName as FirstName19_0_,
        person1_.IsActive as IsActive19_0_,
        person1_.MiddleName as MiddleName19_0_,
        person1_.LastName as LastName19_0_,
        person1_.DoNotContact as DoNotCo11_19_0_ 
    FROM
        dbo.[User] user0_ 
    left outer join
        dbo.[Person] person1_ 
            on user0_.PersonId=person1_.PersonId 
    WHERE
        user0_.UserId=@p0;
    @p0 = 1888270 [Type: Int32 (0)]
NHibernate: 
    SELECT
        emails0_.PersonId as PersonId1_,
        emails0_.PersonEmailId as PersonEm1_1_,
        emails0_.PersonEmailId as PersonEm1_18_0_,
        emails0_.CreateUserId as CreateUs2_18_0_,
        emails0_.CreateDate as CreateDate18_0_,
        emails0_.UpdateUserId as UpdateUs4_18_0_,
        emails0_.UpdateDate as UpdateDate18_0_,
        emails0_.Email as Email18_0_,
        emails0_.IsPreferred as IsPrefer7_18_0_,
        emails0_.EmailTypeId as EmailTyp8_18_0_,
        emails0_.PersonId as PersonId18_0_ 
    FROM
        dbo.PersonEmail emails0_ 
    WHERE
        emails0_.PersonId=@p0;
    @p0 = 2191471 [Type: Int32 (0)]</StdOut>
      </Output>
    </UnitTestResult>
    <UnitTestResult executionId="42047b45-4ed7-4b3c-9410-2dad2836a759" testId="edc4c6e1-bf39-ca01-76da-54bd11778d66" testName="Should_require_sales_hierarchy_higher_than_0" computerName="LONMW86693" duration="00:00:00.0004025" startTime="2011-09-14T16:00:24.2285430+01:00" endTime="2011-09-14T16:00:24.2285430+01:00" testType="13cdc9d9-ddb5-4fa4-a97d-d965ccfc6d4b" outcome="Passed" testListId="8c84fa94-04c1-424b-9868-57a2d4851a1d" relativeResultsDirectory="42047b45-4ed7-4b3c-9410-2dad2836a759">
    </UnitTestResult>
    <UnitTestResult executionId="fb038daf-e876-4543-a64f-adf3e667e422" testId="ede7c535-61f5-fb51-1969-75e8bcfbf1f8" testName="Normalises_simple_email_address" computerName="LONMW86693" duration="00:00:00.0001824" startTime="2011-09-14T16:00:24.2285430+01:00" endTime="2011-09-14T16:00:24.2285430+01:00" testType="13cdc9d9-ddb5-4fa4-a97d-d965ccfc6d4b" outcome="Passed" testListId="8c84fa94-04c1-424b-9868-57a2d4851a1d" relativeResultsDirectory="fb038daf-e876-4543-a64f-adf3e667e422">
    </UnitTestResult>
    <UnitTestResult executionId="37f9619f-3c34-4a7a-b7e1-fe4b0dedf312" testId="ee5821e0-e8f7-eac4-514b-c3a96fe23b55" testName="Should_update_the_existing_sector_with_the_given_description" computerName="LONMW86693" duration="00:00:00.0008505" startTime="2011-09-14T16:00:24.2441685+01:00" endTime="2011-09-14T16:00:24.2441685+01:00" testType="13cdc9d9-ddb5-4fa4-a97d-d965ccfc6d4b" outcome="Passed" testListId="8c84fa94-04c1-424b-9868-57a2d4851a1d" relativeResultsDirectory="37f9619f-3c34-4a7a-b7e1-fe4b0dedf312">
    </UnitTestResult>
    <UnitTestResult executionId="c02287d5-9a7f-4171-97ec-09f1da54fce0" testId="ee597037-259e-b261-44f1-b53685645486" testName="Should_inactivate_the_subsector" computerName="LONMW86693" duration="00:00:00.0016539" startTime="2011-09-14T16:00:24.2597940+01:00" endTime="2011-09-14T16:00:24.2597940+01:00" testType="13cdc9d9-ddb5-4fa4-a97d-d965ccfc6d4b" outcome="Passed" testListId="8c84fa94-04c1-424b-9868-57a2d4851a1d" relativeResultsDirectory="c02287d5-9a7f-4171-97ec-09f1da54fce0">
    </UnitTestResult>
    <UnitTestResult executionId="6a37e1c4-a59e-47b2-8d52-4d6fc290d7f4" testId="ee92b680-9904-1548-d66a-bf2c65572b64" testName="Should_check_if_the_subsector_exists" computerName="LONMW86693" duration="00:00:00.0008132" startTime="2011-09-14T16:00:24.2754195+01:00" endTime="2011-09-14T16:00:24.2754195+01:00" testType="13cdc9d9-ddb5-4fa4-a97d-d965ccfc6d4b" outcome="Passed" testListId="8c84fa94-04c1-424b-9868-57a2d4851a1d" relativeResultsDirectory="6a37e1c4-a59e-47b2-8d52-4d6fc290d7f4">
    </UnitTestResult>
    <UnitTestResult executionId="c691695b-217c-4d0d-8169-a5ce700debd5" testId="ef055f00-df24-1999-e6ff-34238de9bd9d" testName="Should_require_description_shorter_than_256_chars" computerName="LONMW86693" duration="00:00:00.0004125" startTime="2011-09-14T16:00:24.2910450+01:00" endTime="2011-09-14T16:00:24.2910450+01:00" testType="13cdc9d9-ddb5-4fa4-a97d-d965ccfc6d4b" outcome="Passed" testListId="8c84fa94-04c1-424b-9868-57a2d4851a1d" relativeResultsDirectory="c691695b-217c-4d0d-8169-a5ce700debd5">
    </UnitTestResult>
    <UnitTestResult executionId="c6eb6c09-5538-4d9d-9417-a57b74633f7f" testId="f0427023-20e8-20e8-8fe2-f5ec08107222" testName="When_Search_And_Not_All_Words_Match_Should_Not_Find" computerName="LONMW86693" duration="00:00:00.0247568" startTime="2011-09-14T16:00:24.2910450+01:00" endTime="2011-09-14T16:00:24.3222960+01:00" testType="13cdc9d9-ddb5-4fa4-a97d-d965ccfc6d4b" outcome="Passed" testListId="8c84fa94-04c1-424b-9868-57a2d4851a1d" relativeResultsDirectory="c6eb6c09-5538-4d9d-9417-a57b74633f7f">
      <Output>
        <StdOut>NHibernate: 
    DECLARE @textSearch NVARCHAR(4000), @modSince DATETIME    SELECT
        @textSearch = @p0,
        @modSince = @p1    SELECT
            cc.ContactId as ContactId8_0_,
            cc.ClientName as ClientName8_0_,
            cc.ClientSalesForceId as ClientSa3_8_0_,
            cc.ClientSDMId as ClientSD4_8_0_,
            cc.FirstName as FirstName8_0_,
            cc.LastName as LastName8_0_,
            cc.Role as Role8_0_,
            cc.SalesForceId as SalesFor8_8_0_,
            cc.ClientTier as ClientTier8_0_,
            cc.AccountManagers as Account10_8_0_,
            cc.UserLastContactedDate as UserLas11_8_0_,
            cc.TeamLastContactedDate as TeamLas12_8_0_,
            cc.HasPendingCSR as HasPend13_8_0_,
            cc.UpdateDate as UpdateDate8_0_  
        FROM
            v_ContactSearch cs   
        JOIN
            CONTAINSTABLE(dbo.v_ContactSearch, Searchtext, @textSearch) t 
                ON cs.ContactId = t.[KEY]   
        JOIN
            v_ContactCard cc 
                on CS.ContactId = cc.ContactId     
        WHERE
            cs.IsActive = 1                
        ORDER BY
            cc.LastName;
    @p0 = '"Bank*" AND "Milton*" AND "James*"' [Type: String (4000)],
    @p1 = NULL [Type: DateTime (0)]</StdOut>
      </Output>
    </UnitTestResult>
    <UnitTestResult executionId="29bdfcfe-6342-4e93-b713-efd91e6768be" testId="f15aa90e-436b-1652-6b49-2bc3f3ff65fa" testName="Should_create_a_delete_command_processor" computerName="LONMW86693" duration="00:00:00.0003787" startTime="2011-09-14T16:00:24.3379215+01:00" endTime="2011-09-14T16:00:24.3379215+01:00" testType="13cdc9d9-ddb5-4fa4-a97d-d965ccfc6d4b" outcome="Passed" testListId="8c84fa94-04c1-424b-9868-57a2d4851a1d" relativeResultsDirectory="29bdfcfe-6342-4e93-b713-efd91e6768be">
    </UnitTestResult>
    <UnitTestResult executionId="c4b18af1-5e4d-48c7-84ab-e7047ba835be" testId="f1b9ea5f-34df-02e3-6f4b-2e7344c56e79" testName="Should_update_revision" computerName="LONMW86693" duration="00:00:00.0010939" startTime="2011-09-14T16:00:24.3379215+01:00" endTime="2011-09-14T16:00:24.3379215+01:00" testType="13cdc9d9-ddb5-4fa4-a97d-d965ccfc6d4b" outcome="Passed" testListId="8c84fa94-04c1-424b-9868-57a2d4851a1d" relativeResultsDirectory="c4b18af1-5e4d-48c7-84ab-e7047ba835be">
      <Output>
        <StdOut>ConnectPlus.ClientContact.DataAccess.ExpiredRevisionException: Exception of type 'ConnectPlus.ClientContact.DataAccess.ExpiredRevisionException' was thrown.
   at Rhino.Mocks.Expectations.AbstractExpectation.ReturnOrThrow(IInvocation invocation, Object[] args)
   at Rhino.Mocks.Impl.StubReplayMockState.DoMethodCall(IInvocation invocation, MethodInfo method, Object[] args)
   at Rhino.Mocks.Impl.ReplayMockState.MethodCall(IInvocation invocation, MethodInfo method, Object[] args)
   at Rhino.Mocks.MockRepository.MethodCall(IInvocation invocation, Object proxy, MethodInfo method, Object[] args)
   at Rhino.Mocks.Impl.RhinoInterceptor.Intercept(IInvocation invocation)
   at Castle.DynamicProxy.AbstractInvocation.Proceed()
   at IRevisionServiceProxy67b1ac65399a4e3f83782d9110c8aec9.UpdateRevision[TKey](IAmVersioned`1 revision)
   at ConnectPlus.ClientContact.SDM.Services.Commands.Processors.SectorCommandProcessor.Execute(SectorCommand command) in C:\gitWorkspace\01.Dev\Source\Server\ConnectPlus.ClientContact.SDM.Services\Commands\Processors\SectorCommandProcessor.cs:line 50</StdOut>
      </Output>
    </UnitTestResult>
    <UnitTestResult executionId="bd424b43-4957-4088-abd6-5c3a1b8b2521" testId="f21977c2-aec1-6e6e-3d1a-d3528baa6270" testName="Can_update_child_sdmClient" computerName="LONMW86693" duration="00:00:00.0130446" startTime="2011-09-14T16:00:24.3535470+01:00" endTime="2011-09-14T16:00:24.3691725+01:00" testType="13cdc9d9-ddb5-4fa4-a97d-d965ccfc6d4b" outcome="Passed" testListId="8c84fa94-04c1-424b-9868-57a2d4851a1d" relativeResultsDirectory="bd424b43-4957-4088-abd6-5c3a1b8b2521">
      <Output>
        <StdOut>NHibernate: 
    SELECT
        sdmclient0_.ClientId as ClientId13_0_,
        sdmclient0_.SDMId as SDMId13_0_,
        sdmclient0_.Name as Name13_0_,
        sdmclient0_.CisCode as CisCode13_0_,
        sdmclient0_.CountryId as CountryId13_0_,
        sdmclient0_.ClientSubsectorId as ClientSu6_13_0_,
        sdmclient0_.DefaultLevel as DefaultL7_13_0_,
        sdmclient0_.ParentClientId as ParentCl8_13_0_ 
    FROM
        dbo.Client sdmclient0_ 
    WHERE
        sdmclient0_.ClientId=@p0;
    @p0 = 10063149 [Type: Int32 (0)]
NHibernate: 
    SELECT
        country0_.CountryId as CountryId7_0_,
        country0_.ISO2 as ISO2_7_0_,
        country0_.CountryCode as CountryC3_7_0_,
        country0_.Name as Name7_0_,
        country0_.PrimaryCurrency as PrimaryC5_7_0_ 
    FROM
        dbo.[Country] country0_ 
    WHERE
        country0_.CountryId=@p0;
    @p0 = 2314 [Type: Int32 (0)]
NHibernate: 
    SELECT
        clientsubs0_.ClientSubsectorId as ClientSu1_2_0_,
        clientsubs0_.SDMId as SDMId2_0_,
        clientsubs0_.Description as Descript3_2_0_,
        clientsubs0_.ClientSectorId as ClientSe4_2_0_ 
    FROM
        dbo.[ClientSubsector] clientsubs0_ 
    WHERE
        clientsubs0_.ClientSubsectorId=@p0;
    @p0 = 1322 [Type: Int32 (0)]
NHibernate: 
    SELECT
        sdmclient0_.ClientId as ClientId13_0_,
        sdmclient0_.SDMId as SDMId13_0_,
        sdmclient0_.Name as Name13_0_,
        sdmclient0_.CisCode as CisCode13_0_,
        sdmclient0_.CountryId as CountryId13_0_,
        sdmclient0_.ClientSubsectorId as ClientSu6_13_0_,
        sdmclient0_.DefaultLevel as DefaultL7_13_0_,
        sdmclient0_.ParentClientId as ParentCl8_13_0_ 
    FROM
        dbo.Client sdmclient0_ 
    WHERE
        sdmclient0_.ClientId=@p0;
    @p0 = 10063231 [Type: Int32 (0)]</StdOut>
      </Output>
    </UnitTestResult>
    <UnitTestResult executionId="31b32744-55ea-490b-85a9-5a64a2ec1b3d" testId="f247ccc0-306b-9ba7-27b6-5d9c35c19b0e" testName="Should_rank_as_3" computerName="LONMW86693" duration="00:00:00.0057709" startTime="2011-09-14T16:00:24.3847980+01:00" endTime="2011-09-14T16:00:24.3847980+01:00" testType="13cdc9d9-ddb5-4fa4-a97d-d965ccfc6d4b" outcome="Passed" testListId="8c84fa94-04c1-424b-9868-57a2d4851a1d" relativeResultsDirectory="31b32744-55ea-490b-85a9-5a64a2ec1b3d">
    </UnitTestResult>
    <UnitTestResult executionId="3d3ce100-6c2a-461b-a0b2-986491afd647" testId="f27d0682-2317-e070-66ed-efac09fa4930" testName="Can_create_tier_list" computerName="LONMW86693" duration="00:00:00.1606939" startTime="2011-09-14T16:00:24.4004235+01:00" endTime="2011-09-14T16:00:24.5566785+01:00" testType="13cdc9d9-ddb5-4fa4-a97d-d965ccfc6d4b" outcome="Passed" testListId="8c84fa94-04c1-424b-9868-57a2d4851a1d" relativeResultsDirectory="3d3ce100-6c2a-461b-a0b2-986491afd647">
      <Output>
        <StdOut>NHibernate: 
    SELECT
        this_.CommandVersionId as CommandV1_438_0_,
        this_.[Key] as column2_438_0_,
        this_.TypeName as TypeName438_0_,
        this_.VersionNumber as VersionN4_438_0_ 
    FROM
        dbo.CommandVersion this_ 
    WHERE
        (
            this_.TypeName = @p0 
            and this_.[Key] = @p1
        );
    @p0 = 'ConnectPlus.ClientContact.SDM.Services.Commands.TierGroupCommand' [Type: String (4000)], @p1 = '3' [Type: String (4000)]
NHibernate: 
    INSERT 
    INTO
        dbo.CommandVersion
        ([Key], TypeName, VersionNumber) 
    VALUES
        (@p0, @p1, @p2);
    select
        SCOPE_IDENTITY();
    @p0 = '3' [Type: String (4000)],
    @p1 = 'ConnectPlus.ClientContact.SDM.Services.Commands.TierGroupCommand' [Type: String (4000)],
    @p2 = 1 [Type: Int32 (0)]
NHibernate: 
    SELECT
        this_.ClientPriorityGroupId as ClientPr1_435_0_,
        this_.SDMId as SDMId435_0_,
        this_.Description as Descript3_435_0_,
        this_.IsActive as IsActive435_0_ 
    FROM
        dbo.ClientPriorityGroup this_ 
    WHERE
        (
            this_.SDMId = @p0
        );
    @p0 = 3 [Type: Int64 (0)]
NHibernate: 
    SELECT
        this_.ClientPriorityListId as ClientPr1_436_0_,
        this_.SDMId as SDMId436_0_,
        this_.Description as Descript3_436_0_,
        this_.IsActive as IsActive436_0_,
        this_.ClientPriorityGroupId as ClientPr5_436_0_ 
    FROM
        dbo.ClientPriorityList this_ 
    WHERE
        (
            this_.SDMId = @p0
        );
    @p0 = 4 [Type: Int64 (0)]
NHibernate: 
    SELECT
        this_.ClientPriorityGroupId as ClientPr1_435_0_,
        this_.SDMId as SDMId435_0_,
        this_.Description as Descript3_435_0_,
        this_.IsActive as IsActive435_0_ 
    FROM
        dbo.ClientPriorityGroup this_ 
    WHERE
        (
            this_.SDMId = @p0
        );
    @p0 = 3 [Type: Int64 (0)]
NHibernate: 
    SELECT
        this_.ClientPriorityListId as ClientPr1_51_0_,
        this_.SDMId as SDMId51_0_,
        this_.Description as Descript3_51_0_,
        this_.IsActive as IsActive51_0_,
        this_.ClientPriorityGroupId as ClientPr5_51_0_ 
    FROM
        dbo.ClientPriorityList this_ 
    WHERE
        (
            this_.SDMId = @p0
        );
    @p0 = 4 [Type: Int64 (0)]</StdOut>
      </Output>
    </UnitTestResult>
    <UnitTestResult executionId="58fb503e-db8d-4aa7-b2c3-f8f3b713340c" testId="f2adad83-ea95-967c-7f15-b988c043e012" testName="Should_require_name" computerName="LONMW86693" duration="00:00:00.0003751" startTime="2011-09-14T16:00:24.5723040+01:00" endTime="2011-09-14T16:00:24.5723040+01:00" testType="13cdc9d9-ddb5-4fa4-a97d-d965ccfc6d4b" outcome="Passed" testListId="8c84fa94-04c1-424b-9868-57a2d4851a1d" relativeResultsDirectory="58fb503e-db8d-4aa7-b2c3-f8f3b713340c">
    </UnitTestResult>
    <UnitTestResult executionId="f70fab19-1b8c-472f-a5d4-1d631a4a2039" testId="f2d7334b-b069-8be5-1189-eab742d9ebb4" testName="Ctor_should_require_number" computerName="LONMW86693" duration="00:00:00.0002889" startTime="2011-09-14T16:00:24.5879295+01:00" endTime="2011-09-14T16:00:24.5879295+01:00" testType="13cdc9d9-ddb5-4fa4-a97d-d965ccfc6d4b" outcome="Passed" testListId="8c84fa94-04c1-424b-9868-57a2d4851a1d" relativeResultsDirectory="f70fab19-1b8c-472f-a5d4-1d631a4a2039">
    </UnitTestResult>
    <UnitTestResult executionId="94799455-ea02-4fef-987f-7589ecb08d56" testId="f42fabb4-8bb4-8a29-4a9f-7a698c663137" testName="Should_update_the_clients_cis_code" computerName="LONMW86693" duration="00:00:00.0019055" startTime="2011-09-14T16:00:24.5879295+01:00" endTime="2011-09-14T16:00:24.5879295+01:00" testType="13cdc9d9-ddb5-4fa4-a97d-d965ccfc6d4b" outcome="Passed" testListId="8c84fa94-04c1-424b-9868-57a2d4851a1d" relativeResultsDirectory="94799455-ea02-4fef-987f-7589ecb08d56">
    </UnitTestResult>
    <UnitTestResult executionId="404a0540-c460-4c64-a3e6-e60e6b39caaa" testId="f4bc49ab-31a2-9136-a3c4-4eeebdaa568d" testName="Should_require_subsector_id" computerName="LONMW86693" duration="00:00:00.0004068" startTime="2011-09-14T16:00:24.5879295+01:00" endTime="2011-09-14T16:00:24.5879295+01:00" testType="13cdc9d9-ddb5-4fa4-a97d-d965ccfc6d4b" outcome="Passed" testListId="8c84fa94-04c1-424b-9868-57a2d4851a1d" relativeResultsDirectory="404a0540-c460-4c64-a3e6-e60e6b39caaa">
    </UnitTestResult>
    <UnitTestResult executionId="6a3ae4ab-0b4c-4048-9866-3a888bfef310" testId="f4cd8473-d5bd-b7ed-1376-fc7bd6b7a1c9" testName="Should_retrieve_the_tier_list" computerName="LONMW86693" duration="00:00:00.0009228" startTime="2011-09-14T16:00:24.6035550+01:00" endTime="2011-09-14T16:00:24.6035550+01:00" testType="13cdc9d9-ddb5-4fa4-a97d-d965ccfc6d4b" outcome="Passed" testListId="8c84fa94-04c1-424b-9868-57a2d4851a1d" relativeResultsDirectory="6a3ae4ab-0b4c-4048-9866-3a888bfef310">
    </UnitTestResult>
    <UnitTestResult executionId="7a03a1b3-ea0a-4d22-a181-165fc442cdbe" testId="f57c0f74-23b0-beb1-adc8-8a26f7959159" testName="CanCorrectlyMapTeamType" computerName="LONMW86693" duration="00:00:00.0121952" startTime="2011-09-14T16:00:24.6191805+01:00" endTime="2011-09-14T16:00:24.6348060+01:00" testType="13cdc9d9-ddb5-4fa4-a97d-d965ccfc6d4b" outcome="Passed" testListId="8c84fa94-04c1-424b-9868-57a2d4851a1d" relativeResultsDirectory="7a03a1b3-ea0a-4d22-a181-165fc442cdbe">
      <Output>
        <StdOut>NHibernate: 
    SELECT
        teamtype0_.TeamTypeId as TeamTypeId27_0_,
        teamtype0_.CreateUserId as CreateUs2_27_0_,
        teamtype0_.CreateDate as CreateDate27_0_,
        teamtype0_.UpdateUserId as UpdateUs4_27_0_,
        teamtype0_.UpdateDate as UpdateDate27_0_,
        teamtype0_.Description as Descript6_27_0_,
        teamtype0_.IsActive as IsActive27_0_ 
    FROM
        dbo.[TeamType] teamtype0_ 
    WHERE
        teamtype0_.TeamTypeId=@p0;
    @p0 = 424 [Type: Int32 (0)]</StdOut>
      </Output>
    </UnitTestResult>
    <UnitTestResult executionId="9ff7e7b5-4e7a-467d-a2a5-5f96c54fece0" testId="f5864044-a378-7807-f1b5-a84a798cedac" testName="Should_throw_clientnotfoundexception" computerName="LONMW86693" duration="00:00:00.0011249" startTime="2011-09-14T16:00:24.6504315+01:00" endTime="2011-09-14T16:00:24.6504315+01:00" testType="13cdc9d9-ddb5-4fa4-a97d-d965ccfc6d4b" outcome="Passed" testListId="8c84fa94-04c1-424b-9868-57a2d4851a1d" relativeResultsDirectory="9ff7e7b5-4e7a-467d-a2a5-5f96c54fece0">
    </UnitTestResult>
    <UnitTestResult executionId="8e3b9f87-5ad1-4efb-aab3-b493a4ae85f2" testId="f5b879d0-e890-8930-5fc2-005bc69546c1" testName="Created_contact_event_is_published_to_the_bus" computerName="LONMW86693" duration="00:00:00.0389336" startTime="2011-09-14T16:00:24.6504315+01:00" endTime="2011-09-14T16:00:24.6973080+01:00" testType="13cdc9d9-ddb5-4fa4-a97d-d965ccfc6d4b" outcome="Passed" testListId="8c84fa94-04c1-424b-9868-57a2d4851a1d" relativeResultsDirectory="8e3b9f87-5ad1-4efb-aab3-b493a4ae85f2">
    </UnitTestResult>
    <UnitTestResult executionId="ef20ec71-57e1-4eac-bb4d-bc492a03d6cd" testId="f6225938-c810-5a3f-200e-3753db10863e" testName="Should_check_if_the_tier_value_exists" computerName="LONMW86693" duration="00:00:00.0007821" startTime="2011-09-14T16:00:24.6973080+01:00" endTime="2011-09-14T16:00:24.6973080+01:00" testType="13cdc9d9-ddb5-4fa4-a97d-d965ccfc6d4b" outcome="Passed" testListId="8c84fa94-04c1-424b-9868-57a2d4851a1d" relativeResultsDirectory="ef20ec71-57e1-4eac-bb4d-bc492a03d6cd">
    </UnitTestResult>
    <UnitTestResult executionId="b6c6f674-1422-4f0b-b0c2-e72096beb34e" testId="f7569089-0857-c976-0f23-9a66c681328c" testName="Invalid_email_address_throws_exception" computerName="LONMW86693" duration="00:00:00.0003506" startTime="2011-09-14T16:00:24.7129335+01:00" endTime="2011-09-14T16:00:24.7285590+01:00" testType="13cdc9d9-ddb5-4fa4-a97d-d965ccfc6d4b" outcome="Passed" testListId="8c84fa94-04c1-424b-9868-57a2d4851a1d" relativeResultsDirectory="b6c6f674-1422-4f0b-b0c2-e72096beb34e">
    </UnitTestResult>
    <UnitTestResult executionId="4a66ee3d-1777-4c86-a41a-9835a1024abf" testId="f879d08f-993d-09e0-12d7-309af3c6903c" testName="Should_set_the_isactive_flag_to_false" computerName="LONMW86693" duration="00:00:00.0003789" startTime="2011-09-14T16:00:24.7285590+01:00" endTime="2011-09-14T16:00:24.7285590+01:00" testType="13cdc9d9-ddb5-4fa4-a97d-d965ccfc6d4b" outcome="Passed" testListId="8c84fa94-04c1-424b-9868-57a2d4851a1d" relativeResultsDirectory="4a66ee3d-1777-4c86-a41a-9835a1024abf">
    </UnitTestResult>
    <UnitTestResult executionId="422209c8-f9ae-4ca1-9790-27a930e52242" testId="f96f1f19-d19e-bc12-04ef-964bfec69e6e" testName="Should_retrieve_the_sector" computerName="LONMW86693" duration="00:00:00.0009335" startTime="2011-09-14T16:00:24.7441845+01:00" endTime="2011-09-14T16:00:24.7598100+01:00" testType="13cdc9d9-ddb5-4fa4-a97d-d965ccfc6d4b" outcome="Passed" testListId="8c84fa94-04c1-424b-9868-57a2d4851a1d" relativeResultsDirectory="422209c8-f9ae-4ca1-9790-27a930e52242">
    </UnitTestResult>
    <UnitTestResult executionId="fcae54d7-8c7a-4392-91ec-7b45ead8a6e4" testId="fa7d993a-1ef7-1cc4-524a-0ae8788a2501" testName="Should_retrieve_the_current_version" computerName="LONMW86693" duration="00:00:00.0007022" startTime="2011-09-14T16:00:24.7754355+01:00" endTime="2011-09-14T16:00:24.7754355+01:00" testType="13cdc9d9-ddb5-4fa4-a97d-d965ccfc6d4b" outcome="Passed" testListId="8c84fa94-04c1-424b-9868-57a2d4851a1d" relativeResultsDirectory="fcae54d7-8c7a-4392-91ec-7b45ead8a6e4">
    </UnitTestResult>
    <UnitTestResult executionId="3e369934-f5bd-43db-935f-69237f74d03e" testId="fa9ecf12-504a-c719-dbab-bf93fe81301d" testName="Should_change_the_ciscode_to_the_given_value" computerName="LONMW86693" duration="00:00:00.0004464" startTime="2011-09-14T16:00:24.7754355+01:00" endTime="2011-09-14T16:00:24.7754355+01:00" testType="13cdc9d9-ddb5-4fa4-a97d-d965ccfc6d4b" outcome="Passed" testListId="8c84fa94-04c1-424b-9868-57a2d4851a1d" relativeResultsDirectory="3e369934-f5bd-43db-935f-69237f74d03e">
    </UnitTestResult>
    <UnitTestResult executionId="34a5687b-b7fb-4db1-a66c-8a8ea0eb4957" testId="fca999cf-ff57-8e60-c0e8-991b011af4ac" testName="Should_require_last_updated_date" computerName="LONMW86693" duration="00:00:00.0004026" startTime="2011-09-14T16:00:24.7910610+01:00" endTime="2011-09-14T16:00:24.7910610+01:00" testType="13cdc9d9-ddb5-4fa4-a97d-d965ccfc6d4b" outcome="Passed" testListId="8c84fa94-04c1-424b-9868-57a2d4851a1d" relativeResultsDirectory="34a5687b-b7fb-4db1-a66c-8a8ea0eb4957">
    </UnitTestResult>
    <UnitTestResult executionId="c1c0cb89-bcdf-442a-8953-061cea12f3eb" testId="fdf01b66-2668-75cf-6835-819c3e4a28da" testName="Constructor_should_require_client_sector" computerName="LONMW86693" duration="00:00:00.0002575" startTime="2011-09-14T16:00:24.7910610+01:00" endTime="2011-09-14T16:00:24.7910610+01:00" testType="13cdc9d9-ddb5-4fa4-a97d-d965ccfc6d4b" outcome="Passed" testListId="8c84fa94-04c1-424b-9868-57a2d4851a1d" relativeResultsDirectory="c1c0cb89-bcdf-442a-8953-061cea12f3eb">
    </UnitTestResult>
    <UnitTestResult executionId="a8c74d4f-737b-45df-9bd0-5c0261694545" testId="ff2313e2-7d1c-c729-a806-13c7de7efef0" testName="Should_check_if_the_tier_group_exists" computerName="LONMW86693" duration="00:00:00.0003829" startTime="2011-09-14T16:00:24.8066865+01:00" endTime="2011-09-14T16:00:24.8066865+01:00" testType="13cdc9d9-ddb5-4fa4-a97d-d965ccfc6d4b" outcome="Passed" testListId="8c84fa94-04c1-424b-9868-57a2d4851a1d" relativeResultsDirectory="a8c74d4f-737b-45df-9bd0-5c0261694545">
    </UnitTestResult>
    <UnitTestResult executionId="a62d957f-88f9-41d3-81ac-d0d8c88ce6d6" testId="ff7065ab-c530-c2e6-3657-a2c7b5c11517" testName="Should_pass_validation_when_all_preconditions_are_met" computerName="LONMW86693" duration="00:00:00.0000939" startTime="2011-09-14T16:00:24.8066865+01:00" endTime="2011-09-14T16:00:24.8066865+01:00" testType="13cdc9d9-ddb5-4fa4-a97d-d965ccfc6d4b" outcome="Passed" testListId="8c84fa94-04c1-424b-9868-57a2d4851a1d" relativeResultsDirectory="a62d957f-88f9-41d3-81ac-d0d8c88ce6d6">
    </UnitTestResult>
    <UnitTestResult executionId="c646b08c-6b68-432a-bfcc-b2b3d3fe2195" testId="ff809b06-d2f0-3880-0273-c452b5dbadea" testName="Should_update_revision" computerName="LONMW86693" duration="00:00:00.0007557" startTime="2011-09-14T16:00:24.8223120+01:00" endTime="2011-09-14T16:00:24.8223120+01:00" testType="13cdc9d9-ddb5-4fa4-a97d-d965ccfc6d4b" outcome="Passed" testListId="8c84fa94-04c1-424b-9868-57a2d4851a1d" relativeResultsDirectory="c646b08c-6b68-432a-bfcc-b2b3d3fe2195">
    </UnitTestResult>
  </Results>
</TestRun>